<?xml version="1.0" encoding="UTF-8" ?>
<testsuites name="vitest tests" tests="513" failures="72" errors="0" time="242.377365122">
    <testsuite name="src/test/setup.test.ts" timestamp="2025-11-29T10:40:01.165Z" hostname="runsc" tests="1" failures="1" errors="0" skipped="0" time="0">
        <testcase classname="src/test/setup.test.ts" name="src/test/setup.test.ts" time="0">
            <failure message="Transform failed with 1 error:
/home/user/prayermap/src/test/setup.test.ts:36:45: ERROR: Expected &quot;;&quot; but found &quot;Test&quot;" type="Error">
Error: Transform failed with 1 error:
/home/user/prayermap/src/test/setup.test.ts:36:45: ERROR: Expected &quot;;&quot; but found &quot;Test&quot;
  Plugin: vite:esbuild
  File: /home/user/prayermap/src/test/setup.test.ts:36:45
  
  Expected &quot;;&quot; but found &quot;Test&quot;
  34 |    describe(&apos;Testing Library&apos;, () =&gt; {
  35 |      it(&apos;should render a simple component&apos;, () =&gt; {
  36 |        const TestComponent = () =&gt; &lt;div&gt;Hello Test&lt;/div&gt;;
     |                                               ^
  37 |        render(&lt;TestComponent /&gt;);
  38 |        expect(screen.getByText(&apos;Hello Test&apos;)).toBeInTheDocument();
  
 ❯ failureErrorWithLog node_modules/esbuild/lib/main.js:1467:15
 ❯ node_modules/esbuild/lib/main.js:736:50
 ❯ responseCallbacks.&lt;computed&gt; node_modules/esbuild/lib/main.js:603:9
 ❯ handleIncomingPacket node_modules/esbuild/lib/main.js:658:12
 ❯ Socket.readFromStdout node_modules/esbuild/lib/main.js:581:7
            </failure>
        </testcase>
    </testsuite>
    <testsuite name="src/components/__tests__/AudioPlayer.test.tsx" timestamp="2025-11-29T10:40:01.169Z" hostname="runsc" tests="34" failures="7" errors="0" skipped="0" time="2.227871758">
        <testcase classname="src/components/__tests__/AudioPlayer.test.tsx" name="AudioPlayer &gt; rendering &gt; should render audio element with correct src" time="0.088980633">
            <failure message="Cannot read properties of undefined (reading &apos;addEventListener&apos;)" type="TypeError">
TypeError: Cannot read properties of undefined (reading &apos;addEventListener&apos;)
 ❯ initPrefersReducedMotion node_modules/framer-motion/dist/es/utils/reduced-motion/index.mjs:11:26
 ❯ HTMLVisualElement.mount node_modules/framer-motion/dist/es/render/VisualElement.mjs:153:13
 ❯ node_modules/framer-motion/dist/es/motion/utils/use-motion-ref.mjs:16:31
 ❯ commitAttachRef node_modules/react-dom/cjs/react-dom-client.development.js:13482:44
 ❯ runWithFiberInDEV node_modules/react-dom/cjs/react-dom-client.development.js:874:13
 ❯ safelyAttachRef node_modules/react-dom/cjs/react-dom-client.development.js:13500:9
 ❯ commitLayoutEffectOnFiber node_modules/react-dom/cjs/react-dom-client.development.js:14089:26
 ❯ recursivelyTraverseLayoutEffects node_modules/react-dom/cjs/react-dom-client.development.js:15159:11
 ❯ commitLayoutEffectOnFiber node_modules/react-dom/cjs/react-dom-client.development.js:14165:11
 ❯ recursivelyTraverseLayoutEffects node_modules/react-dom/cjs/react-dom-client.development.js:15159:11
            </failure>
        </testcase>
        <testcase classname="src/components/__tests__/AudioPlayer.test.tsx" name="AudioPlayer &gt; rendering &gt; should render in full mode by default" time="0.064676053">
        </testcase>
        <testcase classname="src/components/__tests__/AudioPlayer.test.tsx" name="AudioPlayer &gt; rendering &gt; should render in compact mode when compact=true" time="0.004392225">
        </testcase>
        <testcase classname="src/components/__tests__/AudioPlayer.test.tsx" name="AudioPlayer &gt; rendering &gt; should render play/pause button" time="0.241625993">
            <failure message="[2mexpect([22m[31mreceived[39m[2m).toBeInTheDocument()[22m

[31mreceived[39m value must be an HTMLElement or an SVGElement.
Received has type:  Undefined
Received has value: [31mundefined[39m" type="Error">
Error: expect(received).toBeInTheDocument()

received value must be an HTMLElement or an SVGElement.
Received has type:  Undefined
Received has value: undefined
 ❯ src/components/__tests__/AudioPlayer.test.tsx:75:22
            </failure>
        </testcase>
        <testcase classname="src/components/__tests__/AudioPlayer.test.tsx" name="AudioPlayer &gt; rendering &gt; should render restart button in full mode" time="0.083753091">
        </testcase>
        <testcase classname="src/components/__tests__/AudioPlayer.test.tsx" name="AudioPlayer &gt; rendering &gt; should render mute button in full mode" time="0.077003312">
        </testcase>
        <testcase classname="src/components/__tests__/AudioPlayer.test.tsx" name="AudioPlayer &gt; playback controls &gt; should play audio when play button clicked" time="0.147338137">
        </testcase>
        <testcase classname="src/components/__tests__/AudioPlayer.test.tsx" name="AudioPlayer &gt; playback controls &gt; should pause audio when pause button clicked" time="0.128426908">
            <failure message="expected &quot;vi.fn()&quot; to be called at least once" type="AssertionError">
AssertionError: expected &quot;vi.fn()&quot; to be called at least once
 ❯ src/components/__tests__/AudioPlayer.test.tsx:125:27
            </failure>
        </testcase>
        <testcase classname="src/components/__tests__/AudioPlayer.test.tsx" name="AudioPlayer &gt; playback controls &gt; should restart audio when restart button clicked" time="0.110489996">
        </testcase>
        <testcase classname="src/components/__tests__/AudioPlayer.test.tsx" name="AudioPlayer &gt; playback controls &gt; should toggle mute when mute button clicked" time="0.151159777">
        </testcase>
        <testcase classname="src/components/__tests__/AudioPlayer.test.tsx" name="AudioPlayer &gt; progress bar &gt; should update progress as audio plays" time="0.066957307">
            <failure message="[2mexpect([22m[31melement[39m[2m).toHaveStyle()[22m

[32m- Expected[39m
[31m+ Received[39m

[32m- width: 50%;[39m" type="Error">
Error: expect(element).toHaveStyle()

- Expected
+ Received

- width: 50%;
 ❯ src/components/__tests__/AudioPlayer.test.tsx:180:27
            </failure>
        </testcase>
        <testcase classname="src/components/__tests__/AudioPlayer.test.tsx" name="AudioPlayer &gt; progress bar &gt; should seek when progress bar clicked" time="0.054580864">
        </testcase>
        <testcase classname="src/components/__tests__/AudioPlayer.test.tsx" name="AudioPlayer &gt; progress bar &gt; should support dragging to seek" time="0.06065629">
        </testcase>
        <testcase classname="src/components/__tests__/AudioPlayer.test.tsx" name="AudioPlayer &gt; time display &gt; should display current time" time="0.049134156">
        </testcase>
        <testcase classname="src/components/__tests__/AudioPlayer.test.tsx" name="AudioPlayer &gt; time display &gt; should display duration" time="0.033185519">
        </testcase>
        <testcase classname="src/components/__tests__/AudioPlayer.test.tsx" name="AudioPlayer &gt; time display &gt; should format time correctly" time="0.062864462">
        </testcase>
        <testcase classname="src/components/__tests__/AudioPlayer.test.tsx" name="AudioPlayer &gt; time display &gt; should show compact time in compact mode" time="0.00620322">
        </testcase>
        <testcase classname="src/components/__tests__/AudioPlayer.test.tsx" name="AudioPlayer &gt; waveform visualization &gt; should render waveform bars in full mode" time="0.03103215">
        </testcase>
        <testcase classname="src/components/__tests__/AudioPlayer.test.tsx" name="AudioPlayer &gt; waveform visualization &gt; should not render waveform in compact mode" time="0.003461642">
        </testcase>
        <testcase classname="src/components/__tests__/AudioPlayer.test.tsx" name="AudioPlayer &gt; waveform visualization &gt; should highlight past waveform bars" time="0.038023468">
        </testcase>
        <testcase classname="src/components/__tests__/AudioPlayer.test.tsx" name="AudioPlayer &gt; autoplay &gt; should autoplay when autoPlay=true" time="0.054406055">
        </testcase>
        <testcase classname="src/components/__tests__/AudioPlayer.test.tsx" name="AudioPlayer &gt; autoplay &gt; should not autoplay when autoPlay=false" time="0.131452702">
            <system-err>
An update to AnimatePresence inside a test was not wrapped in act(...).

When testing, code that causes React state updates should be wrapped into act(...):

act(() =&gt; {
  /* fire events that update state */
});
/* assert on the output */

This ensures that you&apos;re testing the behavior the user would see in the browser. Learn more at https://react.dev/link/wrap-tests-with-act

            </system-err>
        </testcase>
        <testcase classname="src/components/__tests__/AudioPlayer.test.tsx" name="AudioPlayer &gt; autoplay &gt; should only autoplay once" time="0.047301702">
        </testcase>
        <testcase classname="src/components/__tests__/AudioPlayer.test.tsx" name="AudioPlayer &gt; ended event &gt; should call onEnded when audio ends" time="0.045483841">
        </testcase>
        <testcase classname="src/components/__tests__/AudioPlayer.test.tsx" name="AudioPlayer &gt; ended event &gt; should reset to beginning when audio ends" time="0.04965992">
        </testcase>
        <testcase classname="src/components/__tests__/AudioPlayer.test.tsx" name="AudioPlayer &gt; ended event &gt; should stop playing when audio ends" time="0.040975376">
            <failure message="expected true to be false // Object.is equality" type="AssertionError">
AssertionError: expected true to be false // Object.is equality

- Expected
+ Received

- false
+ true

 ❯ src/components/__tests__/AudioPlayer.test.tsx:382:28
            </failure>
        </testcase>
        <testcase classname="src/components/__tests__/AudioPlayer.test.tsx" name="AudioPlayer &gt; loading states &gt; should show loading indicator when audio is loading" time="0.025507392">
        </testcase>
        <testcase classname="src/components/__tests__/AudioPlayer.test.tsx" name="AudioPlayer &gt; loading states &gt; should hide loading indicator when audio can play" time="0.045967761">
            <failure message="[2mexpect([22m[31melement[39m[2m).not.toBeInTheDocument()[22m

[31mexpected document not to contain element, found &lt;div
  class=&quot;w-6 h-6 border-2 border-gray-700 border-t-transparent rounded-full animate-spin&quot;
  style=&quot;opacity: 0; transform: scale(0.5);&quot;
/&gt; instead[39m" type="Error">
Error: expect(element).not.toBeInTheDocument()

expected document not to contain element, found &lt;div
  class=&quot;w-6 h-6 border-2 border-gray-700 border-t-transparent rounded-full animate-spin&quot;
  style=&quot;opacity: 0; transform: scale(0.5);&quot;
/&gt; instead
 ❯ src/components/__tests__/AudioPlayer.test.tsx:418:27
            </failure>
        </testcase>
        <testcase classname="src/components/__tests__/AudioPlayer.test.tsx" name="AudioPlayer &gt; accessibility &gt; should have accessible buttons" time="0.083175478">
        </testcase>
        <testcase classname="src/components/__tests__/AudioPlayer.test.tsx" name="AudioPlayer &gt; accessibility &gt; should support keyboard navigation" time="0.059459413">
            <failure message="expected &apos;DIV&apos; to be &apos;BUTTON&apos; // Object.is equality" type="AssertionError">
AssertionError: expected &apos;DIV&apos; to be &apos;BUTTON&apos; // Object.is equality

Expected: &quot;BUTTON&quot;
Received: &quot;DIV&quot;

 ❯ src/components/__tests__/AudioPlayer.test.tsx:439:47
            </failure>
        </testcase>
        <testcase classname="src/components/__tests__/AudioPlayer.test.tsx" name="AudioPlayer &gt; compact mode &gt; should render minimal UI in compact mode" time="0.019187921">
        </testcase>
        <testcase classname="src/components/__tests__/AudioPlayer.test.tsx" name="AudioPlayer &gt; compact mode &gt; should not render restart and mute buttons in compact mode" time="0.017237637">
        </testcase>
        <testcase classname="src/components/__tests__/AudioPlayer.test.tsx" name="AudioPlayer &gt; compact mode &gt; should show time but not duration in compact mode" time="0.004996722">
        </testcase>
        <testcase classname="src/components/__tests__/AudioPlayer.test.tsx" name="AudioPlayer &gt; error handling &gt; should handle play errors gracefully" time="0.095210232">
        </testcase>
    </testsuite>
    <testsuite name="src/components/__tests__/AudioRecorder.test.tsx" timestamp="2025-11-29T10:40:01.184Z" hostname="runsc" tests="34" failures="12" errors="0" skipped="0" time="2.657701645">
        <testcase classname="src/components/__tests__/AudioRecorder.test.tsx" name="AudioRecorder &gt; rendering &gt; should render recording visualization area" time="0.045148398">
        </testcase>
        <testcase classname="src/components/__tests__/AudioRecorder.test.tsx" name="AudioRecorder &gt; rendering &gt; should show microphone icon in idle state" time="0.006331755">
        </testcase>
        <testcase classname="src/components/__tests__/AudioRecorder.test.tsx" name="AudioRecorder &gt; rendering &gt; should show &quot;Tap to record&quot; message initially" time="0.01517827">
        </testcase>
        <testcase classname="src/components/__tests__/AudioRecorder.test.tsx" name="AudioRecorder &gt; recording &gt; should start recording when record button clicked" time="0.392486537">
            <failure message="Unable to find an accessible element with the role &quot;button&quot; and name `/mic/i`

Here are the accessible roles:

  button:

  Name &quot;&quot;:
  [36m&lt;button[39m
    [33mclass[39m=[32m&quot;inline-flex items-center justify-center gap-2 whitespace-nowrap text-sm font-medium transition-colors focus-visible:outline-none focus-visible:ring-1 focus-visible:ring-ring disabled:pointer-events-none disabled:opacity-50 [&amp;_svg]:pointer-events-none [&amp;_svg]:size-4 [&amp;_svg]:shrink-0 px-4 py-2 w-16 h-16 rounded-full bg-red-500 hover:bg-red-600 text-white shadow-lg shadow-red-500/30&quot;[39m
  [36m/&gt;[39m

  --------------------------------------------------

Ignored nodes: comments, script, style
[36m&lt;body&gt;[39m
  [36m&lt;div&gt;[39m
    [36m&lt;div[39m
      [33mclass[39m=[32m&quot;space-y-4&quot;[39m
    [36m&gt;[39m
      [36m&lt;div[39m
        [33mclass[39m=[32m&quot;relative h-24 bg-white/30 rounded-2xl overflow-hidden flex items-center justify-center&quot;[39m
      [36m&gt;[39m
        [36m&lt;div[39m
          [33mclass[39m=[32m&quot;flex flex-col items-center gap-2 text-gray-500&quot;[39m
        [36m&gt;[39m
          [36m&lt;svg[39m
            [33maria-hidden[39m=[32m&quot;true&quot;[39m
            [33mclass[39m=[32m&quot;lucide lucide-mic w-8 h-8&quot;[39m
            [33mfill[39m=[32m&quot;none&quot;[39m
            [33mheight[39m=[32m&quot;24&quot;[39m
            [33mstroke[39m=[32m&quot;currentColor&quot;[39m
            [33mstroke-linecap[39m=[32m&quot;round&quot;[39m
            [33mstroke-linejoin[39m=[32m&quot;round&quot;[39m
            [33mstroke-width[39m=[32m&quot;2&quot;[39m
            [33mviewBox[39m=[32m&quot;0 0 24 24&quot;[39m
            [33mwidth[39m=[32m&quot;24&quot;[39m
            [33mxmlns[39m=[32m&quot;http://www.w3.org/2000/svg&quot;[39m
          [36m&gt;[39m
            [36m&lt;path[39m
              [33md[39m=[32m&quot;M12 19v3&quot;[39m
            [36m/&gt;[39m
            [36m&lt;path[39m
              [33md[39m=[32m&quot;M19 10v2a7 7 0 0 1-14 0v-2&quot;[39m
            [36m/&gt;[39m
            [36m&lt;rect[39m
              [33mheight[39m=[32m&quot;13&quot;[39m
              [33mrx[39m=[32m&quot;3&quot;[39m
              [33mwidth[39m=[32m&quot;6&quot;[39m
              [33mx[39m=[32m&quot;9&quot;[39m
              [33my[39m=[32m&quot;2&quot;[39m
            [36m/&gt;[39m
          [36m&lt;/svg&gt;[39m
          [36m&lt;span[39m
            [33mclass[39m=[32m&quot;text-sm&quot;[39m
          [36m&gt;[39m
            [0mTap to record[0m
          [36m&lt;/span&gt;[39m
        [36m&lt;/div&gt;[39m
      [36m&lt;/div&gt;[39m
      [36m&lt;div[39m
        [33mclass[39m=[32m&quot;text-center&quot;[39m
      [36m&gt;[39m
        [36m&lt;span[39m
          [33mclass[39m=[32m&quot;text-2xl font-mono text-gray-700&quot;[39m
        [36m&gt;[39m
          [0m0:00[0m
        [36m&lt;/span&gt;[39m
        [36m&lt;span[39m
          [33mclass[39m=[32m&quot;text-sm text-gray-500 ml-2&quot;[39m
        [36m&gt;[39m
          [0m/ [0m
          [0m2:00[0m
        [36m&lt;/span&gt;[39m
      [36m&lt;/div&gt;[39m
      [36m&lt;div[39m
        [33mclass[39m=[32m&quot;flex items-center justify-center gap-3&quot;[39m
      [36m&gt;[39m
        [36m&lt;button[39m
          [33mclass[39m=[32m&quot;inline-flex items-center justify-center gap-2 whitespace-nowrap text-sm font-medium transition-colors focus-visible:outline-none focus-visible:ring-1 focus-visible:ring-ring disabled:pointer-events-none disabled:opacity-50 [&amp;_svg]:pointer-events-none [&amp;_svg]:size-4 [&amp;_svg]:shrink-0 px-4 py-2 w-16 h-16 rounded-full bg-red-500 hover:bg-red-600 text-white shadow-lg shadow-red-500/30&quot;[39m
        [36m&gt;[39m
          [36m&lt;svg[39m
            [33maria-hidden[39m=[32m&quot;true&quot;[39m
            [33mclass[39m=[32m&quot;lucide lucide-mic w-6 h-6&quot;[39m
            [33mfill[39m=[32m&quot;none&quot;[39m
            [33mheight[39m=[32m&quot;24&quot;[39m
            [33mstroke[39m=[32m&quot;currentColor&quot;[39m
            [33mstroke-linecap[39m=[32m&quot;round&quot;[39m
            [33mstroke-linejoin[39m=[32m&quot;round&quot;[39m
            [33mstroke-width[39m=[32m&quot;2&quot;[39m
            [33mviewBox[39m=[32m&quot;0 0 24 24&quot;[39m
            [33mwidth[39m=[32m&quot;24&quot;[39m
            [33mxmlns[39m=[32m&quot;http://www.w3.org/2000/svg&quot;[39m
          [36m&gt;[39m
            [36m&lt;path[39m
              [33md[39m=[32m&quot;M12 19v3&quot;[39m
            [36m/&gt;[39m
            [36m&lt;path[39m
              [33md[39m=[32m&quot;M19 10v2a7 7 0 0 1-14 0v-2&quot;[39m
            [36m/&gt;[39m
            [36m&lt;rect[39m
              [33mheight[39m=[32m&quot;13&quot;[39m
              [33mrx[39m=[32m&quot;3&quot;[39m
              [33mwidth[39m=[32m&quot;6&quot;[39m
              [33mx[39m=[32m&quot;9&quot;[39m
              [33my[39m=[32m&quot;2&quot;[39m
            [36m/&gt;[39m
          [36m&lt;/svg&gt;[39m
        [36m&lt;/button&gt;[39m
      [36m&lt;/div&gt;[39m
    [36m&lt;/div&gt;[39m
  [36m&lt;/div&gt;[39m
[36m&lt;/body&gt;[39m" type="TestingLibraryElementError">
TestingLibraryElementError: Unable to find an accessible element with the role &quot;button&quot; and name `/mic/i`

Here are the accessible roles:

  button:

  Name &quot;&quot;:
  &lt;button
    class=&quot;inline-flex items-center justify-center gap-2 whitespace-nowrap text-sm font-medium transition-colors focus-visible:outline-none focus-visible:ring-1 focus-visible:ring-ring disabled:pointer-events-none disabled:opacity-50 [&amp;_svg]:pointer-events-none [&amp;_svg]:size-4 [&amp;_svg]:shrink-0 px-4 py-2 w-16 h-16 rounded-full bg-red-500 hover:bg-red-600 text-white shadow-lg shadow-red-500/30&quot;
  /&gt;

  --------------------------------------------------

Ignored nodes: comments, script, style
&lt;body&gt;
  &lt;div&gt;
    &lt;div
      class=&quot;space-y-4&quot;
    &gt;
      &lt;div
        class=&quot;relative h-24 bg-white/30 rounded-2xl overflow-hidden flex items-center justify-center&quot;
      &gt;
        &lt;div
          class=&quot;flex flex-col items-center gap-2 text-gray-500&quot;
        &gt;
          &lt;svg
            aria-hidden=&quot;true&quot;
            class=&quot;lucide lucide-mic w-8 h-8&quot;
            fill=&quot;none&quot;
            height=&quot;24&quot;
            stroke=&quot;currentColor&quot;
            stroke-linecap=&quot;round&quot;
            stroke-linejoin=&quot;round&quot;
            stroke-width=&quot;2&quot;
            viewBox=&quot;0 0 24 24&quot;
            width=&quot;24&quot;
            xmlns=&quot;http://www.w3.org/2000/svg&quot;
          &gt;
            &lt;path
              d=&quot;M12 19v3&quot;
            /&gt;
            &lt;path
              d=&quot;M19 10v2a7 7 0 0 1-14 0v-2&quot;
            /&gt;
            &lt;rect
              height=&quot;13&quot;
              rx=&quot;3&quot;
              width=&quot;6&quot;
              x=&quot;9&quot;
              y=&quot;2&quot;
            /&gt;
          &lt;/svg&gt;
          &lt;span
            class=&quot;text-sm&quot;
          &gt;
            Tap to record
          &lt;/span&gt;
        &lt;/div&gt;
      &lt;/div&gt;
      &lt;div
        class=&quot;text-center&quot;
      &gt;
        &lt;span
          class=&quot;text-2xl font-mono text-gray-700&quot;
        &gt;
          0:00
        &lt;/span&gt;
        &lt;span
          class=&quot;text-sm text-gray-500 ml-2&quot;
        &gt;
          / 
          2:00
        &lt;/span&gt;
      &lt;/div&gt;
      &lt;div
        class=&quot;flex items-center justify-center gap-3&quot;
      &gt;
        &lt;button
          class=&quot;inline-flex items-center justify-center gap-2 whitespace-nowrap text-sm font-medium transition-colors focus-visible:outline-none focus-visible:ring-1 focus-visible:ring-ring disabled:pointer-events-none disabled:opacity-50 [&amp;_svg]:pointer-events-none [&amp;_svg]:size-4 [&amp;_svg]:shrink-0 px-4 py-2 w-16 h-16 rounded-full bg-red-500 hover:bg-red-600 text-white shadow-lg shadow-red-500/30&quot;
        &gt;
          &lt;svg
            aria-hidden=&quot;true&quot;
            class=&quot;lucide lucide-mic w-6 h-6&quot;
            fill=&quot;none&quot;
            height=&quot;24&quot;
            stroke=&quot;currentColor&quot;
            stroke-linecap=&quot;round&quot;
            stroke-linejoin=&quot;round&quot;
            stroke-width=&quot;2&quot;
            viewBox=&quot;0 0 24 24&quot;
            width=&quot;24&quot;
            xmlns=&quot;http://www.w3.org/2000/svg&quot;
          &gt;
            &lt;path
              d=&quot;M12 19v3&quot;
            /&gt;
            &lt;path
              d=&quot;M19 10v2a7 7 0 0 1-14 0v-2&quot;
            /&gt;
            &lt;rect
              height=&quot;13&quot;
              rx=&quot;3&quot;
              width=&quot;6&quot;
              x=&quot;9&quot;
              y=&quot;2&quot;
            /&gt;
          &lt;/svg&gt;
        &lt;/button&gt;
      &lt;/div&gt;
    &lt;/div&gt;
  &lt;/div&gt;
&lt;/body&gt;
 ❯ Object.getElementError node_modules/@testing-library/dom/dist/config.js:37:19
 ❯ node_modules/@testing-library/dom/dist/query-helpers.js:76:38
 ❯ node_modules/@testing-library/dom/dist/query-helpers.js:52:17
 ❯ node_modules/@testing-library/dom/dist/query-helpers.js:95:19
 ❯ src/components/__tests__/AudioRecorder.test.tsx:71:35
            </failure>
        </testcase>
        <testcase classname="src/components/__tests__/AudioRecorder.test.tsx" name="AudioRecorder &gt; recording &gt; should show waveform animation during recording" time="0.024911929">
            <failure message="Cannot read properties of undefined (reading &apos;addEventListener&apos;)" type="TypeError">
TypeError: Cannot read properties of undefined (reading &apos;addEventListener&apos;)
 ❯ initPrefersReducedMotion node_modules/framer-motion/dist/es/utils/reduced-motion/index.mjs:11:26
 ❯ HTMLVisualElement.mount node_modules/framer-motion/dist/es/render/VisualElement.mjs:153:13
 ❯ node_modules/framer-motion/dist/es/motion/utils/use-motion-ref.mjs:16:31
 ❯ commitAttachRef node_modules/react-dom/cjs/react-dom-client.development.js:13482:44
 ❯ runWithFiberInDEV node_modules/react-dom/cjs/react-dom-client.development.js:874:13
 ❯ safelyAttachRef node_modules/react-dom/cjs/react-dom-client.development.js:13500:9
 ❯ commitLayoutEffectOnFiber node_modules/react-dom/cjs/react-dom-client.development.js:14089:26
 ❯ recursivelyTraverseLayoutEffects node_modules/react-dom/cjs/react-dom-client.development.js:15159:11
 ❯ commitLayoutEffectOnFiber node_modules/react-dom/cjs/react-dom-client.development.js:14165:11
 ❯ recursivelyTraverseLayoutEffects node_modules/react-dom/cjs/react-dom-client.development.js:15159:11
            </failure>
        </testcase>
        <testcase classname="src/components/__tests__/AudioRecorder.test.tsx" name="AudioRecorder &gt; recording &gt; should show duration counter" time="0.01592053">
        </testcase>
        <testcase classname="src/components/__tests__/AudioRecorder.test.tsx" name="AudioRecorder &gt; recording &gt; should show max duration" time="0.005650515">
        </testcase>
        <testcase classname="src/components/__tests__/AudioRecorder.test.tsx" name="AudioRecorder &gt; recording &gt; should auto-stop at maxDuration" time="0.017670444">
        </testcase>
        <testcase classname="src/components/__tests__/AudioRecorder.test.tsx" name="AudioRecorder &gt; recording &gt; should show recording state with red duration" time="0.013162896">
        </testcase>
        <testcase classname="src/components/__tests__/AudioRecorder.test.tsx" name="AudioRecorder &gt; controls &gt; should show pause/resume buttons during recording" time="0.34466184">
            <failure message="Unable to find an accessible element with the role &quot;button&quot; and name `/pause/i`

Here are the accessible roles:

  button:

  Name &quot;&quot;:
  [36m&lt;button[39m
    [33mclass[39m=[32m&quot;inline-flex items-center justify-center gap-2 whitespace-nowrap text-sm font-medium transition-colors focus-visible:outline-none focus-visible:ring-1 focus-visible:ring-ring disabled:pointer-events-none disabled:opacity-50 [&amp;_svg]:pointer-events-none [&amp;_svg]:size-4 [&amp;_svg]:shrink-0 bg-primary text-primary-foreground shadow hover:bg-primary/90 px-4 py-2 w-12 h-12 rounded-full glass-strong&quot;[39m
  [36m/&gt;[39m

  Name &quot;&quot;:
  [36m&lt;button[39m
    [33mclass[39m=[32m&quot;inline-flex items-center justify-center gap-2 whitespace-nowrap text-sm font-medium transition-colors focus-visible:outline-none focus-visible:ring-1 focus-visible:ring-ring disabled:pointer-events-none disabled:opacity-50 [&amp;_svg]:pointer-events-none [&amp;_svg]:size-4 [&amp;_svg]:shrink-0 px-4 py-2 w-16 h-16 rounded-full bg-red-500 hover:bg-red-600 text-white shadow-lg shadow-red-500/30&quot;[39m
  [36m/&gt;[39m

  --------------------------------------------------

Ignored nodes: comments, script, style
[36m&lt;body&gt;[39m
  [36m&lt;div&gt;[39m
    [36m&lt;div[39m
      [33mclass[39m=[32m&quot;space-y-4&quot;[39m
    [36m&gt;[39m
      [36m&lt;div[39m
        [33mclass[39m=[32m&quot;relative h-24 bg-white/30 rounded-2xl overflow-hidden flex items-center justify-center&quot;[39m
      [36m&gt;[39m
        [36m&lt;div[39m
          [33mclass[39m=[32m&quot;flex items-center gap-1&quot;[39m
        [36m&gt;[39m
          [36m&lt;div[39m
            [33mclass[39m=[32m&quot;w-1 bg-purple-500 rounded-full&quot;[39m
          [36m/&gt;[39m
          [36m&lt;div[39m
            [33mclass[39m=[32m&quot;w-1 bg-purple-500 rounded-full&quot;[39m
          [36m/&gt;[39m
          [36m&lt;div[39m
            [33mclass[39m=[32m&quot;w-1 bg-purple-500 rounded-full&quot;[39m
          [36m/&gt;[39m
          [36m&lt;div[39m
            [33mclass[39m=[32m&quot;w-1 bg-purple-500 rounded-full&quot;[39m
          [36m/&gt;[39m
          [36m&lt;div[39m
            [33mclass[39m=[32m&quot;w-1 bg-purple-500 rounded-full&quot;[39m
          [36m/&gt;[39m
          [36m&lt;div[39m
            [33mclass[39m=[32m&quot;w-1 bg-purple-500 rounded-full&quot;[39m
          [36m/&gt;[39m
          [36m&lt;div[39m
            [33mclass[39m=[32m&quot;w-1 bg-purple-500 rounded-full&quot;[39m
          [36m/&gt;[39m
          [36m&lt;div[39m
            [33mclass[39m=[32m&quot;w-1 bg-purple-500 rounded-full&quot;[39m
          [36m/&gt;[39m
          [36m&lt;div[39m
            [33mclass[39m=[32m&quot;w-1 bg-purple-500 rounded-full&quot;[39m
          [36m/&gt;[39m
          [36m&lt;div[39m
            [33mclass[39m=[32m&quot;w-1 bg-purple-500 rounded-full&quot;[39m
          [36m/&gt;[39m
          [36m&lt;div[39m
            [33mclass[39m=[32m&quot;w-1 bg-purple-500 rounded-full&quot;[39m
          [36m/&gt;[39m
          [36m&lt;div[39m
            [33mclass[39m=[32m&quot;w-1 bg-purple-500 rounded-full&quot;[39m
          [36m/&gt;[39m
        [36m&lt;/div&gt;[39m
      [36m&lt;/div&gt;[39m
      [36m&lt;div[39m
        [33mclass[39m=[32m&quot;text-center&quot;[39m
      [36m&gt;[39m
        [36m&lt;span[39m
          [33mclass[39m=[32m&quot;text-2xl font-mono text-red-500&quot;[39m
        [36m&gt;[39m
          [0m0:00[0m
        [36m&lt;/span&gt;[39m
        [36m&lt;span[39m
          [33mclass[39m=[32m&quot;text-sm text-gray-500 ml-2&quot;[39m
        [36m&gt;[39m
          [0m/ [0m
          [0m2:00[0m
        [36m&lt;/span&gt;[39m
      [36m&lt;/div&gt;[39m
      [36m&lt;div[39m
        [33mclass[39m=[32m&quot;flex items-center justify-center gap-3&quot;[39m
      [36m&gt;[39m
        [36m&lt;button[39m
          [33mclass[39m=[32m&quot;inline-flex items-center justify-center gap-2 whitespace-nowrap text-sm font-medium transition-colors focus-visible:outline-none focus-visible:ring-1 focus-visible:ring-ring disabled:pointer-events-none disabled:opacity-50 [&amp;_svg]:pointer-events-none [&amp;_svg]:size-4 [&amp;_svg]:shrink-0 bg-primary text-primary-foreground shadow hover:bg-primary/90 px-4 py-2 w-12 h-12 rounded-full glass-strong&quot;[39m
        [36m&gt;[39m
          [36m&lt;svg[39m
            [33maria-hidden[39m=[32m&quot;true&quot;[39m
            [33mclass[39m=[32m&quot;lucide lucide-pause w-5 h-5&quot;[39m
            [33mfill[39m=[32m&quot;none&quot;[39m
            [33mheight[39m=[32m&quot;24&quot;[39m
            [33mstroke[39m=[32m&quot;currentColor&quot;[39m
            [33mstroke-linecap[39m=[32m&quot;round&quot;[39m
            [33mstroke-linejoin[39m=[32m&quot;round&quot;[39m
            [33mstroke-width[39m=[32m&quot;2&quot;[39m
            [33mviewBox[39m=[32m&quot;0 0 24 24&quot;[39m
            [33mwidth[39m=[32m&quot;24&quot;[39m
            [33mxmlns[39m=[32m&quot;http://www.w3.org/2000/svg&quot;[39m
          [36m&gt;[39m
            [36m&lt;rect[39m
              [33mheight[39m=[32m&quot;18&quot;[39m
              [33mrx[39m=[32m&quot;1&quot;[39m
              [33mwidth[39m=[32m&quot;5&quot;[39m
              [33mx[39m=[32m&quot;14&quot;[39m
              [33my[39m=[32m&quot;3&quot;[39m
            [36m/&gt;[39m
            [36m&lt;rect[39m
              [33mheight[39m=[32m&quot;18&quot;[39m
              [33mrx[39m=[32m&quot;1&quot;[39m
              [33mwidth[39m=[32m&quot;5&quot;[39m
              [33mx[39m=[32m&quot;5&quot;[39m
              [33my[39m=[32m&quot;3&quot;[39m
            [36m/&gt;[39m
          [36m&lt;/svg&gt;[39m
        [36m&lt;/button&gt;[39m
        [36m&lt;button[39m
          [33mclass[39m=[32m&quot;inline-flex items-center justify-center gap-2 whitespace-nowrap text-sm font-medium transition-colors focus-visible:outline-none focus-visible:ring-1 focus-visible:ring-ring disabled:pointer-events-none disabled:opacity-50 [&amp;_svg]:pointer-events-none [&amp;_svg]:size-4 [&amp;_svg]:shrink-0 px-4 py-2 w-16 h-16 rounded-full bg-red-500 hover:bg-red-600 text-white shadow-lg shadow-red-500/30&quot;[39m
        [36m&gt;[39m
          [36m&lt;svg[39m
            [33maria-hidden[39m=[32m&quot;true&quot;[39m
            [33mclass[39m=[32m&quot;lucide lucide-square w-6 h-6 fill-current&quot;[39m
            [33mfill[39m=[32m&quot;none&quot;[39m
            [33mheight[39m=[32m&quot;24&quot;[39m
            [33mstroke[39m=[32m&quot;currentColor&quot;[39m
            [33mstroke-linecap[39m=[32m&quot;round&quot;[39m
            [33mstroke-linejoin[39m=[32m&quot;round&quot;[39m
            [33mstroke-width[39m=[32m&quot;2&quot;[39m
            [33mviewBox[39m=[32m&quot;0 0 24 24&quot;[39m
            [33mwidth[39m=[32m&quot;24&quot;[39m
            [33mxmlns[39m=[32m&quot;http://www.w3.org/2000/svg&quot;[39m
          [36m&gt;[39m
            [36m&lt;rect[39m
              [33mheight[39m=[32m&quot;18&quot;[39m
              [33mrx[39m=[32m&quot;2&quot;[39m
              [33mwidth[39m=[32m&quot;18&quot;[39m
              [33mx[39m=[32m&quot;3&quot;[39m
              [33my[39m=[32m&quot;3&quot;[39m
            [36m/&gt;[39m
          [36m&lt;/svg&gt;[39m
        [36m&lt;/button&gt;[39m
      [36m&lt;/div&gt;[39m
    [36m&lt;/div&gt;[39m
  [36m&lt;/div&gt;[39m
[36m&lt;/body&gt;[39m" type="TestingLibraryElementError">
TestingLibraryElementError: Unable to find an accessible element with the role &quot;button&quot; and name `/pause/i`

Here are the accessible roles:

  button:

  Name &quot;&quot;:
  &lt;button
    class=&quot;inline-flex items-center justify-center gap-2 whitespace-nowrap text-sm font-medium transition-colors focus-visible:outline-none focus-visible:ring-1 focus-visible:ring-ring disabled:pointer-events-none disabled:opacity-50 [&amp;_svg]:pointer-events-none [&amp;_svg]:size-4 [&amp;_svg]:shrink-0 bg-primary text-primary-foreground shadow hover:bg-primary/90 px-4 py-2 w-12 h-12 rounded-full glass-strong&quot;
  /&gt;

  Name &quot;&quot;:
  &lt;button
    class=&quot;inline-flex items-center justify-center gap-2 whitespace-nowrap text-sm font-medium transition-colors focus-visible:outline-none focus-visible:ring-1 focus-visible:ring-ring disabled:pointer-events-none disabled:opacity-50 [&amp;_svg]:pointer-events-none [&amp;_svg]:size-4 [&amp;_svg]:shrink-0 px-4 py-2 w-16 h-16 rounded-full bg-red-500 hover:bg-red-600 text-white shadow-lg shadow-red-500/30&quot;
  /&gt;

  --------------------------------------------------

Ignored nodes: comments, script, style
&lt;body&gt;
  &lt;div&gt;
    &lt;div
      class=&quot;space-y-4&quot;
    &gt;
      &lt;div
        class=&quot;relative h-24 bg-white/30 rounded-2xl overflow-hidden flex items-center justify-center&quot;
      &gt;
        &lt;div
          class=&quot;flex items-center gap-1&quot;
        &gt;
          &lt;div
            class=&quot;w-1 bg-purple-500 rounded-full&quot;
          /&gt;
          &lt;div
            class=&quot;w-1 bg-purple-500 rounded-full&quot;
          /&gt;
          &lt;div
            class=&quot;w-1 bg-purple-500 rounded-full&quot;
          /&gt;
          &lt;div
            class=&quot;w-1 bg-purple-500 rounded-full&quot;
          /&gt;
          &lt;div
            class=&quot;w-1 bg-purple-500 rounded-full&quot;
          /&gt;
          &lt;div
            class=&quot;w-1 bg-purple-500 rounded-full&quot;
          /&gt;
          &lt;div
            class=&quot;w-1 bg-purple-500 rounded-full&quot;
          /&gt;
          &lt;div
            class=&quot;w-1 bg-purple-500 rounded-full&quot;
          /&gt;
          &lt;div
            class=&quot;w-1 bg-purple-500 rounded-full&quot;
          /&gt;
          &lt;div
            class=&quot;w-1 bg-purple-500 rounded-full&quot;
          /&gt;
          &lt;div
            class=&quot;w-1 bg-purple-500 rounded-full&quot;
          /&gt;
          &lt;div
            class=&quot;w-1 bg-purple-500 rounded-full&quot;
          /&gt;
        &lt;/div&gt;
      &lt;/div&gt;
      &lt;div
        class=&quot;text-center&quot;
      &gt;
        &lt;span
          class=&quot;text-2xl font-mono text-red-500&quot;
        &gt;
          0:00
        &lt;/span&gt;
        &lt;span
          class=&quot;text-sm text-gray-500 ml-2&quot;
        &gt;
          / 
          2:00
        &lt;/span&gt;
      &lt;/div&gt;
      &lt;div
        class=&quot;flex items-center justify-center gap-3&quot;
      &gt;
        &lt;button
          class=&quot;inline-flex items-center justify-center gap-2 whitespace-nowrap text-sm font-medium transition-colors focus-visible:outline-none focus-visible:ring-1 focus-visible:ring-ring disabled:pointer-events-none disabled:opacity-50 [&amp;_svg]:pointer-events-none [&amp;_svg]:size-4 [&amp;_svg]:shrink-0 bg-primary text-primary-foreground shadow hover:bg-primary/90 px-4 py-2 w-12 h-12 rounded-full glass-strong&quot;
        &gt;
          &lt;svg
            aria-hidden=&quot;true&quot;
            class=&quot;lucide lucide-pause w-5 h-5&quot;
            fill=&quot;none&quot;
            height=&quot;24&quot;
            stroke=&quot;currentColor&quot;
            stroke-linecap=&quot;round&quot;
            stroke-linejoin=&quot;round&quot;
            stroke-width=&quot;2&quot;
            viewBox=&quot;0 0 24 24&quot;
            width=&quot;24&quot;
            xmlns=&quot;http://www.w3.org/2000/svg&quot;
          &gt;
            &lt;rect
              height=&quot;18&quot;
              rx=&quot;1&quot;
              width=&quot;5&quot;
              x=&quot;14&quot;
              y=&quot;3&quot;
            /&gt;
            &lt;rect
              height=&quot;18&quot;
              rx=&quot;1&quot;
              width=&quot;5&quot;
              x=&quot;5&quot;
              y=&quot;3&quot;
            /&gt;
          &lt;/svg&gt;
        &lt;/button&gt;
        &lt;button
          class=&quot;inline-flex items-center justify-center gap-2 whitespace-nowrap text-sm font-medium transition-colors focus-visible:outline-none focus-visible:ring-1 focus-visible:ring-ring disabled:pointer-events-none disabled:opacity-50 [&amp;_svg]:pointer-events-none [&amp;_svg]:size-4 [&amp;_svg]:shrink-0 px-4 py-2 w-16 h-16 rounded-full bg-red-500 hover:bg-red-600 text-white shadow-lg shadow-red-500/30&quot;
        &gt;
          &lt;svg
            aria-hidden=&quot;true&quot;
            class=&quot;lucide lucide-square w-6 h-6 fill-current&quot;
            fill=&quot;none&quot;
            height=&quot;24&quot;
            stroke=&quot;currentColor&quot;
            stroke-linecap=&quot;round&quot;
            stroke-linejoin=&quot;round&quot;
            stroke-width=&quot;2&quot;
            viewBox=&quot;0 0 24 24&quot;
            width=&quot;24&quot;
            xmlns=&quot;http://www.w3.org/2000/svg&quot;
          &gt;
            &lt;rect
              height=&quot;18&quot;
              rx=&quot;2&quot;
              width=&quot;18&quot;
              x=&quot;3&quot;
              y=&quot;3&quot;
            /&gt;
          &lt;/svg&gt;
        &lt;/button&gt;
      &lt;/div&gt;
    &lt;/div&gt;
  &lt;/div&gt;
&lt;/body&gt;
 ❯ Object.getElementError node_modules/@testing-library/dom/dist/config.js:37:19
 ❯ node_modules/@testing-library/dom/dist/query-helpers.js:76:38
 ❯ node_modules/@testing-library/dom/dist/query-helpers.js:52:17
 ❯ node_modules/@testing-library/dom/dist/query-helpers.js:95:19
 ❯ src/components/__tests__/AudioRecorder.test.tsx:133:34
            </failure>
        </testcase>
        <testcase classname="src/components/__tests__/AudioRecorder.test.tsx" name="AudioRecorder &gt; controls &gt; should show stop button during recording" time="0.313153762">
            <failure message="Unable to find an accessible element with the role &quot;button&quot; and name `/square/i`

Here are the accessible roles:

  button:

  Name &quot;&quot;:
  [36m&lt;button[39m
    [33mclass[39m=[32m&quot;inline-flex items-center justify-center gap-2 whitespace-nowrap text-sm font-medium transition-colors focus-visible:outline-none focus-visible:ring-1 focus-visible:ring-ring disabled:pointer-events-none disabled:opacity-50 [&amp;_svg]:pointer-events-none [&amp;_svg]:size-4 [&amp;_svg]:shrink-0 bg-primary text-primary-foreground shadow hover:bg-primary/90 px-4 py-2 w-12 h-12 rounded-full glass-strong&quot;[39m
  [36m/&gt;[39m

  Name &quot;&quot;:
  [36m&lt;button[39m
    [33mclass[39m=[32m&quot;inline-flex items-center justify-center gap-2 whitespace-nowrap text-sm font-medium transition-colors focus-visible:outline-none focus-visible:ring-1 focus-visible:ring-ring disabled:pointer-events-none disabled:opacity-50 [&amp;_svg]:pointer-events-none [&amp;_svg]:size-4 [&amp;_svg]:shrink-0 px-4 py-2 w-16 h-16 rounded-full bg-red-500 hover:bg-red-600 text-white shadow-lg shadow-red-500/30&quot;[39m
  [36m/&gt;[39m

  --------------------------------------------------

Ignored nodes: comments, script, style
[36m&lt;body&gt;[39m
  [36m&lt;div&gt;[39m
    [36m&lt;div[39m
      [33mclass[39m=[32m&quot;space-y-4&quot;[39m
    [36m&gt;[39m
      [36m&lt;div[39m
        [33mclass[39m=[32m&quot;relative h-24 bg-white/30 rounded-2xl overflow-hidden flex items-center justify-center&quot;[39m
      [36m&gt;[39m
        [36m&lt;div[39m
          [33mclass[39m=[32m&quot;flex items-center gap-1&quot;[39m
        [36m&gt;[39m
          [36m&lt;div[39m
            [33mclass[39m=[32m&quot;w-1 bg-purple-500 rounded-full&quot;[39m
          [36m/&gt;[39m
          [36m&lt;div[39m
            [33mclass[39m=[32m&quot;w-1 bg-purple-500 rounded-full&quot;[39m
          [36m/&gt;[39m
          [36m&lt;div[39m
            [33mclass[39m=[32m&quot;w-1 bg-purple-500 rounded-full&quot;[39m
          [36m/&gt;[39m
          [36m&lt;div[39m
            [33mclass[39m=[32m&quot;w-1 bg-purple-500 rounded-full&quot;[39m
          [36m/&gt;[39m
          [36m&lt;div[39m
            [33mclass[39m=[32m&quot;w-1 bg-purple-500 rounded-full&quot;[39m
          [36m/&gt;[39m
          [36m&lt;div[39m
            [33mclass[39m=[32m&quot;w-1 bg-purple-500 rounded-full&quot;[39m
          [36m/&gt;[39m
          [36m&lt;div[39m
            [33mclass[39m=[32m&quot;w-1 bg-purple-500 rounded-full&quot;[39m
          [36m/&gt;[39m
          [36m&lt;div[39m
            [33mclass[39m=[32m&quot;w-1 bg-purple-500 rounded-full&quot;[39m
          [36m/&gt;[39m
          [36m&lt;div[39m
            [33mclass[39m=[32m&quot;w-1 bg-purple-500 rounded-full&quot;[39m
          [36m/&gt;[39m
          [36m&lt;div[39m
            [33mclass[39m=[32m&quot;w-1 bg-purple-500 rounded-full&quot;[39m
          [36m/&gt;[39m
          [36m&lt;div[39m
            [33mclass[39m=[32m&quot;w-1 bg-purple-500 rounded-full&quot;[39m
          [36m/&gt;[39m
          [36m&lt;div[39m
            [33mclass[39m=[32m&quot;w-1 bg-purple-500 rounded-full&quot;[39m
          [36m/&gt;[39m
        [36m&lt;/div&gt;[39m
      [36m&lt;/div&gt;[39m
      [36m&lt;div[39m
        [33mclass[39m=[32m&quot;text-center&quot;[39m
      [36m&gt;[39m
        [36m&lt;span[39m
          [33mclass[39m=[32m&quot;text-2xl font-mono text-red-500&quot;[39m
        [36m&gt;[39m
          [0m0:00[0m
        [36m&lt;/span&gt;[39m
        [36m&lt;span[39m
          [33mclass[39m=[32m&quot;text-sm text-gray-500 ml-2&quot;[39m
        [36m&gt;[39m
          [0m/ [0m
          [0m2:00[0m
        [36m&lt;/span&gt;[39m
      [36m&lt;/div&gt;[39m
      [36m&lt;div[39m
        [33mclass[39m=[32m&quot;flex items-center justify-center gap-3&quot;[39m
      [36m&gt;[39m
        [36m&lt;button[39m
          [33mclass[39m=[32m&quot;inline-flex items-center justify-center gap-2 whitespace-nowrap text-sm font-medium transition-colors focus-visible:outline-none focus-visible:ring-1 focus-visible:ring-ring disabled:pointer-events-none disabled:opacity-50 [&amp;_svg]:pointer-events-none [&amp;_svg]:size-4 [&amp;_svg]:shrink-0 bg-primary text-primary-foreground shadow hover:bg-primary/90 px-4 py-2 w-12 h-12 rounded-full glass-strong&quot;[39m
        [36m&gt;[39m
          [36m&lt;svg[39m
            [33maria-hidden[39m=[32m&quot;true&quot;[39m
            [33mclass[39m=[32m&quot;lucide lucide-pause w-5 h-5&quot;[39m
            [33mfill[39m=[32m&quot;none&quot;[39m
            [33mheight[39m=[32m&quot;24&quot;[39m
            [33mstroke[39m=[32m&quot;currentColor&quot;[39m
            [33mstroke-linecap[39m=[32m&quot;round&quot;[39m
            [33mstroke-linejoin[39m=[32m&quot;round&quot;[39m
            [33mstroke-width[39m=[32m&quot;2&quot;[39m
            [33mviewBox[39m=[32m&quot;0 0 24 24&quot;[39m
            [33mwidth[39m=[32m&quot;24&quot;[39m
            [33mxmlns[39m=[32m&quot;http://www.w3.org/2000/svg&quot;[39m
          [36m&gt;[39m
            [36m&lt;rect[39m
              [33mheight[39m=[32m&quot;18&quot;[39m
              [33mrx[39m=[32m&quot;1&quot;[39m
              [33mwidth[39m=[32m&quot;5&quot;[39m
              [33mx[39m=[32m&quot;14&quot;[39m
              [33my[39m=[32m&quot;3&quot;[39m
            [36m/&gt;[39m
            [36m&lt;rect[39m
              [33mheight[39m=[32m&quot;18&quot;[39m
              [33mrx[39m=[32m&quot;1&quot;[39m
              [33mwidth[39m=[32m&quot;5&quot;[39m
              [33mx[39m=[32m&quot;5&quot;[39m
              [33my[39m=[32m&quot;3&quot;[39m
            [36m/&gt;[39m
          [36m&lt;/svg&gt;[39m
        [36m&lt;/button&gt;[39m
        [36m&lt;button[39m
          [33mclass[39m=[32m&quot;inline-flex items-center justify-center gap-2 whitespace-nowrap text-sm font-medium transition-colors focus-visible:outline-none focus-visible:ring-1 focus-visible:ring-ring disabled:pointer-events-none disabled:opacity-50 [&amp;_svg]:pointer-events-none [&amp;_svg]:size-4 [&amp;_svg]:shrink-0 px-4 py-2 w-16 h-16 rounded-full bg-red-500 hover:bg-red-600 text-white shadow-lg shadow-red-500/30&quot;[39m
        [36m&gt;[39m
          [36m&lt;svg[39m
            [33maria-hidden[39m=[32m&quot;true&quot;[39m
            [33mclass[39m=[32m&quot;lucide lucide-square w-6 h-6 fill-current&quot;[39m
            [33mfill[39m=[32m&quot;none&quot;[39m
            [33mheight[39m=[32m&quot;24&quot;[39m
            [33mstroke[39m=[32m&quot;currentColor&quot;[39m
            [33mstroke-linecap[39m=[32m&quot;round&quot;[39m
            [33mstroke-linejoin[39m=[32m&quot;round&quot;[39m
            [33mstroke-width[39m=[32m&quot;2&quot;[39m
            [33mviewBox[39m=[32m&quot;0 0 24 24&quot;[39m
            [33mwidth[39m=[32m&quot;24&quot;[39m
            [33mxmlns[39m=[32m&quot;http://www.w3.org/2000/svg&quot;[39m
          [36m&gt;[39m
            [36m&lt;rect[39m
              [33mheight[39m=[32m&quot;18&quot;[39m
              [33mrx[39m=[32m&quot;2&quot;[39m
              [33mwidth[39m=[32m&quot;18&quot;[39m
              [33mx[39m=[32m&quot;3&quot;[39m
              [33my[39m=[32m&quot;3&quot;[39m
            [36m/&gt;[39m
          [36m&lt;/svg&gt;[39m
        [36m&lt;/button&gt;[39m
      [36m&lt;/div&gt;[39m
    [36m&lt;/div&gt;[39m
  [36m&lt;/div&gt;[39m
[36m&lt;/body&gt;[39m" type="TestingLibraryElementError">
TestingLibraryElementError: Unable to find an accessible element with the role &quot;button&quot; and name `/square/i`

Here are the accessible roles:

  button:

  Name &quot;&quot;:
  &lt;button
    class=&quot;inline-flex items-center justify-center gap-2 whitespace-nowrap text-sm font-medium transition-colors focus-visible:outline-none focus-visible:ring-1 focus-visible:ring-ring disabled:pointer-events-none disabled:opacity-50 [&amp;_svg]:pointer-events-none [&amp;_svg]:size-4 [&amp;_svg]:shrink-0 bg-primary text-primary-foreground shadow hover:bg-primary/90 px-4 py-2 w-12 h-12 rounded-full glass-strong&quot;
  /&gt;

  Name &quot;&quot;:
  &lt;button
    class=&quot;inline-flex items-center justify-center gap-2 whitespace-nowrap text-sm font-medium transition-colors focus-visible:outline-none focus-visible:ring-1 focus-visible:ring-ring disabled:pointer-events-none disabled:opacity-50 [&amp;_svg]:pointer-events-none [&amp;_svg]:size-4 [&amp;_svg]:shrink-0 px-4 py-2 w-16 h-16 rounded-full bg-red-500 hover:bg-red-600 text-white shadow-lg shadow-red-500/30&quot;
  /&gt;

  --------------------------------------------------

Ignored nodes: comments, script, style
&lt;body&gt;
  &lt;div&gt;
    &lt;div
      class=&quot;space-y-4&quot;
    &gt;
      &lt;div
        class=&quot;relative h-24 bg-white/30 rounded-2xl overflow-hidden flex items-center justify-center&quot;
      &gt;
        &lt;div
          class=&quot;flex items-center gap-1&quot;
        &gt;
          &lt;div
            class=&quot;w-1 bg-purple-500 rounded-full&quot;
          /&gt;
          &lt;div
            class=&quot;w-1 bg-purple-500 rounded-full&quot;
          /&gt;
          &lt;div
            class=&quot;w-1 bg-purple-500 rounded-full&quot;
          /&gt;
          &lt;div
            class=&quot;w-1 bg-purple-500 rounded-full&quot;
          /&gt;
          &lt;div
            class=&quot;w-1 bg-purple-500 rounded-full&quot;
          /&gt;
          &lt;div
            class=&quot;w-1 bg-purple-500 rounded-full&quot;
          /&gt;
          &lt;div
            class=&quot;w-1 bg-purple-500 rounded-full&quot;
          /&gt;
          &lt;div
            class=&quot;w-1 bg-purple-500 rounded-full&quot;
          /&gt;
          &lt;div
            class=&quot;w-1 bg-purple-500 rounded-full&quot;
          /&gt;
          &lt;div
            class=&quot;w-1 bg-purple-500 rounded-full&quot;
          /&gt;
          &lt;div
            class=&quot;w-1 bg-purple-500 rounded-full&quot;
          /&gt;
          &lt;div
            class=&quot;w-1 bg-purple-500 rounded-full&quot;
          /&gt;
        &lt;/div&gt;
      &lt;/div&gt;
      &lt;div
        class=&quot;text-center&quot;
      &gt;
        &lt;span
          class=&quot;text-2xl font-mono text-red-500&quot;
        &gt;
          0:00
        &lt;/span&gt;
        &lt;span
          class=&quot;text-sm text-gray-500 ml-2&quot;
        &gt;
          / 
          2:00
        &lt;/span&gt;
      &lt;/div&gt;
      &lt;div
        class=&quot;flex items-center justify-center gap-3&quot;
      &gt;
        &lt;button
          class=&quot;inline-flex items-center justify-center gap-2 whitespace-nowrap text-sm font-medium transition-colors focus-visible:outline-none focus-visible:ring-1 focus-visible:ring-ring disabled:pointer-events-none disabled:opacity-50 [&amp;_svg]:pointer-events-none [&amp;_svg]:size-4 [&amp;_svg]:shrink-0 bg-primary text-primary-foreground shadow hover:bg-primary/90 px-4 py-2 w-12 h-12 rounded-full glass-strong&quot;
        &gt;
          &lt;svg
            aria-hidden=&quot;true&quot;
            class=&quot;lucide lucide-pause w-5 h-5&quot;
            fill=&quot;none&quot;
            height=&quot;24&quot;
            stroke=&quot;currentColor&quot;
            stroke-linecap=&quot;round&quot;
            stroke-linejoin=&quot;round&quot;
            stroke-width=&quot;2&quot;
            viewBox=&quot;0 0 24 24&quot;
            width=&quot;24&quot;
            xmlns=&quot;http://www.w3.org/2000/svg&quot;
          &gt;
            &lt;rect
              height=&quot;18&quot;
              rx=&quot;1&quot;
              width=&quot;5&quot;
              x=&quot;14&quot;
              y=&quot;3&quot;
            /&gt;
            &lt;rect
              height=&quot;18&quot;
              rx=&quot;1&quot;
              width=&quot;5&quot;
              x=&quot;5&quot;
              y=&quot;3&quot;
            /&gt;
          &lt;/svg&gt;
        &lt;/button&gt;
        &lt;button
          class=&quot;inline-flex items-center justify-center gap-2 whitespace-nowrap text-sm font-medium transition-colors focus-visible:outline-none focus-visible:ring-1 focus-visible:ring-ring disabled:pointer-events-none disabled:opacity-50 [&amp;_svg]:pointer-events-none [&amp;_svg]:size-4 [&amp;_svg]:shrink-0 px-4 py-2 w-16 h-16 rounded-full bg-red-500 hover:bg-red-600 text-white shadow-lg shadow-red-500/30&quot;
        &gt;
          &lt;svg
            aria-hidden=&quot;true&quot;
            class=&quot;lucide lucide-square w-6 h-6 fill-current&quot;
            fill=&quot;none&quot;
            height=&quot;24&quot;
            stroke=&quot;currentColor&quot;
            stroke-linecap=&quot;round&quot;
            stroke-linejoin=&quot;round&quot;
            stroke-width=&quot;2&quot;
            viewBox=&quot;0 0 24 24&quot;
            width=&quot;24&quot;
            xmlns=&quot;http://www.w3.org/2000/svg&quot;
          &gt;
            &lt;rect
              height=&quot;18&quot;
              rx=&quot;2&quot;
              width=&quot;18&quot;
              x=&quot;3&quot;
              y=&quot;3&quot;
            /&gt;
          &lt;/svg&gt;
        &lt;/button&gt;
      &lt;/div&gt;
    &lt;/div&gt;
  &lt;/div&gt;
&lt;/body&gt;
 ❯ Object.getElementError node_modules/@testing-library/dom/dist/config.js:37:19
 ❯ node_modules/@testing-library/dom/dist/query-helpers.js:76:38
 ❯ node_modules/@testing-library/dom/dist/query-helpers.js:52:17
 ❯ node_modules/@testing-library/dom/dist/query-helpers.js:95:19
 ❯ src/components/__tests__/AudioRecorder.test.tsx:140:33
            </failure>
        </testcase>
        <testcase classname="src/components/__tests__/AudioRecorder.test.tsx" name="AudioRecorder &gt; controls &gt; should pause recording when pause clicked" time="0.288723451">
            <failure message="Unable to find an accessible element with the role &quot;button&quot; and name `/pause/i`

Here are the accessible roles:

  button:

  Name &quot;&quot;:
  [36m&lt;button[39m
    [33mclass[39m=[32m&quot;inline-flex items-center justify-center gap-2 whitespace-nowrap text-sm font-medium transition-colors focus-visible:outline-none focus-visible:ring-1 focus-visible:ring-ring disabled:pointer-events-none disabled:opacity-50 [&amp;_svg]:pointer-events-none [&amp;_svg]:size-4 [&amp;_svg]:shrink-0 bg-primary text-primary-foreground shadow hover:bg-primary/90 px-4 py-2 w-12 h-12 rounded-full glass-strong&quot;[39m
  [36m/&gt;[39m

  Name &quot;&quot;:
  [36m&lt;button[39m
    [33mclass[39m=[32m&quot;inline-flex items-center justify-center gap-2 whitespace-nowrap text-sm font-medium transition-colors focus-visible:outline-none focus-visible:ring-1 focus-visible:ring-ring disabled:pointer-events-none disabled:opacity-50 [&amp;_svg]:pointer-events-none [&amp;_svg]:size-4 [&amp;_svg]:shrink-0 px-4 py-2 w-16 h-16 rounded-full bg-red-500 hover:bg-red-600 text-white shadow-lg shadow-red-500/30&quot;[39m
  [36m/&gt;[39m

  --------------------------------------------------

Ignored nodes: comments, script, style
[36m&lt;body&gt;[39m
  [36m&lt;div&gt;[39m
    [36m&lt;div[39m
      [33mclass[39m=[32m&quot;space-y-4&quot;[39m
    [36m&gt;[39m
      [36m&lt;div[39m
        [33mclass[39m=[32m&quot;relative h-24 bg-white/30 rounded-2xl overflow-hidden flex items-center justify-center&quot;[39m
      [36m&gt;[39m
        [36m&lt;div[39m
          [33mclass[39m=[32m&quot;flex items-center gap-1&quot;[39m
        [36m&gt;[39m
          [36m&lt;div[39m
            [33mclass[39m=[32m&quot;w-1 bg-purple-500 rounded-full&quot;[39m
          [36m/&gt;[39m
          [36m&lt;div[39m
            [33mclass[39m=[32m&quot;w-1 bg-purple-500 rounded-full&quot;[39m
          [36m/&gt;[39m
          [36m&lt;div[39m
            [33mclass[39m=[32m&quot;w-1 bg-purple-500 rounded-full&quot;[39m
          [36m/&gt;[39m
          [36m&lt;div[39m
            [33mclass[39m=[32m&quot;w-1 bg-purple-500 rounded-full&quot;[39m
          [36m/&gt;[39m
          [36m&lt;div[39m
            [33mclass[39m=[32m&quot;w-1 bg-purple-500 rounded-full&quot;[39m
          [36m/&gt;[39m
          [36m&lt;div[39m
            [33mclass[39m=[32m&quot;w-1 bg-purple-500 rounded-full&quot;[39m
          [36m/&gt;[39m
          [36m&lt;div[39m
            [33mclass[39m=[32m&quot;w-1 bg-purple-500 rounded-full&quot;[39m
          [36m/&gt;[39m
          [36m&lt;div[39m
            [33mclass[39m=[32m&quot;w-1 bg-purple-500 rounded-full&quot;[39m
          [36m/&gt;[39m
          [36m&lt;div[39m
            [33mclass[39m=[32m&quot;w-1 bg-purple-500 rounded-full&quot;[39m
          [36m/&gt;[39m
          [36m&lt;div[39m
            [33mclass[39m=[32m&quot;w-1 bg-purple-500 rounded-full&quot;[39m
          [36m/&gt;[39m
          [36m&lt;div[39m
            [33mclass[39m=[32m&quot;w-1 bg-purple-500 rounded-full&quot;[39m
          [36m/&gt;[39m
          [36m&lt;div[39m
            [33mclass[39m=[32m&quot;w-1 bg-purple-500 rounded-full&quot;[39m
          [36m/&gt;[39m
        [36m&lt;/div&gt;[39m
      [36m&lt;/div&gt;[39m
      [36m&lt;div[39m
        [33mclass[39m=[32m&quot;text-center&quot;[39m
      [36m&gt;[39m
        [36m&lt;span[39m
          [33mclass[39m=[32m&quot;text-2xl font-mono text-red-500&quot;[39m
        [36m&gt;[39m
          [0m0:00[0m
        [36m&lt;/span&gt;[39m
        [36m&lt;span[39m
          [33mclass[39m=[32m&quot;text-sm text-gray-500 ml-2&quot;[39m
        [36m&gt;[39m
          [0m/ [0m
          [0m2:00[0m
        [36m&lt;/span&gt;[39m
      [36m&lt;/div&gt;[39m
      [36m&lt;div[39m
        [33mclass[39m=[32m&quot;flex items-center justify-center gap-3&quot;[39m
      [36m&gt;[39m
        [36m&lt;button[39m
          [33mclass[39m=[32m&quot;inline-flex items-center justify-center gap-2 whitespace-nowrap text-sm font-medium transition-colors focus-visible:outline-none focus-visible:ring-1 focus-visible:ring-ring disabled:pointer-events-none disabled:opacity-50 [&amp;_svg]:pointer-events-none [&amp;_svg]:size-4 [&amp;_svg]:shrink-0 bg-primary text-primary-foreground shadow hover:bg-primary/90 px-4 py-2 w-12 h-12 rounded-full glass-strong&quot;[39m
        [36m&gt;[39m
          [36m&lt;svg[39m
            [33maria-hidden[39m=[32m&quot;true&quot;[39m
            [33mclass[39m=[32m&quot;lucide lucide-pause w-5 h-5&quot;[39m
            [33mfill[39m=[32m&quot;none&quot;[39m
            [33mheight[39m=[32m&quot;24&quot;[39m
            [33mstroke[39m=[32m&quot;currentColor&quot;[39m
            [33mstroke-linecap[39m=[32m&quot;round&quot;[39m
            [33mstroke-linejoin[39m=[32m&quot;round&quot;[39m
            [33mstroke-width[39m=[32m&quot;2&quot;[39m
            [33mviewBox[39m=[32m&quot;0 0 24 24&quot;[39m
            [33mwidth[39m=[32m&quot;24&quot;[39m
            [33mxmlns[39m=[32m&quot;http://www.w3.org/2000/svg&quot;[39m
          [36m&gt;[39m
            [36m&lt;rect[39m
              [33mheight[39m=[32m&quot;18&quot;[39m
              [33mrx[39m=[32m&quot;1&quot;[39m
              [33mwidth[39m=[32m&quot;5&quot;[39m
              [33mx[39m=[32m&quot;14&quot;[39m
              [33my[39m=[32m&quot;3&quot;[39m
            [36m/&gt;[39m
            [36m&lt;rect[39m
              [33mheight[39m=[32m&quot;18&quot;[39m
              [33mrx[39m=[32m&quot;1&quot;[39m
              [33mwidth[39m=[32m&quot;5&quot;[39m
              [33mx[39m=[32m&quot;5&quot;[39m
              [33my[39m=[32m&quot;3&quot;[39m
            [36m/&gt;[39m
          [36m&lt;/svg&gt;[39m
        [36m&lt;/button&gt;[39m
        [36m&lt;button[39m
          [33mclass[39m=[32m&quot;inline-flex items-center justify-center gap-2 whitespace-nowrap text-sm font-medium transition-colors focus-visible:outline-none focus-visible:ring-1 focus-visible:ring-ring disabled:pointer-events-none disabled:opacity-50 [&amp;_svg]:pointer-events-none [&amp;_svg]:size-4 [&amp;_svg]:shrink-0 px-4 py-2 w-16 h-16 rounded-full bg-red-500 hover:bg-red-600 text-white shadow-lg shadow-red-500/30&quot;[39m
        [36m&gt;[39m
          [36m&lt;svg[39m
            [33maria-hidden[39m=[32m&quot;true&quot;[39m
            [33mclass[39m=[32m&quot;lucide lucide-square w-6 h-6 fill-current&quot;[39m
            [33mfill[39m=[32m&quot;none&quot;[39m
            [33mheight[39m=[32m&quot;24&quot;[39m
            [33mstroke[39m=[32m&quot;currentColor&quot;[39m
            [33mstroke-linecap[39m=[32m&quot;round&quot;[39m
            [33mstroke-linejoin[39m=[32m&quot;round&quot;[39m
            [33mstroke-width[39m=[32m&quot;2&quot;[39m
            [33mviewBox[39m=[32m&quot;0 0 24 24&quot;[39m
            [33mwidth[39m=[32m&quot;24&quot;[39m
            [33mxmlns[39m=[32m&quot;http://www.w3.org/2000/svg&quot;[39m
          [36m&gt;[39m
            [36m&lt;rect[39m
              [33mheight[39m=[32m&quot;18&quot;[39m
              [33mrx[39m=[32m&quot;2&quot;[39m
              [33mwidth[39m=[32m&quot;18&quot;[39m
              [33mx[39m=[32m&quot;3&quot;[39m
              [33my[39m=[32m&quot;3&quot;[39m
            [36m/&gt;[39m
          [36m&lt;/svg&gt;[39m
        [36m&lt;/button&gt;[39m
      [36m&lt;/div&gt;[39m
    [36m&lt;/div&gt;[39m
  [36m&lt;/div&gt;[39m
[36m&lt;/body&gt;[39m" type="TestingLibraryElementError">
TestingLibraryElementError: Unable to find an accessible element with the role &quot;button&quot; and name `/pause/i`

Here are the accessible roles:

  button:

  Name &quot;&quot;:
  &lt;button
    class=&quot;inline-flex items-center justify-center gap-2 whitespace-nowrap text-sm font-medium transition-colors focus-visible:outline-none focus-visible:ring-1 focus-visible:ring-ring disabled:pointer-events-none disabled:opacity-50 [&amp;_svg]:pointer-events-none [&amp;_svg]:size-4 [&amp;_svg]:shrink-0 bg-primary text-primary-foreground shadow hover:bg-primary/90 px-4 py-2 w-12 h-12 rounded-full glass-strong&quot;
  /&gt;

  Name &quot;&quot;:
  &lt;button
    class=&quot;inline-flex items-center justify-center gap-2 whitespace-nowrap text-sm font-medium transition-colors focus-visible:outline-none focus-visible:ring-1 focus-visible:ring-ring disabled:pointer-events-none disabled:opacity-50 [&amp;_svg]:pointer-events-none [&amp;_svg]:size-4 [&amp;_svg]:shrink-0 px-4 py-2 w-16 h-16 rounded-full bg-red-500 hover:bg-red-600 text-white shadow-lg shadow-red-500/30&quot;
  /&gt;

  --------------------------------------------------

Ignored nodes: comments, script, style
&lt;body&gt;
  &lt;div&gt;
    &lt;div
      class=&quot;space-y-4&quot;
    &gt;
      &lt;div
        class=&quot;relative h-24 bg-white/30 rounded-2xl overflow-hidden flex items-center justify-center&quot;
      &gt;
        &lt;div
          class=&quot;flex items-center gap-1&quot;
        &gt;
          &lt;div
            class=&quot;w-1 bg-purple-500 rounded-full&quot;
          /&gt;
          &lt;div
            class=&quot;w-1 bg-purple-500 rounded-full&quot;
          /&gt;
          &lt;div
            class=&quot;w-1 bg-purple-500 rounded-full&quot;
          /&gt;
          &lt;div
            class=&quot;w-1 bg-purple-500 rounded-full&quot;
          /&gt;
          &lt;div
            class=&quot;w-1 bg-purple-500 rounded-full&quot;
          /&gt;
          &lt;div
            class=&quot;w-1 bg-purple-500 rounded-full&quot;
          /&gt;
          &lt;div
            class=&quot;w-1 bg-purple-500 rounded-full&quot;
          /&gt;
          &lt;div
            class=&quot;w-1 bg-purple-500 rounded-full&quot;
          /&gt;
          &lt;div
            class=&quot;w-1 bg-purple-500 rounded-full&quot;
          /&gt;
          &lt;div
            class=&quot;w-1 bg-purple-500 rounded-full&quot;
          /&gt;
          &lt;div
            class=&quot;w-1 bg-purple-500 rounded-full&quot;
          /&gt;
          &lt;div
            class=&quot;w-1 bg-purple-500 rounded-full&quot;
          /&gt;
        &lt;/div&gt;
      &lt;/div&gt;
      &lt;div
        class=&quot;text-center&quot;
      &gt;
        &lt;span
          class=&quot;text-2xl font-mono text-red-500&quot;
        &gt;
          0:00
        &lt;/span&gt;
        &lt;span
          class=&quot;text-sm text-gray-500 ml-2&quot;
        &gt;
          / 
          2:00
        &lt;/span&gt;
      &lt;/div&gt;
      &lt;div
        class=&quot;flex items-center justify-center gap-3&quot;
      &gt;
        &lt;button
          class=&quot;inline-flex items-center justify-center gap-2 whitespace-nowrap text-sm font-medium transition-colors focus-visible:outline-none focus-visible:ring-1 focus-visible:ring-ring disabled:pointer-events-none disabled:opacity-50 [&amp;_svg]:pointer-events-none [&amp;_svg]:size-4 [&amp;_svg]:shrink-0 bg-primary text-primary-foreground shadow hover:bg-primary/90 px-4 py-2 w-12 h-12 rounded-full glass-strong&quot;
        &gt;
          &lt;svg
            aria-hidden=&quot;true&quot;
            class=&quot;lucide lucide-pause w-5 h-5&quot;
            fill=&quot;none&quot;
            height=&quot;24&quot;
            stroke=&quot;currentColor&quot;
            stroke-linecap=&quot;round&quot;
            stroke-linejoin=&quot;round&quot;
            stroke-width=&quot;2&quot;
            viewBox=&quot;0 0 24 24&quot;
            width=&quot;24&quot;
            xmlns=&quot;http://www.w3.org/2000/svg&quot;
          &gt;
            &lt;rect
              height=&quot;18&quot;
              rx=&quot;1&quot;
              width=&quot;5&quot;
              x=&quot;14&quot;
              y=&quot;3&quot;
            /&gt;
            &lt;rect
              height=&quot;18&quot;
              rx=&quot;1&quot;
              width=&quot;5&quot;
              x=&quot;5&quot;
              y=&quot;3&quot;
            /&gt;
          &lt;/svg&gt;
        &lt;/button&gt;
        &lt;button
          class=&quot;inline-flex items-center justify-center gap-2 whitespace-nowrap text-sm font-medium transition-colors focus-visible:outline-none focus-visible:ring-1 focus-visible:ring-ring disabled:pointer-events-none disabled:opacity-50 [&amp;_svg]:pointer-events-none [&amp;_svg]:size-4 [&amp;_svg]:shrink-0 px-4 py-2 w-16 h-16 rounded-full bg-red-500 hover:bg-red-600 text-white shadow-lg shadow-red-500/30&quot;
        &gt;
          &lt;svg
            aria-hidden=&quot;true&quot;
            class=&quot;lucide lucide-square w-6 h-6 fill-current&quot;
            fill=&quot;none&quot;
            height=&quot;24&quot;
            stroke=&quot;currentColor&quot;
            stroke-linecap=&quot;round&quot;
            stroke-linejoin=&quot;round&quot;
            stroke-width=&quot;2&quot;
            viewBox=&quot;0 0 24 24&quot;
            width=&quot;24&quot;
            xmlns=&quot;http://www.w3.org/2000/svg&quot;
          &gt;
            &lt;rect
              height=&quot;18&quot;
              rx=&quot;2&quot;
              width=&quot;18&quot;
              x=&quot;3&quot;
              y=&quot;3&quot;
            /&gt;
          &lt;/svg&gt;
        &lt;/button&gt;
      &lt;/div&gt;
    &lt;/div&gt;
  &lt;/div&gt;
&lt;/body&gt;
 ❯ Object.getElementError node_modules/@testing-library/dom/dist/config.js:37:19
 ❯ node_modules/@testing-library/dom/dist/query-helpers.js:76:38
 ❯ node_modules/@testing-library/dom/dist/query-helpers.js:52:17
 ❯ node_modules/@testing-library/dom/dist/query-helpers.js:95:19
 ❯ src/components/__tests__/AudioRecorder.test.tsx:148:34
            </failure>
        </testcase>
        <testcase classname="src/components/__tests__/AudioRecorder.test.tsx" name="AudioRecorder &gt; controls &gt; should show paused indicator when paused" time="0.005707949">
        </testcase>
        <testcase classname="src/components/__tests__/AudioRecorder.test.tsx" name="AudioRecorder &gt; controls &gt; should resume recording when play clicked" time="0.153764496">
            <failure message="Unable to find an accessible element with the role &quot;button&quot; and name `/play/i`

Here are the accessible roles:

  button:

  Name &quot;&quot;:
  [36m&lt;button[39m
    [33mclass[39m=[32m&quot;inline-flex items-center justify-center gap-2 whitespace-nowrap text-sm font-medium transition-colors focus-visible:outline-none focus-visible:ring-1 focus-visible:ring-ring disabled:pointer-events-none disabled:opacity-50 [&amp;_svg]:pointer-events-none [&amp;_svg]:size-4 [&amp;_svg]:shrink-0 bg-primary text-primary-foreground shadow hover:bg-primary/90 px-4 py-2 w-12 h-12 rounded-full glass-strong&quot;[39m
  [36m/&gt;[39m

  Name &quot;&quot;:
  [36m&lt;button[39m
    [33mclass[39m=[32m&quot;inline-flex items-center justify-center gap-2 whitespace-nowrap text-sm font-medium transition-colors focus-visible:outline-none focus-visible:ring-1 focus-visible:ring-ring disabled:pointer-events-none disabled:opacity-50 [&amp;_svg]:pointer-events-none [&amp;_svg]:size-4 [&amp;_svg]:shrink-0 px-4 py-2 w-16 h-16 rounded-full bg-red-500 hover:bg-red-600 text-white shadow-lg shadow-red-500/30&quot;[39m
  [36m/&gt;[39m

  --------------------------------------------------

Ignored nodes: comments, script, style
[36m&lt;body&gt;[39m
  [36m&lt;div&gt;[39m
    [36m&lt;div[39m
      [33mclass[39m=[32m&quot;space-y-4&quot;[39m
    [36m&gt;[39m
      [36m&lt;div[39m
        [33mclass[39m=[32m&quot;relative h-24 bg-white/30 rounded-2xl overflow-hidden flex items-center justify-center&quot;[39m
      [36m&gt;[39m
        [36m&lt;div[39m
          [33mclass[39m=[32m&quot;flex items-center gap-2 text-gray-600&quot;[39m
        [36m&gt;[39m
          [36m&lt;svg[39m
            [33maria-hidden[39m=[32m&quot;true&quot;[39m
            [33mclass[39m=[32m&quot;lucide lucide-pause w-5 h-5&quot;[39m
            [33mfill[39m=[32m&quot;none&quot;[39m
            [33mheight[39m=[32m&quot;24&quot;[39m
            [33mstroke[39m=[32m&quot;currentColor&quot;[39m
            [33mstroke-linecap[39m=[32m&quot;round&quot;[39m
            [33mstroke-linejoin[39m=[32m&quot;round&quot;[39m
            [33mstroke-width[39m=[32m&quot;2&quot;[39m
            [33mviewBox[39m=[32m&quot;0 0 24 24&quot;[39m
            [33mwidth[39m=[32m&quot;24&quot;[39m
            [33mxmlns[39m=[32m&quot;http://www.w3.org/2000/svg&quot;[39m
          [36m&gt;[39m
            [36m&lt;rect[39m
              [33mheight[39m=[32m&quot;18&quot;[39m
              [33mrx[39m=[32m&quot;1&quot;[39m
              [33mwidth[39m=[32m&quot;5&quot;[39m
              [33mx[39m=[32m&quot;14&quot;[39m
              [33my[39m=[32m&quot;3&quot;[39m
            [36m/&gt;[39m
            [36m&lt;rect[39m
              [33mheight[39m=[32m&quot;18&quot;[39m
              [33mrx[39m=[32m&quot;1&quot;[39m
              [33mwidth[39m=[32m&quot;5&quot;[39m
              [33mx[39m=[32m&quot;5&quot;[39m
              [33my[39m=[32m&quot;3&quot;[39m
            [36m/&gt;[39m
          [36m&lt;/svg&gt;[39m
          [36m&lt;span[39m
            [33mclass[39m=[32m&quot;text-sm&quot;[39m
          [36m&gt;[39m
            [0mPaused[0m
          [36m&lt;/span&gt;[39m
        [36m&lt;/div&gt;[39m
      [36m&lt;/div&gt;[39m
      [36m&lt;div[39m
        [33mclass[39m=[32m&quot;text-center&quot;[39m
      [36m&gt;[39m
        [36m&lt;span[39m
          [33mclass[39m=[32m&quot;text-2xl font-mono text-gray-700&quot;[39m
        [36m&gt;[39m
          [0m0:00[0m
        [36m&lt;/span&gt;[39m
        [36m&lt;span[39m
          [33mclass[39m=[32m&quot;text-sm text-gray-500 ml-2&quot;[39m
        [36m&gt;[39m
          [0m/ [0m
          [0m2:00[0m
        [36m&lt;/span&gt;[39m
      [36m&lt;/div&gt;[39m
      [36m&lt;div[39m
        [33mclass[39m=[32m&quot;flex items-center justify-center gap-3&quot;[39m
      [36m&gt;[39m
        [36m&lt;button[39m
          [33mclass[39m=[32m&quot;inline-flex items-center justify-center gap-2 whitespace-nowrap text-sm font-medium transition-colors focus-visible:outline-none focus-visible:ring-1 focus-visible:ring-ring disabled:pointer-events-none disabled:opacity-50 [&amp;_svg]:pointer-events-none [&amp;_svg]:size-4 [&amp;_svg]:shrink-0 bg-primary text-primary-foreground shadow hover:bg-primary/90 px-4 py-2 w-12 h-12 rounded-full glass-strong&quot;[39m
        [36m&gt;[39m
          [36m&lt;svg[39m
            [33maria-hidden[39m=[32m&quot;true&quot;[39m
            [33mclass[39m=[32m&quot;lucide lucide-play w-5 h-5&quot;[39m
            [33mfill[39m=[32m&quot;none&quot;[39m
            [33mheight[39m=[32m&quot;24&quot;[39m
            [33mstroke[39m=[32m&quot;currentColor&quot;[39m
            [33mstroke-linecap[39m=[32m&quot;round&quot;[39m
            [33mstroke-linejoin[39m=[32m&quot;round&quot;[39m
            [33mstroke-width[39m=[32m&quot;2&quot;[39m
            [33mviewBox[39m=[32m&quot;0 0 24 24&quot;[39m
            [33mwidth[39m=[32m&quot;24&quot;[39m
            [33mxmlns[39m=[32m&quot;http://www.w3.org/2000/svg&quot;[39m
          [36m&gt;[39m
            [36m&lt;path[39m
              [33md[39m=[32m&quot;M5 5a2 2 0 0 1 3.008-1.728l11.997 6.998a2 2 0 0 1 .003 3.458l-12 7A2 2 0 0 1 5 19z&quot;[39m
            [36m/&gt;[39m
          [36m&lt;/svg&gt;[39m
        [36m&lt;/button&gt;[39m
        [36m&lt;button[39m
          [33mclass[39m=[32m&quot;inline-flex items-center justify-center gap-2 whitespace-nowrap text-sm font-medium transition-colors focus-visible:outline-none focus-visible:ring-1 focus-visible:ring-ring disabled:pointer-events-none disabled:opacity-50 [&amp;_svg]:pointer-events-none [&amp;_svg]:size-4 [&amp;_svg]:shrink-0 px-4 py-2 w-16 h-16 rounded-full bg-red-500 hover:bg-red-600 text-white shadow-lg shadow-red-500/30&quot;[39m
        [36m&gt;[39m
          [36m&lt;svg[39m
            [33maria-hidden[39m=[32m&quot;true&quot;[39m
            [33mclass[39m=[32m&quot;lucide lucide-square w-6 h-6 fill-current&quot;[39m
            [33mfill[39m=[32m&quot;none&quot;[39m
            [33mheight[39m=[32m&quot;24&quot;[39m
            [33mstroke[39m=[32m&quot;currentColor&quot;[39m
            [33mstroke-linecap[39m=[32m&quot;round&quot;[39m
            [33mstroke-linejoin[39m=[32m&quot;round&quot;[39m
            [33mstroke-width[39m=[32m&quot;2&quot;[39m
            [33mviewBox[39m=[32m&quot;0 0 24 24&quot;[39m
            [33mwidth[39m=[32m&quot;24&quot;[39m
            [33mxmlns[39m=[32m&quot;http://www.w3.org/2000/svg&quot;[39m
          [36m&gt;[39m
            [36m&lt;rect[39m
              [33mheight[39m=[32m&quot;18&quot;[39m
              [33mrx[39m=[32m&quot;2&quot;[39m
              [33mwidth[39m=[32m&quot;18&quot;[39m
              [33mx[39m=[32m&quot;3&quot;[39m
              [33my[39m=[32m&quot;3&quot;[39m
            [36m/&gt;[39m
          [36m&lt;/svg&gt;[39m
        [36m&lt;/button&gt;[39m
      [36m&lt;/div&gt;[39m
    [36m&lt;/div&gt;[39m
  [36m&lt;/div&gt;[39m
[36m&lt;/body&gt;[39m" type="TestingLibraryElementError">
TestingLibraryElementError: Unable to find an accessible element with the role &quot;button&quot; and name `/play/i`

Here are the accessible roles:

  button:

  Name &quot;&quot;:
  &lt;button
    class=&quot;inline-flex items-center justify-center gap-2 whitespace-nowrap text-sm font-medium transition-colors focus-visible:outline-none focus-visible:ring-1 focus-visible:ring-ring disabled:pointer-events-none disabled:opacity-50 [&amp;_svg]:pointer-events-none [&amp;_svg]:size-4 [&amp;_svg]:shrink-0 bg-primary text-primary-foreground shadow hover:bg-primary/90 px-4 py-2 w-12 h-12 rounded-full glass-strong&quot;
  /&gt;

  Name &quot;&quot;:
  &lt;button
    class=&quot;inline-flex items-center justify-center gap-2 whitespace-nowrap text-sm font-medium transition-colors focus-visible:outline-none focus-visible:ring-1 focus-visible:ring-ring disabled:pointer-events-none disabled:opacity-50 [&amp;_svg]:pointer-events-none [&amp;_svg]:size-4 [&amp;_svg]:shrink-0 px-4 py-2 w-16 h-16 rounded-full bg-red-500 hover:bg-red-600 text-white shadow-lg shadow-red-500/30&quot;
  /&gt;

  --------------------------------------------------

Ignored nodes: comments, script, style
&lt;body&gt;
  &lt;div&gt;
    &lt;div
      class=&quot;space-y-4&quot;
    &gt;
      &lt;div
        class=&quot;relative h-24 bg-white/30 rounded-2xl overflow-hidden flex items-center justify-center&quot;
      &gt;
        &lt;div
          class=&quot;flex items-center gap-2 text-gray-600&quot;
        &gt;
          &lt;svg
            aria-hidden=&quot;true&quot;
            class=&quot;lucide lucide-pause w-5 h-5&quot;
            fill=&quot;none&quot;
            height=&quot;24&quot;
            stroke=&quot;currentColor&quot;
            stroke-linecap=&quot;round&quot;
            stroke-linejoin=&quot;round&quot;
            stroke-width=&quot;2&quot;
            viewBox=&quot;0 0 24 24&quot;
            width=&quot;24&quot;
            xmlns=&quot;http://www.w3.org/2000/svg&quot;
          &gt;
            &lt;rect
              height=&quot;18&quot;
              rx=&quot;1&quot;
              width=&quot;5&quot;
              x=&quot;14&quot;
              y=&quot;3&quot;
            /&gt;
            &lt;rect
              height=&quot;18&quot;
              rx=&quot;1&quot;
              width=&quot;5&quot;
              x=&quot;5&quot;
              y=&quot;3&quot;
            /&gt;
          &lt;/svg&gt;
          &lt;span
            class=&quot;text-sm&quot;
          &gt;
            Paused
          &lt;/span&gt;
        &lt;/div&gt;
      &lt;/div&gt;
      &lt;div
        class=&quot;text-center&quot;
      &gt;
        &lt;span
          class=&quot;text-2xl font-mono text-gray-700&quot;
        &gt;
          0:00
        &lt;/span&gt;
        &lt;span
          class=&quot;text-sm text-gray-500 ml-2&quot;
        &gt;
          / 
          2:00
        &lt;/span&gt;
      &lt;/div&gt;
      &lt;div
        class=&quot;flex items-center justify-center gap-3&quot;
      &gt;
        &lt;button
          class=&quot;inline-flex items-center justify-center gap-2 whitespace-nowrap text-sm font-medium transition-colors focus-visible:outline-none focus-visible:ring-1 focus-visible:ring-ring disabled:pointer-events-none disabled:opacity-50 [&amp;_svg]:pointer-events-none [&amp;_svg]:size-4 [&amp;_svg]:shrink-0 bg-primary text-primary-foreground shadow hover:bg-primary/90 px-4 py-2 w-12 h-12 rounded-full glass-strong&quot;
        &gt;
          &lt;svg
            aria-hidden=&quot;true&quot;
            class=&quot;lucide lucide-play w-5 h-5&quot;
            fill=&quot;none&quot;
            height=&quot;24&quot;
            stroke=&quot;currentColor&quot;
            stroke-linecap=&quot;round&quot;
            stroke-linejoin=&quot;round&quot;
            stroke-width=&quot;2&quot;
            viewBox=&quot;0 0 24 24&quot;
            width=&quot;24&quot;
            xmlns=&quot;http://www.w3.org/2000/svg&quot;
          &gt;
            &lt;path
              d=&quot;M5 5a2 2 0 0 1 3.008-1.728l11.997 6.998a2 2 0 0 1 .003 3.458l-12 7A2 2 0 0 1 5 19z&quot;
            /&gt;
          &lt;/svg&gt;
        &lt;/button&gt;
        &lt;button
          class=&quot;inline-flex items-center justify-center gap-2 whitespace-nowrap text-sm font-medium transition-colors focus-visible:outline-none focus-visible:ring-1 focus-visible:ring-ring disabled:pointer-events-none disabled:opacity-50 [&amp;_svg]:pointer-events-none [&amp;_svg]:size-4 [&amp;_svg]:shrink-0 px-4 py-2 w-16 h-16 rounded-full bg-red-500 hover:bg-red-600 text-white shadow-lg shadow-red-500/30&quot;
        &gt;
          &lt;svg
            aria-hidden=&quot;true&quot;
            class=&quot;lucide lucide-square w-6 h-6 fill-current&quot;
            fill=&quot;none&quot;
            height=&quot;24&quot;
            stroke=&quot;currentColor&quot;
            stroke-linecap=&quot;round&quot;
            stroke-linejoin=&quot;round&quot;
            stroke-width=&quot;2&quot;
            viewBox=&quot;0 0 24 24&quot;
            width=&quot;24&quot;
            xmlns=&quot;http://www.w3.org/2000/svg&quot;
          &gt;
            &lt;rect
              height=&quot;18&quot;
              rx=&quot;2&quot;
              width=&quot;18&quot;
              x=&quot;3&quot;
              y=&quot;3&quot;
            /&gt;
          &lt;/svg&gt;
        &lt;/button&gt;
      &lt;/div&gt;
    &lt;/div&gt;
  &lt;/div&gt;
&lt;/body&gt;
 ❯ Object.getElementError node_modules/@testing-library/dom/dist/config.js:37:19
 ❯ node_modules/@testing-library/dom/dist/query-helpers.js:76:38
 ❯ node_modules/@testing-library/dom/dist/query-helpers.js:52:17
 ❯ node_modules/@testing-library/dom/dist/query-helpers.js:95:19
 ❯ src/components/__tests__/AudioRecorder.test.tsx:166:33
            </failure>
        </testcase>
        <testcase classname="src/components/__tests__/AudioRecorder.test.tsx" name="AudioRecorder &gt; controls &gt; should stop recording when stop clicked" time="0.281038858">
            <failure message="Unable to find an accessible element with the role &quot;button&quot; and name `/square/i`

Here are the accessible roles:

  button:

  Name &quot;&quot;:
[...]
        </testcase>
        <testcase classname="src/services/__tests__/storageService.test.ts" name="storageService &gt; uploadAudio &gt; should not upsert existing files" time="0.000691095">
        </testcase>
        <testcase classname="src/services/__tests__/storageService.test.ts" name="storageService &gt; uploadVideo &gt; should upload video blob to prayers bucket" time="0.001213029">
        </testcase>
        <testcase classname="src/services/__tests__/storageService.test.ts" name="storageService &gt; uploadVideo &gt; should generate unique filename" time="0.000717847">
        </testcase>
        <testcase classname="src/services/__tests__/storageService.test.ts" name="storageService &gt; uploadVideo &gt; should detect video mime types" time="0.000661022">
        </testcase>
        <testcase classname="src/services/__tests__/storageService.test.ts" name="storageService &gt; uploadVideo &gt; should return public URL on success" time="0.000471382">
        </testcase>
        <testcase classname="src/services/__tests__/storageService.test.ts" name="storageService &gt; uploadVideo &gt; should handle large files" time="0.888065018">
        </testcase>
        <testcase classname="src/services/__tests__/storageService.test.ts" name="storageService &gt; uploadVideo &gt; should return null on error" time="0.000862439">
        </testcase>
        <testcase classname="src/services/__tests__/storageService.test.ts" name="storageService &gt; uploadVideo &gt; should handle network error" time="0.000814691">
        </testcase>
        <testcase classname="src/services/__tests__/storageService.test.ts" name="storageService &gt; uploadVideo &gt; should handle quota exceeded error" time="0.000501126">
        </testcase>
        <testcase classname="src/services/__tests__/storageService.test.ts" name="storageService &gt; uploadVideo &gt; should handle different video codecs" time="0.000793313">
        </testcase>
        <testcase classname="src/services/__tests__/storageService.test.ts" name="storageService &gt; deleteFile &gt; should delete file by path" time="0.118570755">
        </testcase>
        <testcase classname="src/services/__tests__/storageService.test.ts" name="storageService &gt; deleteFile &gt; should return true on success" time="0.000522702">
        </testcase>
        <testcase classname="src/services/__tests__/storageService.test.ts" name="storageService &gt; deleteFile &gt; should return false on error" time="0.000635704">
        </testcase>
        <testcase classname="src/services/__tests__/storageService.test.ts" name="storageService &gt; deleteFile &gt; should handle file not found" time="0.000526888">
        </testcase>
        <testcase classname="src/services/__tests__/storageService.test.ts" name="storageService &gt; deleteFile &gt; should handle network error" time="0.000583062">
        </testcase>
        <testcase classname="src/services/__tests__/storageService.test.ts" name="storageService &gt; deleteFile &gt; should handle invalid path" time="0.000451389">
        </testcase>
        <testcase classname="src/services/__tests__/storageService.test.ts" name="storageService &gt; deleteFile &gt; should handle multiple file paths in array" time="0.000439878">
        </testcase>
        <testcase classname="src/services/__tests__/storageService.test.ts" name="storageService &gt; deleteFile &gt; should handle permission denied" time="0.000461882">
        </testcase>
    </testsuite>
    <testsuite name="src/services/__tests__/userService.test.ts" timestamp="2025-11-29T10:40:01.335Z" hostname="runsc" tests="43" failures="0" errors="0" skipped="0" time="0.033088244">
        <testcase classname="src/services/__tests__/userService.test.ts" name="userService &gt; getUserProfile &gt; should fetch user profile by id" time="0.003791095">
        </testcase>
        <testcase classname="src/services/__tests__/userService.test.ts" name="userService &gt; getUserProfile &gt; should return profile with all fields" time="0.001272057">
        </testcase>
        <testcase classname="src/services/__tests__/userService.test.ts" name="userService &gt; getUserProfile &gt; should handle null display_name" time="0.000423101">
        </testcase>
        <testcase classname="src/services/__tests__/userService.test.ts" name="userService &gt; getUserProfile &gt; should handle null avatar_url" time="0.000364979">
        </testcase>
        <testcase classname="src/services/__tests__/userService.test.ts" name="userService &gt; getUserProfile &gt; should return null when profile not found" time="0.001885613">
        </testcase>
        <testcase classname="src/services/__tests__/userService.test.ts" name="userService &gt; getUserProfile &gt; should handle database error" time="0.000543635">
        </testcase>
        <testcase classname="src/services/__tests__/userService.test.ts" name="userService &gt; getUserProfile &gt; should handle network error" time="0.000726439">
        </testcase>
        <testcase classname="src/services/__tests__/userService.test.ts" name="userService &gt; getUserProfile &gt; should handle invalid user ID" time="0.000392893">
        </testcase>
        <testcase classname="src/services/__tests__/userService.test.ts" name="userService &gt; updateUserProfile &gt; should update user profile" time="0.000803467">
        </testcase>
        <testcase classname="src/services/__tests__/userService.test.ts" name="userService &gt; updateUserProfile &gt; should only update provided fields" time="0.000596426">
        </testcase>
        <testcase classname="src/services/__tests__/userService.test.ts" name="userService &gt; updateUserProfile &gt; should update avatar_url" time="0.00043563">
        </testcase>
        <testcase classname="src/services/__tests__/userService.test.ts" name="userService &gt; updateUserProfile &gt; should update both display_name and avatar_url" time="0.000475069">
        </testcase>
        <testcase classname="src/services/__tests__/userService.test.ts" name="userService &gt; updateUserProfile &gt; should set updated_at timestamp" time="0.000650294">
        </testcase>
        <testcase classname="src/services/__tests__/userService.test.ts" name="userService &gt; updateUserProfile &gt; should handle profile not found" time="0.000789929">
        </testcase>
        <testcase classname="src/services/__tests__/userService.test.ts" name="userService &gt; updateUserProfile &gt; should handle database constraint violation" time="0.000504475">
        </testcase>
        <testcase classname="src/services/__tests__/userService.test.ts" name="userService &gt; updateUserProfile &gt; should handle network error" time="0.000890774">
        </testcase>
        <testcase classname="src/services/__tests__/userService.test.ts" name="userService &gt; updateUserProfile &gt; should handle empty updates object" time="0.000606338">
        </testcase>
        <testcase classname="src/services/__tests__/userService.test.ts" name="userService &gt; updateUserProfile &gt; should handle null values in updates" time="0.000510798">
        </testcase>
        <testcase classname="src/services/__tests__/userService.test.ts" name="userService &gt; changePassword &gt; should change user password" time="0.000959212">
        </testcase>
        <testcase classname="src/services/__tests__/userService.test.ts" name="userService &gt; changePassword &gt; should return success true on successful change" time="0.000529806">
        </testcase>
        <testcase classname="src/services/__tests__/userService.test.ts" name="userService &gt; changePassword &gt; should handle auth error" time="0.000593373">
        </testcase>
        <testcase classname="src/services/__tests__/userService.test.ts" name="userService &gt; changePassword &gt; should handle invalid password format" time="0.000423886">
        </testcase>
        <testcase classname="src/services/__tests__/userService.test.ts" name="userService &gt; changePassword &gt; should handle network error" time="0.000560671">
        </testcase>
        <testcase classname="src/services/__tests__/userService.test.ts" name="userService &gt; changePassword &gt; should handle session expired error" time="0.00040333">
        </testcase>
        <testcase classname="src/services/__tests__/userService.test.ts" name="userService &gt; changePassword &gt; should handle empty password" time="0.000387119">
        </testcase>
        <testcase classname="src/services/__tests__/userService.test.ts" name="userService &gt; sendPasswordResetEmail &gt; should send password reset email" time="0.00065252">
        </testcase>
        <testcase classname="src/services/__tests__/userService.test.ts" name="userService &gt; sendPasswordResetEmail &gt; should use correct redirect URL" time="0.000512148">
        </testcase>
        <testcase classname="src/services/__tests__/userService.test.ts" name="userService &gt; sendPasswordResetEmail &gt; should handle invalid email format" time="0.000424292">
        </testcase>
        <testcase classname="src/services/__tests__/userService.test.ts" name="userService &gt; sendPasswordResetEmail &gt; should handle user not found" time="0.00042789">
        </testcase>
        <testcase classname="src/services/__tests__/userService.test.ts" name="userService &gt; sendPasswordResetEmail &gt; should handle rate limiting" time="0.000886457">
        </testcase>
        <testcase classname="src/services/__tests__/userService.test.ts" name="userService &gt; sendPasswordResetEmail &gt; should handle network error" time="0.00067413">
        </testcase>
        <testcase classname="src/services/__tests__/userService.test.ts" name="userService &gt; sendPasswordResetEmail &gt; should handle SMTP error" time="0.000593063">
        </testcase>
        <testcase classname="src/services/__tests__/userService.test.ts" name="userService &gt; sendPasswordResetEmail &gt; should return success without error field" time="0.000528085">
        </testcase>
        <testcase classname="src/services/__tests__/userService.test.ts" name="userService &gt; submitSuggestion &gt; should submit suggestion to database" time="0.000699044">
        </testcase>
        <testcase classname="src/services/__tests__/userService.test.ts" name="userService &gt; submitSuggestion &gt; should include user email when provided" time="0.000598495">
        </testcase>
        <testcase classname="src/services/__tests__/userService.test.ts" name="userService &gt; submitSuggestion &gt; should handle missing user email" time="0.000674608">
        </testcase>
        <testcase classname="src/services/__tests__/userService.test.ts" name="userService &gt; submitSuggestion &gt; should handle table not exists error gracefully" time="0.000568261">
        </testcase>
        <testcase classname="src/services/__tests__/userService.test.ts" name="userService &gt; submitSuggestion &gt; should handle database error" time="0.000555065">
        </testcase>
        <testcase classname="src/services/__tests__/userService.test.ts" name="userService &gt; submitSuggestion &gt; should handle network error" time="0.000621614">
        </testcase>
        <testcase classname="src/services/__tests__/userService.test.ts" name="userService &gt; submitSuggestion &gt; should handle empty suggestion content" time="0.000548875">
        </testcase>
        <testcase classname="src/services/__tests__/userService.test.ts" name="userService &gt; submitSuggestion &gt; should handle long suggestion text" time="0.000682764">
        </testcase>
        <testcase classname="src/services/__tests__/userService.test.ts" name="userService &gt; submitSuggestion &gt; should handle special characters in suggestion" time="0.000588365">
        </testcase>
        <testcase classname="src/services/__tests__/userService.test.ts" name="userService &gt; submitSuggestion &gt; should handle constraint violation" time="0.000568486">
        </testcase>
    </testsuite>
    <testsuite name="src/components/ui/__tests__/button.test.tsx" timestamp="2025-11-29T10:40:01.345Z" hostname="runsc" tests="17" failures="0" errors="0" skipped="0" time="0.706663884">
        <testcase classname="src/components/ui/__tests__/button.test.tsx" name="Button &gt; should render button with text" time="0.291094329">
        </testcase>
        <testcase classname="src/components/ui/__tests__/button.test.tsx" name="Button &gt; should handle click events" time="0.07545945">
        </testcase>
        <testcase classname="src/components/ui/__tests__/button.test.tsx" name="Button &gt; should be disabled when disabled prop is true" time="0.036896703">
        </testcase>
        <testcase classname="src/components/ui/__tests__/button.test.tsx" name="Button &gt; should not call onClick when disabled" time="0.038101067">
        </testcase>
        <testcase classname="src/components/ui/__tests__/button.test.tsx" name="Button &gt; variants &gt; should render default variant" time="0.021839446">
        </testcase>
        <testcase classname="src/components/ui/__tests__/button.test.tsx" name="Button &gt; variants &gt; should render destructive variant" time="0.024503712">
        </testcase>
        <testcase classname="src/components/ui/__tests__/button.test.tsx" name="Button &gt; variants &gt; should render outline variant" time="0.031989096">
        </testcase>
        <testcase classname="src/components/ui/__tests__/button.test.tsx" name="Button &gt; variants &gt; should render secondary variant" time="0.0194942">
        </testcase>
        <testcase classname="src/components/ui/__tests__/button.test.tsx" name="Button &gt; variants &gt; should render ghost variant" time="0.017743929">
        </testcase>
        <testcase classname="src/components/ui/__tests__/button.test.tsx" name="Button &gt; variants &gt; should render link variant" time="0.01595914">
        </testcase>
        <testcase classname="src/components/ui/__tests__/button.test.tsx" name="Button &gt; sizes &gt; should render default size" time="0.018900494">
        </testcase>
        <testcase classname="src/components/ui/__tests__/button.test.tsx" name="Button &gt; sizes &gt; should render small size" time="0.015025344">
        </testcase>
        <testcase classname="src/components/ui/__tests__/button.test.tsx" name="Button &gt; sizes &gt; should render large size" time="0.019778589">
        </testcase>
        <testcase classname="src/components/ui/__tests__/button.test.tsx" name="Button &gt; sizes &gt; should render icon size" time="0.015582348">
        </testcase>
        <testcase classname="src/components/ui/__tests__/button.test.tsx" name="Button &gt; custom className &gt; should merge custom className" time="0.014372438">
        </testcase>
        <testcase classname="src/components/ui/__tests__/button.test.tsx" name="Button &gt; accessibility &gt; should support keyboard navigation" time="0.028038449">
        </testcase>
        <testcase classname="src/components/ui/__tests__/button.test.tsx" name="Button &gt; accessibility &gt; should have focus-visible styles" time="0.017610657">
        </testcase>
    </testsuite>
    <testsuite name="src/components/ui/__tests__/input.test.tsx" timestamp="2025-11-29T10:40:01.348Z" hostname="runsc" tests="8" failures="0" errors="0" skipped="0" time="0.419957663">
        <testcase classname="src/components/ui/__tests__/input.test.tsx" name="Input &gt; should render input field" time="0.037865252">
        </testcase>
        <testcase classname="src/components/ui/__tests__/input.test.tsx" name="Input &gt; should accept user input" time="0.205566449">
        </testcase>
        <testcase classname="src/components/ui/__tests__/input.test.tsx" name="Input &gt; should call onChange handler" time="0.052806577">
        </testcase>
        <testcase classname="src/components/ui/__tests__/input.test.tsx" name="Input &gt; should be disabled when disabled prop is true" time="0.026575308">
        </testcase>
        <testcase classname="src/components/ui/__tests__/input.test.tsx" name="Input &gt; should support different types" time="0.024470481">
        </testcase>
        <testcase classname="src/components/ui/__tests__/input.test.tsx" name="Input &gt; should merge custom className" time="0.02726517">
        </testcase>
        <testcase classname="src/components/ui/__tests__/input.test.tsx" name="Input &gt; should support default value" time="0.022777793">
        </testcase>
        <testcase classname="src/components/ui/__tests__/input.test.tsx" name="Input &gt; should support controlled value" time="0.020100485">
        </testcase>
    </testsuite>
    <testsuite name="src/components/ui/__tests__/switch.test.tsx" timestamp="2025-11-29T10:40:01.350Z" hostname="runsc" tests="7" failures="1" errors="0" skipped="0" time="0.513202571">
        <testcase classname="src/components/ui/__tests__/switch.test.tsx" name="Switch &gt; should render switch" time="0.234316702">
        </testcase>
        <testcase classname="src/components/ui/__tests__/switch.test.tsx" name="Switch &gt; should toggle when clicked" time="0.099387606">
        </testcase>
        <testcase classname="src/components/ui/__tests__/switch.test.tsx" name="Switch &gt; should call onCheckedChange when toggled" time="0.062392605">
        </testcase>
        <testcase classname="src/components/ui/__tests__/switch.test.tsx" name="Switch &gt; should be disabled when disabled prop is true" time="0.024905018">
        </testcase>
        <testcase classname="src/components/ui/__tests__/switch.test.tsx" name="Switch &gt; should not toggle when disabled" time="0.035996508">
        </testcase>
        <testcase classname="src/components/ui/__tests__/switch.test.tsx" name="Switch &gt; should support controlled checked state" time="0.023879515">
        </testcase>
        <testcase classname="src/components/ui/__tests__/switch.test.tsx" name="Switch &gt; should support keyboard navigation" time="0.028514259">
            <failure message="expected &quot;vi.fn()&quot; to be called with arguments: [ true ][90m

Number of calls: [1m0[22m
[39m" type="AssertionError">
AssertionError: expected &quot;vi.fn()&quot; to be called with arguments: [ true ]

Number of calls: 0

 ❯ src/components/ui/__tests__/switch.test.tsx:82:26
            </failure>
        </testcase>
    </testsuite>
    <testsuite name="src/components/ui/__tests__/textarea.test.tsx" timestamp="2025-11-29T10:40:01.352Z" hostname="runsc" tests="8" failures="0" errors="0" skipped="0" time="0.430997598">
        <testcase classname="src/components/ui/__tests__/textarea.test.tsx" name="Textarea &gt; should render textarea field" time="0.040226463">
        </testcase>
        <testcase classname="src/components/ui/__tests__/textarea.test.tsx" name="Textarea &gt; should accept user input" time="0.2290566">
        </testcase>
        <testcase classname="src/components/ui/__tests__/textarea.test.tsx" name="Textarea &gt; should call onChange handler" time="0.048669748">
        </testcase>
        <testcase classname="src/components/ui/__tests__/textarea.test.tsx" name="Textarea &gt; should be disabled when disabled prop is true" time="0.022511498">
        </testcase>
        <testcase classname="src/components/ui/__tests__/textarea.test.tsx" name="Textarea &gt; should support rows prop" time="0.022870301">
        </testcase>
        <testcase classname="src/components/ui/__tests__/textarea.test.tsx" name="Textarea &gt; should merge custom className" time="0.027268146">
        </testcase>
        <testcase classname="src/components/ui/__tests__/textarea.test.tsx" name="Textarea &gt; should support default value" time="0.019033469">
        </testcase>
        <testcase classname="src/components/ui/__tests__/textarea.test.tsx" name="Textarea &gt; should support controlled value" time="0.018581963">
        </testcase>
    </testsuite>
</testsuites>
