{"/home/user/prayermap/src/App.tsx": {"path":"/home/user/prayermap/src/App.tsx","statementMap":{"0":{"start":{"line":18,"column":0},"end":{"line":18,"column":null}},"1":{"start":{"line":19,"column":0},"end":{"line":19,"column":null}},"2":{"start":{"line":22,"column":0},"end":{"line":29,"column":null}},"3":{"start":{"line":32,"column":37},"end":{"line":32,"column":null}},"4":{"start":{"line":33,"column":32},"end":{"line":33,"column":null}},"5":{"start":{"line":34,"column":38},"end":{"line":34,"column":null}},"6":{"start":{"line":35,"column":38},"end":{"line":35,"column":null}},"7":{"start":{"line":36,"column":40},"end":{"line":36,"column":null}},"8":{"start":{"line":37,"column":19},"end":{"line":37,"column":null}},"9":{"start":{"line":40,"column":2},"end":{"line":50,"column":null}},"10":{"start":{"line":41,"column":4},"end":{"line":49,"column":null}},"11":{"start":{"line":42,"column":6},"end":{"line":42,"column":null}},"12":{"start":{"line":43,"column":6},"end":{"line":46,"column":null}},"13":{"start":{"line":48,"column":6},"end":{"line":48,"column":null}},"14":{"start":{"line":53,"column":2},"end":{"line":96,"column":null}},"15":{"start":{"line":54,"column":4},"end":{"line":95,"column":null}},"16":{"start":{"line":55,"column":6},"end":{"line":55,"column":null}},"17":{"start":{"line":57,"column":6},"end":{"line":89,"column":null}},"18":{"start":{"line":59,"column":10},"end":{"line":66,"column":null}},"19":{"start":{"line":68,"column":10},"end":{"line":71,"column":null}},"20":{"start":{"line":74,"column":10},"end":{"line":80,"column":null}},"21":{"start":{"line":82,"column":10},"end":{"line":82,"column":null}},"22":{"start":{"line":91,"column":6},"end":{"line":93,"column":null}},"23":{"start":{"line":94,"column":6},"end":{"line":94,"column":null}},"24":{"start":{"line":99,"column":2},"end":{"line":105,"column":null}},"25":{"start":{"line":100,"column":18},"end":{"line":102,"column":null}},"26":{"start":{"line":101,"column":6},"end":{"line":101,"column":null}},"27":{"start":{"line":104,"column":4},"end":{"line":104,"column":null}},"28":{"start":{"line":104,"column":17},"end":{"line":104,"column":null}},"29":{"start":{"line":108,"column":2},"end":{"line":110,"column":null}},"30":{"start":{"line":109,"column":4},"end":{"line":109,"column":null}},"31":{"start":{"line":113,"column":2},"end":{"line":115,"column":null}},"32":{"start":{"line":114,"column":4},"end":{"line":114,"column":null}},"33":{"start":{"line":118,"column":2},"end":{"line":134,"column":null}},"34":{"start":{"line":119,"column":4},"end":{"line":132,"column":null}},"35":{"start":{"line":126,"column":27},"end":{"line":126,"column":null}},"36":{"start":{"line":137,"column":2},"end":{"line":139,"column":null}},"37":{"start":{"line":138,"column":4},"end":{"line":138,"column":null}},"38":{"start":{"line":142,"column":2},"end":{"line":144,"column":null}},"39":{"start":{"line":143,"column":4},"end":{"line":143,"column":null}},"40":{"start":{"line":143,"column":41},"end":{"line":143,"column":65}},"41":{"start":{"line":147,"column":2},"end":{"line":156,"column":null}},"42":{"start":{"line":152,"column":30},"end":{"line":152,"column":null}},"43":{"start":{"line":161,"column":2},"end":{"line":166,"column":null}}},"fnMap":{"0":{"name":"AppContent","decl":{"start":{"line":31,"column":9},"end":{"line":31,"column":22}},"loc":{"start":{"line":31,"column":22},"end":{"line":158,"column":null}},"line":31},"1":{"name":"(anonymous_1)","decl":{"start":{"line":40,"column":12},"end":{"line":40,"column":18}},"loc":{"start":{"line":40,"column":18},"end":{"line":50,"column":5}},"line":40},"2":{"name":"(anonymous_2)","decl":{"start":{"line":53,"column":12},"end":{"line":53,"column":18}},"loc":{"start":{"line":53,"column":18},"end":{"line":96,"column":5}},"line":53},"3":{"name":"(anonymous_3)","decl":{"start":{"line":58,"column":8},"end":{"line":58,"column":9}},"loc":{"start":{"line":58,"column":22},"end":{"line":72,"column":null}},"line":58},"4":{"name":"(anonymous_4)","decl":{"start":{"line":73,"column":8},"end":{"line":73,"column":9}},"loc":{"start":{"line":73,"column":19},"end":{"line":83,"column":null}},"line":73},"5":{"name":"(anonymous_5)","decl":{"start":{"line":99,"column":12},"end":{"line":99,"column":18}},"loc":{"start":{"line":99,"column":18},"end":{"line":105,"column":5}},"line":99},"6":{"name":"(anonymous_6)","decl":{"start":{"line":100,"column":29},"end":{"line":100,"column":35}},"loc":{"start":{"line":100,"column":35},"end":{"line":102,"column":7}},"line":100},"7":{"name":"(anonymous_7)","decl":{"start":{"line":104,"column":11},"end":{"line":104,"column":17}},"loc":{"start":{"line":104,"column":17},"end":{"line":104,"column":null}},"line":104},"8":{"name":"(anonymous_8)","decl":{"start":{"line":126,"column":21},"end":{"line":126,"column":27}},"loc":{"start":{"line":126,"column":27},"end":{"line":126,"column":null}},"line":126},"9":{"name":"(anonymous_9)","decl":{"start":{"line":143,"column":35},"end":{"line":143,"column":41}},"loc":{"start":{"line":143,"column":41},"end":{"line":143,"column":65}},"line":143},"10":{"name":"(anonymous_10)","decl":{"start":{"line":152,"column":24},"end":{"line":152,"column":30}},"loc":{"start":{"line":152,"column":30},"end":{"line":152,"column":null}},"line":152},"11":{"name":"App","decl":{"start":{"line":160,"column":24},"end":{"line":160,"column":30}},"loc":{"start":{"line":160,"column":30},"end":{"line":168,"column":null}},"line":160}},"branchMap":{"0":{"loc":{"start":{"line":25,"column":13},"end":{"line":25,"column":null}},"type":"binary-expr","locations":[{"start":{"line":25,"column":13},"end":{"line":25,"column":49}},{"start":{"line":25,"column":49},"end":{"line":25,"column":null}}],"line":25},"1":{"loc":{"start":{"line":41,"column":4},"end":{"line":49,"column":null}},"type":"if","locations":[{"start":{"line":41,"column":4},"end":{"line":49,"column":null}},{"start":{"line":47,"column":11},"end":{"line":49,"column":null}}],"line":41},"2":{"loc":{"start":{"line":54,"column":4},"end":{"line":95,"column":null}},"type":"if","locations":[{"start":{"line":54,"column":4},"end":{"line":95,"column":null}},{"start":{"line":90,"column":11},"end":{"line":95,"column":null}}],"line":54},"3":{"loc":{"start":{"line":108,"column":2},"end":{"line":110,"column":null}},"type":"if","locations":[{"start":{"line":108,"column":2},"end":{"line":110,"column":null}},{"start":{},"end":{}}],"line":108},"4":{"loc":{"start":{"line":108,"column":6},"end":{"line":108,"column":32}},"type":"binary-expr","locations":[{"start":{"line":108,"column":6},"end":{"line":108,"column":19}},{"start":{"line":108,"column":19},"end":{"line":108,"column":32}}],"line":108},"5":{"loc":{"start":{"line":113,"column":2},"end":{"line":115,"column":null}},"type":"if","locations":[{"start":{"line":113,"column":2},"end":{"line":115,"column":null}},{"start":{},"end":{}}],"line":113},"6":{"loc":{"start":{"line":118,"column":2},"end":{"line":134,"column":null}},"type":"if","locations":[{"start":{"line":118,"column":2},"end":{"line":134,"column":null}},{"start":{},"end":{}}],"line":118},"7":{"loc":{"start":{"line":137,"column":2},"end":{"line":139,"column":null}},"type":"if","locations":[{"start":{"line":137,"column":2},"end":{"line":139,"column":null}},{"start":{},"end":{}}],"line":137},"8":{"loc":{"start":{"line":142,"column":2},"end":{"line":144,"column":null}},"type":"if","locations":[{"start":{"line":142,"column":2},"end":{"line":144,"column":null}},{"start":{},"end":{}}],"line":142},"9":{"loc":{"start":{"line":149,"column":7},"end":{"line":149,"column":null}},"type":"binary-expr","locations":[{"start":{"line":149,"column":7},"end":{"line":149,"column":20}},{"start":{"line":149,"column":20},"end":{"line":149,"column":null}}],"line":149}},"s":{"0":0,"1":0,"2":0,"3":0,"4":0,"5":0,"6":0,"7":0,"8":0,"9":0,"10":0,"11":0,"12":0,"13":0,"14":0,"15":0,"16":0,"17":0,"18":0,"19":0,"20":0,"21":0,"22":0,"23":0,"24":0,"25":0,"26":0,"27":0,"28":0,"29":0,"30":0,"31":0,"32":0,"33":0,"34":0,"35":0,"36":0,"37":0,"38":0,"39":0,"40":0,"41":0,"42":0,"43":0},"f":{"0":0,"1":0,"2":0,"3":0,"4":0,"5":0,"6":0,"7":0,"8":0,"9":0,"10":0,"11":0},"b":{"0":[0,0],"1":[0,0],"2":[0,0],"3":[0,0],"4":[0,0],"5":[0,0],"6":[0,0],"7":[0,0],"8":[0,0],"9":[0,0]},"meta":{"lastBranch":10,"lastFunction":12,"lastStatement":44,"seen":{"s:18:0:18:Infinity":0,"s:19:0:19:Infinity":1,"s:22:0:29:Infinity":2,"b:25:13:25:49:25:49:25:Infinity":0,"f:31:9:31:22":0,"s:32:37:32:Infinity":3,"s:33:32:33:Infinity":4,"s:34:38:34:Infinity":5,"s:35:38:35:Infinity":6,"s:36:40:36:Infinity":7,"s:37:19:37:Infinity":8,"s:40:2:50:Infinity":9,"f:40:12:40:18":1,"b:41:4:49:Infinity:47:11:49:Infinity":1,"s:41:4:49:Infinity":10,"s:42:6:42:Infinity":11,"s:43:6:46:Infinity":12,"s:48:6:48:Infinity":13,"s:53:2:96:Infinity":14,"f:53:12:53:18":2,"b:54:4:95:Infinity:90:11:95:Infinity":2,"s:54:4:95:Infinity":15,"s:55:6:55:Infinity":16,"s:57:6:89:Infinity":17,"f:58:8:58:9":3,"s:59:10:66:Infinity":18,"s:68:10:71:Infinity":19,"f:73:8:73:9":4,"s:74:10:80:Infinity":20,"s:82:10:82:Infinity":21,"s:91:6:93:Infinity":22,"s:94:6:94:Infinity":23,"s:99:2:105:Infinity":24,"f:99:12:99:18":5,"s:100:18:102:Infinity":25,"f:100:29:100:35":6,"s:101:6:101:Infinity":26,"s:104:4:104:Infinity":27,"f:104:11:104:17":7,"s:104:17:104:Infinity":28,"b:108:2:110:Infinity:undefined:undefined:undefined:undefined":3,"s:108:2:110:Infinity":29,"b:108:6:108:19:108:19:108:32":4,"s:109:4:109:Infinity":30,"b:113:2:115:Infinity:undefined:undefined:undefined:undefined":5,"s:113:2:115:Infinity":31,"s:114:4:114:Infinity":32,"b:118:2:134:Infinity:undefined:undefined:undefined:undefined":6,"s:118:2:134:Infinity":33,"s:119:4:132:Infinity":34,"f:126:21:126:27":8,"s:126:27:126:Infinity":35,"b:137:2:139:Infinity:undefined:undefined:undefined:undefined":7,"s:137:2:139:Infinity":36,"s:138:4:138:Infinity":37,"b:142:2:144:Infinity:undefined:undefined:undefined:undefined":8,"s:142:2:144:Infinity":38,"s:143:4:143:Infinity":39,"f:143:35:143:41":9,"s:143:41:143:65":40,"s:147:2:156:Infinity":41,"b:149:7:149:20:149:20:149:Infinity":9,"f:152:24:152:30":10,"s:152:30:152:Infinity":42,"f:160:24:160:30":11,"s:161:2:166:Infinity":43}}}
,"/home/user/prayermap/src/components/AudioPlayer.tsx": {"path":"/home/user/prayermap/src/components/AudioPlayer.tsx","statementMap":{"0":{"start":{"line":13,"column":2},"end":{"line":13,"column":null}},"1":{"start":{"line":13,"column":22},"end":{"line":13,"column":null}},"2":{"start":{"line":14,"column":15},"end":{"line":14,"column":null}},"3":{"start":{"line":15,"column":15},"end":{"line":15,"column":null}},"4":{"start":{"line":16,"column":2},"end":{"line":16,"column":null}},"5":{"start":{"line":20,"column":8},"end":{"line":20,"column":null}},"6":{"start":{"line":21,"column":8},"end":{"line":21,"column":null}},"7":{"start":{"line":23,"column":32},"end":{"line":23,"column":null}},"8":{"start":{"line":24,"column":36},"end":{"line":24,"column":null}},"9":{"start":{"line":25,"column":30},"end":{"line":25,"column":null}},"10":{"start":{"line":26,"column":28},"end":{"line":26,"column":null}},"11":{"start":{"line":27,"column":32},"end":{"line":27,"column":null}},"12":{"start":{"line":28,"column":34},"end":{"line":28,"column":null}},"13":{"start":{"line":29,"column":32},"end":{"line":29,"column":null}},"14":{"start":{"line":32,"column":21},"end":{"line":34,"column":null}},"15":{"start":{"line":33,"column":4},"end":{"line":33,"column":null}},"16":{"start":{"line":33,"column":37},"end":{"line":33,"column":62}},"17":{"start":{"line":37,"column":2},"end":{"line":84,"column":null}},"18":{"start":{"line":38,"column":18},"end":{"line":38,"column":null}},"19":{"start":{"line":39,"column":4},"end":{"line":39,"column":null}},"20":{"start":{"line":39,"column":16},"end":{"line":39,"column":null}},"21":{"start":{"line":41,"column":33},"end":{"line":48,"column":null}},"22":{"start":{"line":42,"column":6},"end":{"line":42,"column":null}},"23":{"start":{"line":43,"column":6},"end":{"line":43,"column":null}},"24":{"start":{"line":44,"column":6},"end":{"line":47,"column":null}},"25":{"start":{"line":45,"column":8},"end":{"line":45,"column":null}},"26":{"start":{"line":46,"column":8},"end":{"line":46,"column":null}},"27":{"start":{"line":50,"column":29},"end":{"line":54,"column":null}},"28":{"start":{"line":51,"column":6},"end":{"line":53,"column":null}},"29":{"start":{"line":52,"column":8},"end":{"line":52,"column":null}},"30":{"start":{"line":56,"column":23},"end":{"line":56,"column":null}},"31":{"start":{"line":56,"column":29},"end":{"line":56,"column":null}},"32":{"start":{"line":57,"column":24},"end":{"line":57,"column":null}},"33":{"start":{"line":57,"column":30},"end":{"line":57,"column":null}},"34":{"start":{"line":58,"column":24},"end":{"line":62,"column":null}},"35":{"start":{"line":59,"column":6},"end":{"line":59,"column":null}},"36":{"start":{"line":60,"column":6},"end":{"line":60,"column":null}},"37":{"start":{"line":61,"column":6},"end":{"line":61,"column":null}},"38":{"start":{"line":64,"column":26},"end":{"line":64,"column":null}},"39":{"start":{"line":64,"column":32},"end":{"line":64,"column":null}},"40":{"start":{"line":65,"column":26},"end":{"line":65,"column":null}},"41":{"start":{"line":65,"column":32},"end":{"line":65,"column":null}},"42":{"start":{"line":67,"column":4},"end":{"line":67,"column":null}},"43":{"start":{"line":68,"column":4},"end":{"line":68,"column":null}},"44":{"start":{"line":69,"column":4},"end":{"line":69,"column":null}},"45":{"start":{"line":70,"column":4},"end":{"line":70,"column":null}},"46":{"start":{"line":71,"column":4},"end":{"line":71,"column":null}},"47":{"start":{"line":72,"column":4},"end":{"line":72,"column":null}},"48":{"start":{"line":73,"column":4},"end":{"line":73,"column":null}},"49":{"start":{"line":75,"column":4},"end":{"line":83,"column":null}},"50":{"start":{"line":76,"column":6},"end":{"line":76,"column":null}},"51":{"start":{"line":77,"column":6},"end":{"line":77,"column":null}},"52":{"start":{"line":78,"column":6},"end":{"line":78,"column":null}},"53":{"start":{"line":79,"column":6},"end":{"line":79,"column":null}},"54":{"start":{"line":80,"column":6},"end":{"line":80,"column":null}},"55":{"start":{"line":81,"column":6},"end":{"line":81,"column":null}},"56":{"start":{"line":82,"column":6},"end":{"line":82,"column":null}},"57":{"start":{"line":86,"column":8},"end":{"line":95,"column":null}},"58":{"start":{"line":87,"column":18},"end":{"line":87,"column":null}},"59":{"start":{"line":88,"column":4},"end":{"line":88,"column":null}},"60":{"start":{"line":88,"column":16},"end":{"line":88,"column":null}},"61":{"start":{"line":90,"column":4},"end":{"line":94,"column":null}},"62":{"start":{"line":91,"column":6},"end":{"line":91,"column":null}},"63":{"start":{"line":93,"column":6},"end":{"line":93,"column":null}},"64":{"start":{"line":97,"column":8},"end":{"line":102,"column":null}},"65":{"start":{"line":98,"column":18},"end":{"line":98,"column":null}},"66":{"start":{"line":99,"column":4},"end":{"line":99,"column":null}},"67":{"start":{"line":99,"column":16},"end":{"line":99,"column":null}},"68":{"start":{"line":100,"column":4},"end":{"line":100,"column":null}},"69":{"start":{"line":101,"column":4},"end":{"line":101,"column":null}},"70":{"start":{"line":104,"column":8},"end":{"line":109,"column":null}},"71":{"start":{"line":105,"column":18},"end":{"line":105,"column":null}},"72":{"start":{"line":106,"column":4},"end":{"line":106,"column":null}},"73":{"start":{"line":106,"column":16},"end":{"line":106,"column":null}},"74":{"start":{"line":107,"column":4},"end":{"line":107,"column":null}},"75":{"start":{"line":108,"column":4},"end":{"line":108,"column":null}},"76":{"start":{"line":111,"column":8},"end":{"line":120,"column":null}},"77":{"start":{"line":112,"column":18},"end":{"line":112,"column":null}},"78":{"start":{"line":113,"column":21},"end":{"line":113,"column":null}},"79":{"start":{"line":114,"column":4},"end":{"line":114,"column":null}},"80":{"start":{"line":114,"column":29},"end":{"line":114,"column":null}},"81":{"start":{"line":116,"column":17},"end":{"line":116,"column":null}},"82":{"start":{"line":117,"column":10},"end":{"line":117,"column":null}},"83":{"start":{"line":118,"column":4},"end":{"line":118,"column":null}},"84":{"start":{"line":119,"column":4},"end":{"line":119,"column":null}},"85":{"start":{"line":122,"column":8},"end":{"line":134,"column":null}},"86":{"start":{"line":123,"column":4},"end":{"line":123,"column":null}},"87":{"start":{"line":123,"column":21},"end":{"line":123,"column":null}},"88":{"start":{"line":125,"column":18},"end":{"line":125,"column":null}},"89":{"start":{"line":126,"column":21},"end":{"line":126,"column":null}},"90":{"start":{"line":127,"column":4},"end":{"line":127,"column":null}},"91":{"start":{"line":127,"column":29},"end":{"line":127,"column":null}},"92":{"start":{"line":129,"column":17},"end":{"line":129,"column":null}},"93":{"start":{"line":130,"column":20},"end":{"line":130,"column":null}},"94":{"start":{"line":131,"column":20},"end":{"line":131,"column":null}},"95":{"start":{"line":132,"column":4},"end":{"line":132,"column":null}},"96":{"start":{"line":133,"column":4},"end":{"line":133,"column":null}},"97":{"start":{"line":136,"column":8},"end":{"line":136,"column":null}},"98":{"start":{"line":136,"column":38},"end":{"line":136,"column":59}},"99":{"start":{"line":137,"column":8},"end":{"line":137,"column":null}},"100":{"start":{"line":137,"column":36},"end":{"line":137,"column":58}},"101":{"start":{"line":139,"column":2},"end":{"line":148,"column":null}},"102":{"start":{"line":140,"column":4},"end":{"line":147,"column":null}},"103":{"start":{"line":141,"column":6},"end":{"line":141,"column":null}},"104":{"start":{"line":142,"column":6},"end":{"line":142,"column":null}},"105":{"start":{"line":143,"column":6},"end":{"line":146,"column":null}},"106":{"start":{"line":144,"column":8},"end":{"line":144,"column":null}},"107":{"start":{"line":145,"column":8},"end":{"line":145,"column":null}},"108":{"start":{"line":150,"column":19},"end":{"line":150,"column":null}},"109":{"start":{"line":152,"column":2},"end":{"line":186,"column":null}},"110":{"start":{"line":153,"column":4},"end":{"line":184,"column":null}},"111":{"start":{"line":188,"column":2},"end":{"line":339,"column":null}},"112":{"start":{"line":195,"column":31},"end":{"line":195,"column":null}},"113":{"start":{"line":196,"column":25},"end":{"line":196,"column":null}},"114":{"start":{"line":197,"column":28},"end":{"line":197,"column":null}},"115":{"start":{"line":199,"column":10},"end":{"line":215,"column":null}}},"fnMap":{"0":{"name":"formatTime","decl":{"start":{"line":12,"column":9},"end":{"line":12,"column":20}},"loc":{"start":{"line":12,"column":45},"end":{"line":17,"column":null}},"line":12},"1":{"name":"AudioPlayer","decl":{"start":{"line":19,"column":16},"end":{"line":19,"column":28}},"loc":{"start":{"line":19,"column":98},"end":{"line":341,"column":null}},"line":19},"2":{"name":"(anonymous_2)","decl":{"start":{"line":32,"column":34},"end":{"line":32,"column":null}},"loc":{"start":{"line":33,"column":4},"end":{"line":33,"column":null}},"line":33},"3":{"name":"(anonymous_3)","decl":{"start":{"line":33,"column":31},"end":{"line":33,"column":37}},"loc":{"start":{"line":33,"column":37},"end":{"line":33,"column":62}},"line":33},"4":{"name":"(anonymous_4)","decl":{"start":{"line":37,"column":12},"end":{"line":37,"column":18}},"loc":{"start":{"line":37,"column":18},"end":{"line":84,"column":5}},"line":37},"5":{"name":"(anonymous_5)","decl":{"start":{"line":41,"column":33},"end":{"line":41,"column":39}},"loc":{"start":{"line":41,"column":39},"end":{"line":48,"column":null}},"line":41},"6":{"name":"(anonymous_6)","decl":{"start":{"line":50,"column":29},"end":{"line":50,"column":35}},"loc":{"start":{"line":50,"column":35},"end":{"line":54,"column":null}},"line":50},"7":{"name":"(anonymous_7)","decl":{"start":{"line":56,"column":23},"end":{"line":56,"column":29}},"loc":{"start":{"line":56,"column":29},"end":{"line":56,"column":null}},"line":56},"8":{"name":"(anonymous_8)","decl":{"start":{"line":57,"column":24},"end":{"line":57,"column":30}},"loc":{"start":{"line":57,"column":30},"end":{"line":57,"column":null}},"line":57},"9":{"name":"(anonymous_9)","decl":{"start":{"line":58,"column":24},"end":{"line":58,"column":30}},"loc":{"start":{"line":58,"column":30},"end":{"line":62,"column":null}},"line":58},"10":{"name":"(anonymous_10)","decl":{"start":{"line":64,"column":26},"end":{"line":64,"column":32}},"loc":{"start":{"line":64,"column":32},"end":{"line":64,"column":null}},"line":64},"11":{"name":"(anonymous_11)","decl":{"start":{"line":65,"column":26},"end":{"line":65,"column":32}},"loc":{"start":{"line":65,"column":32},"end":{"line":65,"column":null}},"line":65},"12":{"name":"(anonymous_12)","decl":{"start":{"line":75,"column":11},"end":{"line":75,"column":17}},"loc":{"start":{"line":75,"column":17},"end":{"line":83,"column":null}},"line":75},"13":{"name":"(anonymous_13)","decl":{"start":{"line":86,"column":33},"end":{"line":86,"column":39}},"loc":{"start":{"line":86,"column":39},"end":{"line":95,"column":5}},"line":86},"14":{"name":"(anonymous_14)","decl":{"start":{"line":97,"column":33},"end":{"line":97,"column":39}},"loc":{"start":{"line":97,"column":39},"end":{"line":102,"column":5}},"line":97},"15":{"name":"(anonymous_15)","decl":{"start":{"line":104,"column":30},"end":{"line":104,"column":36}},"loc":{"start":{"line":104,"column":36},"end":{"line":109,"column":5}},"line":104},"16":{"name":"(anonymous_16)","decl":{"start":{"line":111,"column":42},"end":{"line":111,"column":43}},"loc":{"start":{"line":111,"column":83},"end":{"line":120,"column":5}},"line":111},"17":{"name":"(anonymous_17)","decl":{"start":{"line":122,"column":41},"end":{"line":122,"column":42}},"loc":{"start":{"line":122,"column":117},"end":{"line":134,"column":5}},"line":122},"18":{"name":"(anonymous_18)","decl":{"start":{"line":136,"column":32},"end":{"line":136,"column":38}},"loc":{"start":{"line":136,"column":38},"end":{"line":136,"column":59}},"line":136},"19":{"name":"(anonymous_19)","decl":{"start":{"line":137,"column":30},"end":{"line":137,"column":36}},"loc":{"start":{"line":137,"column":36},"end":{"line":137,"column":58}},"line":137},"20":{"name":"(anonymous_20)","decl":{"start":{"line":139,"column":12},"end":{"line":139,"column":18}},"loc":{"start":{"line":139,"column":18},"end":{"line":148,"column":5}},"line":139},"21":{"name":"(anonymous_21)","decl":{"start":{"line":143,"column":13},"end":{"line":143,"column":19}},"loc":{"start":{"line":143,"column":19},"end":{"line":146,"column":null}},"line":143},"22":{"name":"(anonymous_22)","decl":{"start":{"line":194,"column":26},"end":{"line":194,"column":27}},"loc":{"start":{"line":194,"column":41},"end":{"line":217,"column":9}},"line":194}},"branchMap":{"0":{"loc":{"start":{"line":13,"column":2},"end":{"line":13,"column":null}},"type":"if","locations":[{"start":{"line":13,"column":2},"end":{"line":13,"column":null}},{"start":{},"end":{}}],"line":13},"1":{"loc":{"start":{"line":19,"column":35},"end":{"line":19,"column":52}},"type":"default-arg","locations":[{"start":{"line":19,"column":46},"end":{"line":19,"column":52}}],"line":19},"2":{"loc":{"start":{"line":19,"column":61},"end":{"line":19,"column":77}},"type":"default-arg","locations":[{"start":{"line":19,"column":71},"end":{"line":19,"column":77}}],"line":19},"3":{"loc":{"start":{"line":39,"column":4},"end":{"line":39,"column":null}},"type":"if","locations":[{"start":{"line":39,"column":4},"end":{"line":39,"column":null}},{"start":{},"end":{}}],"line":39},"4":{"loc":{"start":{"line":44,"column":6},"end":{"line":47,"column":null}},"type":"if","locations":[{"start":{"line":44,"column":6},"end":{"line":47,"column":null}},{"start":{},"end":{}}],"line":44},"5":{"loc":{"start":{"line":44,"column":10},"end":{"line":44,"column":34}},"type":"binary-expr","locations":[{"start":{"line":44,"column":10},"end":{"line":44,"column":22}},{"start":{"line":44,"column":22},"end":{"line":44,"column":34}}],"line":44},"6":{"loc":{"start":{"line":51,"column":6},"end":{"line":53,"column":null}},"type":"if","locations":[{"start":{"line":51,"column":6},"end":{"line":53,"column":null}},{"start":{},"end":{}}],"line":51},"7":{"loc":{"start":{"line":88,"column":4},"end":{"line":88,"column":null}},"type":"if","locations":[{"start":{"line":88,"column":4},"end":{"line":88,"column":null}},{"start":{},"end":{}}],"line":88},"8":{"loc":{"start":{"line":90,"column":4},"end":{"line":94,"column":null}},"type":"if","locations":[{"start":{"line":90,"column":4},"end":{"line":94,"column":null}},{"start":{"line":92,"column":11},"end":{"line":94,"column":null}}],"line":90},"9":{"loc":{"start":{"line":99,"column":4},"end":{"line":99,"column":null}},"type":"if","locations":[{"start":{"line":99,"column":4},"end":{"line":99,"column":null}},{"start":{},"end":{}}],"line":99},"10":{"loc":{"start":{"line":106,"column":4},"end":{"line":106,"column":null}},"type":"if","locations":[{"start":{"line":106,"column":4},"end":{"line":106,"column":null}},{"start":{},"end":{}}],"line":106},"11":{"loc":{"start":{"line":114,"column":4},"end":{"line":114,"column":null}},"type":"if","locations":[{"start":{"line":114,"column":4},"end":{"line":114,"column":null}},{"start":{},"end":{}}],"line":114},"12":{"loc":{"start":{"line":114,"column":8},"end":{"line":114,"column":29}},"type":"binary-expr","locations":[{"start":{"line":114,"column":8},"end":{"line":114,"column":18}},{"start":{"line":114,"column":18},"end":{"line":114,"column":29}}],"line":114},"13":{"loc":{"start":{"line":123,"column":4},"end":{"line":123,"column":null}},"type":"if","locations":[{"start":{"line":123,"column":4},"end":{"line":123,"column":null}},{"start":{},"end":{}}],"line":123},"14":{"loc":{"start":{"line":127,"column":4},"end":{"line":127,"column":null}},"type":"if","locations":[{"start":{"line":127,"column":4},"end":{"line":127,"column":null}},{"start":{},"end":{}}],"line":127},"15":{"loc":{"start":{"line":127,"column":8},"end":{"line":127,"column":29}},"type":"binary-expr","locations":[{"start":{"line":127,"column":8},"end":{"line":127,"column":18}},{"start":{"line":127,"column":18},"end":{"line":127,"column":29}}],"line":127},"16":{"loc":{"start":{"line":130,"column":20},"end":{"line":130,"column":null}},"type":"cond-expr","locations":[{"start":{"line":130,"column":37},"end":{"line":130,"column":60}},{"start":{"line":130,"column":60},"end":{"line":130,"column":null}}],"line":130},"17":{"loc":{"start":{"line":140,"column":4},"end":{"line":147,"column":null}},"type":"if","locations":[{"start":{"line":140,"column":4},"end":{"line":147,"column":null}},{"start":{},"end":{}}],"line":140},"18":{"loc":{"start":{"line":150,"column":19},"end":{"line":150,"column":null}},"type":"cond-expr","locations":[{"start":{"line":150,"column":35},"end":{"line":150,"column":67}},{"start":{"line":150,"column":67},"end":{"line":150,"column":null}}],"line":150},"19":{"loc":{"start":{"line":152,"column":2},"end":{"line":186,"column":null}},"type":"if","locations":[{"start":{"line":152,"column":2},"end":{"line":186,"column":null}},{"start":{},"end":{}}],"line":152},"20":{"loc":{"start":{"line":161,"column":11},"end":{"line":164,"column":null}},"type":"cond-expr","locations":[{"start":{"line":162,"column":12},"end":{"line":162,"column":null}},{"start":{"line":164,"column":12},"end":{"line":164,"column":null}}],"line":161},"21":{"loc":{"start":{"line":203,"column":16},"end":{"line":205,"column":null}},"type":"cond-expr","locations":[{"start":{"line":204,"column":20},"end":{"line":204,"column":null}},{"start":{"line":205,"column":20},"end":{"line":205,"column":null}}],"line":203},"22":{"loc":{"start":{"line":208,"column":23},"end":{"line":210,"column":null}},"type":"cond-expr","locations":[{"start":{"line":208,"column":48},"end":{"line":210,"column":18}},{"start":{"line":210,"column":18},"end":{"line":210,"column":null}}],"line":208},"23":{"loc":{"start":{"line":208,"column":23},"end":{"line":208,"column":48}},"type":"binary-expr","locations":[{"start":{"line":208,"column":23},"end":{"line":208,"column":36}},{"start":{"line":208,"column":36},"end":{"line":208,"column":48}}],"line":208},"24":{"loc":{"start":{"line":213,"column":24},"end":{"line":213,"column":null}},"type":"cond-expr","locations":[{"start":{"line":213,"column":49},"end":{"line":213,"column":60}},{"start":{"line":213,"column":60},"end":{"line":213,"column":null}}],"line":213},"25":{"loc":{"start":{"line":213,"column":24},"end":{"line":213,"column":49}},"type":"binary-expr","locations":[{"start":{"line":213,"column":24},"end":{"line":213,"column":37}},{"start":{"line":213,"column":37},"end":{"line":213,"column":49}}],"line":213},"26":{"loc":{"start":{"line":223,"column":19},"end":{"line":223,"column":null}},"type":"cond-expr","locations":[{"start":{"line":223,"column":31},"end":{"line":223,"column":62}},{"start":{"line":223,"column":62},"end":{"line":223,"column":null}}],"line":223},"27":{"loc":{"start":{"line":285,"column":19},"end":{"line":291,"column":null}},"type":"cond-expr","locations":[{"start":{"line":285,"column":31},"end":{"line":291,"column":14}},{"start":{"line":291,"column":14},"end":{"line":291,"column":null}}],"line":285},"28":{"loc":{"start":{"line":295,"column":13},"end":{"line":320,"column":null}},"type":"cond-expr","locations":[{"start":{"line":296,"column":14},"end":{"line":302,"column":null}},{"start":{"line":303,"column":16},"end":{"line":320,"column":null}}],"line":295},"29":{"loc":{"start":{"line":303,"column":16},"end":{"line":320,"column":null}},"type":"cond-expr","locations":[{"start":{"line":304,"column":14},"end":{"line":311,"column":null}},{"start":{"line":313,"column":14},"end":{"line":320,"column":null}}],"line":303},"30":{"loc":{"start":{"line":332,"column":11},"end":{"line":335,"column":null}},"type":"cond-expr","locations":[{"start":{"line":333,"column":12},"end":{"line":333,"column":null}},{"start":{"line":335,"column":12},"end":{"line":335,"column":null}}],"line":332}},"s":{"0":0,"1":0,"2":0,"3":0,"4":0,"5":0,"6":0,"7":0,"8":0,"9":0,"10":0,"11":0,"12":0,"13":0,"14":0,"15":0,"16":0,"17":0,"18":0,"19":0,"20":0,"21":0,"22":0,"23":0,"24":0,"25":0,"26":0,"27":0,"28":0,"29":0,"30":0,"31":0,"32":0,"33":0,"34":0,"35":0,"36":0,"37":0,"38":0,"39":0,"40":0,"41":0,"42":0,"43":0,"44":0,"45":0,"46":0,"47":0,"48":0,"49":0,"50":0,"51":0,"52":0,"53":0,"54":0,"55":0,"56":0,"57":0,"58":0,"59":0,"60":0,"61":0,"62":0,"63":0,"64":0,"65":0,"66":0,"67":0,"68":0,"69":0,"70":0,"71":0,"72":0,"73":0,"74":0,"75":0,"76":0,"77":0,"78":0,"79":0,"80":0,"81":0,"82":0,"83":0,"84":0,"85":0,"86":0,"87":0,"88":0,"89":0,"90":0,"91":0,"92":0,"93":0,"94":0,"95":0,"96":0,"97":0,"98":0,"99":0,"100":0,"101":0,"102":0,"103":0,"104":0,"105":0,"106":0,"107":0,"108":0,"109":0,"110":0,"111":0,"112":0,"113":0,"114":0,"115":0},"f":{"0":0,"1":0,"2":0,"3":0,"4":0,"5":0,"6":0,"7":0,"8":0,"9":0,"10":0,"11":0,"12":0,"13":0,"14":0,"15":0,"16":0,"17":0,"18":0,"19":0,"20":0,"21":0,"22":0},"b":{"0":[0,0],"1":[0],"2":[0],"3":[0,0],"4":[0,0],"5":[0,0],"6":[0,0],"7":[0,0],"8":[0,0],"9":[0,0],"10":[0,0],"11":[0,0],"12":[0,0],"13":[0,0],"14":[0,0],"15":[0,0],"16":[0,0],"17":[0,0],"18":[0,0],"19":[0,0],"20":[0,0],"21":[0,0],"22":[0,0],"23":[0,0],"24":[0,0],"25":[0,0],"26":[0,0],"27":[0,0],"28":[0,0],"29":[0,0],"30":[0,0]},"meta":{"lastBranch":31,"lastFunction":23,"lastStatement":116,"seen":{"f:12:9:12:20":0,"b:13:2:13:Infinity:undefined:undefined:undefined:undefined":0,"s:13:2:13:Infinity":0,"s:13:22:13:Infinity":1,"s:14:15:14:Infinity":2,"s:15:15:15:Infinity":3,"s:16:2:16:Infinity":4,"f:19:16:19:28":1,"b:19:46:19:52":1,"b:19:71:19:77":2,"s:20:8:20:Infinity":5,"s:21:8:21:Infinity":6,"s:23:32:23:Infinity":7,"s:24:36:24:Infinity":8,"s:25:30:25:Infinity":9,"s:26:28:26:Infinity":10,"s:27:32:27:Infinity":11,"s:28:34:28:Infinity":12,"s:29:32:29:Infinity":13,"s:32:21:34:Infinity":14,"f:32:34:32:Infinity":2,"s:33:4:33:Infinity":15,"f:33:31:33:37":3,"s:33:37:33:62":16,"s:37:2:84:Infinity":17,"f:37:12:37:18":4,"s:38:18:38:Infinity":18,"b:39:4:39:Infinity:undefined:undefined:undefined:undefined":3,"s:39:4:39:Infinity":19,"s:39:16:39:Infinity":20,"s:41:33:48:Infinity":21,"f:41:33:41:39":5,"s:42:6:42:Infinity":22,"s:43:6:43:Infinity":23,"b:44:6:47:Infinity:undefined:undefined:undefined:undefined":4,"s:44:6:47:Infinity":24,"b:44:10:44:22:44:22:44:34":5,"s:45:8:45:Infinity":25,"s:46:8:46:Infinity":26,"s:50:29:54:Infinity":27,"f:50:29:50:35":6,"b:51:6:53:Infinity:undefined:undefined:undefined:undefined":6,"s:51:6:53:Infinity":28,"s:52:8:52:Infinity":29,"s:56:23:56:Infinity":30,"f:56:23:56:29":7,"s:56:29:56:Infinity":31,"s:57:24:57:Infinity":32,"f:57:24:57:30":8,"s:57:30:57:Infinity":33,"s:58:24:62:Infinity":34,"f:58:24:58:30":9,"s:59:6:59:Infinity":35,"s:60:6:60:Infinity":36,"s:61:6:61:Infinity":37,"s:64:26:64:Infinity":38,"f:64:26:64:32":10,"s:64:32:64:Infinity":39,"s:65:26:65:Infinity":40,"f:65:26:65:32":11,"s:65:32:65:Infinity":41,"s:67:4:67:Infinity":42,"s:68:4:68:Infinity":43,"s:69:4:69:Infinity":44,"s:70:4:70:Infinity":45,"s:71:4:71:Infinity":46,"s:72:4:72:Infinity":47,"s:73:4:73:Infinity":48,"s:75:4:83:Infinity":49,"f:75:11:75:17":12,"s:76:6:76:Infinity":50,"s:77:6:77:Infinity":51,"s:78:6:78:Infinity":52,"s:79:6:79:Infinity":53,"s:80:6:80:Infinity":54,"s:81:6:81:Infinity":55,"s:82:6:82:Infinity":56,"s:86:8:95:Infinity":57,"f:86:33:86:39":13,"s:87:18:87:Infinity":58,"b:88:4:88:Infinity:undefined:undefined:undefined:undefined":7,"s:88:4:88:Infinity":59,"s:88:16:88:Infinity":60,"b:90:4:94:Infinity:92:11:94:Infinity":8,"s:90:4:94:Infinity":61,"s:91:6:91:Infinity":62,"s:93:6:93:Infinity":63,"s:97:8:102:Infinity":64,"f:97:33:97:39":14,"s:98:18:98:Infinity":65,"b:99:4:99:Infinity:undefined:undefined:undefined:undefined":9,"s:99:4:99:Infinity":66,"s:99:16:99:Infinity":67,"s:100:4:100:Infinity":68,"s:101:4:101:Infinity":69,"s:104:8:109:Infinity":70,"f:104:30:104:36":15,"s:105:18:105:Infinity":71,"b:106:4:106:Infinity:undefined:undefined:undefined:undefined":10,"s:106:4:106:Infinity":72,"s:106:16:106:Infinity":73,"s:107:4:107:Infinity":74,"s:108:4:108:Infinity":75,"s:111:8:120:Infinity":76,"f:111:42:111:43":16,"s:112:18:112:Infinity":77,"s:113:21:113:Infinity":78,"b:114:4:114:Infinity:undefined:undefined:undefined:undefined":11,"s:114:4:114:Infinity":79,"b:114:8:114:18:114:18:114:29":12,"s:114:29:114:Infinity":80,"s:116:17:116:Infinity":81,"s:117:10:117:Infinity":82,"s:118:4:118:Infinity":83,"s:119:4:119:Infinity":84,"s:122:8:134:Infinity":85,"f:122:41:122:42":17,"b:123:4:123:Infinity:undefined:undefined:undefined:undefined":13,"s:123:4:123:Infinity":86,"s:123:21:123:Infinity":87,"s:125:18:125:Infinity":88,"s:126:21:126:Infinity":89,"b:127:4:127:Infinity:undefined:undefined:undefined:undefined":14,"s:127:4:127:Infinity":90,"b:127:8:127:18:127:18:127:29":15,"s:127:29:127:Infinity":91,"s:129:17:129:Infinity":92,"s:130:20:130:Infinity":93,"b:130:37:130:60:130:60:130:Infinity":16,"s:131:20:131:Infinity":94,"s:132:4:132:Infinity":95,"s:133:4:133:Infinity":96,"s:136:8:136:Infinity":97,"f:136:32:136:38":18,"s:136:38:136:59":98,"s:137:8:137:Infinity":99,"f:137:30:137:36":19,"s:137:36:137:58":100,"s:139:2:148:Infinity":101,"f:139:12:139:18":20,"b:140:4:147:Infinity:undefined:undefined:undefined:undefined":17,"s:140:4:147:Infinity":102,"s:141:6:141:Infinity":103,"s:142:6:142:Infinity":104,"s:143:6:146:Infinity":105,"f:143:13:143:19":21,"s:144:8:144:Infinity":106,"s:145:8:145:Infinity":107,"s:150:19:150:Infinity":108,"b:150:35:150:67:150:67:150:Infinity":18,"b:152:2:186:Infinity:undefined:undefined:undefined:undefined":19,"s:152:2:186:Infinity":109,"s:153:4:184:Infinity":110,"b:162:12:162:Infinity:164:12:164:Infinity":20,"s:188:2:339:Infinity":111,"f:194:26:194:27":22,"s:195:31:195:Infinity":112,"s:196:25:196:Infinity":113,"s:197:28:197:Infinity":114,"s:199:10:215:Infinity":115,"b:204:20:204:Infinity:205:20:205:Infinity":21,"b:208:48:210:18:210:18:210:Infinity":22,"b:208:23:208:36:208:36:208:48":23,"b:213:49:213:60:213:60:213:Infinity":24,"b:213:24:213:37:213:37:213:49":25,"b:223:31:223:62:223:62:223:Infinity":26,"b:285:31:291:14:291:14:291:Infinity":27,"b:296:14:302:Infinity:303:16:320:Infinity":28,"b:304:14:311:Infinity:313:14:320:Infinity":29,"b:333:12:333:Infinity:335:12:335:Infinity":30}}}
,"/home/user/prayermap/src/components/AudioRecorder.tsx": {"path":"/home/user/prayermap/src/components/AudioRecorder.tsx","statementMap":{"0":{"start":{"line":26,"column":2},"end":{"line":26,"column":null}},"1":{"start":{"line":29,"column":2},"end":{"line":33,"column":null}},"2":{"start":{"line":30,"column":4},"end":{"line":32,"column":null}},"3":{"start":{"line":31,"column":6},"end":{"line":31,"column":null}},"4":{"start":{"line":35,"column":24},"end":{"line":39,"column":null}},"5":{"start":{"line":36,"column":4},"end":{"line":38,"column":null}},"6":{"start":{"line":37,"column":6},"end":{"line":37,"column":null}},"7":{"start":{"line":41,"column":22},"end":{"line":43,"column":null}},"8":{"start":{"line":42,"column":4},"end":{"line":42,"column":null}},"9":{"start":{"line":46,"column":23},"end":{"line":46,"column":null}},"10":{"start":{"line":48,"column":2},"end":{"line":186,"column":null}},"11":{"start":{"line":70,"column":14},"end":{"line":82,"column":null}}},"fnMap":{"0":{"name":"AudioRecorder","decl":{"start":{"line":13,"column":16},"end":{"line":13,"column":30}},"loc":{"start":{"line":13,"column":104},"end":{"line":188,"column":null}},"line":13},"1":{"name":"(anonymous_1)","decl":{"start":{"line":29,"column":12},"end":{"line":29,"column":18}},"loc":{"start":{"line":29,"column":18},"end":{"line":33,"column":5}},"line":29},"2":{"name":"(anonymous_2)","decl":{"start":{"line":35,"column":24},"end":{"line":35,"column":30}},"loc":{"start":{"line":35,"column":30},"end":{"line":39,"column":null}},"line":35},"3":{"name":"(anonymous_3)","decl":{"start":{"line":41,"column":22},"end":{"line":41,"column":28}},"loc":{"start":{"line":41,"column":28},"end":{"line":43,"column":null}},"line":41},"4":{"name":"(anonymous_4)","decl":{"start":{"line":69,"column":32},"end":{"line":69,"column":33}},"loc":{"start":{"line":70,"column":14},"end":{"line":82,"column":null}},"line":70}},"branchMap":{"0":{"loc":{"start":{"line":13,"column":63},"end":{"line":13,"column":81}},"type":"default-arg","locations":[{"start":{"line":13,"column":77},"end":{"line":13,"column":81}}],"line":13},"1":{"loc":{"start":{"line":30,"column":4},"end":{"line":32,"column":null}},"type":"if","locations":[{"start":{"line":30,"column":4},"end":{"line":32,"column":null}},{"start":{},"end":{}}],"line":30},"2":{"loc":{"start":{"line":30,"column":8},"end":{"line":30,"column":61}},"type":"binary-expr","locations":[{"start":{"line":30,"column":8},"end":{"line":30,"column":23}},{"start":{"line":30,"column":23},"end":{"line":30,"column":36}},{"start":{"line":30,"column":36},"end":{"line":30,"column":61}}],"line":30},"3":{"loc":{"start":{"line":36,"column":4},"end":{"line":38,"column":null}},"type":"if","locations":[{"start":{"line":36,"column":4},"end":{"line":38,"column":null}},{"start":{},"end":{}}],"line":36},"4":{"loc":{"start":{"line":46,"column":23},"end":{"line":46,"column":null}},"type":"binary-expr","locations":[{"start":{"line":46,"column":23},"end":{"line":46,"column":38}},{"start":{"line":46,"column":38},"end":{"line":46,"column":null}}],"line":46},"5":{"loc":{"start":{"line":52,"column":9},"end":{"line":60,"column":null}},"type":"binary-expr","locations":[{"start":{"line":52,"column":9},"end":{"line":52,"column":null}},{"start":{"line":53,"column":10},"end":{"line":60,"column":null}}],"line":52},"6":{"loc":{"start":{"line":67,"column":9},"end":{"line":84,"column":null}},"type":"binary-expr","locations":[{"start":{"line":67,"column":9},"end":{"line":67,"column":24}},{"start":{"line":67,"column":24},"end":{"line":67,"column":null}},{"start":{"line":68,"column":10},"end":{"line":84,"column":null}}],"line":67},"7":{"loc":{"start":{"line":88,"column":9},"end":{"line":92,"column":null}},"type":"binary-expr","locations":[{"start":{"line":88,"column":9},"end":{"line":88,"column":null}},{"start":{"line":89,"column":10},"end":{"line":92,"column":null}}],"line":88},"8":{"loc":{"start":{"line":96,"column":9},"end":{"line":100,"column":null}},"type":"binary-expr","locations":[{"start":{"line":96,"column":9},"end":{"line":96,"column":25}},{"start":{"line":96,"column":25},"end":{"line":96,"column":42}},{"start":{"line":96,"column":42},"end":{"line":96,"column":null}},{"start":{"line":97,"column":10},"end":{"line":100,"column":null}}],"line":96},"9":{"loc":{"start":{"line":104,"column":9},"end":{"line":105,"column":null}},"type":"binary-expr","locations":[{"start":{"line":104,"column":9},"end":{"line":104,"column":null}},{"start":{"line":105,"column":10},"end":{"line":105,"column":null}}],"line":104},"10":{"loc":{"start":{"line":111,"column":47},"end":{"line":111,"column":106}},"type":"cond-expr","locations":[{"start":{"line":111,"column":74},"end":{"line":111,"column":91}},{"start":{"line":111,"column":91},"end":{"line":111,"column":106}}],"line":111},"11":{"loc":{"start":{"line":111,"column":47},"end":{"line":111,"column":74}},"type":"binary-expr","locations":[{"start":{"line":111,"column":47},"end":{"line":111,"column":62}},{"start":{"line":111,"column":62},"end":{"line":111,"column":74}}],"line":111},"12":{"loc":{"start":{"line":122,"column":9},"end":{"line":128,"column":null}},"type":"binary-expr","locations":[{"start":{"line":122,"column":9},"end":{"line":122,"column":25}},{"start":{"line":122,"column":25},"end":{"line":122,"column":null}},{"start":{"line":123,"column":10},"end":{"line":128,"column":null}}],"line":122},"13":{"loc":{"start":{"line":132,"column":9},"end":{"line":149,"column":null}},"type":"binary-expr","locations":[{"start":{"line":132,"column":9},"end":{"line":132,"column":null}},{"start":{"line":133,"column":10},"end":{"line":149,"column":null}}],"line":132},"14":{"loc":{"start":{"line":136,"column":23},"end":{"line":136,"column":null}},"type":"cond-expr","locations":[{"start":{"line":136,"column":34},"end":{"line":136,"column":52}},{"start":{"line":136,"column":52},"end":{"line":136,"column":null}}],"line":136},"15":{"loc":{"start":{"line":139,"column":15},"end":{"line":139,"column":null}},"type":"cond-expr","locations":[{"start":{"line":139,"column":26},"end":{"line":139,"column":57}},{"start":{"line":139,"column":57},"end":{"line":139,"column":null}}],"line":139},"16":{"loc":{"start":{"line":153,"column":9},"end":{"line":171,"column":null}},"type":"binary-expr","locations":[{"start":{"line":153,"column":9},"end":{"line":153,"column":null}},{"start":{"line":154,"column":10},"end":{"line":171,"column":null}}],"line":153},"17":{"loc":{"start":{"line":176,"column":7},"end":{"line":184,"column":null}},"type":"binary-expr","locations":[{"start":{"line":176,"column":7},"end":{"line":176,"column":null}},{"start":{"line":177,"column":8},"end":{"line":184,"column":null}}],"line":176}},"s":{"0":0,"1":0,"2":0,"3":0,"4":0,"5":0,"6":0,"7":0,"8":0,"9":0,"10":0,"11":0},"f":{"0":0,"1":0,"2":0,"3":0,"4":0},"b":{"0":[0],"1":[0,0],"2":[0,0,0],"3":[0,0],"4":[0,0],"5":[0,0],"6":[0,0,0],"7":[0,0],"8":[0,0,0,0],"9":[0,0],"10":[0,0],"11":[0,0],"12":[0,0,0],"13":[0,0],"14":[0,0],"15":[0,0],"16":[0,0],"17":[0,0]},"meta":{"lastBranch":18,"lastFunction":5,"lastStatement":12,"seen":{"f:13:16:13:30":0,"b:13:77:13:81":0,"s:26:2:26:Infinity":0,"s:29:2:33:Infinity":1,"f:29:12:29:18":1,"b:30:4:32:Infinity:undefined:undefined:undefined:undefined":1,"s:30:4:32:Infinity":2,"b:30:8:30:23:30:23:30:36:30:36:30:61":2,"s:31:6:31:Infinity":3,"s:35:24:39:Infinity":4,"f:35:24:35:30":2,"b:36:4:38:Infinity:undefined:undefined:undefined:undefined":3,"s:36:4:38:Infinity":5,"s:37:6:37:Infinity":6,"s:41:22:43:Infinity":7,"f:41:22:41:28":3,"s:42:4:42:Infinity":8,"s:46:23:46:Infinity":9,"b:46:23:46:38:46:38:46:Infinity":4,"s:48:2:186:Infinity":10,"b:52:9:52:Infinity:53:10:60:Infinity":5,"b:67:9:67:24:67:24:67:Infinity:68:10:84:Infinity":6,"f:69:32:69:33":4,"s:70:14:82:Infinity":11,"b:88:9:88:Infinity:89:10:92:Infinity":7,"b:96:9:96:25:96:25:96:42:96:42:96:Infinity:97:10:100:Infinity":8,"b:104:9:104:Infinity:105:10:105:Infinity":9,"b:111:74:111:91:111:91:111:106":10,"b:111:47:111:62:111:62:111:74":11,"b:122:9:122:25:122:25:122:Infinity:123:10:128:Infinity":12,"b:132:9:132:Infinity:133:10:149:Infinity":13,"b:136:34:136:52:136:52:136:Infinity":14,"b:139:26:139:57:139:57:139:Infinity":15,"b:153:9:153:Infinity:154:10:171:Infinity":16,"b:176:7:176:Infinity:177:8:184:Infinity":17}}}
,"/home/user/prayermap/src/components/AuthModal.tsx": {"path":"/home/user/prayermap/src/components/AuthModal.tsx","statementMap":{"0":{"start":{"line":7,"column":42},"end":{"line":7,"column":null}},"1":{"start":{"line":8,"column":28},"end":{"line":8,"column":null}},"2":{"start":{"line":9,"column":30},"end":{"line":13,"column":null}},"3":{"start":{"line":14,"column":38},"end":{"line":14,"column":null}},"4":{"start":{"line":15,"column":24},"end":{"line":15,"column":null}},"5":{"start":{"line":16,"column":28},"end":{"line":16,"column":null}},"6":{"start":{"line":17,"column":42},"end":{"line":17,"column":null}},"7":{"start":{"line":19,"column":23},"end":{"line":44,"column":null}},"8":{"start":{"line":20,"column":4},"end":{"line":20,"column":null}},"9":{"start":{"line":21,"column":4},"end":{"line":21,"column":null}},"10":{"start":{"line":22,"column":4},"end":{"line":22,"column":null}},"11":{"start":{"line":23,"column":4},"end":{"line":23,"column":null}},"12":{"start":{"line":25,"column":4},"end":{"line":43,"column":null}},"13":{"start":{"line":26,"column":6},"end":{"line":38,"column":null}},"14":{"start":{"line":27,"column":26},"end":{"line":27,"column":null}},"15":{"start":{"line":28,"column":8},"end":{"line":30,"column":null}},"16":{"start":{"line":29,"column":10},"end":{"line":29,"column":null}},"17":{"start":{"line":32,"column":26},"end":{"line":32,"column":null}},"18":{"start":{"line":33,"column":8},"end":{"line":37,"column":null}},"19":{"start":{"line":34,"column":10},"end":{"line":34,"column":null}},"20":{"start":{"line":36,"column":10},"end":{"line":36,"column":null}},"21":{"start":{"line":40,"column":6},"end":{"line":40,"column":null}},"22":{"start":{"line":42,"column":6},"end":{"line":42,"column":null}},"23":{"start":{"line":46,"column":28},"end":{"line":60,"column":null}},"24":{"start":{"line":47,"column":4},"end":{"line":47,"column":null}},"25":{"start":{"line":48,"column":4},"end":{"line":48,"column":null}},"26":{"start":{"line":50,"column":4},"end":{"line":59,"column":null}},"27":{"start":{"line":51,"column":24},"end":{"line":51,"column":null}},"28":{"start":{"line":52,"column":6},"end":{"line":54,"column":null}},"29":{"start":{"line":53,"column":8},"end":{"line":53,"column":null}},"30":{"start":{"line":56,"column":6},"end":{"line":56,"column":null}},"31":{"start":{"line":58,"column":6},"end":{"line":58,"column":null}},"32":{"start":{"line":62,"column":23},"end":{"line":62,"column":null}},"33":{"start":{"line":64,"column":2},"end":{"line":410,"column":null}},"34":{"start":{"line":69,"column":10},"end":{"line":86,"column":null}},"35":{"start":{"line":157,"column":29},"end":{"line":157,"column":null}},"36":{"start":{"line":168,"column":29},"end":{"line":168,"column":null}},"37":{"start":{"line":225,"column":37},"end":{"line":225,"column":null}},"38":{"start":{"line":226,"column":35},"end":{"line":226,"column":null}},"39":{"start":{"line":227,"column":34},"end":{"line":227,"column":null}},"40":{"start":{"line":246,"column":33},"end":{"line":246,"column":null}},"41":{"start":{"line":247,"column":31},"end":{"line":247,"column":null}},"42":{"start":{"line":248,"column":30},"end":{"line":248,"column":null}},"43":{"start":{"line":265,"column":33},"end":{"line":265,"column":null}},"44":{"start":{"line":266,"column":31},"end":{"line":266,"column":null}},"45":{"start":{"line":267,"column":30},"end":{"line":267,"column":null}},"46":{"start":{"line":379,"column":29},"end":{"line":379,"column":null}},"47":{"start":{"line":391,"column":10},"end":{"line":407,"column":null}}},"fnMap":{"0":{"name":"AuthModal","decl":{"start":{"line":6,"column":16},"end":{"line":6,"column":28}},"loc":{"start":{"line":6,"column":28},"end":{"line":412,"column":null}},"line":6},"1":{"name":"(anonymous_1)","decl":{"start":{"line":19,"column":23},"end":{"line":19,"column":30}},"loc":{"start":{"line":19,"column":53},"end":{"line":44,"column":null}},"line":19},"2":{"name":"(anonymous_2)","decl":{"start":{"line":46,"column":28},"end":{"line":46,"column":40}},"loc":{"start":{"line":46,"column":40},"end":{"line":60,"column":null}},"line":46},"3":{"name":"(anonymous_3)","decl":{"start":{"line":68,"column":28},"end":{"line":68,"column":29}},"loc":{"start":{"line":69,"column":10},"end":{"line":86,"column":null}},"line":69},"4":{"name":"(anonymous_4)","decl":{"start":{"line":157,"column":23},"end":{"line":157,"column":29}},"loc":{"start":{"line":157,"column":29},"end":{"line":157,"column":null}},"line":157},"5":{"name":"(anonymous_5)","decl":{"start":{"line":168,"column":23},"end":{"line":168,"column":29}},"loc":{"start":{"line":168,"column":29},"end":{"line":168,"column":null}},"line":168},"6":{"name":"(anonymous_6)","decl":{"start":{"line":225,"column":30},"end":{"line":225,"column":31}},"loc":{"start":{"line":225,"column":37},"end":{"line":225,"column":null}},"line":225},"7":{"name":"(anonymous_7)","decl":{"start":{"line":226,"column":29},"end":{"line":226,"column":35}},"loc":{"start":{"line":226,"column":35},"end":{"line":226,"column":null}},"line":226},"8":{"name":"(anonymous_8)","decl":{"start":{"line":227,"column":28},"end":{"line":227,"column":34}},"loc":{"start":{"line":227,"column":34},"end":{"line":227,"column":null}},"line":227},"9":{"name":"(anonymous_9)","decl":{"start":{"line":246,"column":26},"end":{"line":246,"column":27}},"loc":{"start":{"line":246,"column":33},"end":{"line":246,"column":null}},"line":246},"10":{"name":"(anonymous_10)","decl":{"start":{"line":247,"column":25},"end":{"line":247,"column":31}},"loc":{"start":{"line":247,"column":31},"end":{"line":247,"column":null}},"line":247},"11":{"name":"(anonymous_11)","decl":{"start":{"line":248,"column":24},"end":{"line":248,"column":30}},"loc":{"start":{"line":248,"column":30},"end":{"line":248,"column":null}},"line":248},"12":{"name":"(anonymous_12)","decl":{"start":{"line":265,"column":26},"end":{"line":265,"column":27}},"loc":{"start":{"line":265,"column":33},"end":{"line":265,"column":null}},"line":265},"13":{"name":"(anonymous_13)","decl":{"start":{"line":266,"column":25},"end":{"line":266,"column":31}},"loc":{"start":{"line":266,"column":31},"end":{"line":266,"column":null}},"line":266},"14":{"name":"(anonymous_14)","decl":{"start":{"line":267,"column":24},"end":{"line":267,"column":30}},"loc":{"start":{"line":267,"column":30},"end":{"line":267,"column":null}},"line":267},"15":{"name":"(anonymous_15)","decl":{"start":{"line":379,"column":23},"end":{"line":379,"column":29}},"loc":{"start":{"line":379,"column":29},"end":{"line":379,"column":null}},"line":379},"16":{"name":"(anonymous_16)","decl":{"start":{"line":390,"column":27},"end":{"line":390,"column":28}},"loc":{"start":{"line":391,"column":10},"end":{"line":407,"column":null}},"line":391}},"branchMap":{"0":{"loc":{"start":{"line":26,"column":6},"end":{"line":38,"column":null}},"type":"if","locations":[{"start":{"line":26,"column":6},"end":{"line":38,"column":null}},{"start":{"line":31,"column":13},"end":{"line":38,"column":null}}],"line":26},"1":{"loc":{"start":{"line":28,"column":8},"end":{"line":30,"column":null}},"type":"if","locations":[{"start":{"line":28,"column":8},"end":{"line":30,"column":null}},{"start":{},"end":{}}],"line":28},"2":{"loc":{"start":{"line":33,"column":8},"end":{"line":37,"column":null}},"type":"if","locations":[{"start":{"line":33,"column":8},"end":{"line":37,"column":null}},{"start":{"line":35,"column":15},"end":{"line":37,"column":null}}],"line":33},"3":{"loc":{"start":{"line":52,"column":6},"end":{"line":54,"column":null}},"type":"if","locations":[{"start":{"line":52,"column":6},"end":{"line":54,"column":null}},{"start":{},"end":{}}],"line":52},"4":{"loc":{"start":{"line":159,"column":16},"end":{"line":161,"column":null}},"type":"cond-expr","locations":[{"start":{"line":160,"column":20},"end":{"line":160,"column":null}},{"start":{"line":161,"column":20},"end":{"line":161,"column":null}}],"line":159},"5":{"loc":{"start":{"line":170,"column":16},"end":{"line":172,"column":null}},"type":"cond-expr","locations":[{"start":{"line":171,"column":20},"end":{"line":171,"column":null}},{"start":{"line":172,"column":20},"end":{"line":172,"column":null}}],"line":170},"6":{"loc":{"start":{"line":181,"column":13},"end":{"line":190,"column":null}},"type":"binary-expr","locations":[{"start":{"line":181,"column":13},"end":{"line":181,"column":null}},{"start":{"line":182,"column":14},"end":{"line":190,"column":null}}],"line":181},"7":{"loc":{"start":{"line":196,"column":13},"end":{"line":205,"column":null}},"type":"binary-expr","locations":[{"start":{"line":196,"column":13},"end":{"line":196,"column":null}},{"start":{"line":197,"column":14},"end":{"line":205,"column":null}}],"line":196},"8":{"loc":{"start":{"line":212,"column":15},"end":{"line":236,"column":null}},"type":"binary-expr","locations":[{"start":{"line":212,"column":15},"end":{"line":212,"column":null}},{"start":{"line":213,"column":16},"end":{"line":236,"column":null}}],"line":212},"9":{"loc":{"start":{"line":231,"column":33},"end":{"line":233,"column":null}},"type":"cond-expr","locations":[{"start":{"line":232,"column":26},"end":{"line":232,"column":null}},{"start":{"line":233,"column":26},"end":{"line":233,"column":null}}],"line":231},"10":{"loc":{"start":{"line":252,"column":29},"end":{"line":254,"column":null}},"type":"cond-expr","locations":[{"start":{"line":253,"column":22},"end":{"line":253,"column":null}},{"start":{"line":254,"column":22},"end":{"line":254,"column":null}}],"line":252},"11":{"loc":{"start":{"line":271,"column":29},"end":{"line":273,"column":null}},"type":"cond-expr","locations":[{"start":{"line":272,"column":22},"end":{"line":272,"column":null}},{"start":{"line":273,"column":22},"end":{"line":273,"column":null}}],"line":271},"12":{"loc":{"start":{"line":283,"column":26},"end":{"line":283,"column":null}},"type":"cond-expr","locations":[{"start":{"line":283,"column":37},"end":{"line":283,"column":55}},{"start":{"line":283,"column":55},"end":{"line":283,"column":null}}],"line":283},"13":{"loc":{"start":{"line":284,"column":24},"end":{"line":284,"column":null}},"type":"cond-expr","locations":[{"start":{"line":284,"column":35},"end":{"line":284,"column":53}},{"start":{"line":284,"column":53},"end":{"line":284,"column":null}}],"line":284},"14":{"loc":{"start":{"line":309,"column":17},"end":{"line":323,"column":null}},"type":"cond-expr","locations":[{"start":{"line":310,"column":18},"end":{"line":317,"column":null}},{"start":{"line":319,"column":18},"end":{"line":323,"column":null}}],"line":309},"15":{"loc":{"start":{"line":316,"column":21},"end":{"line":316,"column":null}},"type":"cond-expr","locations":[{"start":{"line":316,"column":31},"end":{"line":316,"column":49}},{"start":{"line":316,"column":49},"end":{"line":316,"column":null}}],"line":316},"16":{"loc":{"start":{"line":321,"column":21},"end":{"line":321,"column":null}},"type":"cond-expr","locations":[{"start":{"line":321,"column":31},"end":{"line":321,"column":51}},{"start":{"line":321,"column":51},"end":{"line":321,"column":null}}],"line":321},"17":{"loc":{"start":{"line":344,"column":26},"end":{"line":344,"column":null}},"type":"cond-expr","locations":[{"start":{"line":344,"column":37},"end":{"line":344,"column":55}},{"start":{"line":344,"column":55},"end":{"line":344,"column":null}}],"line":344},"18":{"loc":{"start":{"line":345,"column":24},"end":{"line":345,"column":null}},"type":"cond-expr","locations":[{"start":{"line":345,"column":35},"end":{"line":345,"column":53}},{"start":{"line":345,"column":53},"end":{"line":345,"column":null}}],"line":345},"19":{"loc":{"start":{"line":348,"column":17},"end":{"line":363,"column":null}},"type":"cond-expr","locations":[{"start":{"line":349,"column":18},"end":{"line":356,"column":null}},{"start":{"line":358,"column":18},"end":{"line":363,"column":null}}],"line":348},"20":{"loc":{"start":{"line":376,"column":13},"end":{"line":376,"column":null}},"type":"cond-expr","locations":[{"start":{"line":376,"column":23},"end":{"line":376,"column":46}},{"start":{"line":376,"column":46},"end":{"line":376,"column":null}}],"line":376},"21":{"loc":{"start":{"line":382,"column":15},"end":{"line":382,"column":null}},"type":"cond-expr","locations":[{"start":{"line":382,"column":25},"end":{"line":382,"column":37}},{"start":{"line":382,"column":37},"end":{"line":382,"column":null}}],"line":382}},"s":{"0":0,"1":0,"2":0,"3":0,"4":0,"5":0,"6":0,"7":0,"8":0,"9":0,"10":0,"11":0,"12":0,"13":0,"14":0,"15":0,"16":0,"17":0,"18":0,"19":0,"20":0,"21":0,"22":0,"23":0,"24":0,"25":0,"26":0,"27":0,"28":0,"29":0,"30":0,"31":0,"32":0,"33":0,"34":0,"35":0,"36":0,"37":0,"38":0,"39":0,"40":0,"41":0,"42":0,"43":0,"44":0,"45":0,"46":0,"47":0},"f":{"0":0,"1":0,"2":0,"3":0,"4":0,"5":0,"6":0,"7":0,"8":0,"9":0,"10":0,"11":0,"12":0,"13":0,"14":0,"15":0,"16":0},"b":{"0":[0,0],"1":[0,0],"2":[0,0],"3":[0,0],"4":[0,0],"5":[0,0],"6":[0,0],"7":[0,0],"8":[0,0],"9":[0,0],"10":[0,0],"11":[0,0],"12":[0,0],"13":[0,0],"14":[0,0],"15":[0,0],"16":[0,0],"17":[0,0],"18":[0,0],"19":[0,0],"20":[0,0],"21":[0,0]},"meta":{"lastBranch":22,"lastFunction":17,"lastStatement":48,"seen":{"f:6:16:6:28":0,"s:7:42:7:Infinity":0,"s:8:28:8:Infinity":1,"s:9:30:13:Infinity":2,"s:14:38:14:Infinity":3,"s:15:24:15:Infinity":4,"s:16:28:16:Infinity":5,"s:17:42:17:Infinity":6,"s:19:23:44:Infinity":7,"f:19:23:19:30":1,"s:20:4:20:Infinity":8,"s:21:4:21:Infinity":9,"s:22:4:22:Infinity":10,"s:23:4:23:Infinity":11,"s:25:4:43:Infinity":12,"b:26:6:38:Infinity:31:13:38:Infinity":0,"s:26:6:38:Infinity":13,"s:27:26:27:Infinity":14,"b:28:8:30:Infinity:undefined:undefined:undefined:undefined":1,"s:28:8:30:Infinity":15,"s:29:10:29:Infinity":16,"s:32:26:32:Infinity":17,"b:33:8:37:Infinity:35:15:37:Infinity":2,"s:33:8:37:Infinity":18,"s:34:10:34:Infinity":19,"s:36:10:36:Infinity":20,"s:40:6:40:Infinity":21,"s:42:6:42:Infinity":22,"s:46:28:60:Infinity":23,"f:46:28:46:40":2,"s:47:4:47:Infinity":24,"s:48:4:48:Infinity":25,"s:50:4:59:Infinity":26,"s:51:24:51:Infinity":27,"b:52:6:54:Infinity:undefined:undefined:undefined:undefined":3,"s:52:6:54:Infinity":28,"s:53:8:53:Infinity":29,"s:56:6:56:Infinity":30,"s:58:6:58:Infinity":31,"s:62:23:62:Infinity":32,"s:64:2:410:Infinity":33,"f:68:28:68:29":3,"s:69:10:86:Infinity":34,"f:157:23:157:29":4,"s:157:29:157:Infinity":35,"b:160:20:160:Infinity:161:20:161:Infinity":4,"f:168:23:168:29":5,"s:168:29:168:Infinity":36,"b:171:20:171:Infinity:172:20:172:Infinity":5,"b:181:13:181:Infinity:182:14:190:Infinity":6,"b:196:13:196:Infinity:197:14:205:Infinity":7,"b:212:15:212:Infinity:213:16:236:Infinity":8,"f:225:30:225:31":6,"s:225:37:225:Infinity":37,"f:226:29:226:35":7,"s:226:35:226:Infinity":38,"f:227:28:227:34":8,"s:227:34:227:Infinity":39,"b:232:26:232:Infinity:233:26:233:Infinity":9,"f:246:26:246:27":9,"s:246:33:246:Infinity":40,"f:247:25:247:31":10,"s:247:31:247:Infinity":41,"f:248:24:248:30":11,"s:248:30:248:Infinity":42,"b:253:22:253:Infinity:254:22:254:Infinity":10,"f:265:26:265:27":12,"s:265:33:265:Infinity":43,"f:266:25:266:31":13,"s:266:31:266:Infinity":44,"f:267:24:267:30":14,"s:267:30:267:Infinity":45,"b:272:22:272:Infinity:273:22:273:Infinity":11,"b:283:37:283:55:283:55:283:Infinity":12,"b:284:35:284:53:284:53:284:Infinity":13,"b:310:18:317:Infinity:319:18:323:Infinity":14,"b:316:31:316:49:316:49:316:Infinity":15,"b:321:31:321:51:321:51:321:Infinity":16,"b:344:37:344:55:344:55:344:Infinity":17,"b:345:35:345:53:345:53:345:Infinity":18,"b:349:18:356:Infinity:358:18:363:Infinity":19,"b:376:23:376:46:376:46:376:Infinity":20,"f:379:23:379:29":15,"s:379:29:379:Infinity":46,"b:382:25:382:37:382:37:382:Infinity":21,"f:390:27:390:28":16,"s:391:10:407:Infinity":47}}}
,"/home/user/prayermap/src/components/ConversationThread.tsx": {"path":"/home/user/prayermap/src/components/ConversationThread.tsx","statementMap":{"0":{"start":{"line":43,"column":15},"end":{"line":43,"column":null}},"1":{"start":{"line":44,"column":30},"end":{"line":44,"column":null}},"2":{"start":{"line":45,"column":32},"end":{"line":45,"column":null}},"3":{"start":{"line":46,"column":32},"end":{"line":46,"column":null}},"4":{"start":{"line":47,"column":32},"end":{"line":47,"column":null}},"5":{"start":{"line":48,"column":8},"end":{"line":48,"column":null}},"6":{"start":{"line":58,"column":2},"end":{"line":58,"column":null}},"7":{"start":{"line":61,"column":8},"end":{"line":73,"column":null}},"8":{"start":{"line":62,"column":26},"end":{"line":62,"column":null}},"9":{"start":{"line":63,"column":4},"end":{"line":72,"column":null}},"10":{"start":{"line":76,"column":2},"end":{"line":90,"column":null}},"11":{"start":{"line":77,"column":4},"end":{"line":89,"column":null}},"12":{"start":{"line":78,"column":32},"end":{"line":78,"column":null}},"13":{"start":{"line":79,"column":6},"end":{"line":79,"column":null}},"14":{"start":{"line":80,"column":4},"end":{"line":89,"column":null}},"15":{"start":{"line":81,"column":6},"end":{"line":88,"column":null}},"16":{"start":{"line":93,"column":2},"end":{"line":95,"column":null}},"17":{"start":{"line":94,"column":4},"end":{"line":94,"column":null}},"18":{"start":{"line":98,"column":25},"end":{"line":149,"column":null}},"19":{"start":{"line":99,"column":4},"end":{"line":99,"column":null}},"20":{"start":{"line":99,"column":49},"end":{"line":99,"column":null}},"21":{"start":{"line":101,"column":4},"end":{"line":101,"column":null}},"22":{"start":{"line":102,"column":27},"end":{"line":102,"column":null}},"23":{"start":{"line":103,"column":4},"end":{"line":103,"column":null}},"24":{"start":{"line":106,"column":39},"end":{"line":113,"column":null}},"25":{"start":{"line":116,"column":4},"end":{"line":116,"column":null}},"26":{"start":{"line":116,"column":24},"end":{"line":116,"column":52}},"27":{"start":{"line":118,"column":4},"end":{"line":148,"column":null}},"28":{"start":{"line":119,"column":23},"end":{"line":119,"column":null}},"29":{"start":{"line":120,"column":21},"end":{"line":128,"column":null}},"30":{"start":{"line":130,"column":6},"end":{"line":142,"column":null}},"31":{"start":{"line":132,"column":8},"end":{"line":136,"column":null}},"32":{"start":{"line":132,"column":28},"end":{"line":136,"column":9}},"33":{"start":{"line":133,"column":10},"end":{"line":135,"column":null}},"34":{"start":{"line":137,"column":8},"end":{"line":137,"column":null}},"35":{"start":{"line":140,"column":8},"end":{"line":140,"column":null}},"36":{"start":{"line":140,"column":28},"end":{"line":140,"column":79}},"37":{"start":{"line":140,"column":47},"end":{"line":140,"column":78}},"38":{"start":{"line":141,"column":8},"end":{"line":141,"column":null}},"39":{"start":{"line":144,"column":6},"end":{"line":144,"column":null}},"40":{"start":{"line":145,"column":6},"end":{"line":145,"column":null}},"41":{"start":{"line":145,"column":26},"end":{"line":145,"column":77}},"42":{"start":{"line":145,"column":45},"end":{"line":145,"column":76}},"43":{"start":{"line":147,"column":6},"end":{"line":147,"column":null}},"44":{"start":{"line":152,"column":31},"end":{"line":154,"column":null}},"45":{"start":{"line":153,"column":4},"end":{"line":153,"column":null}},"46":{"start":{"line":157,"column":30},"end":{"line":221,"column":null}},"47":{"start":{"line":158,"column":4},"end":{"line":158,"column":null}},"48":{"start":{"line":161,"column":4},"end":{"line":220,"column":null}},"49":{"start":{"line":162,"column":6},"end":{"line":162,"column":null}},"50":{"start":{"line":162,"column":17},"end":{"line":162,"column":null}},"51":{"start":{"line":164,"column":6},"end":{"line":164,"column":null}},"52":{"start":{"line":166,"column":6},"end":{"line":219,"column":null}},"53":{"start":{"line":167,"column":25},"end":{"line":167,"column":null}},"54":{"start":{"line":171,"column":8},"end":{"line":178,"column":null}},"55":{"start":{"line":172,"column":10},"end":{"line":172,"column":null}},"56":{"start":{"line":173,"column":30},"end":{"line":173,"column":null}},"57":{"start":{"line":174,"column":10},"end":{"line":177,"column":null}},"58":{"start":{"line":175,"column":12},"end":{"line":175,"column":null}},"59":{"start":{"line":176,"column":12},"end":{"line":176,"column":null}},"60":{"start":{"line":181,"column":43},"end":{"line":189,"column":null}},"61":{"start":{"line":191,"column":8},"end":{"line":191,"column":null}},"62":{"start":{"line":191,"column":28},"end":{"line":191,"column":56}},"63":{"start":{"line":194,"column":23},"end":{"line":202,"column":null}},"64":{"start":{"line":204,"column":8},"end":{"line":212,"column":null}},"65":{"start":{"line":205,"column":10},"end":{"line":209,"column":null}},"66":{"start":{"line":205,"column":30},"end":{"line":209,"column":11}},"67":{"start":{"line":206,"column":12},"end":{"line":208,"column":null}},"68":{"start":{"line":211,"column":10},"end":{"line":211,"column":null}},"69":{"start":{"line":211,"column":30},"end":{"line":211,"column":81}},"70":{"start":{"line":211,"column":49},"end":{"line":211,"column":80}},"71":{"start":{"line":214,"column":8},"end":{"line":214,"column":null}},"72":{"start":{"line":216,"column":8},"end":{"line":216,"column":null}},"73":{"start":{"line":218,"column":8},"end":{"line":218,"column":null}},"74":{"start":{"line":223,"column":21},"end":{"line":227,"column":null}},"75":{"start":{"line":224,"column":17},"end":{"line":224,"column":null}},"76":{"start":{"line":225,"column":17},"end":{"line":225,"column":null}},"77":{"start":{"line":226,"column":4},"end":{"line":226,"column":null}},"78":{"start":{"line":229,"column":2},"end":{"line":373,"column":null}},"79":{"start":{"line":267,"column":10},"end":{"line":267,"column":null}},"80":{"start":{"line":278,"column":27},"end":{"line":278,"column":null}},"81":{"start":{"line":288,"column":27},"end":{"line":288,"column":null}},"82":{"start":{"line":299,"column":27},"end":{"line":299,"column":null}},"83":{"start":{"line":317,"column":31},"end":{"line":317,"column":null}},"84":{"start":{"line":318,"column":33},"end":{"line":318,"column":null}},"85":{"start":{"line":379,"column":8},"end":{"line":379,"column":null}},"86":{"start":{"line":380,"column":32},"end":{"line":380,"column":null}},"87":{"start":{"line":381,"column":36},"end":{"line":381,"column":null}},"88":{"start":{"line":382,"column":30},"end":{"line":382,"column":null}},"89":{"start":{"line":383,"column":17},"end":{"line":383,"column":null}},"90":{"start":{"line":386,"column":2},"end":{"line":412,"column":null}},"91":{"start":{"line":387,"column":18},"end":{"line":387,"column":null}},"92":{"start":{"line":388,"column":4},"end":{"line":388,"column":null}},"93":{"start":{"line":388,"column":16},"end":{"line":388,"column":null}},"94":{"start":{"line":390,"column":29},"end":{"line":390,"column":null}},"95":{"start":{"line":390,"column":35},"end":{"line":390,"column":null}},"96":{"start":{"line":391,"column":33},"end":{"line":391,"column":null}},"97":{"start":{"line":391,"column":39},"end":{"line":391,"column":null}},"98":{"start":{"line":392,"column":23},"end":{"line":392,"column":null}},"99":{"start":{"line":392,"column":29},"end":{"line":392,"column":null}},"100":{"start":{"line":393,"column":24},"end":{"line":393,"column":null}},"101":{"start":{"line":393,"column":30},"end":{"line":393,"column":null}},"102":{"start":{"line":394,"column":24},"end":{"line":397,"column":null}},"103":{"start":{"line":395,"column":6},"end":{"line":395,"column":null}},"104":{"start":{"line":396,"column":6},"end":{"line":396,"column":null}},"105":{"start":{"line":399,"column":4},"end":{"line":399,"column":null}},"106":{"start":{"line":400,"column":4},"end":{"line":400,"column":null}},"107":{"start":{"line":401,"column":4},"end":{"line":401,"column":null}},"108":{"start":{"line":402,"column":4},"end":{"line":402,"column":null}},"109":{"start":{"line":403,"column":4},"end":{"line":403,"column":null}},"110":{"start":{"line":405,"column":4},"end":{"line":411,"column":null}},"111":{"start":{"line":406,"column":6},"end":{"line":406,"column":null}},"112":{"start":{"line":407,"column":6},"end":{"line":407,"column":null}},"113":{"start":{"line":408,"column":6},"end":{"line":408,"column":null}},"114":{"start":{"line":409,"column":6},"end":{"line":409,"column":null}},"115":{"start":{"line":410,"column":6},"end":{"line":410,"column":null}},"116":{"start":{"line":414,"column":26},"end":{"line":422,"column":null}},"117":{"start":{"line":415,"column":18},"end":{"line":415,"column":null}},"118":{"start":{"line":416,"column":4},"end":{"line":416,"column":null}},"119":{"start":{"line":416,"column":16},"end":{"line":416,"column":null}},"120":{"start":{"line":417,"column":4},"end":{"line":421,"column":null}},"121":{"start":{"line":418,"column":6},"end":{"line":418,"column":null}},"122":{"start":{"line":420,"column":6},"end":{"line":420,"column":null}},"123":{"start":{"line":424,"column":25},"end":{"line":429,"column":null}},"124":{"start":{"line":425,"column":4},"end":{"line":425,"column":null}},"125":{"start":{"line":425,"column":24},"end":{"line":425,"column":null}},"126":{"start":{"line":426,"column":17},"end":{"line":426,"column":null}},"127":{"start":{"line":427,"column":17},"end":{"line":427,"column":null}},"128":{"start":{"line":428,"column":4},"end":{"line":428,"column":null}},"129":{"start":{"line":431,"column":24},"end":{"line":488,"column":null}},"130":{"start":{"line":432,"column":4},"end":{"line":434,"column":null}},"131":{"start":{"line":433,"column":6},"end":{"line":433,"column":null}},"132":{"start":{"line":436,"column":4},"end":{"line":464,"column":null}},"133":{"start":{"line":437,"column":23},"end":{"line":437,"column":null}},"134":{"start":{"line":438,"column":6},"end":{"line":462,"column":null}},"135":{"start":{"line":466,"column":4},"end":{"line":477,"column":null}},"136":{"start":{"line":467,"column":6},"end":{"line":475,"column":null}},"137":{"start":{"line":480,"column":4},"end":{"line":482,"column":null}},"138":{"start":{"line":481,"column":6},"end":{"line":481,"column":null}},"139":{"start":{"line":483,"column":4},"end":{"line":485,"column":null}},"140":{"start":{"line":484,"column":6},"end":{"line":484,"column":null}},"141":{"start":{"line":487,"column":4},"end":{"line":487,"column":null}},"142":{"start":{"line":490,"column":2},"end":{"line":513,"column":null}},"143":{"start":{"line":518,"column":14},"end":{"line":518,"column":null}},"144":{"start":{"line":519,"column":15},"end":{"line":519,"column":null}},"145":{"start":{"line":520,"column":16},"end":{"line":520,"column":null}},"146":{"start":{"line":522,"column":2},"end":{"line":522,"column":null}},"147":{"start":{"line":522,"column":17},"end":{"line":522,"column":null}},"148":{"start":{"line":523,"column":2},"end":{"line":523,"column":null}},"149":{"start":{"line":523,"column":18},"end":{"line":523,"column":null}},"150":{"start":{"line":524,"column":15},"end":{"line":524,"column":null}},"151":{"start":{"line":525,"column":2},"end":{"line":525,"column":null}},"152":{"start":{"line":525,"column":18},"end":{"line":525,"column":null}},"153":{"start":{"line":526,"column":2},"end":{"line":526,"column":null}}},"fnMap":{"0":{"name":"ConversationThread","decl":{"start":{"line":35,"column":16},"end":{"line":35,"column":35}},"loc":{"start":{"line":42,"column":28},"end":{"line":375,"column":null}},"line":42},"1":{"name":"(anonymous_1)","decl":{"start":{"line":61,"column":40},"end":{"line":61,"column":41}},"loc":{"start":{"line":61,"column":79},"end":{"line":73,"column":5}},"line":61},"2":{"name":"(anonymous_2)","decl":{"start":{"line":76,"column":12},"end":{"line":76,"column":18}},"loc":{"start":{"line":76,"column":18},"end":{"line":90,"column":5}},"line":76},"3":{"name":"(anonymous_3)","decl":{"start":{"line":93,"column":12},"end":{"line":93,"column":18}},"loc":{"start":{"line":93,"column":18},"end":{"line":95,"column":5}},"line":93},"4":{"name":"(anonymous_4)","decl":{"start":{"line":98,"column":25},"end":{"line":98,"column":37}},"loc":{"start":{"line":98,"column":37},"end":{"line":149,"column":null}},"line":98},"5":{"name":"(anonymous_5)","decl":{"start":{"line":116,"column":16},"end":{"line":116,"column":24}},"loc":{"start":{"line":116,"column":24},"end":{"line":116,"column":52}},"line":116},"6":{"name":"(anonymous_6)","decl":{"start":{"line":132,"column":20},"end":{"line":132,"column":28}},"loc":{"start":{"line":132,"column":28},"end":{"line":136,"column":9}},"line":132},"7":{"name":"(anonymous_7)","decl":{"start":{"line":132,"column":37},"end":{"line":132,"column":null}},"loc":{"start":{"line":133,"column":10},"end":{"line":135,"column":null}},"line":133},"8":{"name":"(anonymous_8)","decl":{"start":{"line":140,"column":20},"end":{"line":140,"column":28}},"loc":{"start":{"line":140,"column":28},"end":{"line":140,"column":79}},"line":140},"9":{"name":"(anonymous_9)","decl":{"start":{"line":140,"column":40},"end":{"line":140,"column":47}},"loc":{"start":{"line":140,"column":47},"end":{"line":140,"column":78}},"line":140},"10":{"name":"(anonymous_10)","decl":{"start":{"line":145,"column":18},"end":{"line":145,"column":26}},"loc":{"start":{"line":145,"column":26},"end":{"line":145,"column":77}},"line":145},"11":{"name":"(anonymous_11)","decl":{"start":{"line":145,"column":38},"end":{"line":145,"column":45}},"loc":{"start":{"line":145,"column":45},"end":{"line":145,"column":76}},"line":145},"12":{"name":"(anonymous_12)","decl":{"start":{"line":152,"column":31},"end":{"line":152,"column":37}},"loc":{"start":{"line":152,"column":37},"end":{"line":154,"column":null}},"line":152},"13":{"name":"(anonymous_13)","decl":{"start":{"line":157,"column":30},"end":{"line":157,"column":42}},"loc":{"start":{"line":157,"column":42},"end":{"line":221,"column":null}},"line":157},"14":{"name":"(anonymous_14)","decl":{"start":{"line":161,"column":15},"end":{"line":161,"column":27}},"loc":{"start":{"line":161,"column":27},"end":{"line":220,"column":7}},"line":161},"15":{"name":"(anonymous_15)","decl":{"start":{"line":191,"column":20},"end":{"line":191,"column":28}},"loc":{"start":{"line":191,"column":28},"end":{"line":191,"column":56}},"line":191},"16":{"name":"(anonymous_16)","decl":{"start":{"line":205,"column":22},"end":{"line":205,"column":30}},"loc":{"start":{"line":205,"column":30},"end":{"line":209,"column":11}},"line":205},"17":{"name":"(anonymous_17)","decl":{"start":{"line":205,"column":39},"end":{"line":205,"column":null}},"loc":{"start":{"line":206,"column":12},"end":{"line":208,"column":null}},"line":206},"18":{"name":"(anonymous_18)","decl":{"start":{"line":211,"column":22},"end":{"line":211,"column":30}},"loc":{"start":{"line":211,"column":30},"end":{"line":211,"column":81}},"line":211},"19":{"name":"(anonymous_19)","decl":{"start":{"line":211,"column":42},"end":{"line":211,"column":49}},"loc":{"start":{"line":211,"column":49},"end":{"line":211,"column":80}},"line":211},"20":{"name":"(anonymous_20)","decl":{"start":{"line":223,"column":21},"end":{"line":223,"column":22}},"loc":{"start":{"line":223,"column":42},"end":{"line":227,"column":null}},"line":223},"21":{"name":"(anonymous_21)","decl":{"start":{"line":266,"column":22},"end":{"line":266,"column":23}},"loc":{"start":{"line":267,"column":10},"end":{"line":267,"column":null}},"line":267},"22":{"name":"(anonymous_22)","decl":{"start":{"line":278,"column":21},"end":{"line":278,"column":27}},"loc":{"start":{"line":278,"column":27},"end":{"line":278,"column":null}},"line":278},"23":{"name":"(anonymous_23)","decl":{"start":{"line":288,"column":21},"end":{"line":288,"column":27}},"loc":{"start":{"line":288,"column":27},"end":{"line":288,"column":null}},"line":288},"24":{"name":"(anonymous_24)","decl":{"start":{"line":299,"column":21},"end":{"line":299,"column":27}},"loc":{"start":{"line":299,"column":27},"end":{"line":299,"column":null}},"line":299},"25":{"name":"(anonymous_25)","decl":{"start":{"line":317,"column":24},"end":{"line":317,"column":25}},"loc":{"start":{"line":317,"column":31},"end":{"line":317,"column":null}},"line":317},"26":{"name":"(anonymous_26)","decl":{"start":{"line":318,"column":26},"end":{"line":318,"column":27}},"loc":{"start":{"line":318,"column":33},"end":{"line":318,"column":null}},"line":318},"27":{"name":"MessageBubble","decl":{"start":{"line":378,"column":9},"end":{"line":378,"column":23}},"loc":{"start":{"line":378,"column":58},"end":{"line":515,"column":null}},"line":378},"28":{"name":"(anonymous_28)","decl":{"start":{"line":386,"column":12},"end":{"line":386,"column":18}},"loc":{"start":{"line":386,"column":18},"end":{"line":412,"column":5}},"line":386},"29":{"name":"(anonymous_29)","decl":{"start":{"line":390,"column":29},"end":{"line":390,"column":35}},"loc":{"start":{"line":390,"column":35},"end":{"line":390,"column":null}},"line":390},"30":{"name":"(anonymous_30)","decl":{"start":{"line":391,"column":33},"end":{"line":391,"column":39}},"loc":{"start":{"line":391,"column":39},"end":{"line":391,"column":null}},"line":391},"31":{"name":"(anonymous_31)","decl":{"start":{"line":392,"column":23},"end":{"line":392,"column":29}},"loc":{"start":{"line":392,"column":29},"end":{"line":392,"column":null}},"line":392},"32":{"name":"(anonymous_32)","decl":{"start":{"line":393,"column":24},"end":{"line":393,"column":30}},"loc":{"start":{"line":393,"column":30},"end":{"line":393,"column":null}},"line":393},"33":{"name":"(anonymous_33)","decl":{"start":{"line":394,"column":24},"end":{"line":394,"column":30}},"loc":{"start":{"line":394,"column":30},"end":{"line":397,"column":null}},"line":394},"34":{"name":"(anonymous_34)","decl":{"start":{"line":405,"column":11},"end":{"line":405,"column":17}},"loc":{"start":{"line":405,"column":17},"end":{"line":411,"column":null}},"line":405},"35":{"name":"(anonymous_35)","decl":{"start":{"line":414,"column":26},"end":{"line":414,"column":32}},"loc":{"start":{"line":414,"column":32},"end":{"line":422,"column":null}},"line":414},"36":{"name":"(anonymous_36)","decl":{"start":{"line":424,"column":25},"end":{"line":424,"column":26}},"loc":{"start":{"line":424,"column":46},"end":{"line":429,"column":null}},"line":424},"37":{"name":"(anonymous_37)","decl":{"start":{"line":431,"column":24},"end":{"line":431,"column":30}},"loc":{"start":{"line":431,"column":30},"end":{"line":488,"column":null}},"line":431},"38":{"name":"getTimeDisplay","decl":{"start":{"line":517,"column":9},"end":{"line":517,"column":24}},"loc":{"start":{"line":517,"column":36},"end":{"line":527,"column":null}},"line":517}},"branchMap":{"0":{"loc":{"start":{"line":67,"column":14},"end":{"line":67,"column":null}},"type":"cond-expr","locations":[{"start":{"line":67,"column":30},"end":{"line":67,"column":39}},{"start":{"line":67,"column":39},"end":{"line":67,"column":null}}],"line":67},"1":{"loc":{"start":{"line":68,"column":18},"end":{"line":68,"column":null}},"type":"cond-expr","locations":[{"start":{"line":68,"column":34},"end":{"line":68,"column":43}},{"start":{"line":68,"column":43},"end":{"line":68,"column":null}}],"line":68},"2":{"loc":{"start":{"line":68,"column":43},"end":{"line":68,"column":null}},"type":"binary-expr","locations":[{"start":{"line":68,"column":43},"end":{"line":68,"column":70}},{"start":{"line":68,"column":70},"end":{"line":68,"column":null}}],"line":68},"3":{"loc":{"start":{"line":70,"column":16},"end":{"line":70,"column":null}},"type":"cond-expr","locations":[{"start":{"line":70,"column":52},"end":{"line":70,"column":75}},{"start":{"line":70,"column":75},"end":{"line":70,"column":null}}],"line":70},"4":{"loc":{"start":{"line":71,"column":16},"end":{"line":71,"column":null}},"type":"cond-expr","locations":[{"start":{"line":71,"column":52},"end":{"line":71,"column":75}},{"start":{"line":71,"column":75},"end":{"line":71,"column":null}}],"line":71},"5":{"loc":{"start":{"line":77,"column":4},"end":{"line":89,"column":null}},"type":"if","locations":[{"start":{"line
[...]
Infinity":213,"f:802:9:802:15":37,"s:803:4:803:Infinity":214,"f:810:16:810:37":38,"b:811:2:814:Infinity:undefined:undefined:undefined:undefined":57,"s:811:2:814:Infinity":215,"s:812:4:812:Infinity":216,"s:813:4:813:Infinity":217,"f:813:11:813:17":39,"s:816:23:830:Infinity":218,"f:825:6:825:18":40,"s:826:22:826:Infinity":219,"s:827:8:827:Infinity":220,"s:832:2:834:Infinity":221,"f:832:9:832:15":41,"s:833:4:833:Infinity":222,"f:846:16:846:42":42,"b:847:2:850:Infinity:undefined:undefined:undefined:undefined":58,"s:847:2:850:Infinity":223,"s:848:4:848:Infinity":224,"s:849:4:849:Infinity":225,"f:849:11:849:17":43,"s:853:23:868:Infinity":226,"f:862:6:862:18":44,"s:864:28:864:Infinity":227,"s:865:8:865:Infinity":228,"s:871:2:873:Infinity":229,"f:871:9:871:15":45,"s:872:4:872:Infinity":230,"f:879:22:879:41":46,"b:880:2:883:Infinity:undefined:undefined:undefined:undefined":59,"s:880:2:883:Infinity":231,"s:881:4:881:Infinity":232,"s:882:4:882:Infinity":233,"s:885:2:900:Infinity":234,"s:886:28:889:Infinity":235,"b:891:4:894:Infinity:undefined:undefined:undefined:undefined":60,"s:891:4:894:Infinity":236,"s:892:6:892:Infinity":237,"s:893:6:893:Infinity":238,"s:896:4:896:Infinity":239,"s:898:4:898:Infinity":240,"s:899:4:899:Infinity":241,"f:906:22:906:43":47,"b:907:2:910:Infinity:undefined:undefined:undefined:undefined":61,"s:907:2:910:Infinity":242,"s:908:4:908:Infinity":243,"s:909:4:909:Infinity":244,"s:912:2:927:Infinity":245,"s:913:28:916:Infinity":246,"b:918:4:921:Infinity:undefined:undefined:undefined:undefined":62,"s:918:4:921:Infinity":247,"s:919:6:919:Infinity":248,"s:920:6:920:Infinity":249,"s:923:4:923:Infinity":250,"b:923:11:923:19:923:19:923:Infinity":63,"s:925:4:925:Infinity":251,"s:926:4:926:Infinity":252,"f:933:22:933:37":48,"b:934:2:937:Infinity:undefined:undefined:undefined:undefined":64,"s:934:2:937:Infinity":253,"s:935:4:935:Infinity":254,"s:936:4:936:Infinity":255,"s:939:2:954:Infinity":256,"s:940:28:943:Infinity":257,"b:945:4:948:Infinity:undefined:undefined:undefined:undefined":65,"s:945:4:948:Infinity":258,"s:946:6:946:Infinity":259,"s:947:6:947:Infinity":260,"s:950:4:950:Infinity":261,"b:950:11:950:19:950:19:950:Infinity":66,"s:952:4:952:Infinity":262,"s:953:4:953:Infinity":263,"f:960:22:960:46":49,"b:963:2:966:Infinity:undefined:undefined:undefined:undefined":67,"s:963:2:966:Infinity":264,"s:964:4:964:Infinity":265,"s:965:4:965:Infinity":266,"s:968:2:983:Infinity":267,"s:969:28:972:Infinity":268,"b:974:4:977:Infinity:undefined:undefined:undefined:undefined":68,"s:974:4:977:Infinity":269,"s:975:6:975:Infinity":270,"s:976:6:976:Infinity":271,"s:979:4:979:Infinity":272,"b:979:11:979:19:979:19:979:Infinity":69,"s:981:4:981:Infinity":273,"s:982:4:982:Infinity":274}}}
,"/home/user/prayermap/src/services/storageService.ts": {"path":"/home/user/prayermap/src/services/storageService.ts","statementMap":{"0":{"start":{"line":10,"column":2},"end":{"line":13,"column":null}},"1":{"start":{"line":11,"column":4},"end":{"line":11,"column":null}},"2":{"start":{"line":12,"column":4},"end":{"line":12,"column":null}},"3":{"start":{"line":15,"column":2},"end":{"line":44,"column":null}},"4":{"start":{"line":17,"column":22},"end":{"line":17,"column":null}},"5":{"start":{"line":18,"column":22},"end":{"line":18,"column":null}},"6":{"start":{"line":19,"column":21},"end":{"line":19,"column":null}},"7":{"start":{"line":22,"column":28},"end":{"line":28,"column":null}},"8":{"start":{"line":30,"column":4},"end":{"line":33,"column":null}},"9":{"start":{"line":31,"column":6},"end":{"line":31,"column":null}},"10":{"start":{"line":32,"column":6},"end":{"line":32,"column":null}},"11":{"start":{"line":36,"column":30},"end":{"line":38,"column":null}},"12":{"start":{"line":40,"column":4},"end":{"line":40,"column":null}},"13":{"start":{"line":42,"column":4},"end":{"line":42,"column":null}},"14":{"start":{"line":43,"column":4},"end":{"line":43,"column":null}},"15":{"start":{"line":54,"column":2},"end":{"line":57,"column":null}},"16":{"start":{"line":55,"column":4},"end":{"line":55,"column":null}},"17":{"start":{"line":56,"column":4},"end":{"line":56,"column":null}},"18":{"start":{"line":59,"column":2},"end":{"line":88,"column":null}},"19":{"start":{"line":61,"column":22},"end":{"line":61,"column":null}},"20":{"start":{"line":62,"column":22},"end":{"line":62,"column":null}},"21":{"start":{"line":63,"column":21},"end":{"line":63,"column":null}},"22":{"start":{"line":66,"column":28},"end":{"line":72,"column":null}},"23":{"start":{"line":74,"column":4},"end":{"line":77,"column":null}},"24":{"start":{"line":75,"column":6},"end":{"line":75,"column":null}},"25":{"start":{"line":76,"column":6},"end":{"line":76,"column":null}},"26":{"start":{"line":80,"column":30},"end":{"line":82,"column":null}},"27":{"start":{"line":84,"column":4},"end":{"line":84,"column":null}},"28":{"start":{"line":86,"column":4},"end":{"line":86,"column":null}},"29":{"start":{"line":87,"column":4},"end":{"line":87,"column":null}},"30":{"start":{"line":97,"column":2},"end":{"line":100,"column":null}},"31":{"start":{"line":98,"column":4},"end":{"line":98,"column":null}},"32":{"start":{"line":99,"column":4},"end":{"line":99,"column":null}},"33":{"start":{"line":102,"column":2},"end":{"line":116,"column":null}},"34":{"start":{"line":103,"column":22},"end":{"line":105,"column":null}},"35":{"start":{"line":107,"column":4},"end":{"line":110,"column":null}},"36":{"start":{"line":108,"column":6},"end":{"line":108,"column":null}},"37":{"start":{"line":109,"column":6},"end":{"line":109,"column":null}},"38":{"start":{"line":112,"column":4},"end":{"line":112,"column":null}},"39":{"start":{"line":114,"column":4},"end":{"line":114,"column":null}},"40":{"start":{"line":115,"column":4},"end":{"line":115,"column":null}}},"fnMap":{"0":{"name":"uploadAudio","decl":{"start":{"line":9,"column":22},"end":{"line":9,"column":34}},"loc":{"start":{"line":9,"column":91},"end":{"line":45,"column":null}},"line":9},"1":{"name":"uploadVideo","decl":{"start":{"line":53,"column":22},"end":{"line":53,"column":34}},"loc":{"start":{"line":53,"column":91},"end":{"line":89,"column":null}},"line":53},"2":{"name":"deleteFile","decl":{"start":{"line":96,"column":22},"end":{"line":96,"column":33}},"loc":{"start":{"line":96,"column":69},"end":{"line":117,"column":null}},"line":96}},"branchMap":{"0":{"loc":{"start":{"line":10,"column":2},"end":{"line":13,"column":null}},"type":"if","locations":[{"start":{"line":10,"column":2},"end":{"line":13,"column":null}},{"start":{},"end":{}}],"line":10},"1":{"loc":{"start":{"line":18,"column":22},"end":{"line":18,"column":null}},"type":"cond-expr","locations":[{"start":{"line":18,"column":56},"end":{"line":18,"column":65}},{"start":{"line":18,"column":65},"end":{"line":18,"column":null}}],"line":18},"2":{"loc":{"start":{"line":30,"column":4},"end":{"line":33,"column":null}},"type":"if","locations":[{"start":{"line":30,"column":4},"end":{"line":33,"column":null}},{"start":{},"end":{}}],"line":30},"3":{"loc":{"start":{"line":54,"column":2},"end":{"line":57,"column":null}},"type":"if","locations":[{"start":{"line":54,"column":2},"end":{"line":57,"column":null}},{"start":{},"end":{}}],"line":54},"4":{"loc":{"start":{"line":62,"column":22},"end":{"line":62,"column":null}},"type":"cond-expr","locations":[{"start":{"line":62,"column":56},"end":{"line":62,"column":65}},{"start":{"line":62,"column":65},"end":{"line":62,"column":null}}],"line":62},"5":{"loc":{"start":{"line":74,"column":4},"end":{"line":77,"column":null}},"type":"if","locations":[{"start":{"line":74,"column":4},"end":{"line":77,"column":null}},{"start":{},"end":{}}],"line":74},"6":{"loc":{"start":{"line":97,"column":2},"end":{"line":100,"column":null}},"type":"if","locations":[{"start":{"line":97,"column":2},"end":{"line":100,"column":null}},{"start":{},"end":{}}],"line":97},"7":{"loc":{"start":{"line":107,"column":4},"end":{"line":110,"column":null}},"type":"if","locations":[{"start":{"line":107,"column":4},"end":{"line":110,"column":null}},{"start":{},"end":{}}],"line":107}},"s":{"0":13,"1":0,"2":0,"3":13,"4":13,"5":13,"6":13,"7":13,"8":12,"9":2,"10":2,"11":10,"12":10,"13":1,"14":1,"15":9,"16":0,"17":0,"18":9,"19":9,"20":9,"21":9,"22":9,"23":8,"24":2,"25":2,"26":6,"27":6,"28":1,"29":1,"30":8,"31":0,"32":0,"33":8,"34":8,"35":7,"36":4,"37":4,"38":3,"39":1,"40":1},"f":{"0":13,"1":9,"2":8},"b":{"0":[0,13],"1":[12,1],"2":[2,10],"3":[0,9],"4":[7,2],"5":[2,6],"6":[0,8],"7":[4,3]},"meta":{"lastBranch":8,"lastFunction":3,"lastStatement":41,"seen":{"f:9:22:9:34":0,"b:10:2:13:Infinity:undefined:undefined:undefined:undefined":0,"s:10:2:13:Infinity":0,"s:11:4:11:Infinity":1,"s:12:4:12:Infinity":2,"s:15:2:44:Infinity":3,"s:17:22:17:Infinity":4,"s:18:22:18:Infinity":5,"b:18:56:18:65:18:65:18:Infinity":1,"s:19:21:19:Infinity":6,"s:22:28:28:Infinity":7,"b:30:4:33:Infinity:undefined:undefined:undefined:undefined":2,"s:30:4:33:Infinity":8,"s:31:6:31:Infinity":9,"s:32:6:32:Infinity":10,"s:36:30:38:Infinity":11,"s:40:4:40:Infinity":12,"s:42:4:42:Infinity":13,"s:43:4:43:Infinity":14,"f:53:22:53:34":1,"b:54:2:57:Infinity:undefined:undefined:undefined:undefined":3,"s:54:2:57:Infinity":15,"s:55:4:55:Infinity":16,"s:56:4:56:Infinity":17,"s:59:2:88:Infinity":18,"s:61:22:61:Infinity":19,"s:62:22:62:Infinity":20,"b:62:56:62:65:62:65:62:Infinity":4,"s:63:21:63:Infinity":21,"s:66:28:72:Infinity":22,"b:74:4:77:Infinity:undefined:undefined:undefined:undefined":5,"s:74:4:77:Infinity":23,"s:75:6:75:Infinity":24,"s:76:6:76:Infinity":25,"s:80:30:82:Infinity":26,"s:84:4:84:Infinity":27,"s:86:4:86:Infinity":28,"s:87:4:87:Infinity":29,"f:96:22:96:33":2,"b:97:2:100:Infinity:undefined:undefined:undefined:undefined":6,"s:97:2:100:Infinity":30,"s:98:4:98:Infinity":31,"s:99:4:99:Infinity":32,"s:102:2:116:Infinity":33,"s:103:22:105:Infinity":34,"b:107:4:110:Infinity:undefined:undefined:undefined:undefined":7,"s:107:4:110:Infinity":35,"s:108:6:108:Infinity":36,"s:109:6:109:Infinity":37,"s:112:4:112:Infinity":38,"s:114:4:114:Infinity":39,"s:115:4:115:Infinity":40}}}
,"/home/user/prayermap/src/services/userService.ts": {"path":"/home/user/prayermap/src/services/userService.ts","statementMap":{"0":{"start":{"line":15,"column":2},"end":{"line":18,"column":null}},"1":{"start":{"line":16,"column":4},"end":{"line":16,"column":null}},"2":{"start":{"line":17,"column":4},"end":{"line":17,"column":null}},"3":{"start":{"line":20,"column":2},"end":{"line":36,"column":null}},"4":{"start":{"line":21,"column":28},"end":{"line":25,"column":null}},"5":{"start":{"line":27,"column":4},"end":{"line":30,"column":null}},"6":{"start":{"line":28,"column":6},"end":{"line":28,"column":null}},"7":{"start":{"line":29,"column":6},"end":{"line":29,"column":null}},"8":{"start":{"line":32,"column":4},"end":{"line":32,"column":null}},"9":{"start":{"line":34,"column":4},"end":{"line":34,"column":null}},"10":{"start":{"line":35,"column":4},"end":{"line":35,"column":null}},"11":{"start":{"line":46,"column":2},"end":{"line":49,"column":null}},"12":{"start":{"line":47,"column":4},"end":{"line":47,"column":null}},"13":{"start":{"line":48,"column":4},"end":{"line":48,"column":null}},"14":{"start":{"line":51,"column":2},"end":{"line":71,"column":null}},"15":{"start":{"line":52,"column":28},"end":{"line":60,"column":null}},"16":{"start":{"line":62,"column":4},"end":{"line":65,"column":null}},"17":{"start":{"line":63,"column":6},"end":{"line":63,"column":null}},"18":{"start":{"line":64,"column":6},"end":{"line":64,"column":null}},"19":{"start":{"line":67,"column":4},"end":{"line":67,"column":null}},"20":{"start":{"line":69,"column":4},"end":{"line":69,"column":null}},"21":{"start":{"line":70,"column":4},"end":{"line":70,"column":null}},"22":{"start":{"line":78,"column":2},"end":{"line":80,"column":null}},"23":{"start":{"line":79,"column":4},"end":{"line":79,"column":null}},"24":{"start":{"line":82,"column":2},"end":{"line":96,"column":null}},"25":{"start":{"line":83,"column":22},"end":{"line":85,"column":null}},"26":{"start":{"line":87,"column":4},"end":{"line":90,"column":null}},"27":{"start":{"line":88,"column":6},"end":{"line":88,"column":null}},"28":{"start":{"line":89,"column":6},"end":{"line":89,"column":null}},"29":{"start":{"line":92,"column":4},"end":{"line":92,"column":null}},"30":{"start":{"line":94,"column":4},"end":{"line":94,"column":null}},"31":{"start":{"line":95,"column":4},"end":{"line":95,"column":null}},"32":{"start":{"line":103,"column":2},"end":{"line":105,"column":null}},"33":{"start":{"line":104,"column":4},"end":{"line":104,"column":null}},"34":{"start":{"line":107,"column":2},"end":{"line":121,"column":null}},"35":{"start":{"line":108,"column":22},"end":{"line":110,"column":null}},"36":{"start":{"line":112,"column":4},"end":{"line":115,"column":null}},"37":{"start":{"line":113,"column":6},"end":{"line":113,"column":null}},"38":{"start":{"line":114,"column":6},"end":{"line":114,"column":null}},"39":{"start":{"line":117,"column":4},"end":{"line":117,"column":null}},"40":{"start":{"line":119,"column":4},"end":{"line":119,"column":null}},"41":{"start":{"line":120,"column":4},"end":{"line":120,"column":null}},"42":{"start":{"line":132,"column":2},"end":{"line":134,"column":null}},"43":{"start":{"line":133,"column":4},"end":{"line":133,"column":null}},"44":{"start":{"line":136,"column":2},"end":{"line":161,"column":null}},"45":{"start":{"line":139,"column":22},"end":{"line":145,"column":null}},"46":{"start":{"line":147,"column":4},"end":{"line":155,"column":null}},"47":{"start":{"line":149,"column":6},"end":{"line":152,"column":null}},"48":{"start":{"line":150,"column":8},"end":{"line":150,"column":null}},"49":{"start":{"line":151,"column":8},"end":{"line":151,"column":null}},"50":{"start":{"line":153,"column":6},"end":{"line":153,"column":null}},"51":{"start":{"line":154,"column":6},"end":{"line":154,"column":null}},"52":{"start":{"line":157,"column":4},"end":{"line":157,"column":null}},"53":{"start":{"line":159,"column":4},"end":{"line":159,"column":null}},"54":{"start":{"line":160,"column":4},"end":{"line":160,"column":null}}},"fnMap":{"0":{"name":"getUserProfile","decl":{"start":{"line":14,"column":22},"end":{"line":14,"column":37}},"loc":{"start":{"line":14,"column":82},"end":{"line":37,"column":null}},"line":14},"1":{"name":"updateUserProfile","decl":{"start":{"line":42,"column":22},"end":{"line":42,"column":null}},"loc":{"start":{"line":45,"column":31},"end":{"line":72,"column":null}},"line":45},"2":{"name":"changePassword","decl":{"start":{"line":77,"column":22},"end":{"line":77,"column":37}},"loc":{"start":{"line":77,"column":105},"end":{"line":97,"column":null}},"line":77},"3":{"name":"sendPasswordResetEmail","decl":{"start":{"line":102,"column":22},"end":{"line":102,"column":45}},"loc":{"start":{"line":102,"column":107},"end":{"line":122,"column":null}},"line":102},"4":{"name":"submitSuggestion","decl":{"start":{"line":127,"column":22},"end":{"line":127,"column":null}},"loc":{"start":{"line":131,"column":49},"end":{"line":162,"column":null}},"line":131}},"branchMap":{"0":{"loc":{"start":{"line":15,"column":2},"end":{"line":18,"column":null}},"type":"if","locations":[{"start":{"line":15,"column":2},"end":{"line":18,"column":null}},{"start":{},"end":{}}],"line":15},"1":{"loc":{"start":{"line":27,"column":4},"end":{"line":30,"column":null}},"type":"if","locations":[{"start":{"line":27,"column":4},"end":{"line":30,"column":null}},{"start":{},"end":{}}],"line":27},"2":{"loc":{"start":{"line":46,"column":2},"end":{"line":49,"column":null}},"type":"if","locations":[{"start":{"line":46,"column":2},"end":{"line":49,"column":null}},{"start":{},"end":{}}],"line":46},"3":{"loc":{"start":{"line":62,"column":4},"end":{"line":65,"column":null}},"type":"if","locations":[{"start":{"line":62,"column":4},"end":{"line":65,"column":null}},{"start":{},"end":{}}],"line":62},"4":{"loc":{"start":{"line":78,"column":2},"end":{"line":80,"column":null}},"type":"if","locations":[{"start":{"line":78,"column":2},"end":{"line":80,"column":null}},{"start":{},"end":{}}],"line":78},"5":{"loc":{"start":{"line":87,"column":4},"end":{"line":90,"column":null}},"type":"if","locations":[{"start":{"line":87,"column":4},"end":{"line":90,"column":null}},{"start":{},"end":{}}],"line":87},"6":{"loc":{"start":{"line":103,"column":2},"end":{"line":105,"column":null}},"type":"if","locations":[{"start":{"line":103,"column":2},"end":{"line":105,"column":null}},{"start":{},"end":{}}],"line":103},"7":{"loc":{"start":{"line":112,"column":4},"end":{"line":115,"column":null}},"type":"if","locations":[{"start":{"line":112,"column":4},"end":{"line":115,"column":null}},{"start":{},"end":{}}],"line":112},"8":{"loc":{"start":{"line":132,"column":2},"end":{"line":134,"column":null}},"type":"if","locations":[{"start":{"line":132,"column":2},"end":{"line":134,"column":null}},{"start":{},"end":{}}],"line":132},"9":{"loc":{"start":{"line":147,"column":4},"end":{"line":155,"column":null}},"type":"if","locations":[{"start":{"line":147,"column":4},"end":{"line":155,"column":null}},{"start":{},"end":{}}],"line":147},"10":{"loc":{"start":{"line":149,"column":6},"end":{"line":152,"column":null}},"type":"if","locations":[{"start":{"line":149,"column":6},"end":{"line":152,"column":null}},{"start":{},"end":{}}],"line":149}},"s":{"0":8,"1":0,"2":0,"3":8,"4":8,"5":7,"6":3,"7":3,"8":4,"9":1,"10":1,"11":10,"12":0,"13":0,"14":10,"15":10,"16":9,"17":2,"18":2,"19":7,"20":3,"21":3,"22":7,"23":0,"24":7,"25":7,"26":6,"27":4,"28":4,"29":2,"30":1,"31":1,"32":8,"33":0,"34":8,"35":8,"36":7,"37":4,"38":4,"39":3,"40":1,"41":1,"42":10,"43":0,"44":10,"45":10,"46":9,"47":4,"48":1,"49":1,"50":3,"51":3,"52":5,"53":1,"54":1},"f":{"0":8,"1":10,"2":7,"3":8,"4":10},"b":{"0":[0,8],"1":[3,4],"2":[0,10],"3":[2,7],"4":[0,7],"5":[4,2],"6":[0,8],"7":[4,3],"8":[0,10],"9":[4,5],"10":[1,3]},"meta":{"lastBranch":11,"lastFunction":5,"lastStatement":55,"seen":{"f:14:22:14:37":0,"b:15:2:18:Infinity:undefined:undefined:undefined:undefined":0,"s:15:2:18:Infinity":0,"s:16:4:16:Infinity":1,"s:17:4:17:Infinity":2,"s:20:2:36:Infinity":3,"s:21:28:25:Infinity":4,"b:27:4:30:Infinity:undefined:undefined:undefined:undefined":1,"s:27:4:30:Infinity":5,"s:28:6:28:Infinity":6,"s:29:6:29:Infinity":7,"s:32:4:32:Infinity":8,"s:34:4:34:Infinity":9,"s:35:4:35:Infinity":10,"f:42:22:42:Infinity":1,"b:46:2:49:Infinity:undefined:undefined:undefined:undefined":2,"s:46:2:49:Infinity":11,"s:47:4:47:Infinity":12,"s:48:4:48:Infinity":13,"s:51:2:71:Infinity":14,"s:52:28:60:Infinity":15,"b:62:4:65:Infinity:undefined:undefined:undefined:undefined":3,"s:62:4:65:Infinity":16,"s:63:6:63:Infinity":17,"s:64:6:64:Infinity":18,"s:67:4:67:Infinity":19,"s:69:4:69:Infinity":20,"s:70:4:70:Infinity":21,"f:77:22:77:37":2,"b:78:2:80:Infinity:undefined:undefined:undefined:undefined":4,"s:78:2:80:Infinity":22,"s:79:4:79:Infinity":23,"s:82:2:96:Infinity":24,"s:83:22:85:Infinity":25,"b:87:4:90:Infinity:undefined:undefined:undefined:undefined":5,"s:87:4:90:Infinity":26,"s:88:6:88:Infinity":27,"s:89:6:89:Infinity":28,"s:92:4:92:Infinity":29,"s:94:4:94:Infinity":30,"s:95:4:95:Infinity":31,"f:102:22:102:45":3,"b:103:2:105:Infinity:undefined:undefined:undefined:undefined":6,"s:103:2:105:Infinity":32,"s:104:4:104:Infinity":33,"s:107:2:121:Infinity":34,"s:108:22:110:Infinity":35,"b:112:4:115:Infinity:undefined:undefined:undefined:undefined":7,"s:112:4:115:Infinity":36,"s:113:6:113:Infinity":37,"s:114:6:114:Infinity":38,"s:117:4:117:Infinity":39,"s:119:4:119:Infinity":40,"s:120:4:120:Infinity":41,"f:127:22:127:Infinity":4,"b:132:2:134:Infinity:undefined:undefined:undefined:undefined":8,"s:132:2:134:Infinity":42,"s:133:4:133:Infinity":43,"s:136:2:161:Infinity":44,"s:139:22:145:Infinity":45,"b:147:4:155:Infinity:undefined:undefined:undefined:undefined":9,"s:147:4:155:Infinity":46,"b:149:6:152:Infinity:undefined:undefined:undefined:undefined":10,"s:149:6:152:Infinity":47,"s:150:8:150:Infinity":48,"s:151:8:151:Infinity":49,"s:153:6:153:Infinity":50,"s:154:6:154:Infinity":51,"s:157:4:157:Infinity":52,"s:159:4:159:Infinity":53,"s:160:4:160:Infinity":54}}}
}
