TN:
SF:src/App.tsx
FN:31,AppContent
FN:40,(anonymous_1)
FN:53,(anonymous_2)
FN:58,(anonymous_3)
FN:73,(anonymous_4)
FN:99,(anonymous_5)
FN:100,(anonymous_6)
FN:104,(anonymous_7)
FN:126,(anonymous_8)
FN:143,(anonymous_9)
FN:152,(anonymous_10)
FN:160,App
FNF:12
FNH:0
FNDA:0,AppContent
FNDA:0,(anonymous_1)
FNDA:0,(anonymous_2)
FNDA:0,(anonymous_3)
FNDA:0,(anonymous_4)
FNDA:0,(anonymous_5)
FNDA:0,(anonymous_6)
FNDA:0,(anonymous_7)
FNDA:0,(anonymous_8)
FNDA:0,(anonymous_9)
FNDA:0,(anonymous_10)
FNDA:0,App
DA:18,0
DA:19,0
DA:22,0
DA:32,0
DA:33,0
DA:34,0
DA:35,0
DA:36,0
DA:37,0
DA:40,0
DA:41,0
DA:42,0
DA:43,0
DA:48,0
DA:53,0
DA:54,0
DA:55,0
DA:57,0
DA:59,0
DA:68,0
DA:74,0
DA:82,0
DA:91,0
DA:94,0
DA:99,0
DA:100,0
DA:101,0
DA:104,0
DA:108,0
DA:109,0
DA:113,0
DA:114,0
DA:118,0
DA:119,0
DA:126,0
DA:137,0
DA:138,0
DA:142,0
DA:143,0
DA:147,0
DA:152,0
DA:161,0
LF:42
LH:0
BRDA:25,0,0,0
BRDA:25,0,1,0
BRDA:41,1,0,0
BRDA:41,1,1,0
BRDA:54,2,0,0
BRDA:54,2,1,0
BRDA:108,3,0,0
BRDA:108,3,1,0
BRDA:108,4,0,0
BRDA:108,4,1,0
BRDA:113,5,0,0
BRDA:113,5,1,0
BRDA:118,6,0,0
BRDA:118,6,1,0
BRDA:137,7,0,0
BRDA:137,7,1,0
BRDA:142,8,0,0
BRDA:142,8,1,0
BRDA:149,9,0,0
BRDA:149,9,1,0
BRF:20
BRH:0
end_of_record
TN:
SF:src/components/AudioPlayer.tsx
FN:12,formatTime
FN:19,AudioPlayer
FN:32,(anonymous_2)
FN:33,(anonymous_3)
FN:37,(anonymous_4)
FN:41,(anonymous_5)
FN:50,(anonymous_6)
FN:56,(anonymous_7)
FN:57,(anonymous_8)
FN:58,(anonymous_9)
FN:64,(anonymous_10)
FN:65,(anonymous_11)
FN:75,(anonymous_12)
FN:86,(anonymous_13)
FN:97,(anonymous_14)
FN:104,(anonymous_15)
FN:111,(anonymous_16)
FN:122,(anonymous_17)
FN:136,(anonymous_18)
FN:137,(anonymous_19)
FN:139,(anonymous_20)
FN:143,(anonymous_21)
FN:194,(anonymous_22)
FNF:23
FNH:0
FNDA:0,formatTime
FNDA:0,AudioPlayer
FNDA:0,(anonymous_2)
FNDA:0,(anonymous_3)
FNDA:0,(anonymous_4)
FNDA:0,(anonymous_5)
FNDA:0,(anonymous_6)
FNDA:0,(anonymous_7)
FNDA:0,(anonymous_8)
FNDA:0,(anonymous_9)
FNDA:0,(anonymous_10)
FNDA:0,(anonymous_11)
FNDA:0,(anonymous_12)
FNDA:0,(anonymous_13)
FNDA:0,(anonymous_14)
FNDA:0,(anonymous_15)
FNDA:0,(anonymous_16)
FNDA:0,(anonymous_17)
FNDA:0,(anonymous_18)
FNDA:0,(anonymous_19)
FNDA:0,(anonymous_20)
FNDA:0,(anonymous_21)
FNDA:0,(anonymous_22)
DA:13,0
DA:14,0
DA:15,0
DA:16,0
DA:20,0
DA:21,0
DA:23,0
DA:24,0
DA:25,0
DA:26,0
DA:27,0
DA:28,0
DA:29,0
DA:32,0
DA:33,0
DA:37,0
DA:38,0
DA:39,0
DA:41,0
DA:42,0
DA:43,0
DA:44,0
DA:45,0
DA:46,0
DA:50,0
DA:51,0
DA:52,0
DA:56,0
DA:57,0
DA:58,0
DA:59,0
DA:60,0
DA:61,0
DA:64,0
DA:65,0
DA:67,0
DA:68,0
DA:69,0
DA:70,0
DA:71,0
DA:72,0
DA:73,0
DA:75,0
DA:76,0
DA:77,0
DA:78,0
DA:79,0
DA:80,0
DA:81,0
DA:82,0
DA:86,0
DA:87,0
DA:88,0
DA:90,0
DA:91,0
DA:93,0
DA:97,0
DA:98,0
DA:99,0
DA:100,0
DA:101,0
DA:104,0
DA:105,0
DA:106,0
DA:107,0
DA:108,0
DA:111,0
DA:112,0
DA:113,0
DA:114,0
DA:116,0
DA:117,0
DA:118,0
DA:119,0
DA:122,0
DA:123,0
DA:125,0
DA:126,0
DA:127,0
DA:129,0
DA:130,0
DA:131,0
DA:132,0
DA:133,0
DA:136,0
DA:137,0
DA:139,0
DA:140,0
DA:141,0
DA:142,0
DA:143,0
DA:144,0
DA:145,0
DA:150,0
DA:152,0
DA:153,0
DA:188,0
DA:195,0
DA:196,0
DA:197,0
DA:199,0
LF:101
LH:0
BRDA:13,0,0,0
BRDA:13,0,1,0
BRDA:19,1,0,0
BRDA:19,2,0,0
BRDA:39,3,0,0
BRDA:39,3,1,0
BRDA:44,4,0,0
BRDA:44,4,1,0
BRDA:44,5,0,0
BRDA:44,5,1,0
BRDA:51,6,0,0
BRDA:51,6,1,0
BRDA:88,7,0,0
BRDA:88,7,1,0
BRDA:90,8,0,0
BRDA:90,8,1,0
BRDA:99,9,0,0
BRDA:99,9,1,0
BRDA:106,10,0,0
BRDA:106,10,1,0
BRDA:114,11,0,0
BRDA:114,11,1,0
BRDA:114,12,0,0
BRDA:114,12,1,0
BRDA:123,13,0,0
BRDA:123,13,1,0
BRDA:127,14,0,0
BRDA:127,14,1,0
BRDA:127,15,0,0
BRDA:127,15,1,0
BRDA:130,16,0,0
BRDA:130,16,1,0
BRDA:140,17,0,0
BRDA:140,17,1,0
BRDA:150,18,0,0
BRDA:150,18,1,0
BRDA:152,19,0,0
BRDA:152,19,1,0
BRDA:161,20,0,0
BRDA:161,20,1,0
BRDA:203,21,0,0
BRDA:203,21,1,0
BRDA:208,22,0,0
BRDA:208,22,1,0
BRDA:208,23,0,0
BRDA:208,23,1,0
BRDA:213,24,0,0
BRDA:213,24,1,0
BRDA:213,25,0,0
BRDA:213,25,1,0
BRDA:223,26,0,0
BRDA:223,26,1,0
BRDA:285,27,0,0
BRDA:285,27,1,0
BRDA:295,28,0,0
BRDA:295,28,1,0
BRDA:303,29,0,0
BRDA:303,29,1,0
BRDA:332,30,0,0
BRDA:332,30,1,0
BRF:60
BRH:0
end_of_record
TN:
SF:src/components/AudioRecorder.tsx
FN:13,AudioRecorder
FN:29,(anonymous_1)
FN:35,(anonymous_2)
FN:41,(anonymous_3)
FN:69,(anonymous_4)
FNF:5
FNH:0
FNDA:0,AudioRecorder
FNDA:0,(anonymous_1)
FNDA:0,(anonymous_2)
FNDA:0,(anonymous_3)
FNDA:0,(anonymous_4)
DA:26,0
DA:29,0
DA:30,0
DA:31,0
DA:35,0
DA:36,0
DA:37,0
DA:41,0
DA:42,0
DA:46,0
DA:48,0
DA:70,0
LF:12
LH:0
BRDA:13,0,0,0
BRDA:30,1,0,0
BRDA:30,1,1,0
BRDA:30,2,0,0
BRDA:30,2,1,0
BRDA:30,2,2,0
BRDA:36,3,0,0
BRDA:36,3,1,0
BRDA:46,4,0,0
BRDA:46,4,1,0
BRDA:52,5,0,0
BRDA:52,5,1,0
BRDA:67,6,0,0
BRDA:67,6,1,0
BRDA:67,6,2,0
BRDA:88,7,0,0
BRDA:88,7,1,0
BRDA:96,8,0,0
BRDA:96,8,1,0
BRDA:96,8,2,0
BRDA:96,8,3,0
BRDA:104,9,0,0
BRDA:104,9,1,0
BRDA:111,10,0,0
BRDA:111,10,1,0
BRDA:111,11,0,0
BRDA:111,11,1,0
BRDA:122,12,0,0
BRDA:122,12,1,0
BRDA:122,12,2,0
BRDA:132,13,0,0
BRDA:132,13,1,0
BRDA:136,14,0,0
BRDA:136,14,1,0
BRDA:139,15,0,0
BRDA:139,15,1,0
BRDA:153,16,0,0
BRDA:153,16,1,0
BRDA:176,17,0,0
BRDA:176,17,1,0
BRF:40
BRH:0
end_of_record
TN:
SF:src/components/AuthModal.tsx
FN:6,AuthModal
FN:19,(anonymous_1)
FN:46,(anonymous_2)
FN:68,(anonymous_3)
FN:157,(anonymous_4)
FN:168,(anonymous_5)
FN:225,(anonymous_6)
FN:226,(anonymous_7)
FN:227,(anonymous_8)
FN:246,(anonymous_9)
FN:247,(anonymous_10)
FN:248,(anonymous_11)
FN:265,(anonymous_12)
FN:266,(anonymous_13)
FN:267,(anonymous_14)
FN:379,(anonymous_15)
FN:390,(anonymous_16)
FNF:17
FNH:0
FNDA:0,AuthModal
FNDA:0,(anonymous_1)
FNDA:0,(anonymous_2)
FNDA:0,(anonymous_3)
FNDA:0,(anonymous_4)
FNDA:0,(anonymous_5)
FNDA:0,(anonymous_6)
FNDA:0,(anonymous_7)
FNDA:0,(anonymous_8)
FNDA:0,(anonymous_9)
FNDA:0,(anonymous_10)
FNDA:0,(anonymous_11)
FNDA:0,(anonymous_12)
FNDA:0,(anonymous_13)
FNDA:0,(anonymous_14)
FNDA:0,(anonymous_15)
FNDA:0,(anonymous_16)
DA:7,0
DA:8,0
DA:9,0
DA:14,0
DA:15,0
DA:16,0
DA:17,0
DA:19,0
DA:20,0
DA:21,0
DA:22,0
DA:23,0
DA:25,0
DA:26,0
DA:27,0
DA:28,0
DA:29,0
DA:32,0
DA:33,0
DA:34,0
DA:36,0
DA:40,0
DA:42,0
DA:46,0
DA:47,0
DA:48,0
DA:50,0
DA:51,0
DA:52,0
DA:53,0
DA:56,0
DA:58,0
DA:62,0
DA:64,0
DA:69,0
DA:157,0
DA:168,0
DA:225,0
DA:226,0
DA:227,0
DA:246,0
DA:247,0
DA:248,0
DA:265,0
DA:266,0
DA:267,0
DA:379,0
DA:391,0
LF:48
LH:0
BRDA:26,0,0,0
BRDA:26,0,1,0
BRDA:28,1,0,0
BRDA:28,1,1,0
BRDA:33,2,0,0
BRDA:33,2,1,0
BRDA:52,3,0,0
BRDA:52,3,1,0
BRDA:159,4,0,0
BRDA:159,4,1,0
BRDA:170,5,0,0
BRDA:170,5,1,0
BRDA:181,6,0,0
BRDA:181,6,1,0
BRDA:196,7,0,0
BRDA:196,7,1,0
BRDA:212,8,0,0
BRDA:212,8,1,0
BRDA:231,9,0,0
BRDA:231,9,1,0
BRDA:252,10,0,0
BRDA:252,10,1,0
BRDA:271,11,0,0
BRDA:271,11,1,0
BRDA:283,12,0,0
BRDA:283,12,1,0
BRDA:284,13,0,0
BRDA:284,13,1,0
BRDA:309,14,0,0
BRDA:309,14,1,0
BRDA:316,15,0,0
BRDA:316,15,1,0
BRDA:321,16,0,0
BRDA:321,16,1,0
BRDA:344,17,0,0
BRDA:344,17,1,0
BRDA:345,18,0,0
BRDA:345,18,1,0
BRDA:348,19,0,0
BRDA:348,19,1,0
BRDA:376,20,0,0
BRDA:376,20,1,0
BRDA:382,21,0,0
BRDA:382,21,1,0
BRF:44
BRH:0
end_of_record
TN:
SF:src/components/ConversationThread.tsx
FN:35,ConversationThread
FN:61,(anonymous_1)
FN:76,(anonymous_2)
FN:93,(anonymous_3)
FN:98,(anonymous_4)
FN:116,(anonymous_5)
FN:132,(anonymous_6)
FN:132,(anonymous_7)
FN:140,(anonymous_8)
FN:140,(anonymous_9)
FN:145,(anonymous_10)
FN:145,(anonymous_11)
FN:152,(anonymous_12)
FN:157,(anonymous_13)
FN:161,(anonymous_14)
FN:191,(anonymous_15)
FN:205,(anonymous_16)
FN:205,(anonymous_17)
FN:211,(anonymous_18)
FN:211,(anonymous_19)
FN:223,(anonymous_20)
FN:266,(anonymous_21)
FN:278,(anonymous_22)
FN:288,(anonymous_23)
FN:299,(anonymous_24)
FN:317,(anonymous_25)
FN:318,(anonymous_26)
FN:378,MessageBubble
FN:386,(anonymous_28)
FN:390,(anonymous_29)
FN:391,(anonymous_30)
FN:392,(anonymous_31)
FN:393,(anonymous_32)
FN:394,(anonymous_33)
FN:405,(anonymous_34)
FN:414,(anonymous_35)
FN:424,(anonymous_36)
FN:431,(anonymous_37)
FN:517,getTimeDisplay
FNF:39
FNH:0
FNDA:0,ConversationThread
FNDA:0,(anonymous_1)
FNDA:0,(anonymous_2)
FNDA:0,(anonymous_3)
FNDA:0,(anonymous_4)
FNDA:0,(anonymous_5)
FNDA:0,(anonymous_6)
FNDA:0,(anonymous_7)
FNDA:0,(anonymous_8)
FNDA:0,(anonymous_9)
FNDA:0,(anonymous_10)
FNDA:0,(anonymous_11)
FNDA:0,(anonymous_12)
FNDA:0,(anonymous_13)
FNDA:0,(anonymous_14)
FNDA:0,(anonymous_15)
FNDA:0,(anonymous_16)
FNDA:0,(anonymous_17)
FNDA:0,(anonymous_18)
FNDA:0,(anonymous_19)
FNDA:0,(anonymous_20)
FNDA:0,(anonymous_21)
FNDA:0,(anonymous_22)
FNDA:0,(anonymous_23)
FNDA:0,(anonymous_24)
FNDA:0,(anonymous_25)
FNDA:0,(anonymous_26)
FNDA:0,MessageBubble
FNDA:0,(anonymous_28)
FNDA:0,(anonymous_29)
FNDA:0,(anonymous_30)
FNDA:0,(anonymous_31)
FNDA:0,(anonymous_32)
FNDA:0,(anonymous_33)
FNDA:0,(anonymous_34)
FNDA:0,(anonymous_35)
FNDA:0,(anonymous_36)
FNDA:0,(anonymous_37)
FNDA:0,getTimeDisplay
DA:43,0
DA:44,0
DA:45,0
DA:46,0
DA:47,0
DA:48,0
DA:58,0
DA:61,0
DA:62,0
DA:63,0
DA:76,0
DA:77,0
DA:78,0
DA:79,0
DA:80,0
DA:81,0
DA:93,0
DA:94,0
DA:98,0
DA:99,0
DA:101,0
DA:102,0
DA:103,0
DA:106,0
DA:116,0
DA:118,0
DA:119,0
DA:120,0
DA:130,0
DA:132,0
DA:133,0
DA:137,0
DA:140,0
DA:141,0
DA:144,0
DA:145,0
DA:147,0
DA:152,0
DA:153,0
DA:157,0
DA:158,0
DA:161,0
DA:162,0
DA:164,0
DA:166,0
DA:167,0
DA:171,0
DA:172,0
DA:173,0
DA:174,0
DA:175,0
DA:176,0
DA:181,0
DA:191,0
DA:194,0
DA:204,0
DA:205,0
DA:206,0
DA:211,0
DA:214,0
DA:216,0
DA:218,0
DA:223,0
DA:224,0
DA:225,0
DA:226,0
DA:229,0
DA:267,0
DA:278,0
DA:288,0
DA:299,0
DA:317,0
DA:318,0
DA:379,0
DA:380,0
DA:381,0
DA:382,0
DA:383,0
DA:386,0
DA:387,0
DA:388,0
DA:390,0
DA:391,0
DA:392,0
DA:393,0
DA:394,0
DA:395,0
DA:396,0
DA:399,0
DA:400,0
DA:401,0
DA:402,0
DA:403,0
DA:405,0
DA:406,0
DA:407,0
DA:408,0
DA:409,0
DA:410,0
DA:414,0
DA:415,0
DA:416,0
DA:417,0
DA:418,0
DA:420,0
DA:424,0
DA:425,0
DA:426,0
DA:427,0
DA:428,0
DA:431,0
DA:432,0
DA:433,0
DA:436,0
DA:437,0
DA:438,0
DA:466,0
DA:467,0
DA:480,0
DA:481,0
DA:483,0
DA:484,0
DA:487,0
DA:490,0
DA:518,0
DA:519,0
DA:520,0
DA:522,0
DA:523,0
DA:524,0
DA:525,0
DA:526,0
LF:132
LH:0
BRDA:67,0,0,0
BRDA:67,0,1,0
BRDA:68,1,0,0
BRDA:68,1,1,0
BRDA:68,2,0,0
BRDA:68,2,1,0
BRDA:70,3,0,0
BRDA:70,3,1,0
BRDA:71,4,0,0
BRDA:71,4,1,0
BRDA:77,5,0,0
BRDA:77,5,1,0
BRDA:77,6,0,0
BRDA:77,6,1,0
BRDA:80,7,0,0
BRDA:80,7,1,0
BRDA:99,8,0,0
BRDA:99,8,1,0
BRDA:99,9,0,0
BRDA:99,9,1,0
BRDA:99,9,2,0
BRDA:119,10,0,0
BRDA:119,10,1,0
BRDA:119,10,2,0
BRDA:130,11,0,0
BRDA:130,11,1,0
BRDA:133,12,0,0
BRDA:133,12,1,0
BRDA:162,13,0,0
BRDA:162,13,1,0
BRDA:167,14,0,0
BRDA:167,14,1,0
BRDA:167,14,2,0
BRDA:171,15,0,0
BRDA:171,15,1,0
BRDA:174,16,0,0
BRDA:174,16,1,0
BRDA:204,17,0,0
BRDA:204,17,1,0
BRDA:206,18,0,0
BRDA:206,18,1,0
BRDA:259,19,0,0
BRDA:259,19,1,0
BRDA:280,20,0,0
BRDA:280,20,1,0
BRDA:290,21,0,0
BRDA:290,21,1,0
BRDA:301,22,0,0
BRDA:301,22,1,0
BRDA:312,23,0,0
BRDA:312,23,1,0
BRDA:318,24,0,0
BRDA:318,24,1,0
BRDA:324,25,0,0
BRDA:324,25,1,0
BRDA:327,26,0,0
BRDA:327,26,1,0
BRDA:336,27,0,0
BRDA:336,27,1,0
BRDA:362,28,0,0
BRDA:362,28,1,0
BRDA:367,29,0,0
BRDA:367,29,1,0
BRDA:388,30,0,0
BRDA:388,30,1,0
BRDA:416,31,0,0
BRDA:416,31,1,0
BRDA:417,32,0,0
BRDA:417,32,1,0
BRDA:425,33,0,0
BRDA:425,33,1,0
BRDA:432,34,0,0
BRDA:432,34,1,0
BRDA:436,35,0,0
BRDA:436,35,1,0
BRDA:436,36,0,0
BRDA:436,36,1,0
BRDA:437,37,0,0
BRDA:437,37,1,0
BRDA:445,38,0,0
BRDA:445,38,1,0
BRDA:460,39,0,0
BRDA:460,39,1,0
BRDA:466,40,0,0
BRDA:466,40,1,0
BRDA:466,41,0,0
BRDA:466,41,1,0
BRDA:480,42,0,0
BRDA:480,42,1,0
BRDA:483,43,0,0
BRDA:483,43,1,0
BRDA:494,44,0,0
BRDA:494,44,1,0
BRDA:496,45,0,0
BRDA:496,45,1,0
BRDA:499,46,0,0
BRDA:499,46,1,0
BRDA:504,47,0,0
BRDA:504,47,1,0
BRDA:510,48,0,0
BRDA:510,48,1,0
BRDA:522,49,0,0
BRDA:522,49,1,0
BRDA:523,50,0,0
BRDA:523,50,1,0
BRDA:525,51,0,0
BRDA:525,51,1,0
BRF:107
BRH:0
end_of_record
TN:
SF:src/components/DiagnosticOverlay.tsx
FN:12,DiagnosticOverlay
FN:22,(anonymous_1)
FN:27,(anonymous_2)
FN:43,(anonymous_3)
FN:52,(anonymous_4)
FN:58,(anonymous_5)
FN:63,(anonymous_6)
FN:81,(anonymous_7)
FN:91,(anonymous_8)
FN:94,(anonymous_9)
FN:188,(anonymous_10)
FN:207,(anonymous_11)
FN:214,(anonymous_12)
FN:265,(anonymous_13)
FN:305,SystemInfo
FN:325,(anonymous_15)
FN:371,(anonymous_16)
FNF:17
FNH:0
FNDA:0,DiagnosticOverlay
FNDA:0,(anonymous_1)
FNDA:0,(anonymous_2)
FNDA:0,(anonymous_3)
FNDA:0,(anonymous_4)
FNDA:0,(anonymous_5)
FNDA:0,(anonymous_6)
FNDA:0,(anonymous_7)
FNDA:0,(anonymous_8)
FNDA:0,(anonymous_9)
FNDA:0,(anonymous_10)
FNDA:0,(anonymous_11)
FNDA:0,(anonymous_12)
FNDA:0,(anonymous_13)
FNDA:0,SystemInfo
FNDA:0,(anonymous_15)
FNDA:0,(anonymous_16)
DA:13,0
DA:14,0
DA:15,0
DA:16,0
DA:17,0
DA:18,0
DA:19,0
DA:22,0
DA:23,0
DA:27,0
DA:28,0
DA:29,0
DA:30,0
DA:32,0
DA:33,0
DA:34,0
DA:35,0
DA:38,0
DA:41,0
DA:43,0
DA:44,0
DA:48,0
DA:49,0
DA:52,0
DA:53,0
DA:54,0
DA:55,0
DA:58,0
DA:59,0
DA:60,0
DA:63,0
DA:64,0
DA:65,0
DA:66,0
DA:67,0
DA:70,0
DA:81,0
DA:92,0
DA:94,0
DA:189,0
DA:207,0
DA:215,0
DA:266,0
DA:306,0
DA:308,0
DA:309,0
DA:312,0
DA:313,0
DA:325,0
DA:326,0
DA:327,0
DA:328,0
DA:331,0
DA:372,0
LF:54
LH:0
BRDA:23,0,0,0
BRDA:23,0,1,0
BRDA:32,1,0,0
BRDA:32,1,1,0
BRDA:48,2,0,0
BRDA:48,2,1,0
BRDA:48,3,0,0
BRDA:48,3,1,0
BRDA:53,4,0,0
BRDA:53,4,1,0
BRDA:59,5,0,0
BRDA:59,5,1,0
BRDA:64,6,0,0
BRDA:64,6,1,0
BRDA:65,7,0,0
BRDA:65,7,1,0
BRDA:66,8,0,0
BRDA:66,8,1,0
BRDA:76,9,0,0
BRDA:76,9,1,0
BRDA:96,10,0,0
BRDA:96,10,1,0
BRDA:108,11,0,0
BRDA:108,11,1,0
BRDA:129,12,0,0
BRDA:129,12,1,0
BRDA:148,13,0,0
BRDA:148,13,1,0
BRDA:162,14,0,0
BRDA:162,14,1,0
BRDA:170,15,0,0
BRDA:170,15,1,0
BRDA:172,16,0,0
BRDA:172,16,1,0
BRDA:184,17,0,0
BRDA:184,17,1,0
BRDA:191,18,0,0
BRDA:191,18,1,0
BRDA:202,19,0,0
BRDA:202,19,1,0
BRDA:224,20,0,0
BRDA:224,20,1,0
BRDA:232,21,0,0
BRDA:232,21,1,0
BRDA:241,22,0,0
BRDA:241,22,1,0
BRDA:248,23,0,0
BRDA:248,23,1,0
BRDA:249,24,0,0
BRDA:249,24,1,0
BRDA:252,25,0,0
BRDA:252,25,1,0
BRDA:261,26,0,0
BRDA:261,26,1,0
BRDA:297,27,0,0
BRDA:297,27,1,0
BRDA:308,28,0,0
BRDA:308,28,1,0
BRDA:312,29,0,0
BRDA:312,29,1,0
BRDA:326,30,0,0
BRDA:326,30,1,0
BRDA:326,31,0,0
BRDA:326,31,1,0
BRDA:327,32,0,0
BRDA:327,32,1,0
BRDA:327,33,0,0
BRDA:327,33,1,0
BRDA:373,34,0,0
BRDA:373,34,1,0
BRDA:374,35,0,0
BRDA:374,35,1,0
BRDA:386,36,0,0
BRDA:386,36,1,0
BRDA:394,37,0,0
BRDA:394,37,1,0
BRF:76
BRH:0
end_of_record
TN:
SF:src/components/ErrorBoundary.tsx
FN:31,(anonymous_0)
FN:41,(anonymous_1)
FN:45,(anonymous_2)
FN:72,(anonymous_3)
FN:73,(anonymous_4)
FN:83,(anonymous_5)
FN:89,(anonymous_6)
FN:100,(anonymous_7)
FN:120,(anonymous_8)
FN:132,(anonymous_9)
FN:152,(anonymous_10)
FN:184,(anonymous_11)
FN:225,withErrorBoundary
FN:229,(anonymous_13)
FN:243,useErrorHandler
FN:250,(anonymous_15)
FN:268,(anonymous_16)
FN:278,AppErrorBoundary
FN:284,(anonymous_18)
FN:297,RouteErrorBoundary
FN:298,(anonymous_20)
FN:302,(anonymous_21)
FN:332,(anonymous_22)
FNF:23
FNH:0
FNDA:0,(anonymous_0)
FNDA:0,(anonymous_1)
FNDA:0,(anonymous_2)
FNDA:0,(anonymous_3)
FNDA:0,(anonymous_4)
FNDA:0,(anonymous_5)
FNDA:0,(anonymous_6)
FNDA:0,(anonymous_7)
FNDA:0,(anonymous_8)
FNDA:0,(anonymous_9)
FNDA:0,(anonymous_10)
FNDA:0,(anonymous_11)
FNDA:0,withErrorBoundary
FNDA:0,(anonymous_13)
FNDA:0,useErrorHandler
FNDA:0,(anonymous_15)
FNDA:0,(anonymous_16)
FNDA:0,AppErrorBoundary
FNDA:0,(anonymous_18)
FNDA:0,RouteErrorBoundary
FNDA:0,(anonymous_20)
FNDA:0,(anonymous_21)
FNDA:0,(anonymous_22)
DA:32,0
DA:33,0
DA:42,0
DA:46,0
DA:47,0
DA:50,0
DA:53,0
DA:56,0
DA:57,0
DA:58,0
DA:60,0
DA:65,0
DA:68,0
DA:69,0
DA:70,0
DA:72,0
DA:73,0
DA:84,0
DA:85,0
DA:91,0
DA:92,0
DA:103,0
DA:114,0
DA:116,0
DA:120,0
DA:121,0
DA:122,0
DA:124,0
DA:133,0
DA:134,0
DA:136,0
DA:138,0
DA:139,0
DA:140,0
DA:142,0
DA:146,0
DA:149,0
DA:153,0
DA:154,0
DA:184,0
DA:196,0
DA:229,0
DA:230,0
DA:235,0
DA:237,0
DA:248,0
DA:250,0
DA:251,0
DA:252,0
DA:255,0
DA:257,0
DA:265,0
DA:268,0
DA:269,0
DA:272,0
DA:279,0
DA:286,0
DA:298,0
DA:299,0
DA:302,0
DA:303,0
DA:332,0
DA:343,0
LF:63
LH:0
BRDA:46,0,0,0
BRDA:46,1,0,0
BRDA:56,2,0,0
BRDA:56,2,1,0
BRDA:68,3,0,0
BRDA:68,3,1,0
BRDA:68,4,0,0
BRDA:68,4,1,0
BRDA:84,5,0,0
BRDA:84,5,1,0
BRDA:93,6,0,0
BRDA:93,6,1,0
BRDA:93,6,2,0
BRDA:93,6,3,0
BRDA:107,7,0,0
BRDA:107,7,1,0
BRDA:114,8,0,0
BRDA:114,8,1,0
BRDA:121,9,0,0
BRDA:121,9,1,0
BRDA:134,10,0,0
BRDA:136,11,0,0
BRDA:136,11,1,0
BRDA:136,12,0,0
BRDA:136,12,1,0
BRDA:138,13,0,0
BRDA:138,13,1,0
BRDA:139,14,0,0
BRDA:139,14,1,0
BRDA:153,15,0,0
BRDA:153,15,1,0
BRDA:169,16,0,0
BRDA:169,16,1,0
BRDA:207,17,0,0
BRDA:207,17,1,0
BRDA:235,18,0,0
BRDA:235,18,1,0
BRDA:235,18,2,0
BRDA:255,19,0,0
BRDA:255,19,1,0
BRDA:317,20,0,0
BRDA:317,20,1,0
BRF:42
BRH:0
end_of_record
TN:
SF:src/components/EtherealMap.tsx
FN:13,EtherealMap
FN:19,(anonymous_1)
FN:24,(anonymous_2)
FN:33,(anonymous_3)
FN:131,(anonymous_4)
FN:147,(anonymous_5)
FN:155,(anonymous_6)
FN:159,(anonymous_7)
FN:169,(anonymous_8)
FN:182,(anonymous_9)
FN:203,(anonymous_10)
FN:204,(anonymous_11)
FN:208,(anonymous_12)
FN:212,(anonymous_13)
FN:216,(anonymous_14)
FN:220,(anonymous_15)
FN:224,(anonymous_16)
FN:228,(anonymous_17)
FNF:18
FNH:0
FNDA:0,EtherealMap
FNDA:0,(anonymous_1)
FNDA:0,(anonymous_2)
FNDA:0,(anonymous_3)
FNDA:0,(anonymous_4)
FNDA:0,(anonymous_5)
FNDA:0,(anonymous_6)
FNDA:0,(anonymous_7)
FNDA:0,(anonymous_8)
FNDA:0,(anonymous_9)
FNDA:0,(anonymous_10)
FNDA:0,(anonymous_11)
FNDA:0,(anonymous_12)
FNDA:0,(anonymous_13)
FNDA:0,(anonymous_14)
FNDA:0,(anonymous_15)
FNDA:0,(anonymous_16)
FNDA:0,(anonymous_17)
DA:14,0
DA:15,0
DA:16,0
DA:17,0
DA:19,0
DA:20,0
DA:21,0
DA:24,0
DA:25,0
DA:26,0
DA:33,0
DA:34,0
DA:37,0
DA:129,0
DA:140,0
DA:141,0
DA:142,0
DA:143,0
DA:144,0
DA:148,0
DA:149,0
DA:151,0
DA:154,0
DA:155,0
DA:160,0
DA:161,0
DA:162,0
DA:163,0
DA:164,0
DA:170,0
DA:171,0
DA:172,0
DA:175,0
DA:176,0
DA:177,0
DA:179,0
DA:189,0
DA:190,0
DA:192,0
DA:193,0
DA:195,0
DA:196,0
DA:198,0
DA:199,0
DA:203,0
DA:204,0
DA:213,0
DA:217,0
DA:221,0
DA:225,0
DA:229,0
LF:51
LH:0
BRDA:25,0,0,0
BRDA:25,0,1,0
BRDA:148,1,0,0
BRDA:148,1,1,0
BRDA:154,2,0,0
BRDA:154,2,1,0
BRDA:161,3,0,0
BRDA:161,3,1,0
BRDA:163,4,0,0
BRDA:163,4,1,0
BRDA:189,5,0,0
BRDA:189,5,1,0
BRDA:192,6,0,0
BRDA:192,6,1,0
BRDA:195,7,0,0
BRDA:195,7,1,0
BRDA:198,8,0,0
BRDA:198,8,1,0
BRF:18
BRH:0
end_of_record
TN:
SF:src/components/FallbackUI.tsx
FN:17,GenericErrorFallback
FN:76,NetworkErrorFallback
FN:118,(anonymous_2)
FN:133,PermissionErrorFallback
FN:230,NotFoundFallback
FN:247,(anonymous_5)
FN:254,(anonymous_6)
FN:268,MaintenanceFallback
FN:321,LoadingFallback
FN:335,OfflineIndicator
FN:356,ErrorToast
FN:397,SuccessToast
FNF:12
FNH:0
FNDA:0,GenericErrorFallback
FNDA:0,NetworkErrorFallback
FNDA:0,(anonymous_2)
FNDA:0,PermissionErrorFallback
FNDA:0,NotFoundFallback
FNDA:0,(anonymous_5)
FNDA:0,(anonymous_6)
FNDA:0,MaintenanceFallback
FNDA:0,LoadingFallback
FNDA:0,OfflineIndicator
FNDA:0,ErrorToast
FNDA:0,SuccessToast
DA:24,0
DA:77,0
DA:118,0
DA:140,0
DA:191,0
DA:193,0
DA:231,0
DA:247,0
DA:254,0
DA:269,0
DA:322,0
DA:336,0
DA:363,0
DA:404,0
LF:14
LH:0
BRDA:52,0,0,0
BRDA:52,0,1,0
BRF:2
BRH:0
end_of_record
TN:
SF:src/components/InboxModal.tsx
FN:26,InboxModal
FN:36,(anonymous_1)
FN:37,(anonymous_2)
FN:38,(anonymous_3)
FN:49,(anonymous_4)
FN:54,(anonymous_5)
FN:63,(anonymous_6)
FN:65,(anonymous_7)
FN:97,(anonymous_8)
FN:173,(anonymous_9)
FN:181,(anonymous_10)
FN:232,(anonymous_11)
FNF:12
FNH:0
FNDA:0,InboxModal
FNDA:0,(anonymous_1)
FNDA:0,(anonymous_2)
FNDA:0,(anonymous_3)
FNDA:0,(anonymous_4)
FNDA:0,(anonymous_5)
FNDA:0,(anonymous_6)
FNDA:0,(anonymous_7)
FNDA:0,(anonymous_8)
FNDA:0,(anonymous_9)
FNDA:0,(anonymous_10)
FNDA:0,(anonymous_11)
DA:27,0
DA:28,0
DA:33,0
DA:36,0
DA:37,0
DA:38,0
DA:49,0
DA:52,0
DA:54,0
DA:55,0
DA:56,0
DA:57,0
DA:58,0
DA:59,0
DA:60,0
DA:63,0
DA:65,0
DA:67,0
DA:79,0
DA:80,0
DA:84,0
DA:97,0
DA:174,0
DA:181,0
DA:232,0
LF:25
LH:0
BRDA:29,0,0,0
BRDA:29,0,1,0
BRDA:41,1,0,0
BRDA:41,1,1,0
BRDA:41,2,0,0
BRDA:41,2,1,0
BRDA:44,3,0,0
BRDA:44,3,1,0
BRDA:55,4,0,0
BRDA:55,4,1,0
BRDA:57,5,0,0
BRDA:57,5,1,0
BRDA:58,6,0,0
BRDA:58,6,1,0
BRDA:72,7,0,0
BRDA:72,7,1,0
BRDA:76,8,0,0
BRDA:76,8,1,0
BRDA:79,9,0,0
BRDA:79,9,1,0
BRDA:109,10,0,0
BRDA:109,10,1,0
BRDA:110,11,0,0
BRDA:110,11,1,0
BRDA:124,12,0,0
BRDA:124,12,1,0
BRDA:134,13,0,0
BRDA:134,13,1,0
BRDA:142,14,0,0
BRDA:142,14,1,0
BRDA:142,14,2,0
BRDA:151,15,0,0
BRDA:151,15,1,0
BRDA:151,15,2,0
BRDA:162,16,0,0
BRDA:162,16,1,0
BRDA:162,16,2,0
BRDA:162,16,3,0
BRDA:162,16,4,0
BRDA:173,17,0,0
BRDA:173,17,1,0
BRDA:173,17,2,0
BRDA:173,17,3,0
BRDA:179,18,0,0
BRDA:179,18,1,0
BRDA:186,19,0,0
BRDA:186,19,1,0
BRDA:200,20,0,0
BRDA:200,20,1,0
BRDA:209,21,0,0
BRDA:209,21,1,0
BRDA:221,22,0,0
BRDA:221,22,1,0
BRF:53
BRH:0
end_of_record
TN:
SF:src/components/InfoModal.tsx
FN:8,InfoModal
FN:24,(anonymous_1)
FNF:2
FNH:0
FNDA:0,InfoModal
FNDA:0,(anonymous_1)
DA:9,0
DA:24,0
LF:2
LH:0
BRF:0
BRH:0
end_of_record
TN:
SF:src/components/LoadingScreen.tsx
FN:3,LoadingScreen
FNF:1
FNH:0
FNDA:0,LoadingScreen
DA:4,0
LF:1
LH:0
BRF:0
BRH:0
end_of_record
TN:
SF:src/components/MapDebug.tsx
FN:7,MapDebug
FN:11,(anonymous_1)
FN:31,(anonymous_2)
FN:36,(anonymous_3)
FN:41,(anonymous_4)
FNF:5
FNH:0
FNDA:0,MapDebug
FNDA:0,(anonymous_1)
FNDA:0,(anonymous_2)
FNDA:0,(anonymous_3)
FNDA:0,(anonymous_4)
DA:5,0
DA:8,0
DA:9,0
DA:11,0
DA:12,0
DA:13,0
DA:14,0
DA:17,0
DA:18,0
DA:23,0
DA:24,0
DA:31,0
DA:32,0
DA:33,0
DA:36,0
DA:37,0
DA:38,0
DA:41,0
DA:42,0
DA:45,0
DA:46,0
DA:50,0
LF:22
LH:0
BRDA:12,0,0,0
BRDA:12,0,1,0
BRDA:37,1,0,0
BRDA:37,1,1,0
BRF:4
BRH:0
end_of_record
TN:
SF:src/components/PrayerAnimationLayer.tsx
FN:13,PrayerAnimationLayer
FN:26,(anonymous_1)
FN:47,(anonymous_2)
FN:60,(anonymous_3)
FN:67,(anonymous_4)
FNF:5
FNH:0
FNDA:0,PrayerAnimationLayer
FNDA:0,(anonymous_1)
FNDA:0,(anonymous_2)
FNDA:0,(anonymous_3)
FNDA:0,(anonymous_4)
DA:14,0
DA:20,0
DA:21,0
DA:24,0
DA:26,0
DA:27,0
DA:30,0
DA:33,0
DA:34,0
DA:35,0
DA:38,0
DA:47,0
DA:48,0
DA:49,0
DA:50,0
DA:56,0
DA:57,0
DA:60,0
DA:61,0
DA:62,0
DA:63,0
DA:67,0
DA:68,0
DA:69,0
DA:73,0
DA:75,0
DA:76,0
DA:78,0
LF:28
LH:0
BRDA:27,0,0,0
BRDA:27,0,1,0
BRDA:61,1,0,0
BRDA:61,1,1,0
BRDA:73,2,0,0
BRDA:73,2,1,0
BRDA:73,3,0,0
BRDA:73,3,1,0
BRF:8
BRH:0
end_of_record
TN:
SF:src/components/PrayerConnection.tsx
FN:13,PrayerConnection
FN:27,(anonymous_1)
FN:30,(anonymous_2)
FN:51,(anonymous_3)
FN:75,(anonymous_4)
FN:83,(anonymous_5)
FN:93,(anonymous_6)
FNF:7
FNH:0
FNDA:0,PrayerConnection
FNDA:0,(anonymous_1)
FNDA:0,(anonymous_2)
FNDA:0,(anonymous_3)
FNDA:0,(anonymous_4)
FNDA:0,(anonymous_5)
FNDA:0,(anonymous_6)
DA:20,0
DA:24,0
DA:25,0
DA:27,0
DA:28,0
DA:30,0
DA:31,0
DA:32,0
DA:33,0
DA:39,0
DA:42,0
DA:43,0
DA:44,0
DA:45,0
DA:46,0
DA:47,0
DA:48,0
DA:49,0
DA:51,0
DA:52,0
DA:53,0
DA:54,0
DA:55,0
DA:56,0
DA:57,0
DA:58,0
DA:59,0
DA:63,0
DA:64,0
DA:65,0
DA:68,0
DA:69,0
DA:71,0
DA:73,0
DA:75,0
DA:76,0
DA:83,0
DA:84,0
DA:85,0
DA:86,0
DA:93,0
DA:94,0
DA:95,0
DA:96,0
DA:97,0
DA:98,0
DA:103,0
DA:107,0
LF:48
LH:0
BRDA:63,0,0,0
BRDA:63,0,1,0
BRDA:85,1,0,0
BRDA:85,1,1,0
BRDA:94,2,0,0
BRDA:94,2,1,0
BRDA:97,3,0,0
BRDA:97,3,1,0
BRDA:126,4,0,0
BRDA:126,4,1,0
BRDA:145,5,0,0
BRDA:145,5,1,0
BRDA:146,6,0,0
BRDA:146,6,1,0
BRDA:154,7,0,0
BRDA:154,7,1,0
BRDA:154,7,2,0
BRF:17
BRH:0
end_of_record
TN:
SF:src/components/PrayerCreationAnimation.tsx
FN:11,PrayerCreationAnimation
FN:20,(anonymous_1)
FN:45,(anonymous_2)
FN:49,(anonymous_3)
FN:57,(anonymous_4)
FN:103,(anonymous_5)
FN:189,(anonymous_6)
FNF:7
FNH:0
FNDA:0,PrayerCreationAnimation
FNDA:0,(anonymous_1)
FNDA:0,(anonymous_2)
FNDA:0,(anonymous_3)
FNDA:0,(anonymous_4)
FNDA:0,(anonymous_5)
FNDA:0,(anonymous_6)
DA:16,0
DA:17,0
DA:18,0
DA:20,0
DA:22,0
DA:23,0
DA:25,0
DA:27,0
DA:28,0
DA:31,0
DA:33,0
DA:34,0
DA:36,0
DA:38,0
DA:45,0
DA:46,0
DA:49,0
DA:50,0
DA:51,0
DA:57,0
DA:58,0
DA:59,0
DA:63,0
DA:66,0
DA:67,0
DA:69,0
DA:104,0
DA:190,0
LF:28
LH:0
BRDA:22,0,0,0
BRDA:22,0,1,0
BRDA:25,1,0,0
BRDA:25,1,1,0
BRDA:50,2,0,0
BRDA:50,2,1,0
BRDA:58,3,0,0
BRDA:58,3,1,0
BRDA:58,4,0,0
BRDA:58,4,1,0
BRDA:58,4,2,0
BRDA:63,5,0,0
BRDA:63,5,1,0
BRF:13
BRH:0
end_of_record
TN:
SF:src/components/PrayerDetailModal.tsx
FN:28,calculateDistance
FN:45,PrayerDetailModal
FN:61,(anonymous_2)
FN:66,(anonymous_3)
FN:70,(anonymous_4)
FN:83,(anonymous_5)
FN:88,(anonymous_6)
FN:98,(anonymous_7)
FN:102,(anonymous_8)
FN:107,(anonymous_9)
FN:125,(anonymous_10)
FN:260,(anonymous_11)
FN:294,(anonymous_12)
FN:328,(anonymous_13)
FN:381,(anonymous_14)
FN:449,(anonymous_15)
FN:460,(anonymous_16)
FN:485,(anonymous_17)
FNF:18
FNH:0
FNDA:0,calculateDistance
FNDA:0,PrayerDetailModal
FNDA:0,(anonymous_2)
FNDA:0,(anonymous_3)
FNDA:0,(anonymous_4)
FNDA:0,(anonymous_5)
FNDA:0,(anonymous_6)
FNDA:0,(anonymous_7)
FNDA:0,(anonymous_8)
FNDA:0,(anonymous_9)
FNDA:0,(anonymous_10)
FNDA:0,(anonymous_11)
FNDA:0,(anonymous_12)
FNDA:0,(anonymous_13)
FNDA:0,(anonymous_14)
FNDA:0,(anonymous_15)
FNDA:0,(anonymous_16)
FNDA:0,(anonymous_17)
DA:34,0
DA:35,0
DA:36,0
DA:38,0
DA:41,0
DA:42,0
DA:46,0
DA:47,0
DA:48,0
DA:52,0
DA:53,0
DA:54,0
DA:55,0
DA:56,0
DA:57,0
DA:59,0
DA:61,0
DA:62,0
DA:63,0
DA:66,0
DA:67,0
DA:68,0
DA:70,0
DA:72,0
DA:79,0
DA:83,0
DA:85,0
DA:86,0
DA:88,0
DA:90,0
DA:98,0
DA:99,0
DA:102,0
DA:103,0
DA:104,0
DA:107,0
DA:108,0
DA:109,0
DA:112,0
DA:125,0
DA:260,0
DA:294,0
DA:328,0
DA:381,0
DA:450,0
DA:451,0
DA:461,0
DA:462,0
DA:485,0
LF:49
LH:0
BRDA:50,0,0,0
BRDA:50,0,1,0
BRDA:59,1,0,0
BRDA:59,1,1,0
BRDA:73,2,0,0
BRDA:73,2,1,0
BRDA:75,3,0,0
BRDA:75,3,1,0
BRDA:76,4,0,0
BRDA:76,4,1,0
BRDA:130,5,0,0
BRDA:130,5,1,0
BRDA:164,6,0,0
BRDA:164,6,1,0
BRDA:164,7,0,0
BRDA:164,7,1,0
BRDA:180,8,0,0
BRDA:180,8,1,0
BRDA:185,9,0,0
BRDA:185,9,1,0
BRDA:190,10,0,0
BRDA:190,10,1,0
BRDA:200,11,0,0
BRDA:200,11,1,0
BRDA:204,12,0,0
BRDA:204,12,1,0
BRDA:213,13,0,0
BRDA:213,13,1,0
BRDA:214,14,0,0
BRDA:214,14,1,0
BRDA:219,15,0,0
BRDA:219,15,1,0
BRDA:229,16,0,0
BRDA:229,16,1,0
BRDA:229,16,2,0
BRDA:241,17,0,0
BRDA:241,17,1,0
BRDA:241,17,2,0
BRDA:252,18,0,0
BRDA:252,18,1,0
BRDA:255,19,0,0
BRDA:255,19,1,0
BRDA:262,20,0,0
BRDA:262,20,1,0
BRDA:267,21,0,0
BRDA:267,21,1,0
BRDA:296,22,0,0
BRDA:296,22,1,0
BRDA:301,23,0,0
BRDA:301,23,1,0
BRDA:330,24,0,0
BRDA:330,24,1,0
BRDA:335,25,0,0
BRDA:335,25,1,0
BRDA:364,26,0,0
BRDA:364,26,1,0
BRDA:374,27,0,0
BRDA:374,27,1,0
BRDA:390,28,0,0
BRDA:390,28,1,0
BRDA:398,29,0,0
BRDA:398,29,1,0
BRDA:404,30,0,0
BRDA:404,30,1,0
BRDA:443,31,0,0
BRDA:443,31,1,0
BRDA:474,32,0,0
BRDA:474,32,1,0
BRDA:482,33,0,0
BRDA:482,33,1,0
BRDA:491,34,0,0
BRDA:491,34,1,0
BRDA:501,35,0,0
BRDA:501,35,1,0
BRDA:501,35,2,0
BRF:75
BRH:0
end_of_record
TN:
SF:src/components/PrayerMap.tsx
FN:50,groupPrayersByLocation
FN:58,(anonymous_1)
FN:66,(anonymous_2)
FN:74,(anonymous_3)
FN:97,PrayerMap
FN:140,(anonymous_5)
FN:147,(anonymous_6)
FN:149,(anonymous_7)
FN:155,(anonymous_8)
FN:161,(anonymous_9)
FN:169,(anonymous_10)
FN:190,(anonymous_11)
FN:210,(anonymous_12)
FN:214,(anonymous_13)
FN:220,(anonymous_14)
FN:228,(anonymous_15)
FN:233,(anonymous_16)
FN:272,(anonymous_17)
FN:294,(anonymous_18)
FN:296,(anonymous_19)
FN:304,(anonymous_20)
FN:326,(anonymous_21)
FN:345,(anonymous_22)
FN:350,(anonymous_23)
FN:379,(anonymous_24)
FN:387,(anonymous_25)
FN:388,(anonymous_26)
FN:421,(anonymous_27)
FN:451,(anonymous_28)
FN:463,(anonymous_29)
FN:478,(anonymous_30)
FN:487,(anonymous_31)
FN:496,(anonymous_32)
FN:505,(anonymous_33)
FNF:34
FNH:0
FNDA:0,groupPrayersByLocation
FNDA:0,(anonymous_1)
FNDA:0,(anonymous_2)
FNDA:0,(anonymous_3)
FNDA:0,PrayerMap
FNDA:0,(anonymous_5)
FNDA:0,(anonymous_6)
FNDA:0,(anonymous_7)
FNDA:0,(anonymous_8)
FNDA:0,(anonymous_9)
FNDA:0,(anonymous_10)
FNDA:0,(anonymous_11)
FNDA:0,(anonymous_12)
FNDA:0,(anonymous_13)
FNDA:0,(anonymous_14)
FNDA:0,(anonymous_15)
FNDA:0,(anonymous_16)
FNDA:0,(anonymous_17)
FNDA:0,(anonymous_18)
FNDA:0,(anonymous_19)
FNDA:0,(anonymous_20)
FNDA:0,(anonymous_21)
FNDA:0,(anonymous_22)
FNDA:0,(anonymous_23)
FNDA:0,(anonymous_24)
FNDA:0,(anonymous_25)
FNDA:0,(anonymous_26)
FNDA:0,(anonymous_27)
FNDA:0,(anonymous_28)
FNDA:0,(anonymous_29)
FNDA:0,(anonymous_30)
FNDA:0,(anonymous_31)
FNDA:0,(anonymous_32)
FNDA:0,(anonymous_33)
DA:51,0
DA:52,0
DA:54,0
DA:55,0
DA:58,0
DA:59,0
DA:60,0
DA:61,0
DA:62,0
DA:66,0
DA:67,0
DA:70,0
DA:71,0
DA:72,0
DA:74,0
DA:76,0
DA:85,0
DA:89,0
DA:90,0
DA:98,0
DA:99,0
DA:100,0
DA:109,0
DA:117,0
DA:123,0
DA:124,0
DA:125,0
DA:126,0
DA:127,0
DA:128,0
DA:129,0
DA:130,0
DA:134,0
DA:140,0
DA:143,0
DA:147,0
DA:149,0
DA:150,0
DA:151,0
DA:155,0
DA:156,0
DA:157,0
DA:161,0
DA:162,0
DA:169,0
DA:170,0
DA:172,0
DA:174,0
DA:190,0
DA:191,0
DA:192,0
DA:195,0
DA:198,0
DA:199,0
DA:200,0
DA:202,0
DA:203,0
DA:206,0
DA:210,0
DA:211,0
DA:214,0
DA:215,0
DA:216,0
DA:220,0
DA:222,0
DA:228,0
DA:230,0
DA:233,0
DA:234,0
DA:237,0
DA:238,0
DA:241,0
DA:244,0
DA:245,0
DA:246,0
DA:250,0
DA:251,0
DA:252,0
DA:253,0
DA:254,0
DA:255,0
DA:257,0
DA:262,0
DA:263,0
DA:273,0
DA:278,0
DA:279,0
DA:280,0
DA:282,0
DA:294,0
DA:295,0
DA:296,0
DA:297,0
DA:298,0
DA:300,0
DA:304,0
DA:305,0
DA:308,0
DA:311,0
DA:316,0
DA:317,0
DA:322,0
DA:326,0
DA:327,0
DA:330,0
DA:346,0
DA:350,0
DA:380,0
DA:381,0
DA:387,0
DA:388,0
DA:421,0
DA:451,0
DA:463,0
DA:478,0
DA:487,0
DA:496,0
DA:505,0
LF:118
LH:0
BRDA:50,0,0,0
BRDA:55,1,0,0
BRDA:55,1,1,0
BRDA:59,2,0,0
BRDA:59,2,1,0
BRDA:62,3,0,0
BRDA:62,3,1,0
BRDA:89,4,0,0
BRDA:89,4,1,0
BRDA:118,5,0,0
BRDA:118,5,1,0
BRDA:170,6,0,0
BRDA:170,6,1,0
BRDA:170,7,0,0
BRDA:170,7,1,0
BRDA:192,8,0,0
BRDA:192,8,1,0
BRDA:199,9,0,0
BRDA:199,9,1,0
BRDA:202,10,0,0
BRDA:202,10,1,0
BRDA:234,11,0,0
BRDA:234,11,1,0
BRDA:238,12,0,0
BRDA:238,12,1,0
BRDA:238,12,2,0
BRDA:244,13,0,0
BRDA:244,13,1,0
BRDA:245,14,0,0
BRDA:245,14,1,0
BRDA:246,15,0,0
BRDA:246,15,1,0
BRDA:250,16,0,0
BRDA:250,16,1,0
BRDA:250,17,0,0
BRDA:250,17,1,0
BRDA:253,18,0,0
BRDA:253,18,1,0
BRDA:287,19,0,0
BRDA:287,19,1,0
BRDA:287,20,0,0
BRDA:287,20,1,0
BRDA:288,21,0,0
BRDA:288,21,1,0
BRDA:305,22,0,0
BRDA:305,22,1,0
BRDA:351,23,0,0
BRDA:351,23,1,0
BRDA:352,24,0,0
BRDA:352,24,1,0
BRDA:353,25,0,0
BRDA:353,25,1,0
BRDA:379,26,0,0
BRDA:379,26,1,0
BRDA:379,26,2,0
BRDA:396,27,0,0
BRDA:396,27,1,0
BRDA:408,28,0,0
BRDA:408,28,1,0
BRDA:426,29,0,0
BRDA:426,29,1,0
BRDA:474,30,0,0
BRDA:474,30,1,0
BRDA:486,31,0,0
BRDA:486,31,1,0
BRDA:493,32,0,0
BRDA:493,32,1,0
BRDA:504,33,0,0
BRDA:504,33,1,0
BRF:69
BRH:0
end_of_record
TN:
SF:src/components/PrayerMarker.tsx
FN:16,PrayerMarker
FN:28,(anonymous_1)
FN:40,(anonymous_2)
FN:53,(anonymous_3)
FN:61,(anonymous_4)
FN:100,(anonymous_5)
FN:156,(anonymous_6)
FN:162,(anonymous_7)
FN:165,(anonymous_8)
FNF:9
FNH:0
FNDA:0,PrayerMarker
FNDA:0,(anonymous_1)
FNDA:0,(anonymous_2)
FNDA:0,(anonymous_3)
FNDA:0,(anonymous_4)
FNDA:0,(anonymous_5)
FNDA:0,(anonymous_6)
FNDA:0,(anonymous_7)
FNDA:0,(anonymous_8)
DA:25,0
DA:26,0
DA:28,0
DA:29,0
DA:32,0
DA:33,0
DA:35,0
DA:36,0
DA:37,0
DA:40,0
DA:41,0
DA:42,0
DA:43,0
DA:45,0
DA:49,0
DA:50,0
DA:51,0
DA:53,0
DA:54,0
DA:55,0
DA:59,0
DA:61,0
DA:62,0
DA:63,0
DA:64,0
DA:67,0
DA:101,0
DA:102,0
DA:104,0
DA:156,0
DA:163,0
DA:166,0
DA:167,0
LF:33
LH:0
BRDA:21,0,0,0
BRDA:22,1,0,0
BRDA:29,2,0,0
BRDA:29,2,1,0
BRDA:35,3,0,0
BRDA:35,3,1,0
BRDA:35,4,0,0
BRDA:35,4,1,0
BRDA:35,4,2,0
BRDA:35,4,3,0
BRDA:59,5,0,0
BRDA:59,5,1,0
BRDA:62,6,0,0
BRDA:62,6,1,0
BRDA:83,7,0,0
BRDA:83,7,1,0
BRDA:86,8,0,0
BRDA:86,8,1,0
BRDA:101,9,0,0
BRDA:101,9,1,0
BRDA:110,10,0,0
BRDA:110,10,1,0
BRDA:113,11,0,0
BRDA:113,11,1,0
BRDA:119,12,0,0
BRDA:119,12,1,0
BRDA:124,13,0,0
BRDA:124,13,1,0
BRDA:131,14,0,0
BRDA:131,14,1,0
BRDA:150,15,0,0
BRDA:150,15,1,0
BRDA:150,15,2,0
BRDA:172,16,0,0
BRDA:172,16,1,0
BRF:35
BRH:0
end_of_record
TN:
SF:src/components/RequestPrayerModal.tsx
FN:24,RequestPrayerModal
FN:37,(anonymous_1)
FN:44,(anonymous_2)
FN:51,(anonymous_3)
FN:157,(anonymous_4)
FN:166,(anonymous_5)
FN:195,(anonymous_6)
FN:215,(anonymous_7)
FN:249,(anonymous_8)
FN:283,(anonymous_9)
FN:325,(anonymous_10)
FN:338,(anonymous_11)
FNF:12
FNH:0
FNDA:0,RequestPrayerModal
FNDA:0,(anonymous_1)
FNDA:0,(anonymous_2)
FNDA:0,(anonymous_3)
FNDA:0,(anonymous_4)
FNDA:0,(anonymous_5)
FNDA:0,(anonymous_6)
FNDA:0,(anonymous_7)
FNDA:0,(anonymous_8)
FNDA:0,(anonymous_9)
FNDA:0,(anonymous_10)
FNDA:0,(anonymous_11)
DA:25,0
DA:26,0
DA:27,0
DA:28,0
DA:29,0
DA:30,0
DA:31,0
DA:32,0
DA:33,0
DA:34,0
DA:35,0
DA:37,0
DA:38,0
DA:39,0
DA:40,0
DA:41,0
DA:44,0
DA:45,0
DA:46,0
DA:47,0
DA:48,0
DA:51,0
DA:52,0
DA:55,0
DA:56,0
DA:57,0
DA:61,0
DA:62,0
DA:63,0
DA:64,0
DA:68,0
DA:69,0
DA:70,0
DA:71,0
DA:75,0
DA:76,0
DA:77,0
DA:80,0
DA:87,0
DA:91,0
DA:92,0
DA:93,0
DA:95,0
DA:96,0
DA:97,0
DA:99,0
DA:100,0
DA:101,0
DA:102,0
DA:105,0
DA:114,0
DA:115,0
DA:116,0
DA:118,0
DA:120,0
DA:124,0
DA:125,0
DA:126,0
DA:128,0
DA:129,0
DA:130,0
DA:132,0
DA:133,0
DA:134,0
DA:135,0
DA:138,0
DA:147,0
DA:148,0
DA:149,0
DA:151,0
DA:153,0
DA:157,0
DA:158,0
DA:159,0
DA:160,0
DA:161,0
DA:162,0
DA:166,0
DA:167,0
DA:168,0
DA:169,0
DA:170,0
DA:172,0
DA:173,0
DA:174,0
DA:176,0
DA:177,0
DA:179,0
DA:182,0
DA:195,0
DA:215,0
DA:249,0
DA:283,0
DA:325,0
DA:338,0
LF:95
LH:0
BRDA:55,0,0,0
BRDA:55,0,1,0
BRDA:55,1,0,0
BRDA:55,1,1,0
BRDA:61,2,0,0
BRDA:61,2,1,0
BRDA:62,3,0,0
BRDA:62,3,1,0
BRDA:69,4,0,0
BRDA:69,4,1,0
BRDA:75,5,0,0
BRDA:75,5,1,0
BRDA:81,6,0,0
BRDA:81,6,1,0
BRDA:91,7,0,0
BRDA:91,7,1,0
BRDA:91,8,0,0
BRDA:91,8,1,0
BRDA:96,9,0,0
BRDA:96,9,1,0
BRDA:99,10,0,0
BRDA:99,10,1,0
BRDA:106,11,0,0
BRDA:106,11,1,0
BRDA:115,12,0,0
BRDA:115,12,1,0
BRDA:124,13,0,0
BRDA:124,13,1,0
BRDA:124,14,0,0
BRDA:124,14,1,0
BRDA:129,15,0,0
BRDA:129,15,1,0
BRDA:132,16,0,0
BRDA:132,16,1,0
BRDA:139,17,0,0
BRDA:139,17,1,0
BRDA:148,18,0,0
BRDA:148,18,1,0
BRDA:158,19,0,0
BRDA:158,19,1,0
BRDA:159,20,0,0
BRDA:159,20,1,0
BRDA:160,21,0,0
BRDA:160,21,1,0
BRDA:161,22,0,0
BRDA:161,22,1,0
BRDA:168,23,0,0
BRDA:168,23,1,0
BRDA:172,24,0,0
BRDA:172,24,1,0
BRDA:176,25,0,0
BRDA:176,25,1,0
BRDA:217,26,0,0
BRDA:217,26,1,0
BRDA:222,27,0,0
BRDA:222,27,1,0
BRDA:251,28,0,0
BRDA:251,28,1,0
BRDA:256,29,0,0
BRDA:256,29,1,0
BRDA:285,30,0,0
BRDA:285,30,1,0
BRDA:290,31,0,0
BRDA:290,31,1,0
BRDA:331,32,0,0
BRDA:331,32,1,0
BRDA:346,33,0,0
BRDA:346,33,1,0
BRDA:353,34,0,0
BRDA:353,34,1,0
BRDA:356,35,0,0
BRDA:356,35,1,0
BRDA:364,36,0,0
BRDA:364,36,1,0
BRDA:371,37,0,0
BRDA:371,37,1,0
BRDA:374,38,0,0
BRDA:374,38,1,0
BRDA:396,39,0,0
BRDA:396,39,1,0
BRDA:416,40,0,0
BRDA:416,40,1,0
BRF:82
BRH:0
end_of_record
TN:
SF:src/components/SettingsScreen.tsx
FN:14,SettingsScreen
FN:26,(anonymous_1)
FN:43,(anonymous_2)
FN:53,(anonymous_3)
FN:65,(anonymous_4)
FN:112,(anonymous_5)
FN:189,(anonymous_6)
FN:202,(anonymous_7)
FNF:8
FNH:0
FNDA:0,SettingsScreen
FNDA:0,(anonymous_1)
FNDA:0,(anonymous_2)
FNDA:0,(anonymous_3)
FNDA:0,(anonymous_4)
FNDA:0,(anonymous_5)
FNDA:0,(anonymous_6)
FNDA:0,(anonymous_7)
DA:15,0
DA:16,0
DA:17,0
DA:18,0
DA:19,0
DA:20,0
DA:21,0
DA:22,0
DA:23,0
DA:24,0
DA:26,0
DA:27,0
DA:29,0
DA:30,0
DA:31,0
DA:34,0
DA:35,0
DA:37,0
DA:39,0
DA:41,0
DA:42,0
DA:43,0
DA:44,0
DA:45,0
DA:46,0
DA:49,0
DA:53,0
DA:54,0
DA:56,0
DA:57,0
DA:59,0
DA:61,0
DA:63,0
DA:64,0
DA:65,0
DA:66,0
DA:67,0
DA:70,0
DA:74,0
DA:112,0
DA:189,0
DA:202,0
LF:42
LH:0
BRDA:27,0,0,0
BRDA:27,0,1,0
BRDA:27,1,0,0
BRDA:27,1,1,0
BRDA:29,2,0,0
BRDA:29,2,1,0
BRDA:41,3,0,0
BRDA:41,3,1,0
BRDA:49,4,0,0
BRDA:49,4,1,0
BRDA:54,5,0,0
BRDA:54,5,1,0
BRDA:54,6,0,0
BRDA:54,6,1,0
BRDA:63,7,0,0
BRDA:63,7,1,0
BRDA:70,8,0,0
BRDA:70,8,1,0
BRDA:132,9,0,0
BRDA:132,9,1,0
BRDA:143,10,0,0
BRDA:143,10,1,0
BRDA:155,11,0,0
BRDA:155,11,1,0
BRDA:158,12,0,0
BRDA:158,12,1,0
BRDA:208,13,0,0
BRDA:208,13,1,0
BRDA:208,13,2,0
BRDA:208,13,3,0
BRDA:218,14,0,0
BRDA:218,14,1,0
BRDA:229,15,0,0
BRDA:229,15,1,0
BRDA:241,16,0,0
BRDA:241,16,1,0
BRDA:241,16,2,0
BRDA:244,17,0,0
BRDA:244,17,1,0
BRDA:251,18,0,0
BRDA:251,18,1,0
BRF:41
BRH:0
end_of_record
TN:
SF:src/components/SunMoonIndicator.tsx
FN:8,SunMoonIndicator
FN:174,(anonymous_1)
FNF:2
FNH:0
FNDA:0,SunMoonIndicator
FNDA:0,(anonymous_1)
DA:9,0
DA:12,0
DA:13,0
DA:14,0
DA:17,0
DA:21,0
DA:28,0
DA:30,0
DA:32,0
DA:33,0
DA:34,0
DA:35,0
DA:38,0
DA:40,0
DA:43,0
DA:44,0
DA:47,0
DA:175,0
LF:18
LH:0
BRDA:17,0,0,0
BRDA:17,0,1,0
BRDA:21,1,0,0
BRDA:21,1,1,0
BRDA:21,1,2,0
BRDA:21,1,3,0
BRDA:28,2,0,0
BRDA:28,2,1,0
BRDA:30,3,0,0
BRDA:30,3,1,0
BRDA:56,4,0,0
BRDA:56,4,1,0
BRDA:154,5,0,0
BRDA:154,5,1,0
BRF:14
BRH:0
end_of_record
TN:
SF:src/components/VideoRecorder.tsx
FN:16,VideoRecorder
FN:40,(anonymous_1)
FN:42,(anonymous_2)
FN:46,(anonymous_3)
FN:52,(anonymous_4)
FN:58,(anonymous_5)
FN:339,(anonymous_6)
FNF:7
FNH:0
FNDA:0,VideoRecorder
FNDA:0,(anonymous_1)
FNDA:0,(anonymous_2)
FNDA:0,(anonymous_3)
FNDA:0,(anonymous_4)
FNDA:0,(anonymous_5)
FNDA:0,(anonymous_6)
DA:35,0
DA:37,0
DA:40,0
DA:41,0
DA:42,0
DA:46,0
DA:47,0
DA:48,0
DA:52,0
DA:53,0
DA:54,0
DA:58,0
DA:59,0
DA:60,0
DA:64,0
DA:67,0
DA:69,0
DA:340,0
DA:341,0
LF:19
LH:0
BRDA:16,0,0,0
BRDA:47,1,0,0
BRDA:47,1,1,0
BRDA:47,2,0,0
BRDA:47,2,1,0
BRDA:47,2,2,0
BRDA:53,3,0,0
BRDA:53,3,1,0
BRDA:64,4,0,0
BRDA:64,4,1,0
BRDA:73,5,0,0
BRDA:73,5,1,0
BRDA:91,6,0,0
BRDA:91,6,1,0
BRDA:91,6,2,0
BRDA:114,7,0,0
BRDA:114,7,1,0
BRDA:121,8,0,0
BRDA:121,8,1,0
BRDA:126,9,0,0
BRDA:126,9,1,0
BRDA:137,10,0,0
BRDA:137,10,1,0
BRDA:137,10,2,0
BRDA:137,10,3,0
BRDA:151,11,0,0
BRDA:151,11,1,0
BRDA:151,11,2,0
BRDA:151,11,3,0
BRDA:173,12,0,0
BRDA:173,12,1,0
BRDA:193,13,0,0
BRDA:193,13,1,0
BRDA:193,14,0,0
BRDA:193,14,1,0
BRDA:196,15,0,0
BRDA:196,15,1,0
BRDA:196,15,2,0
BRDA:209,16,0,0
BRDA:209,16,1,0
BRDA:209,16,2,0
BRDA:222,17,0,0
BRDA:222,17,1,0
BRDA:259,18,0,0
BRDA:259,18,1,0
BRDA:259,18,2,0
BRDA:259,18,3,0
BRDA:274,19,0,0
BRDA:274,19,1,0
BRDA:282,20,0,0
BRDA:282,20,1,0
BRDA:285,21,0,0
BRDA:285,21,1,0
BRDA:299,22,0,0
BRDA:299,22,1,0
BRDA:325,23,0,0
BRDA:325,23,1,0
BRDA:336,24,0,0
BRDA:336,24,1,0
BRF:59
BRH:0
end_of_record
TN:
SF:src/components/figma/ImageWithFallback.tsx
FN:6,ImageWithFallback
FN:9,(anonymous_1)
FNF:2
FNH:0
FNDA:0,ImageWithFallback
FNDA:0,(anonymous_1)
DA:4,0
DA:7,0
DA:9,0
DA:10,0
DA:13,0
DA:15,0
LF:6
LH:0
BRDA:15,0,0,0
BRDA:15,0,1,0
BRDA:17,1,0,0
BRDA:17,1,1,0
BRF:4
BRH:0
end_of_record
TN:
SF:src/components/ui/button.tsx
FN:43,(anonymous_0)
FNF:1
FNH:0
FNDA:0,(anonymous_0)
DA:6,0
DA:42,0
DA:44,0
DA:45,0
DA:54,0
LF:5
LH:0
BRDA:43,0,0,0
BRDA:44,1,0,0
BRDA:44,1,1,0
BRF:3
BRH:0
end_of_record
TN:
SF:src/components/ui/input.tsx
FN:8,(anonymous_0)
FNF:1
FNH:0
FNDA:0,(anonymous_0)
DA:7,0
DA:9,0
DA:22,0
LF:3
LH:0
BRF:0
BRH:0
end_of_record
TN:
SF:src/components/ui/switch.tsx
FN:8,(anonymous_0)
FNF:1
FNH:0
FNDA:0,(anonymous_0)
DA:5,0
DA:9,0
DA:24,0
LF:3
LH:0
BRF:0
BRH:0
end_of_record
TN:
SF:src/components/ui/textarea.tsx
FN:8,(anonymous_0)
FNF:1
FNH:0
FNDA:0,(anonymous_0)
DA:7,0
DA:9,0
DA:21,0
LF:3
LH:0
BRF:0
BRH:0
end_of_record
TN:
SF:src/components/ui/utils.ts
FN:4,cn
FNF:1
FNH:0
FNDA:0,cn
DA:5,0
LF:1
LH:0
BRF:0
BRH:0
end_of_record
TN:
SF:src/contexts/AuthContext.tsx
FN:18,AuthProvider
FN:23,(anonymous_1)
FN:31,(anonymous_2)
FN:40,(anonymous_3)
FN:46,(anonymous_4)
FN:49,(anonymous_5)
FN:62,(anonymous_6)
FN:80,(anonymous_7)
FN:89,(anonymous_8)
FN:117,useAuth
FNF:10
FNH:0
FNDA:0,AuthProvider
FNDA:0,(anonymous_1)
FNDA:0,(anonymous_2)
FNDA:0,(anonymous_3)
FNDA:0,(anonymous_4)
FNDA:0,(anonymous_5)
FNDA:0,(anonymous_6)
FNDA:0,(anonymous_7)
FNDA:0,(anonymous_8)
FNDA:0,useAuth
DA:16,0
DA:19,0
DA:20,0
DA:21,0
DA:23,0
DA:24,0
DA:25,0
DA:26,0
DA:27,0
DA:31,0
DA:32,0
DA:33,0
DA:34,0
DA:40,0
DA:41,0
DA:42,0
DA:43,0
DA:46,0
DA:49,0
DA:50,0
DA:51,0
DA:54,0
DA:59,0
DA:62,0
DA:63,0
DA:64,0
DA:67,0
DA:77,0
DA:80,0
DA:81,0
DA:82,0
DA:85,0
DA:86,0
DA:89,0
DA:90,0
DA:91,0
DA:94,0
DA:101,0
DA:104,0
DA:114,0
DA:118,0
DA:119,0
DA:120,0
DA:122,0
LF:44
LH:0
BRDA:24,0,0,0
BRDA:24,0,1,0
BRDA:33,1,0,0
BRDA:33,1,1,0
BRDA:42,2,0,0
BRDA:42,2,1,0
BRDA:50,3,0,0
BRDA:50,3,1,0
BRDA:63,4,0,0
BRDA:63,4,1,0
BRDA:72,5,0,0
BRDA:72,5,1,0
BRDA:81,6,0,0
BRDA:81,6,1,0
BRDA:90,7,0,0
BRDA:90,7,1,0
BRDA:119,8,0,0
BRDA:119,8,1,0
BRF:18
BRH:0
end_of_record
TN:
SF:src/examples/logging-integration-component.example.tsx
FN:20,RequestPrayerModal
FN:36,(anonymous_1)
FN:55,(anonymous_2)
FN:70,(anonymous_3)
FN:85,(anonymous_4)
FN:182,(anonymous_5)
FNF:6
FNH:0
FNDA:0,RequestPrayerModal
FNDA:0,(anonymous_1)
FNDA:0,(anonymous_2)
FNDA:0,(anonymous_3)
FNDA:0,(anonymous_4)
FNDA:0,(anonymous_5)
DA:22,0
DA:25,0
DA:28,0
DA:30,0
DA:31,0
DA:32,0
DA:33,0
DA:36,0
DA:37,0
DA:38,0
DA:42,0
DA:48,0
DA:55,0
DA:56,0
DA:59,0
DA:60,0
DA:70,0
DA:71,0
DA:73,0
DA:74,0
DA:85,0
DA:86,0
DA:88,0
DA:91,0
DA:92,0
DA:100,0
DA:101,0
DA:102,0
DA:105,0
DA:106,0
DA:114,0
DA:115,0
DA:116,0
DA:119,0
DA:127,0
DA:128,0
DA:130,0
DA:131,0
DA:133,0
DA:141,0
DA:148,0
DA:149,0
DA:152,0
DA:154,0
DA:156,0
DA:158,0
DA:166,0
DA:174,0
DA:175,0
DA:177,0
DA:182,0
DA:183,0
DA:191,0
DA:197,0
DA:198,0
DA:199,0
DA:200,0
DA:203,0
DA:205,0
DA:273,0
LF:60
LH:0
BRDA:37,0,0,0
BRDA:37,0,1,0
BRDA:59,1,0,0
BRDA:59,1,1,0
BRDA:73,2,0,0
BRDA:73,2,1,0
BRDA:91,3,0,0
BRDA:91,3,1,0
BRDA:105,4,0,0
BRDA:105,4,1,0
BRDA:203,5,0,0
BRDA:203,5,1,0
BRDA:241,6,0,0
BRDA:241,6,1,0
BRDA:261,7,0,0
BRDA:261,7,1,0
BRF:16
BRH:0
end_of_record
TN:
SF:src/examples/logging-integration-hook.example.tsx
FN:20,usePrayers
FN:37,(anonymous_1)
FN:53,(anonymous_2)
FN:117,(anonymous_3)
FN:126,(anonymous_4)
FN:150,(anonymous_5)
FN:188,(anonymous_6)
FN:212,(anonymous_7)
FN:213,(anonymous_8)
FN:250,(anonymous_9)
FN:268,(anonymous_10)
FN:268,(anonymous_11)
FNF:12
FNH:0
FNDA:0,usePrayers
FNDA:0,(anonymous_1)
FNDA:0,(anonymous_2)
FNDA:0,(anonymous_3)
FNDA:0,(anonymous_4)
FNDA:0,(anonymous_5)
FNDA:0,(anonymous_6)
FNDA:0,(anonymous_7)
FNDA:0,(anonymous_8)
FNDA:0,(anonymous_9)
FNDA:0,(anonymous_10)
FNDA:0,(anonymous_11)
DA:27,0
DA:30,0
DA:32,0
DA:33,0
DA:34,0
DA:37,0
DA:39,0
DA:46,0
DA:51,0
DA:53,0
DA:54,0
DA:55,0
DA:57,0
DA:58,0
DA:60,0
DA:65,0
DA:66,0
DA:69,0
DA:71,0
DA:72,0
DA:74,0
DA:76,0
DA:86,0
DA:93,0
DA:94,0
DA:95,0
DA:97,0
DA:103,0
DA:109,0
DA:110,0
DA:115,0
DA:117,0
DA:118,0
DA:119,0
DA:126,0
DA:127,0
DA:129,0
DA:137,0
DA:138,0
DA:143,0
DA:144,0
DA:147,0
DA:150,0
DA:152,0
DA:159,0
DA:166,0
DA:168,0
DA:170,0
DA:172,0
DA:176,0
DA:181,0
DA:183,0
DA:188,0
DA:189,0
DA:191,0
DA:199,0
DA:200,0
DA:205,0
DA:206,0
DA:209,0
DA:212,0
DA:213,0
DA:216,0
DA:224,0
DA:226,0
DA:228,0
DA:230,0
DA:237,0
DA:243,0
DA:245,0
DA:250,0
DA:251,0
DA:253,0
DA:258,0
DA:259,0
DA:263,0
DA:264,0
DA:268,0
DA:270,0
DA:275,0
DA:277,0
DA:279,0
DA:284,0
DA:289,0
DA:291,0
DA:295,0
LF:86
LH:0
BRDA:65,0,0,0
BRDA:65,0,1,0
BRDA:71,1,0,0
BRDA:71,1,1,0
BRDA:93,2,0,0
BRDA:93,2,1,0
BRDA:109,3,0,0
BRDA:109,3,1,0
BRDA:143,4,0,0
BRDA:143,4,1,0
BRDA:205,5,0,0
BRDA:205,5,1,0
BRDA:213,6,0,0
BRDA:213,6,1,0
BRDA:263,7,0,0
BRDA:263,7,1,0
BRF:16
BRH:0
end_of_record
TN:
SF:src/examples/logging-integration-service.example.ts
FN:17,createPrayer
FN:38,(anonymous_1)
FN:98,fetchPrayers
FN:144,updatePrayer
FN:208,batchDeletePrayers
FNF:5
FNH:0
FNDA:0,createPrayer
FNDA:0,(anonymous_1)
FNDA:0,fetchPrayers
FNDA:0,updatePrayer
FNDA:0,batchDeletePrayers
DA:12,0
DA:24,0
DA:35,0
DA:36,0
DA:40,0
DA:43,0
DA:48,0
DA:49,0
DA:52,0
DA:55,0
DA:61,0
DA:70,0
DA:78,0
DA:81,0
DA:93,0
DA:105,0
DA:107,0
DA:112,0
DA:113,0
DA:118,0
DA:121,0
DA:123,0
DA:130,0
DA:132,0
DA:134,0
DA:139,0
DA:149,0
DA:150,0
DA:154,0
DA:157,0
DA:165,0
DA:166,0
DA:168,0
DA:173,0
DA:174,0
DA:177,0
DA:179,0
DA:185,0
DA:193,0
DA:195,0
DA:203,0
DA:209,0
DA:216,0
DA:221,0
DA:222,0
DA:223,0
DA:224,0
DA:226,0
DA:231,0
DA:236,0
DA:246,0
DA:255,0
LF:52
LH:0
BRDA:48,0,0,0
BRDA:48,0,1,0
BRDA:149,1,0,0
BRDA:149,1,1,0
BRDA:173,2,0,0
BRDA:173,2,1,0
BRDA:233,3,0,0
BRDA:233,3,1,0
BRDA:240,4,0,0
BRDA:240,4,1,0
BRF:10
BRH:0
end_of_record
TN:
SF:src/hooks/useAudioRecorder.ts
FN:23,useAudioRecorder
FN:40,(anonymous_1)
FN:42,(anonymous_2)
FN:44,(anonymous_3)
FN:48,(anonymous_4)
FN:55,(anonymous_5)
FN:58,(anonymous_6)
FN:91,(anonymous_7)
FN:97,(anonymous_8)
FN:101,(anonymous_9)
FN:111,(anonymous_10)
FN:116,(anonymous_11)
FN:118,(anonymous_12)
FN:129,(anonymous_13)
FN:141,(anonymous_14)
FN:151,(anonymous_15)
FN:159,(anonymous_16)
FN:164,(anonymous_17)
FN:168,(anonymous_18)
FN:172,(anonymous_19)
FN:176,(anonymous_20)
FN:186,(anonymous_21)
FN:221,formatDuration
FNF:23
FNH:0
FNDA:0,useAudioRecorder
FNDA:0,(anonymous_1)
FNDA:0,(anonymous_2)
FNDA:0,(anonymous_3)
FNDA:0,(anonymous_4)
FNDA:0,(anonymous_5)
FNDA:0,(anonymous_6)
FNDA:0,(anonymous_7)
FNDA:0,(anonymous_8)
FNDA:0,(anonymous_9)
FNDA:0,(anonymous_10)
FNDA:0,(anonymous_11)
FNDA:0,(anonymous_12)
FNDA:0,(anonymous_13)
FNDA:0,(anonymous_14)
FNDA:0,(anonymous_15)
FNDA:0,(anonymous_16)
FNDA:0,(anonymous_17)
FNDA:0,(anonymous_18)
FNDA:0,(anonymous_19)
FNDA:0,(anonymous_20)
FNDA:0,(anonymous_21)
FNDA:0,formatDuration
DA:24,0
DA:33,0
DA:34,0
DA:35,0
DA:36,0
DA:37,0
DA:38,0
DA:40,0
DA:41,0
DA:42,0
DA:43,0
DA:44,0
DA:48,0
DA:49,0
DA:50,0
DA:51,0
DA:55,0
DA:56,0
DA:58,0
DA:67,0
DA:68,0
DA:71,0
DA:79,0
DA:82,0
DA:88,0
DA:89,0
DA:91,0
DA:92,0
DA:93,0
DA:97,0
DA:98,0
DA:99,0
DA:101,0
DA:110,0
DA:111,0
DA:112,0
DA:116,0
DA:117,0
DA:118,0
DA:126,0
DA:127,0
DA:129,0
DA:136,0
DA:137,0
DA:141,0
DA:151,0
DA:152,0
DA:154,0
DA:155,0
DA:159,0
DA:160,0
DA:161,0
DA:162,0
DA:163,0
DA:164,0
DA:168,0
DA:169,0
DA:170,0
DA:171,0
DA:172,0
DA:176,0
DA:177,0
DA:180,0
DA:181,0
DA:185,0
DA:186,0
DA:187,0
DA:191,0
DA:192,0
DA:195,0
DA:196,0
DA:198,0
DA:208,0
DA:222,0
DA:223,0
DA:224,0
LF:76
LH:0
BRDA:49,0,0,0
BRDA:49,0,1,0
BRDA:82,1,0,0
BRDA:82,1,1,0
BRDA:84,2,0,0
BRDA:84,2,1,0
BRDA:92,3,0,0
BRDA:92,3,1,0
BRDA:110,4,0,0
BRDA:110,4,1,0
BRDA:137,5,0,0
BRDA:137,5,1,0
BRDA:144,6,0,0
BRDA:144,6,1,0
BRDA:144,7,0,0
BRDA:144,7,1,0
BRDA:154,8,0,0
BRDA:154,8,1,0
BRDA:154,9,0,0
BRDA:154,9,1,0
BRDA:160,10,0,0
BRDA:160,10,1,0
BRDA:160,11,0,0
BRDA:160,11,1,0
BRDA:169,12,0,0
BRDA:169,12,1,0
BRDA:169,13,0,0
BRDA:169,13,1,0
BRDA:180,14,0,0
BRDA:180,14,1,0
BRDA:180,15,0,0
BRDA:180,15,1,0
BRDA:185,16,0,0
BRDA:185,16,1,0
BRDA:191,17,0,0
BRDA:191,17,1,0
BRF:36
BRH:0
end_of_record
TN:
SF:src/hooks/useAuth.ts
FN:26,useAuth
FN:32,(anonymous_1)
FN:39,(anonymous_2)
FN:49,(anonymous_3)
FN:56,(anonymous_4)
FN:64,(anonymous_5)
FN:83,(anonymous_6)
FN:107,(anonymous_7)
FNF:8
FNH:0
FNDA:0,useAuth
FNDA:0,(anonymous_1)
FNDA:0,(anonymous_2)
FNDA:0,(anonymous_3)
FNDA:0,(anonymous_4)
FNDA:0,(anonymous_5)
FNDA:0,(anonymous_6)
FNDA:0,(anonymous_7)
DA:27,0
DA:32,0
DA:33,0
DA:34,0
DA:35,0
DA:39,0
DA:40,0
DA:49,0
DA:50,0
DA:56,0
DA:57,0
DA:64,0
DA:65,0
DA:66,0
DA:72,0
DA:77,0
DA:83,0
DA:84,0
DA:85,0
DA:91,0
DA:101,0
DA:107,0
DA:108,0
DA:109,0
DA:112,0
DA:113,0
DA:116,0
LF:27
LH:0
BRDA:33,0,0,0
BRDA:33,0,1,0
BRDA:41,1,0,0
BRDA:41,1,1,0
BRDA:51,2,0,0
BRDA:51,2,1,0
BRDA:65,3,0,0
BRDA:65,3,1,0
BRDA:84,4,0,0
BRDA:84,4,1,0
BRDA:96,5,0,0
BRDA:96,5,1,0
BRDA:108,6,0,0
BRDA:108,6,1,0
BRF:14
BRH:0
end_of_record
TN:
SF:src/hooks/useInbox.ts
FN:30,useInbox
FN:42,(anonymous_1)
FN:50,(anonymous_2)
FN:69,(anonymous_3)
FN:76,(anonymous_4)
FN:85,(anonymous_5)
FN:92,(anonymous_6)
FN:101,(anonymous_7)
FN:103,(anonymous_8)
FN:116,(anonymous_9)
FNF:10
FNH:0
FNDA:0,useInbox
FNDA:0,(anonymous_1)
FNDA:0,(anonymous_2)
FNDA:0,(anonymous_3)
FNDA:0,(anonymous_4)
FNDA:0,(anonymous_5)
FNDA:0,(anonymous_6)
FNDA:0,(anonymous_7)
FNDA:0,(anonymous_8)
FNDA:0,(anonymous_9)
DA:35,0
DA:36,0
DA:37,0
DA:38,0
DA:39,0
DA:42,0
DA:43,0
DA:44,0
DA:46,0
DA:50,0
DA:51,0
DA:53,0
DA:54,0
DA:56,0
DA:57,0
DA:58,0
DA:60,0
DA:61,0
DA:62,0
DA:64,0
DA:69,0
DA:70,0
DA:71,0
DA:76,0
DA:77,0
DA:80,0
DA:81,0
DA:85,0
DA:86,0
DA:89,0
DA:92,0
DA:93,0
DA:94,0
DA:95,0
DA:101,0
DA:103,0
DA:104,0
DA:105,0
DA:106,0
DA:110,0
DA:111,0
DA:112,0
DA:114,0
DA:116,0
DA:117,0
DA:118,0
DA:119,0
DA:124,0
LF:48
LH:0
BRDA:32,0,0,0
BRDA:33,1,0,0
BRDA:43,2,0,0
BRDA:43,2,1,0
BRDA:51,3,0,0
BRDA:51,3,1,0
BRDA:60,4,0,0
BRDA:60,4,1,0
BRDA:70,5,0,0
BRDA:70,5,1,0
BRDA:70,6,0,0
BRDA:70,6,1,0
BRDA:77,7,0,0
BRDA:77,7,1,0
BRDA:77,8,0,0
BRDA:77,8,1,0
BRDA:80,9,0,0
BRDA:80,9,1,0
BRDA:93,10,0,0
BRDA:93,10,1,0
BRF:20
BRH:0
end_of_record
TN:
SF:src/hooks/usePrayers.ts
FN:44,usePrayers
FN:57,(anonymous_1)
FN:77,(anonymous_2)
FN:84,(anonymous_3)
FN:94,(anonymous_4)
FN:101,(anonymous_5)
FN:109,(anonymous_6)
FN:119,(anonymous_7)
FN:127,(anonymous_8)
FN:143,(anonymous_9)
FN:169,(anonymous_10)
FN:170,(anonymous_11)
FNF:12
FNH:0
FNDA:0,usePrayers
FNDA:0,(anonymous_1)
FNDA:0,(anonymous_2)
FNDA:0,(anonymous_3)
FNDA:0,(anonymous_4)
FNDA:0,(anonymous_5)
FNDA:0,(anonymous_6)
FNDA:0,(anonymous_7)
FNDA:0,(anonymous_8)
FNDA:0,(anonymous_9)
FNDA:0,(anonymous_10)
FNDA:0,(anonymous_11)
DA:51,0
DA:52,0
DA:53,0
DA:54,0
DA:57,0
DA:58,0
DA:59,0
DA:61,0
DA:63,0
DA:66,0
DA:68,0
DA:69,0
DA:70,0
DA:72,0
DA:77,0
DA:78,0
DA:79,0
DA:84,0
DA:85,0
DA:88,0
DA:89,0
DA:93,0
DA:95,0
DA:102,0
DA:106,0
DA:109,0
DA:110,0
DA:111,0
DA:112,0
DA:118,0
DA:120,0
DA:122,0
DA:123,0
DA:125,0
DA:127,0
DA:130,0
DA:132,0
DA:133,0
DA:134,0
DA:135,0
DA:142,0
DA:153,0
DA:155,0
DA:156,0
DA:167,0
DA:169,0
DA:170,0
DA:171,0
DA:176,0
DA:179,0
DA:181,0
DA:182,0
DA:183,0
DA:184,0
DA:190,0
LF:55
LH:0
BRDA:46,0,0,0
BRDA:47,1,0,0
BRDA:48,2,0,0
BRDA:49,3,0,0
BRDA:63,4,0,0
BRDA:63,4,1,0
BRDA:68,5,0,0
BRDA:68,5,1,0
BRDA:78,6,0,0
BRDA:78,6,1,0
BRDA:85,7,0,0
BRDA:85,7,1,0
BRDA:88,8,0,0
BRDA:88,8,1,0
BRDA:93,9,0,0
BRDA:93,9,1,0
BRDA:110,10,0,0
BRDA:110,10,1,0
BRDA:125,11,0,0
BRDA:125,11,1,0
BRDA:132,12,0,0
BRDA:132,12,1,0
BRDA:150,13,0,0
BRDA:167,14,0,0
BRDA:167,14,1,0
BRDA:171,15,0,0
BRDA:171,15,1,0
BRDA:172,16,0,0
BRDA:172,16,1,0
BRDA:181,17,0,0
BRDA:181,17,1,0
BRF:31
BRH:0
end_of_record
TN:
SF:src/hooks/useVideoRecorder.ts
FN:31,useVideoRecorder
FN:52,(anonymous_1)
FN:53,(anonymous_2)
FN:55,(anonymous_3)
FN:66,(anonymous_4)
FN:68,(anonymous_5)
FN:70,(anonymous_6)
FN:74,(anonymous_7)
FN:81,(anonymous_8)
FN:83,(anonymous_9)
FN:109,(anonymous_10)
FN:114,(anonymous_11)
FN:124,(anonymous_12)
FN:126,(anonymous_13)
FN:132,(anonymous_14)
FN:135,(anonymous_15)
FN:140,(anonymous_16)
FN:143,(anonymous_17)
FN:169,(anonymous_18)
FN:176,(anonymous_19)
FN:184,(anonymous_20)
FN:211,(anonymous_21)
FN:217,(anonymous_22)
FN:221,(anonymous_23)
FN:230,(anonymous_24)
FN:232,(anonymous_25)
FN:243,(anonymous_26)
FN:253,(anonymous_27)
FN:261,(anonymous_28)
FN:269,(anonymous_29)
FN:274,(anonymous_30)
FN:278,(anonymous_31)
FN:282,(anonymous_32)
FN:286,(anonymous_33)
FN:302,(anonymous_34)
FN:331,formatVideoDuration
FNF:36
FNH:0
FNDA:0,useVideoRecorder
FNDA:0,(anonymous_1)
FNDA:0,(anonymous_2)
FNDA:0,(anonymous_3)
FNDA:0,(anonymous_4)
FNDA:0,(anonymous_5)
FNDA:0,(anonymous_6)
FNDA:0,(anonymous_7)
FNDA:0,(anonymous_8)
FNDA:0,(anonymous_9)
FNDA:0,(anonymous_10)
FNDA:0,(anonymous_11)
FNDA:0,(anonymous_12)
FNDA:0,(anonymous_13)
FNDA:0,(anonymous_14)
FNDA:0,(anonymous_15)
FNDA:0,(anonymous_16)
FNDA:0,(anonymous_17)
FNDA:0,(anonymous_18)
FNDA:0,(anonymous_19)
FNDA:0,(anonymous_20)
FNDA:0,(anonymous_21)
FNDA:0,(anonymous_22)
FNDA:0,(anonymous_23)
FNDA:0,(anonymous_24)
FNDA:0,(anonymous_25)
FNDA:0,(anonymous_26)
FNDA:0,(anonymous_27)
FNDA:0,(anonymous_28)
FNDA:0,(anonymous_29)
FNDA:0,(anonymous_30)
FNDA:0,(anonymous_31)
FNDA:0,(anonymous_32)
FNDA:0,(anonymous_33)
FNDA:0,(anonymous_34)
FNDA:0,formatVideoDuration
DA:32,0
DA:43,0
DA:44,0
DA:45,0
DA:46,0
DA:47,0
DA:48,0
DA:49,0
DA:52,0
DA:53,0
DA:54,0
DA:55,0
DA:57,0
DA:58,0
DA:60,0
DA:61,0
DA:66,0
DA:67,0
DA:68,0
DA:69,0
DA:70,0
DA:74,0
DA:75,0
DA:76,0
DA:77,0
DA:81,0
DA:82,0
DA:83,0
DA:86,0
DA:100,0
DA:103,0
DA:104,0
DA:105,0
DA:106,0
DA:109,0
DA:111,0
DA:112,0
DA:114,0
DA:124,0
DA:125,0
DA:126,0
DA:127,0
DA:129,0
DA:130,0
DA:132,0
DA:135,0
DA:136,0
DA:139,0
DA:140,0
DA:143,0
DA:146,0
DA:147,0
DA:161,0
DA:163,0
DA:164,0
DA:165,0
DA:168,0
DA:169,0
DA:176,0
DA:177,0
DA:178,0
DA:179,0
DA:182,0
DA:184,0
DA:193,0
DA:194,0
DA:197,0
DA:205,0
DA:209,0
DA:211,0
DA:212,0
DA:213,0
DA:217,0
DA:218,0
DA:219,0
DA:221,0
DA:230,0
DA:231,0
DA:232,0
DA:240,0
DA:241,0
DA:243,0
DA:250,0
DA:251,0
DA:253,0
DA:261,0
DA:262,0
DA:264,0
DA:265,0
DA:269,0
DA:270,0
DA:271,0
DA:272,0
DA:273,0
DA:274,0
DA:278,0
DA:279,0
DA:280,0
DA:281,0
DA:282,0
DA:286,0
DA:287,0
DA:290,0
DA:291,0
DA:295,0
DA:296,0
DA:299,0
DA:300,0
DA:302,0
DA:313,0
DA:332,0
DA:333,0
DA:334,0
LF:113
LH:0
BRDA:54,0,0,0
BRDA:54,0,1,0
BRDA:57,1,0,0
BRDA:57,1,1,0
BRDA:60,2,0,0
BRDA:60,2,1,0
BRDA:75,3,0,0
BRDA:75,3,1,0
BRDA:103,4,0,0
BRDA:103,4,1,0
BRDA:112,5,0,0
BRDA:112,5,1,0
BRDA:117,6,0,0
BRDA:117,6,1,0
BRDA:117,7,0,0
BRDA:117,7,1,0
BRDA:125,8,0,0
BRDA:125,8,1,0
BRDA:129,9,0,0
BRDA:129,9,1,0
BRDA:136,10,0,0
BRDA:136,10,1,0
BRDA:139,11,0,0
BRDA:139,11,1,0
BRDA:163,12,0,0
BRDA:163,12,1,0
BRDA:177,13,0,0
BRDA:177,13,1,0
BRDA:179,14,0,0
BRDA:179,14,1,0
BRDA:190,15,0,0
BRDA:190,15,1,0
BRDA:197,16,0,0
BRDA:197,16,1,0
BRDA:199,17,0,0
BRDA:199,17,1,0
BRDA:201,18,0,0
BRDA:201,18,1,0
BRDA:212,19,0,0
BRDA:212,19,1,0
BRDA:251,20,0,0
BRDA:251,20,1,0
BRDA:264,21,0,0
BRDA:264,21,1,0
BRDA:264,22,0,0
BRDA:264,22,1,0
BRDA:270,23,0,0
BRDA:270,23,1,0
BRDA:270,24,0,0
BRDA:270,24,1,0
BRDA:279,25,0,0
BRDA:279,25,1,0
BRDA:279,26,0,0
BRDA:279,26,1,0
BRDA:290,27,0,0
BRDA:290,27,1,0
BRDA:290,28,0,0
BRDA:290,28,1,0
BRDA:295,29,0,0
BRDA:295,29,1,0
BRF:60
BRH:0
end_of_record
TN:
SF:src/lib/debugMode.tsx
FN:33,(anonymous_0)
FN:48,(anonymous_1)
FN:53,(anonymous_2)
FN:75,(anonymous_3)
FN:97,(anonymous_4)
FN:127,(anonymous_5)
FN:132,(anonymous_6)
FN:139,(anonymous_7)
FN:145,(anonymous_8)
FN:155,(anonymous_9)
FN:186,(anonymous_10)
FN:191,(anonymous_11)
FN:199,(anonymous_12)
FN:220,(anonymous_13)
FN:241,(anonymous_14)
FN:258,(anonymous_15)
FN:282,(anonymous_16)
FN:293,(anonymous_17)
FN:323,(anonymous_18)
FN:325,(anonymous_19)
FN:336,(anonymous_20)
FN:345,(anonymous_21)
FN:353,(anonymous_22)
FN:365,useDebugMode
FN:373,(anonymous_24)
FN:380,(anonymous_25)
FN:381,(anonymous_26)
FN:382,(anonymous_27)
FN:383,(anonymous_28)
FN:388,DebugPanel
FN:400,(anonymous_30)
FN:412,(anonymous_31)
FN:422,(anonymous_32)
FN:432,(anonymous_33)
FN:442,(anonymous_34)
FN:449,(anonymous_35)
FN:460,measureExecutionTime
FN:478,measureAsyncExecutionTime
FNF:38
FNH:0
FNDA:0,(anonymous_0)
FNDA:0,(anonymous_1)
FNDA:0,(anonymous_2)
FNDA:0,(anonymous_3)
FNDA:0,(anonymous_4)
FNDA:0,(anonymous_5)
FNDA:0,(anonymous_6)
FNDA:0,(anonymous_7)
FNDA:0,(anonymous_8)
FNDA:0,(anonymous_9)
FNDA:0,(anonymous_10)
FNDA:0,(anonymous_11)
FNDA:0,(anonymous_12)
FNDA:0,(anonymous_13)
FNDA:0,(anonymous_14)
FNDA:0,(anonymous_15)
FNDA:0,(anonymous_16)
FNDA:0,(anonymous_17)
FNDA:0,(anonymous_18)
FNDA:0,(anonymous_19)
FNDA:0,(anonymous_20)
FNDA:0,(anonymous_21)
FNDA:0,(anonymous_22)
FNDA:0,useDebugMode
FNDA:0,(anonymous_24)
FNDA:0,(anonymous_25)
FNDA:0,(anonymous_26)
FNDA:0,(anonymous_27)
FNDA:0,(anonymous_28)
FNDA:0,DebugPanel
FNDA:0,(anonymous_30)
FNDA:0,(anonymous_31)
FNDA:0,(anonymous_32)
FNDA:0,(anonymous_33)
FNDA:0,(anonymous_34)
FNDA:0,(anonymous_35)
FNDA:0,measureExecutionTime
FNDA:0,measureAsyncExecutionTime
DA:29,0
DA:30,0
DA:31,0
DA:34,0
DA:35,0
DA:36,0
DA:39,0
DA:40,0
DA:49,0
DA:54,0
DA:60,0
DA:61,0
DA:63,0
DA:69,0
DA:70,0
DA:76,0
DA:85,0
DA:86,0
DA:88,0
DA:93,0
DA:98,0
DA:99,0
DA:100,0
DA:102,0
DA:104,0
DA:107,0
DA:109,0
DA:110,0
DA:112,0
DA:121,0
DA:122,0
DA:128,0
DA:133,0
DA:136,0
DA:139,0
DA:140,0
DA:146,0
DA:147,0
DA:156,0
DA:157,0
DA:160,0
DA:166,0
DA:169,0
DA:170,0
DA:173,0
DA:179,0
DA:180,0
DA:181,0
DA:182,0
DA:187,0
DA:192,0
DA:193,0
DA:200,0
DA:216,0
DA:221,0
DA:222,0
DA:224,0
DA:225,0
DA:226,0
DA:227,0
DA:230,0
DA:234,0
DA:242,0
DA:243,0
DA:244,0
DA:245,0
DA:246,0
DA:247,0
DA:248,0
DA:249,0
DA:251,0
DA:259,0
DA:260,0
DA:261,0
DA:262,0
DA:265,0
DA:272,0
DA:283,0
DA:284,0
DA:286,0
DA:294,0
DA:297,0
DA:298,0
DA:300,0
DA:301,0
DA:306,0
DA:307,0
DA:312,0
DA:313,0
DA:314,0
DA:317,0
DA:318,0
DA:319,0
DA:324,0
DA:325,0
DA:326,0
DA:327,0
DA:329,0
DA:339,0
DA:346,0
DA:347,0
DA:349,0
DA:355,0
DA:356,0
DA:362,0
DA:371,0
DA:373,0
DA:374,0
DA:375,0
DA:378,0
DA:380,0
DA:381,0
DA:382,0
DA:383,0
DA:389,0
DA:391,0
DA:392,0
DA:395,0
DA:400,0
DA:412,0
DA:422,0
DA:432,0
DA:442,0
DA:449,0
DA:464,0
DA:465,0
DA:468,0
DA:469,0
DA:470,0
DA:472,0
DA:474,0
DA:482,0
DA:483,0
DA:486,0
DA:487,0
DA:488,0
DA:490,0
DA:492,0
LF:138
LH:0
BRDA:39,0,0,0
BRDA:39,0,1,0
BRDA:69,1,0,0
BRDA:69,1,1,0
BRDA:93,2,0,0
BRDA:93,2,1,0
BRDA:98,3,0,0
BRDA:98,3,1,0
BRDA:99,4,0,0
BRDA:99,4,1,0
BRDA:121,5,0,0
BRDA:121,5,1,0
BRDA:122,6,0,0
BRDA:122,6,1,0
BRDA:146,7,0,0
BRDA:146,7,1,0
BRDA:146,8,0,0
BRDA:146,8,1,0
BRDA:156,9,0,0
BRDA:156,9,1,0
BRDA:156,10,0,0
BRDA:156,10,1,0
BRDA:169,11,0,0
BRDA:169,11,1,0
BRDA:224,12,0,0
BRDA:224,12,1,0
BRDA:261,13,0,0
BRDA:261,13,1,0
BRDA:297,14,0,0
BRDA:297,14,1,0
BRDA:300,15,0,0
BRDA:300,15,1,0
BRDA:300,16,0,0
BRDA:300,16,1,0
BRDA:300,16,2,0
BRDA:306,17,0,0
BRDA:306,17,1,0
BRDA:306,18,0,0
BRDA:306,18,1,0
BRDA:312,19,0,0
BRDA:312,19,1,0
BRDA:317,20,0,0
BRDA:317,20,1,0
BRDA:355,21,0,0
BRDA:355,21,1,0
BRDA:391,22,0,0
BRDA:391,22,1,0
BRDA:464,23,0,0
BRDA:464,23,1,0
BRDA:482,24,0,0
BRDA:482,24,1,0
BRF:51
BRH:0
end_of_record
TN:
SF:src/lib/diagnostics.ts
FN:62,(anonymous_0)
FN:64,(anonymous_1)
FN:65,(anonymous_2)
FN:69,(anonymous_3)
FN:93,(anonymous_4)
FN:101,(anonymous_5)
FN:127,(anonymous_6)
FN:134,(anonymous_7)
FN:140,(anonymous_8)
FN:160,(anonymous_9)
FN:166,(anonymous_10)
FN:175,(anonymous_11)
FN:181,(anonymous_12)
FN:208,(anonymous_13)
FN:221,(anonymous_14)
FN:277,(anonymous_15)
FN:294,(anonymous_16)
FN:307,(anonymous_17)
FN:319,(anonymous_18)
FN:342,(anonymous_19)
FN:376,(anonymous_20)
FN:388,(anonymous_21)
FN:396,(anonymous_22)
FN:407,(anonymous_23)
FN:423,(anonymous_24)
FN:429,(anonymous_25)
FN:445,useDiagnostics
FN:455,(anonymous_27)
FN:472,(anonymous_28)
FN:485,useConnectivity
FN:498,(anonymous_30)
FNF:31
FNH:0
FNDA:0,(anonymous_0)
FNDA:0,(anonymous_1)
FNDA:0,(anonymous_2)
FNDA:0,(anonymous_3)
FNDA:0,(anonymous_4)
FNDA:0,(anonymous_5)
FNDA:0,(anonymous_6)
FNDA:0,(anonymous_7)
FNDA:0,(anonymous_8)
FNDA:0,(anonymous_9)
FNDA:0,(anonymous_10)
FNDA:0,(anonymous_11)
FNDA:0,(anonymous_12)
FNDA:0,(anonymous_13)
FNDA:0,(anonymous_14)
FNDA:0,(anonymous_15)
FNDA:0,(anonymous_16)
FNDA:0,(anonymous_17)
FNDA:0,(anonymous_18)
FNDA:0,(anonymous_19)
FNDA:0,(anonymous_20)
FNDA:0,(anonymous_21)
FNDA:0,(anonymous_22)
FNDA:0,(anonymous_23)
FNDA:0,(anonymous_24)
FNDA:0,(anonymous_25)
FNDA:0,useDiagnostics
FNDA:0,(anonymous_27)
FNDA:0,(anonymous_28)
FNDA:0,useConnectivity
FNDA:0,(anonymous_30)
DA:59,0
DA:60,0
DA:64,0
DA:65,0
DA:70,0
DA:72,0
DA:82,0
DA:84,0
DA:89,0
DA:96,0
DA:97,0
DA:104,0
DA:109,0
DA:110,0
DA:111,0
DA:112,0
DA:113,0
DA:116,0
DA:120,0
DA:123,0
DA:128,0
DA:131,0
DA:134,0
DA:135,0
DA:141,0
DA:142,0
DA:143,0
DA:144,0
DA:150,0
DA:156,0
DA:161,0
DA:162,0
DA:167,0
DA:168,0
DA:171,0
DA:176,0
DA:182,0
DA:183,0
DA:184,0
DA:187,0
DA:188,0
DA:189,0
DA:190,0
DA:191,0
DA:192,0
DA:193,0
DA:194,0
DA:195,0
DA:196,0
DA:197,0
DA:198,0
DA:201,0
DA:209,0
DA:222,0
DA:229,0
DA:230,0
DA:232,0
DA:233,0
DA:236,0
DA:242,0
DA:243,0
DA:246,0
DA:252,0
DA:253,0
DA:256,0
DA:262,0
DA:263,0
DA:264,0
DA:267,0
DA:274,0
DA:278,0
DA:286,0
DA:295,0
DA:296,0
DA:298,0
DA:308,0
DA:313,0
DA:320,0
DA:322,0
DA:324,0
DA:325,0
DA:329,0
DA:333,0
DA:335,0
DA:338,0
DA:343,0
DA:344,0
DA:346,0
DA:347,0
DA:350,0
DA:354,0
DA:359,0
DA:360,0
DA:362,0
DA:366,0
DA:369,0
DA:372,0
DA:377,0
DA:378,0
DA:379,0
DA:384,0
DA:389,0
DA:397,0
DA:398,0
DA:399,0
DA:400,0
DA:401,0
DA:403,0
DA:408,0
DA:410,0
DA:411,0
DA:412,0
DA:413,0
DA:417,0
DA:420,0
DA:424,0
DA:429,0
DA:430,0
DA:431,0
DA:433,0
DA:442,0
DA:451,0
DA:452,0
DA:453,0
DA:455,0
DA:456,0
DA:457,0
DA:459,0
DA:460,0
DA:461,0
DA:463,0
DA:464,0
DA:468,0
DA:472,0
DA:473,0
DA:476,0
DA:491,0
DA:492,0
DA:498,0
DA:499,0
DA:502,0
DA:510,0
DA:511,0
DA:518,0
DA:521,0
LF:145
LH:0
BRDA:110,0,0,0
BRDA:110,0,1,0
BRDA:112,1,0,0
BRDA:112,1,1,0
BRDA:142,2,0,0
BRDA:142,2,1,0
BRDA:142,3,0,0
BRDA:142,3,1,0
BRDA:145,4,0,0
BRDA:145,4,1,0
BRDA:146,5,0,0
BRDA:146,5,1,0
BRDA:167,6,0,0
BRDA:167,6,1,0
BRDA:187,7,0,0
BRDA:187,7,1,0
BRDA:189,8,0,0
BRDA:189,8,1,0
BRDA:190,9,0,0
BRDA:190,9,1,0
BRDA:192,10,0,0
BRDA:192,10,1,0
BRDA:193,11,0,0
BRDA:193,11,1,0
BRDA:195,12,0,0
BRDA:195,12,1,0
BRDA:196,13,0,0
BRDA:196,13,1,0
BRDA:198,14,0,0
BRDA:198,14,1,0
BRDA:229,15,0,0
BRDA:229,15,1,0
BRDA:262,16,0,0
BRDA:262,16,1,0
BRDA:264,17,0,0
BRDA:264,17,1,0
BRDA:324,18,0,0
BRDA:324,18,1,0
BRDA:346,19,0,0
BRDA:346,19,1,0
BRDA:359,20,0,0
BRDA:359,20,1,0
BRDA:380,21,0,0
BRDA:380,21,1,0
BRDA:380,21,2,0
BRDA:390,22,0,0
BRDA:390,22,1,0
BRDA:390,22,2,0
BRDA:412,23,0,0
BRDA:412,23,1,0
BRDA:413,24,0,0
BRDA:413,24,1,0
BRDA:424,25,0,0
BRDA:424,25,1,0
BRDA:510,26,0,0
BRDA:510,26,1,0
BRF:56
BRH:0
end_of_record
TN:
SF:src/lib/errorTracking.tsx
FN:56,(anonymous_0)
FN:61,(anonymous_1)
FN:91,(anonymous_2)
FN:131,(anonymous_3)
FN:151,(anonymous_4)
FN:160,(anonymous_5)
FN:165,(anonymous_6)
FN:170,(anonymous_7)
FN:175,(anonymous_8)
FN:180,(anonymous_9)
FN:189,(anonymous_10)
FN:205,(anonymous_11)
FN:227,(anonymous_12)
FN:244,(anonymous_13)
FN:247,(anonymous_14)
FN:250,(anonymous_15)
FN:259,(anonymous_16)
FN:262,(anonymous_17)
FN:270,(anonymous_18)
FN:273,(anonymous_19)
FN:323,(anonymous_20)
FN:327,(anonymous_21)
FN:358,(anonymous_22)
FN:391,(anonymous_23)
FN:395,(anonymous_24)
FN:407,(anonymous_25)
FN:417,(anonymous_26)
FN:421,(anonymous_27)
FN:439,(anonymous_28)
FN:447,(anonymous_29)
FN:480,(anonymous_30)
FN:489,(anonymous_31)
FN:493,(anonymous_32)
FN:514,(anonymous_33)
FN:545,(anonymous_34)
FN:560,withErrorTracking
FN:564,(anonymous_36)
FN:567,(anonymous_37)
FNF:38
FNH:0
FNDA:0,(anonymous_0)
FNDA:0,(anonymous_1)
FNDA:0,(anonymous_2)
FNDA:0,(anonymous_3)
FNDA:0,(anonymous_4)
FNDA:0,(anonymous_5)
FNDA:0,(anonymous_6)
FNDA:0,(anonymous_7)
FNDA:0,(anonymous_8)
FNDA:0,(anonymous_9)
FNDA:0,(anonymous_10)
FNDA:0,(anonymous_11)
FNDA:0,(anonymous_12)
FNDA:0,(anonymous_13)
FNDA:0,(anonymous_14)
FNDA:0,(anonymous_15)
FNDA:0,(anonymous_16)
FNDA:0,(anonymous_17)
FNDA:0,(anonymous_18)
FNDA:0,(anonymous_19)
FNDA:0,(anonymous_20)
FNDA:0,(anonymous_21)
FNDA:0,(anonymous_22)
FNDA:0,(anonymous_23)
FNDA:0,(anonymous_24)
FNDA:0,(anonymous_25)
FNDA:0,(anonymous_26)
FNDA:0,(anonymous_27)
FNDA:0,(anonymous_28)
FNDA:0,(anonymous_29)
FNDA:0,(anonymous_30)
FNDA:0,(anonymous_31)
FNDA:0,(anonymous_32)
FNDA:0,(anonymous_33)
FNDA:0,(anonymous_34)
FNDA:0,withErrorTracking
FNDA:0,(anonymous_36)
FNDA:0,(anonymous_37)
DA:46,0
DA:47,0
DA:48,0
DA:49,0
DA:50,0
DA:52,0
DA:53,0
DA:54,0
DA:57,0
DA:63,0
DA:66,0
DA:69,0
DA:72,0
DA:75,0
DA:78,0
DA:84,0
DA:92,0
DA:95,0
DA:96,0
DA:100,0
DA:103,0
DA:104,0
DA:107,0
DA:108,0
DA:109,0
DA:110,0
DA:115,0
DA:125,0
DA:127,0
DA:132,0
DA:137,0
DA:140,0
DA:141,0
DA:144,0
DA:152,0
DA:153,0
DA:161,0
DA:166,0
DA:171,0
DA:176,0
DA:181,0
DA:182,0
DA:183,0
DA:184,0
DA:185,0
DA:190,0
DA:205,0
DA:206,0
DA:208,0
DA:219,0
DA:227,0
DA:228,0
DA:232,0
DA:238,0
DA:245,0
DA:247,0
DA:248,0
DA:250,0
DA:254,0
DA:257,0
DA:259,0
DA:260,0
DA:262,0
DA:266,0
DA:271,0
DA:273,0
DA:274,0
DA:275,0
DA:277,0
DA:287,0
DA:288,0
DA:289,0
DA:291,0
DA:303,0
DA:305,0
DA:307,0
DA:318,0
DA:325,0
DA:327,0
DA:328,0
DA:329,0
DA:339,0
DA:344,0
DA:347,0
DA:362,0
DA:363,0
DA:365,0
DA:392,0
DA:397,0
DA:404,0
DA:408,0
DA:409,0
DA:410,0
DA:411,0
DA:412,0
DA:414,0
DA:418,0
DA:422,0
DA:423,0
DA:432,0
DA:440,0
DA:441,0
DA:442,0
DA:443,0
DA:444,0
DA:445,0
DA:447,0
DA:448,0
DA:449,0
DA:455,0
DA:464,0
DA:481,0
DA:482,0
DA:490,0
DA:495,0
DA:501,0
DA:504,0
DA:506,0
DA:515,0
DA:517,0
DA:518,0
DA:522,0
DA:545,0
DA:555,0
DA:564,0
DA:565,0
DA:568,0
DA:580,0
DA:582,0
LF:129
LH:0
BRDA:95,0,0,0
BRDA:95,0,1,0
BRDA:107,1,0,0
BRDA:107,1,1,0
BRDA:109,2,0,0
BRDA:109,2,1,0
BRDA:140,3,0,0
BRDA:140,3,1,0
BRDA:155,4,0,0
BRDA:155,4,1,0
BRDA:170,5,0,0
BRDA:206,6,0,0
BRDA:206,6,1,0
BRDA:228,7,0,0
BRDA:228,7,1,0
BRDA:275,8,0,0
BRDA:275,8,1,0
BRDA:283,9,0,0
BRDA:283,9,1,0
BRDA:294,10,0,0
BRDA:294,10,1,0
BRDA:314,11,0,0
BRDA:314,11,1,0
BRDA:328,12,0,0
BRDA:328,12,1,0
BRDA:374,13,0,0
BRDA:374,13,1,0
BRDA:401,14,0,0
BRDA:401,14,1,0
BRDA:442,15,0,0
BRDA:442,15,1,0
BRDA:444,16,0,0
BRDA:444,16,1,0
BRDA:444,17,0,0
BRDA:444,17,1,0
BRDA:448,18,0,0
BRDA:448,18,1,0
BRDA:515,19,0,0
BRDA:515,19,1,0
BRDA:515,20,0,0
BRDA:515,20,1,0
BRDA:515,20,2,0
BRDA:517,21,0,0
BRDA:517,21,1,0
BRDA:532,22,0,0
BRDA:532,22,1,0
BRDA:570,23,0,0
BRDA:570,23,1,0
BRDA:580,24,0,0
BRDA:580,24,1,0
BRF:50
BRH:0
end_of_record
TN:
SF:src/lib/logger.ts
FN:16,(anonymous_0)
FN:64,(anonymous_1)
FN:68,(anonymous_2)
FN:78,(anonymous_3)
FN:108,(anonymous_4)
FN:116,(anonymous_5)
FN:129,(anonymous_6)
FN:130,(anonymous_7)
FN:135,(anonymous_8)
FN:159,(anonymous_9)
FN:171,(anonymous_10)
FN:186,(anonymous_11)
FN:195,(anonymous_12)
FN:199,(anonymous_13)
FN:211,(anonymous_14)
FN:219,(anonymous_15)
FN:231,(anonymous_16)
FN:235,(anonymous_17)
FN:239,(anonymous_18)
FN:243,(anonymous_19)
FN:247,(anonymous_20)
FN:252,(anonymous_21)
FN:256,(anonymous_22)
FN:272,(anonymous_23)
FN:310,(anonymous_24)
FN:315,(anonymous_25)
FN:320,(anonymous_26)
FN:365,(anonymous_27)
FN:380,useLogger
FN:391,usePerformanceLogger
FN:396,(anonymous_30)
FN:405,useRenderLogger
FN:409,(anonymous_32)
FNF:33
FNH:0
FNDA:0,(anonymous_0)
FNDA:0,(anonymous_1)
FNDA:0,(anonymous_2)
FNDA:0,(anonymous_3)
FNDA:0,(anonymous_4)
FNDA:0,(anonymous_5)
FNDA:0,(anonymous_6)
FNDA:0,(anonymous_7)
FNDA:0,(anonymous_8)
FNDA:0,(anonymous_9)
FNDA:0,(anonymous_10)
FNDA:0,(anonymous_11)
FNDA:0,(anonymous_12)
FNDA:0,(anonymous_13)
FNDA:0,(anonymous_14)
FNDA:0,(anonymous_15)
FNDA:0,(anonymous_16)
FNDA:0,(anonymous_17)
FNDA:0,(anonymous_18)
FNDA:0,(anonymous_19)
FNDA:0,(anonymous_20)
FNDA:0,(anonymous_21)
FNDA:0,(anonymous_22)
FNDA:0,(anonymous_23)
FNDA:0,(anonymous_24)
FNDA:0,(anonymous_25)
FNDA:0,(anonymous_26)
FNDA:0,(anonymous_27)
FNDA:0,useLogger
FNDA:0,usePerformanceLogger
FNDA:0,(anonymous_30)
FNDA:0,useRenderLogger
FNDA:0,(anonymous_32)
DA:16,0
DA:17,0
DA:18,0
DA:19,0
DA:20,0
DA:21,0
DA:65,0
DA:69,0
DA:71,0
DA:74,0
DA:79,0
DA:87,0
DA:88,0
DA:90,0
DA:103,0
DA:104,0
DA:105,0
DA:106,0
DA:109,0
DA:111,0
DA:112,0
DA:118,0
DA:119,0
DA:122,0
DA:124,0
DA:125,0
DA:130,0
DA:131,0
DA:136,0
DA:137,0
DA:140,0
DA:141,0
DA:143,0
DA:144,0
DA:153,0
DA:155,0
DA:160,0
DA:161,0
DA:163,0
DA:168,0
DA:169,0
DA:172,0
DA:173,0
DA:174,0
DA:177,0
DA:179,0
DA:182,0
DA:187,0
DA:188,0
DA:189,0
DA:191,0
DA:196,0
DA:200,0
DA:209,0
DA:212,0
DA:213,0
DA:214,0
DA:215,0
DA:220,0
DA:232,0
DA:236,0
DA:240,0
DA:244,0
DA:248,0
DA:253,0
DA:254,0
DA:256,0
DA:257,0
DA:258,0
DA:259,0
DA:261,0
DA:267,0
DA:277,0
DA:279,0
DA:281,0
DA:282,0
DA:283,0
DA:285,0
DA:291,0
DA:293,0
DA:295,0
DA:305,0
DA:311,0
DA:316,0
DA:327,0
DA:328,0
DA:331,0
DA:345,0
DA:346,0
DA:355,0
DA:356,0
DA:357,0
DA:360,0
DA:366,0
DA:371,0
DA:381,0
DA:383,0
DA:384,0
DA:387,0
DA:394,0
DA:396,0
DA:397,0
DA:406,0
DA:407,0
DA:409,0
DA:410,0
DA:412,0
DA:413,0
DA:422,0
LF:109
LH:0
BRDA:16,0,0,0
BRDA:16,0,1,0
BRDA:64,1,0,0
BRDA:69,2,0,0
BRDA:69,2,1,0
BRDA:94,3,0,0
BRDA:94,3,1,0
BRDA:96,4,0,0
BRDA:96,4,1,0
BRDA:109,5,0,0
BRDA:109,5,1,0
BRDA:111,6,0,0
BRDA:111,6,1,0
BRDA:118,7,0,0
BRDA:118,7,1,0
BRDA:124,8,0,0
BRDA:124,8,1,0
BRDA:136,9,0,0
BRDA:136,9,1,0
BRDA:136,10,0,0
BRDA:136,10,1,0
BRDA:160,11,0,0
BRDA:160,11,1,0
BRDA:189,12,0,0
BRDA:189,12,1,0
BRDA:213,13,0,0
BRDA:213,13,1,0
BRDA:327,14,0,0
BRDA:327,14,1,0
BRDA:342,15,0,0
BRDA:342,15,1,0
BRDA:345,16,0,0
BRDA:345,16,1,0
BRDA:372,17,0,0
BRDA:372,17,1,0
BRDA:383,18,0,0
BRDA:383,18,1,0
BRDA:412,19,0,0
BRDA:412,19,1,0
BRF:39
BRH:0
end_of_record
TN:
SF:src/lib/performanceMonitor.ts
FN:66,(anonymous_0)
FN:91,(anonymous_1)
FN:109,(anonymous_2)
FN:139,(anonymous_3)
FN:150,(anonymous_4)
FN:187,(anonymous_5)
FN:221,(anonymous_6)
FN:223,(anonymous_7)
FN:228,(anonymous_8)
FN:229,(anonymous_9)
FN:233,(anonymous_10)
FN:238,(anonymous_11)
FN:253,(anonymous_12)
FN:265,(anonymous_13)
FN:266,(anonymous_14)
FN:273,(anonymous_15)
FN:276,(anonymous_16)
FN:295,(anonymous_17)
FN:297,(anonymous_18)
FN:316,(anonymous_19)
FN:318,(anonymous_20)
FN:340,(anonymous_21)
FN:342,(anonymous_22)
FN:361,(anonymous_23)
FN:363,(anonymous_24)
FN:365,(anonymous_25)
FN:394,(anonymous_26)
FN:396,(anonymous_27)
FN:400,(anonymous_28)
FN:419,(anonymous_29)
FN:431,(anonymous_30)
FN:437,(anonymous_31)
FN:466,(anonymous_32)
FN:467,(anonymous_33)
FN:468,(anonymous_34)
FN:501,usePerformance
FN:507,(anonymous_36)
FN:511,(anonymous_37)
FN:516,(anonymous_38)
FN:521,(anonymous_39)
FN:524,(anonymous_40)
FN:542,usePerformanceMetrics
FN:552,(anonymous_42)
FN:558,(anonymous_43)
FN:561,(anonymous_44)
FNF:45
FNH:0
FNDA:0,(anonymous_0)
FNDA:0,(anonymous_1)
FNDA:0,(anonymous_2)
FNDA:0,(anonymous_3)
FNDA:0,(anonymous_4)
FNDA:0,(anonymous_5)
FNDA:0,(anonymous_6)
FNDA:0,(anonymous_7)
FNDA:0,(anonymous_8)
FNDA:0,(anonymous_9)
FNDA:0,(anonymous_10)
FNDA:0,(anonymous_11)
FNDA:0,(anonymous_12)
FNDA:0,(anonymous_13)
FNDA:0,(anonymous_14)
FNDA:0,(anonymous_15)
FNDA:0,(anonymous_16)
FNDA:0,(anonymous_17)
FNDA:0,(anonymous_18)
FNDA:0,(anonymous_19)
FNDA:0,(anonymous_20)
FNDA:0,(anonymous_21)
FNDA:0,(anonymous_22)
FNDA:0,(anonymous_23)
FNDA:0,(anonymous_24)
FNDA:0,(anonymous_25)
FNDA:0,(anonymous_26)
FNDA:0,(anonymous_27)
FNDA:0,(anonymous_28)
FNDA:0,(anonymous_29)
FNDA:0,(anonymous_30)
FNDA:0,(anonymous_31)
FNDA:0,(anonymous_32)
FNDA:0,(anonymous_33)
FNDA:0,(anonymous_34)
FNDA:0,usePerformance
FNDA:0,(anonymous_36)
FNDA:0,(anonymous_37)
FNDA:0,(anonymous_38)
FNDA:0,(anonymous_39)
FNDA:0,(anonymous_40)
FNDA:0,usePerformanceMetrics
FNDA:0,(anonymous_42)
FNDA:0,(anonymous_43)
FNDA:0,(anonymous_44)
DA:58,0
DA:59,0
DA:60,0
DA:61,0
DA:62,0
DA:63,0
DA:64,0
DA:67,0
DA:68,0
DA:71,0
DA:73,0
DA:74,0
DA:75,0
DA:76,0
DA:77,0
DA:78,0
DA:80,0
DA:84,0
DA:92,0
DA:93,0
DA:94,0
DA:96,0
DA:101,0
DA:110,0
DA:111,0
DA:113,0
DA:114,0
DA:116,0
DA:119,0
DA:120,0
DA:122,0
DA:128,0
DA:130,0
DA:134,0
DA:140,0
DA:142,0
DA:151,0
DA:153,0
DA:154,0
DA:155,0
DA:158,0
DA:166,0
DA:176,0
DA:178,0
DA:188,0
DA:190,0
DA:191,0
DA:192,0
DA:194,0
DA:203,0
DA:213,0
DA:222,0
DA:223,0
DA:229,0
DA:234,0
DA:239,0
DA:241,0
DA:254,0
DA:255,0
DA:256,0
DA:257,0
DA:259,0
DA:266,0
DA:267,0
DA:268,0
DA:274,0
DA:276,0
DA:277,0
DA:278,0
DA:283,0
DA:285,0
DA:291,0
DA:292,0
DA:295,0
DA:296,0
DA:297,0
DA:298,0
DA:302,0
DA:304,0
DA:311,0
DA:312,0
DA:315,0
DA:316,0
DA:317,0
DA:318,0
DA:319,0
DA:323,0
DA:324,0
DA:325,0
DA:329,0
DA:335,0
DA:336,0
DA:339,0
DA:340,0
DA:341,0
DA:342,0
DA:343,0
DA:344,0
DA:348,0
DA:349,0
DA:354,0
DA:362,0
DA:363,0
DA:364,0
DA:365,0
DA:366,0
DA:368,0
DA:379,0
DA:380,0
DA:384,0
DA:385,0
DA:388,0
DA:395,0
DA:396,0
DA:397,0
DA:399,0
DA:400,0
DA:401,0
DA:402,0
DA:405,0
DA:406,0
DA:409,0
DA:410,0
DA:412,0
DA:421,0
DA:429,0
DA:431,0
DA:432,0
DA:438,0
DA:446,0
DA:447,0
DA:448,0
DA:449,0
DA:453,0
DA:454,0
DA:467,0
DA:468,0
DA:469,0
DA:471,0
DA:472,0
DA:473,0
DA:474,0
DA:477,0
DA:478,0
DA:479,0
DA:482,0
DA:498,0
DA:505,0
DA:507,0
DA:508,0
DA:511,0
DA:512,0
DA:513,0
DA:516,0
DA:517,0
DA:518,0
DA:521,0
DA:522,0
DA:524,0
DA:525,0
DA:526,0
DA:535,0
DA:548,0
DA:549,0
DA:550,0
DA:552,0
DA:553,0
DA:554,0
DA:555,0
DA:558,0
DA:559,0
DA:560,0
DA:561,0
DA:564,0
LF:174
LH:0
BRDA:67,0,0,0
BRDA:67,0,1,0
BRDA:113,1,0,0
BRDA:113,1,1,0
BRDA:120,2,0,0
BRDA:120,2,1,0
BRDA:153,3,0,0
BRDA:153,3,1,0
BRDA:176,4,0,0
BRDA:176,4,1,0
BRDA:190,5,0,0
BRDA:190,5,1,0
BRDA:197,6,0,0
BRDA:197,6,1,0
BRDA:198,7,0,0
BRDA:198,7,1,0
BRDA:206,8,0,0
BRDA:206,8,1,0
BRDA:207,9,0,0
BRDA:207,9,1,0
BRDA:283,10,0,0
BRDA:283,10,1,0
BRDA:283,10,2,0
BRDA:323,11,0,0
BRDA:323,11,1,0
BRDA:324,12,0,0
BRDA:324,12,1,0
BRDA:344,13,0,0
BRDA:344,13,1,0
BRDA:344,14,0,0
BRDA:344,14,1,0
BRDA:379,15,0,0
BRDA:379,15,1,0
BRDA:402,16,0,0
BRDA:402,16,1,0
BRDA:405,17,0,0
BRDA:405,17,1,0
BRDA:406,18,0,0
BRDA:406,18,1,0
BRDA:429,19,0,0
BRDA:429,19,1,0
BRDA:446,20,0,0
BRDA:446,20,1,0
BRDA:453,21,0,0
BRDA:453,21,1,0
BRDA:471,22,0,0
BRDA:471,22,1,0
BRDA:478,23,0,0
BRDA:478,23,1,0
BRF:49
BRH:0
end_of_record
TN:
SF:src/lib/prayerAdapters.ts
FN:27,toLegacyPrayer
FN:44,fromLegacyPrayer
FN:62,toLegacyPrayers
FNF:3
FNH:0
FNDA:0,toLegacyPrayer
FNDA:0,fromLegacyPrayer
FNDA:0,toLegacyPrayers
DA:28,0
DA:48,0
DA:63,0
LF:3
LH:0
BRF:0
BRH:0
end_of_record
TN:
SF:src/lib/resilience.ts
FN:25,withRetry
FN:34,(anonymous_1)
FN:112,(anonymous_2)
FN:120,(anonymous_3)
FN:166,(anonymous_4)
FN:170,(anonymous_5)
FN:177,(anonymous_6)
FN:195,withTimeout
FN:202,(anonymous_8)
FN:203,(anonymous_9)
FN:220,withFallback
FN:243,createDeduplicator
FN:247,(anonymous_12)
FN:257,(anonymous_13)
FN:261,(anonymous_14)
FN:270,(anonymous_15)
FN:278,(anonymous_16)
FN:293,createBatcher
FN:304,(anonymous_18)
FN:316,(anonymous_19)
FN:320,(anonymous_20)
FN:325,(anonymous_21)
FN:332,(anonymous_22)
FN:333,(anonymous_23)
FN:341,(anonymous_24)
FN:364,(anonymous_25)
FN:368,(anonymous_26)
FN:374,(anonymous_27)
FN:379,(anonymous_28)
FN:384,(anonymous_29)
FN:390,(anonymous_30)
FN:402,(anonymous_31)
FN:406,(anonymous_32)
FN:408,(anonymous_33)
FN:411,(anonymous_34)
FN:419,createResilientOperation
FN:428,(anonymous_36)
FN:434,(anonymous_37)
FN:440,(anonymous_38)
FN:446,(anonymous_39)
FN:461,sleep
FN:462,(anonymous_41)
FNF:42
FNH:14
FNDA:21,withRetry
FNDA:2,(anonymous_1)
FNDA:1,(anonymous_2)
FNDA:22,(anonymous_3)
FNDA:0,(anonymous_4)
FNDA:0,(anonymous_5)
FNDA:0,(anonymous_6)
FNDA:22,withTimeout
FNDA:22,(anonymous_8)
FNDA:0,(anonymous_9)
FNDA:11,withFallback
FNDA:0,createDeduplicator
FNDA:0,(anonymous_12)
FNDA:0,(anonymous_13)
FNDA:0,(anonymous_14)
FNDA:0,(anonymous_15)
FNDA:0,(anonymous_16)
FNDA:0,createBatcher
FNDA:0,(anonymous_18)
FNDA:0,(anonymous_19)
FNDA:0,(anonymous_20)
FNDA:0,(anonymous_21)
FNDA:0,(anonymous_22)
FNDA:0,(anonymous_23)
FNDA:0,(anonymous_24)
FNDA:0,(anonymous_25)
FNDA:0,(anonymous_26)
FNDA:0,(anonymous_27)
FNDA:0,(anonymous_28)
FNDA:0,(anonymous_29)
FNDA:0,(anonymous_30)
FNDA:0,(anonymous_31)
FNDA:0,(anonymous_32)
FNDA:0,(anonymous_33)
FNDA:0,(anonymous_34)
FNDA:21,createResilientOperation
FNDA:21,(anonymous_36)
FNDA:22,(anonymous_37)
FNDA:22,(anonymous_38)
FNDA:21,(anonymous_39)
FNDA:1,sleep
FNDA:1,(anonymous_41)
DA:29,21
DA:36,2
DA:37,2
DA:47,21
DA:50,21
DA:51,22
DA:52,22
DA:54,5
DA:58,5
DA:61,5
DA:62,4
DA:66,1
DA:72,1
DA:73,1
DA:75,1
DA:81,1
DA:82,0
DA:86,1
DA:90,0
DA:106,1
DA:107,1
DA:108,1
DA:109,1
DA:113,1
DA:122,22
DA:123,0
DA:124,0
DA:125,0
DA:126,0
DA:127,0
DA:129,0
DA:133,22
DA:134,22
DA:137,17
DA:138,0
DA:139,0
DA:140,0
DA:141,0
DA:143,17
DA:145,17
DA:148,17
DA:151,5
DA:152,5
DA:154,5
DA:155,0
DA:159,0
DA:162,5
DA:167,0
DA:171,0
DA:172,0
DA:173,0
DA:174,0
DA:183,0
DA:202,22
DA:203,22
DA:204,0
DA:210,22
DA:211,22
DA:213,22
DA:224,11
DA:225,11
DA:227,2
DA:228,2
DA:244,0
DA:246,0
DA:249,0
DA:250,0
DA:251,0
DA:252,0
DA:256,0
DA:258,0
DA:259,0
DA:262,0
DA:263,0
DA:266,0
DA:267,0
DA:271,0
DA:272,0
DA:274,0
DA:279,0
DA:301,0
DA:302,0
DA:304,0
DA:305,0
DA:307,0
DA:308,0
DA:310,0
DA:311,0
DA:312,0
DA:315,0
DA:316,0
DA:317,0
DA:320,0
DA:321,0
DA:325,0
DA:326,0
DA:331,0
DA:333,0
DA:334,0
DA:337,0
DA:338,0
DA:339,0
DA:341,0
DA:342,0
DA:361,0
DA:365,0
DA:369,0
DA:370,0
DA:371,0
DA:375,0
DA:376,0
DA:380,0
DA:381,0
DA:385,0
DA:386,0
DA:387,0
DA:391,0
DA:392,0
DA:393,0
DA:394,0
DA:395,0
DA:396,0
DA:398,0
DA:403,0
DA:407,0
DA:408,0
DA:412,0
DA:426,21
DA:428,21
DA:429,21
DA:432,21
DA:433,21
DA:434,22
DA:438,21
DA:439,21
DA:440,22
DA:444,21
DA:445,21
DA:446,21
DA:450,21
DA:451,11
DA:454,10
DA:462,1
LF:143
LH:58
BRDA:27,0,0,21
BRDA:38,1,0,2
BRDA:38,1,1,2
BRDA:38,1,2,2
BRDA:38,1,3,2
BRDA:38,1,4,2
BRDA:58,2,0,5
BRDA:58,2,1,5
BRDA:58,2,2,5
BRDA:61,3,0,4
BRDA:61,3,1,1
BRDA:81,4,0,0
BRDA:81,4,1,1
BRDA:112,5,0,1
BRDA:114,6,0,1
BRDA:114,6,1,0
BRDA:115,7,0,1
BRDA:115,7,1,0
BRDA:116,8,0,1
BRDA:116,8,1,0
BRDA:122,9,0,0
BRDA:122,9,1,22
BRDA:123,10,0,0
BRDA:123,10,1,0
BRDA:124,11,0,0
BRDA:124,11,1,0
BRDA:137,12,0,0
BRDA:137,12,1,17
BRDA:139,13,0,0
BRDA:139,13,1,0
BRDA:143,14,0,17
BRDA:143,14,1,0
BRDA:154,15,0,0
BRDA:154,15,1,5
BRDA:154,16,0,5
BRDA:154,16,1,5
BRDA:205,17,0,0
BRDA:205,17,1,0
BRDA:228,18,0,0
BRDA:228,18,1,2
BRDA:250,19,0,0
BRDA:250,19,1,0
BRDA:271,20,0,0
BRDA:271,20,1,0
BRDA:305,21,0,0
BRDA:305,21,1,0
BRDA:310,22,0,0
BRDA:310,22,1,0
BRDA:337,23,0,0
BRDA:337,23,1,0
BRDA:339,24,0,0
BRDA:339,24,1,0
BRDA:385,25,0,0
BRDA:385,25,1,0
BRDA:394,26,0,0
BRDA:394,26,1,0
BRDA:432,27,0,21
BRDA:432,27,1,0
BRDA:438,28,0,21
BRDA:438,28,1,0
BRDA:444,29,0,21
BRDA:444,29,1,0
BRDA:450,30,0,11
BRDA:450,30,1,10
BRF:64
BRH:28
end_of_record
TN:
SF:src/lib/security.ts
FN:13,sanitizeInput
FN:34,sanitizeHtml
FN:63,(anonymous_2)
FN:68,(anonymous_3)
FN:77,(anonymous_4)
FN:83,(anonymous_5)
FN:96,(anonymous_6)
FN:134,(anonymous_7)
FN:164,(anonymous_8)
FN:175,(anonymous_9)
FN:188,(anonymous_10)
FN:192,(anonymous_11)
FN:196,(anonymous_12)
FN:204,createRateLimiter
FN:215,(anonymous_14)
FN:223,(anonymous_15)
FN:232,(anonymous_16)
FN:237,(anonymous_17)
FN:242,(anonymous_18)
FN:251,generateNonce
FN:254,(anonymous_20)
FN:260,safeJsonParse
FN:272,sanitizeUserContent
FN:295,(anonymous_23)
FN:308,validateFileUpload
FN:325,(anonymous_25)
FN:343,(anonymous_26)
FN:360,constantTimeCompare
FN:376,generateCsrfToken
FN:383,validateCsrfToken
FN:390,escapeSqlLike
FN:397,sanitizeFileName
FN:420,containsInappropriateContent
FN:429,(anonymous_33)
FN:435,formatBytes
FN:450,hashString
FN:455,(anonymous_36)
FN:461,isSecureContext
FN:468,getSecurityHeaders
FNF:39
FNH:2
FNDA:0,sanitizeInput
FNDA:0,sanitizeHtml
FNDA:0,(anonymous_2)
FNDA:0,(anonymous_3)
FNDA:0,(anonymous_4)
FNDA:7,(anonymous_5)
FNDA:0,(anonymous_6)
FNDA:0,(anonymous_7)
FNDA:0,(anonymous_8)
FNDA:0,(anonymous_9)
FNDA:0,(anonymous_10)
FNDA:0,(anonymous_11)
FNDA:0,(anonymous_12)
FNDA:0,createRateLimiter
FNDA:0,(anonymous_14)
FNDA:0,(anonymous_15)
FNDA:0,(anonymous_16)
FNDA:0,(anonymous_17)
FNDA:0,(anonymous_18)
FNDA:0,generateNonce
FNDA:0,(anonymous_20)
FNDA:0,safeJsonParse
FNDA:9,sanitizeUserContent
FNDA:0,(anonymous_23)
FNDA:0,validateFileUpload
FNDA:0,(anonymous_25)
FNDA:0,(anonymous_26)
FNDA:0,constantTimeCompare
FNDA:0,generateCsrfToken
FNDA:0,validateCsrfToken
FNDA:0,escapeSqlLike
FNDA:0,sanitizeFileName
FNDA:0,containsInappropriateContent
FNDA:0,(anonymous_33)
FNDA:0,formatBytes
FNDA:0,hashString
FNDA:0,(anonymous_36)
FNDA:0,isSecureContext
FNDA:0,getSecurityHeaders
DA:14,0
DA:17,0
DA:20,0
DA:28,0
DA:35,0
DA:38,0
DA:39,0
DA:42,0
DA:43,0
DA:49,0
DA:52,0
DA:62,1
DA:64,0
DA:65,0
DA:69,0
DA:70,0
DA:71,0
DA:73,0
DA:79,0
DA:80,0
DA:84,7
DA:97,0
DA:99,0
DA:100,0
DA:103,0
DA:104,0
DA:107,0
DA:108,0
DA:112,0
DA:121,0
DA:122,0
DA:123,0
DA:124,0
DA:128,0
DA:135,0
DA:137,0
DA:138,0
DA:141,0
DA:142,0
DA:145,0
DA:146,0
DA:149,0
DA:150,0
DA:153,0
DA:163,1
DA:165,0
DA:166,0
DA:167,0
DA:168,0
DA:170,0
DA:171,0
DA:176,0
DA:177,0
DA:178,0
DA:180,0
DA:181,0
DA:183,0
DA:184,0
DA:189,0
DA:193,0
DA:197,0
DA:213,0
DA:215,0
DA:216,0
DA:217,0
DA:218,0
DA:222,0
DA:224,0
DA:225,0
DA:226,0
DA:227,0
DA:229,0
DA:233,0
DA:234,0
DA:238,0
DA:239,0
DA:243,0
DA:252,0
DA:253,0
DA:254,0
DA:261,0
DA:262,0
DA:264,0
DA:265,0
DA:273,9
DA:276,9
DA:279,9
DA:282,9
DA:283,9
DA:286,9
DA:289,9
DA:292,9
DA:293,9
DA:295,9
DA:296,0
DA:297,0
DA:299,0
DA:302,9
DA:316,0
DA:317,0
DA:324,0
DA:325,0
DA:326,0
DA:327,0
DA:328,0
DA:330,0
DA:333,0
DA:334,0
DA:341,0
DA:342,0
DA:343,0
DA:344,0
DA:347,0
DA:348,0
DA:354,0
DA:361,0
DA:362,0
DA:365,0
DA:366,0
DA:367,0
DA:370,0
DA:377,0
DA:384,0
DA:391,0
DA:399,0
DA:402,0
DA:405,0
DA:406,0
DA:407,0
DA:408,0
DA:409,0
DA:413,0
DA:423,0
DA:428,0
DA:429,0
DA:436,0
DA:438,0
DA:439,0
DA:440,0
DA:442,0
DA:444,0
DA:451,0
DA:452,0
DA:453,0
DA:454,0
DA:455,0
DA:462,0
DA:469,0
LF:148
LH:14
BRDA:14,0,0,0
BRDA:14,0,1,0
BRDA:35,1,0,0
BRDA:35,1,1,0
BRDA:71,2,0,0
BRDA:71,2,1,0
BRDA:85,3,0,7
BRDA:85,3,1,7
BRDA:85,3,2,7
BRDA:85,3,3,7
BRDA:85,3,4,7
BRDA:85,3,5,7
BRDA:85,3,6,7
BRDA:85,3,7,7
BRDA:99,4,0,0
BRDA:99,4,1,0
BRDA:99,5,0,0
BRDA:99,5,1,0
BRDA:103,6,0,0
BRDA:103,6,1,0
BRDA:107,7,0,0
BRDA:107,7,1,0
BRDA:122,8,0,0
BRDA:122,8,1,0
BRDA:137,9,0,0
BRDA:137,9,1,0
BRDA:137,10,0,0
BRDA:137,10,1,0
BRDA:141,11,0,0
BRDA:141,11,1,0
BRDA:145,12,0,0
BRDA:145,12,1,0
BRDA:149,13,0,0
BRDA:149,13,1,0
BRDA:164,14,0,0
BRDA:167,15,0,0
BRDA:167,15,1,0
BRDA:175,16,0,0
BRDA:178,17,0,0
BRDA:178,17,1,0
BRDA:180,18,0,0
BRDA:180,18,1,0
BRDA:217,19,0,0
BRDA:217,19,1,0
BRDA:225,20,0,0
BRDA:225,20,1,0
BRDA:238,21,0,0
BRDA:238,21,1,0
BRDA:273,22,0,0
BRDA:273,22,1,9
BRDA:296,23,0,0
BRDA:296,23,1,0
BRDA:316,24,0,0
BRDA:316,24,1,0
BRDA:326,25,0,0
BRDA:326,25,1,0
BRDA:333,26,0,0
BRDA:333,26,1,0
BRDA:347,27,0,0
BRDA:347,27,1,0
BRDA:361,28,0,0
BRDA:361,28,1,0
BRDA:406,29,0,0
BRDA:406,29,1,0
BRDA:407,30,0,0
BRDA:407,30,1,0
BRDA:435,31,0,0
BRDA:436,32,0,0
BRDA:436,32,1,0
BRDA:439,33,0,0
BRDA:439,33,1,0
BRF:71
BRH:9
end_of_record
TN:
SF:src/lib/selfHealing.ts
FN:22,(anonymous_0)
FN:30,(anonymous_1)
FN:35,(anonymous_2)
FN:47,(anonymous_3)
FN:60,(anonymous_4)
FN:81,(anonymous_5)
FN:102,(anonymous_6)
FN:106,(anonymous_7)
FN:117,(anonymous_8)
FN:121,(anonymous_9)
FN:126,(anonymous_10)
FN:131,(anonymous_11)
FN:139,(anonymous_12)
FN:156,(anonymous_13)
FN:168,(anonymous_14)
FN:172,(anonymous_15)
FN:173,(anonymous_16)
FN:196,createStateRecovery
FN:204,(anonymous_18)
FN:214,(anonymous_19)
FN:235,(anonymous_20)
FN:252,useSWR
FN:265,(anonymous_22)
FN:292,(anonymous_23)
FN:297,(anonymous_24)
FN:328,(anonymous_25)
FN:331,(anonymous_26)
FN:340,(anonymous_27)
FN:349,useVisibilityRefresh
FN:355,(anonymous_29)
FN:356,(anonymous_30)
FN:372,(anonymous_31)
FN:397,(anonymous_32)
FN:402,(anonymous_33)
FN:411,(anonymous_34)
FN:433,(anonymous_35)
FN:467,(anonymous_36)
FN:474,(anonymous_37)
FN:482,(anonymous_38)
FN:486,(anonymous_39)
FN:489,(anonymous_40)
FN:500,(anonymous_41)
FN:517,useConnectionStatus
FN:524,(anonymous_43)
FN:525,(anonymous_44)
FN:526,(anonymous_45)
FN:531,(anonymous_46)
FN:538,(anonymous_47)
FN:539,(anonymous_48)
FN:552,(anonymous_49)
FN:561,useAutoSave
FN:576,(anonymous_51)
FN:583,(anonymous_52)
FN:587,(anonymous_53)
FN:594,(anonymous_54)
FNF:55
FNH:0
FNDA:0,(anonymous_0)
FNDA:0,(anonymous_1)
FNDA:0,(anonymous_2)
FNDA:0,(anonymous_3)
FNDA:0,(anonymous_4)
FNDA:0,(anonymous_5)
FNDA:0,(anonymous_6)
FNDA:0,(anonymous_7)
FNDA:0,(anonymous_8)
FNDA:0,(anonymous_9)
FNDA:0,(anonymous_10)
FNDA:0,(anonymous_11)
FNDA:0,(anonymous_12)
FNDA:0,(anonymous_13)
FNDA:0,(anonymous_14)
FNDA:0,(anonymous_15)
FNDA:0,(anonymous_16)
FNDA:0,createStateRecovery
FNDA:0,(anonymous_18)
FNDA:0,(anonymous_19)
FNDA:0,(anonymous_20)
FNDA:0,useSWR
FNDA:0,(anonymous_22)
FNDA:0,(anonymous_23)
FNDA:0,(anonymous_24)
FNDA:0,(anonymous_25)
FNDA:0,(anonymous_26)
FNDA:0,(anonymous_27)
FNDA:0,useVisibilityRefresh
FNDA:0,(anonymous_29)
FNDA:0,(anonymous_30)
FNDA:0,(anonymous_31)
FNDA:0,(anonymous_32)
FNDA:0,(anonymous_33)
FNDA:0,(anonymous_34)
FNDA:0,(anonymous_35)
FNDA:0,(anonymous_36)
FNDA:0,(anonymous_37)
FNDA:0,(anonymous_38)
FNDA:0,(anonymous_39)
FNDA:0,(anonymous_40)
FNDA:0,(anonymous_41)
FNDA:0,useConnectionStatus
FNDA:0,(anonymous_43)
FNDA:0,(anonymous_44)
FNDA:0,(anonymous_45)
FNDA:0,(anonymous_46)
FNDA:0,(anonymous_47)
FNDA:0,(anonymous_48)
FNDA:0,(anonymous_49)
FNDA:0,useAutoSave
FNDA:0,(anonymous_51)
FNDA:0,(anonymous_52)
FNDA:0,(anonymous_53)
FNDA:0,(anonymous_54)
DA:15,0
DA:16,0
DA:17,0
DA:18,0
DA:20,0
DA:23,0
DA:24,0
DA:32,0
DA:35,0
DA:36,0
DA:40,0
DA:41,0
DA:48,0
DA:49,0
DA:50,0
DA:53,0
DA:54,0
DA:61,0
DA:62,0
DA:64,0
DA:65,0
DA:66,0
DA:67,0
DA:70,0
DA:72,0
DA:73,0
DA:74,0
DA:82,0
DA:84,0
DA:85,0
DA:87,0
DA:88,0
DA:89,0
DA:92,0
DA:94,0
DA:95,0
DA:103,0
DA:106,0
DA:107,0
DA:108,0
DA:109,0
DA:118,0
DA:121,0
DA:122,0
DA:123,0
DA:126,0
DA:127,0
DA:128,0
DA:132,0
DA:133,0
DA:134,0
DA:135,0
DA:140,0
DA:141,0
DA:142,0
DA:145,0
DA:146,0
DA:147,0
DA:149,0
DA:153,0
DA:157,0
DA:158,0
DA:161,0
DA:162,0
DA:164,0
DA:168,0
DA:169,0
DA:173,0
DA:174,0
DA:175,0
DA:177,0
DA:201,0
DA:203,0
DA:205,0
DA:206,0
DA:207,0
DA:208,0
DA:210,0
DA:215,0
DA:216,0
DA:217,0
DA:219,0
DA:220,0
DA:223,0
DA:224,0
DA:225,0
DA:228,0
DA:230,0
DA:231,0
DA:236,0
DA:237,0
DA:259,0
DA:260,0
DA:261,0
DA:262,0
DA:263,0
DA:265,0
DA:266,0
DA:267,0
DA:268,0
DA:269,0
DA:270,0
DA:273,0
DA:274,0
DA:282,0
DA:283,0
DA:286,0
DA:288,0
DA:292,0
DA:293,0
DA:294,0
DA:297,0
DA:299,0
DA:300,0
DA:301,0
DA:302,0
DA:303,0
DA:306,0
DA:307,0
DA:308,0
DA:311,0
DA:312,0
DA:314,0
DA:316,0
DA:324,0
DA:328,0
DA:329,0
DA:331,0
DA:332,0
DA:333,0
DA:334,0
DA:336,0
DA:340,0
DA:343,0
DA:353,0
DA:355,0
DA:356,0
DA:357,0
DA:358,0
DA:361,0
DA:362,0
DA:363,0
DA:366,0
DA:370,0
DA:372,0
DA:373,0
DA:393,0
DA:394,0
DA:395,0
DA:399,0
DA:402,0
DA:403,0
DA:404,0
DA:412,0
DA:419,0
DA:420,0
DA:422,0
DA:425,0
DA:426,0
DA:434,0
DA:435,0
DA:438,0
DA:439,0
DA:441,0
DA:443,0
DA:444,0
DA:445,0
DA:446,0
DA:448,0
DA:450,0
DA:451,0
DA:452,0
DA:454,0
DA:459,0
DA:460,0
DA:461,0
DA:468,0
DA:475,0
DA:476,0
DA:483,0
DA:487,0
DA:489,0
DA:494,0
DA:496,0
DA:501,0
DA:502,0
DA:503,0
DA:506,0
DA:509,0
DA:521,0
DA:522,0
DA:524,0
DA:525,0
DA:526,0
DA:528,0
DA:529,0
DA:531,0
DA:532,0
DA:533,0
DA:538,0
DA:539,0
DA:540,0
DA:542,0
DA:543,0
DA:545,0
DA:549,0
DA:550,0
DA:552,0
DA:555,0
DA:571,0
DA:572,0
DA:573,0
DA:574,0
DA:576,0
DA:578,0
DA:579,0
DA:583,0
DA:584,0
DA:587,0
DA:588,0
DA:589,0
DA:594,0
DA:595,0
DA:596,0
DA:598,0
DA:599,0
DA:600,0
DA:602,0
DA:603,0
DA:605,0
DA:609,0
LF:231
LH:0
BRDA:30,0,0,0
BRDA:48,1,0,0
BRDA:48,1,1,0
BRDA:64,2,0,0
BRDA:64,2,1,0
BRDA:64,3,0,0
BRDA:64,3,1,0
BRDA:66,4,0,0
BRDA:66,4,1,0
BRDA:66,5,0,0
BRDA:66,5,1,0
BRDA:87,6,0,0
BRDA:87,6,1,0
BRDA:108,7,0,0
BRDA:108,7,1,0
BRDA:132,8,0,0
BRDA:132,8,1,0
BRDA:145,9,0,0
BRDA:145,9,1,0
BRDA:157,10,0,0
BRDA:157,10,1,0
BRDA:157,11,0,0
BRDA:157,11,1,0
BRDA:217,12,0,0
BRDA:217,12,1,0
BRDA:220,13,0,0
BRDA:220,13,1,0
BRDA:223,14,0,0
BRDA:223,14,1,0
BRDA:265,15,0,0
BRDA:282,16,0,0
BRDA:282,16,1,0
BRDA:301,17,0,0
BRDA:301,17,1,0
BRDA:306,18,0,0
BRDA:306,18,1,0
BRDA:311,19,0,0
BRDA:311,19,1,0
BRDA:329,20,0,0
BRDA:329,20,1,0
BRDA:333,21,0,0
BRDA:333,21,1,0
BRDA:357,22,0,0
BRDA:357,22,1,0
BRDA:361,23,0,0
BRDA:361,23,1,0
BRDA:416,24,0,0
BRDA:416,24,1,0
BRDA:425,25,0,0
BRDA:425,25,1,0
BRDA:434,26,0,0
BRDA:434,26,1,0
BRDA:434,27,0,0
BRDA:434,27,1,0
BRDA:434,27,2,0
BRDA:451,28,0,0
BRDA:451,28,1,0
BRDA:451,29,0,0
BRDA:451,29,1,0
BRDA:503,30,0,0
BRDA:503,30,1,0
BRDA:564,31,0,0
BRDA:578,32,0,0
BRDA:578,32,1,0
BRDA:588,33,0,0
BRDA:588,33,1,0
BRF:66
BRH:0
end_of_record
TN:
SF:src/lib/supabase.ts
FNF:0
FNH:0
DA:111,0
DA:112,0
DA:114,0
DA:115,0
DA:118,0
LF:5
LH:0
BRDA:114,0,0,0
BRDA:114,0,1,0
BRDA:114,1,0,0
BRDA:114,1,1,0
BRDA:118,2,0,0
BRDA:118,2,1,0
BRDA:118,3,0,0
BRDA:118,3,1,0
BRF:8
BRH:0
end_of_record
TN:
SF:src/lib/validation.ts
FN:32,(anonymous_0)
FN:37,(anonymous_1)
FN:42,(anonymous_2)
FN:47,(anonymous_3)
FN:63,(anonymous_4)
FN:68,(anonymous_5)
FN:73,(anonymous_6)
FN:78,(anonymous_7)
FN:83,(anonymous_8)
FN:163,(anonymous_9)
FN:168,(anonymous_10)
FN:173,(anonymous_11)
FN:178,(anonymous_12)
FN:244,(anonymous_13)
FN:281,(anonymous_14)
FN:285,(anonymous_15)
FN:333,(anonymous_16)
FN:337,(anonymous_17)
FN:342,(anonymous_18)
FN:347,(anonymous_19)
FN:394,(anonymous_20)
FN:410,(anonymous_21)
FN:411,(anonymous_22)
FN:412,(anonymous_23)
FN:413,(anonymous_24)
FN:415,(anonymous_25)
FN:454,useValidation
FN:470,(anonymous_27)
FN:477,(anonymous_28)
FN:478,(anonymous_29)
FN:486,(anonymous_30)
FN:492,(anonymous_31)
FN:493,(anonymous_32)
FN:514,useFormValidation
FN:534,(anonymous_34)
FN:539,(anonymous_35)
FN:550,(anonymous_36)
FN:553,(anonymous_37)
FN:555,(anonymous_38)
FN:563,(anonymous_39)
FN:564,(anonymous_40)
FN:570,(anonymous_41)
FN:571,(anonymous_42)
FN:578,(anonymous_43)
FN:579,(anonymous_44)
FN:586,(anonymous_45)
FN:601,(anonymous_46)
FN:608,(anonymous_47)
FNF:48
FNH:17
FNDA:2,(anonymous_0)
FNDA:0,(anonymous_1)
FNDA:59,(anonymous_2)
FNDA:0,(anonymous_3)
FNDA:3,(anonymous_4)
FNDA:5,(anonymous_5)
FNDA:2,(anonymous_6)
FNDA:2,(anonymous_7)
FNDA:26,(anonymous_8)
FNDA:2,(anonymous_9)
FNDA:2,(anonymous_10)
FNDA:0,(anonymous_11)
FNDA:12,(anonymous_12)
FNDA:10,(anonymous_13)
FNDA:4,(anonymous_14)
FNDA:16,(anonymous_15)
FNDA:0,(anonymous_16)
FNDA:0,(anonymous_17)
FNDA:0,(anonymous_18)
FNDA:0,(anonymous_19)
FNDA:0,(anonymous_20)
FNDA:8,(anonymous_21)
FNDA:2,(anonymous_22)
FNDA:2,(anonymous_23)
FNDA:4,(anonymous_24)
FNDA:0,(anonymous_25)
FNDA:0,useValidation
FNDA:0,(anonymous_27)
FNDA:0,(anonymous_28)
FNDA:0,(anonymous_29)
FNDA:0,(anonymous_30)
FNDA:0,(anonymous_31)
FNDA:0,(anonymous_32)
FNDA:0,useFormValidation
FNDA:0,(anonymous_34)
FNDA:0,(anonymous_35)
FNDA:0,(anonymous_36)
FNDA:0,(anonymous_37)
FNDA:0,(anonymous_38)
FNDA:0,(anonymous_39)
FNDA:0,(anonymous_40)
FNDA:0,(anonymous_41)
FNDA:0,(anonymous_42)
FNDA:0,(anonymous_43)
FNDA:0,(anonymous_44)
FNDA:0,(anonymous_45)
FNDA:0,(anonymous_46)
FNDA:0,(anonymous_47)
DA:27,16
DA:28,16
DA:33,2
DA:34,2
DA:38,0
DA:39,0
DA:43,59
DA:44,59
DA:45,0
DA:46,0
DA:47,0
DA:50,59
DA:64,3
DA:65,3
DA:69,5
DA:70,5
DA:74,2
DA:75,2
DA:79,2
DA:80,2
DA:84,26
DA:87,26
DA:88,5
DA:89,0
DA:95,5
DA:99,21
DA:100,0
DA:106,0
DA:110,21
DA:111,0
DA:120,21
DA:121,0
DA:130,21
DA:131,0
DA:139,21
DA:140,0
DA:149,21
DA:151,21
DA:161,2
DA:164,2
DA:165,2
DA:169,2
DA:170,2
DA:174,0
DA:175,0
DA:179,12
DA:182,12
DA:183,0
DA:184,0
DA:190,0
DA:194,12
DA:195,0
DA:201,0
DA:205,12
DA:206,0
DA:214,12
DA:215,0
DA:224,12
DA:225,0
DA:234,12
DA:236,12
DA:245,10
DA:248,10
DA:249,0
DA:250,0
DA:256,0
DA:260,10
DA:261,0
DA:267,0
DA:271,10
DA:273,10
DA:281,4
DA:282,4
DA:286,16
DA:289,16
DA:290,0
DA:291,0
DA:297,0
DA:301,16
DA:302,0
DA:308,0
DA:312,16
DA:313,16
DA:314,54
DA:315,54
DA:316,54
DA:320,16
DA:322,16
DA:333,0
DA:334,0
DA:338,0
DA:339,0
DA:343,0
DA:344,0
DA:348,0
DA:351,0
DA:352,0
DA:353,0
DA:359,0
DA:363,0
DA:364,0
DA:370,0
DA:374,0
DA:375,0
DA:384,0
DA:385,0
DA:394,0
DA:395,0
DA:396,0
DA:400,0
DA:402,0
DA:409,1
DA:410,8
DA:411,2
DA:412,2
DA:414,4
DA:416,0
DA:422,1
DA:433,1
DA:439,1
DA:467,0
DA:468,0
DA:470,0
DA:471,0
DA:472,0
DA:473,0
DA:476,0
DA:478,0
DA:486,0
DA:487,0
DA:488,0
DA:491,0
DA:493,0
DA:494,0
DA:499,0
DA:530,0
DA:531,0
DA:532,0
DA:534,0
DA:535,0
DA:538,0
DA:539,0
DA:540,0
DA:541,0
DA:545,0
DA:546,0
DA:549,0
DA:552,0
DA:553,0
DA:555,0
DA:563,0
DA:564,0
DA:570,0
DA:571,0
DA:577,0
DA:579,0
DA:580,0
DA:581,0
DA:585,0
DA:586,0
DA:589,0
DA:592,0
DA:593,0
DA:594,0
DA:601,0
DA:602,0
DA:603,0
DA:604,0
DA:607,0
DA:608,0
DA:610,0
LF:171
LH:64
BRDA:46,0,0,0
BRDA:46,0,1,0
BRDA:83,1,0,26
BRDA:87,2,0,5
BRDA:87,2,1,21
BRDA:87,3,0,26
BRDA:87,3,1,21
BRDA:87,3,2,21
BRDA:88,4,0,0
BRDA:88,4,1,5
BRDA:99,5,0,0
BRDA:99,5,1,21
BRDA:110,6,0,0
BRDA:110,6,1,21
BRDA:110,7,0,21
BRDA:110,7,1,10
BRDA:120,8,0,0
BRDA:120,8,1,21
BRDA:120,9,0,21
BRDA:120,9,1,11
BRDA:130,10,0,0
BRDA:130,10,1,21
BRDA:130,11,0,21
BRDA:130,11,1,0
BRDA:139,12,0,0
BRDA:139,12,1,21
BRDA:139,13,0,21
BRDA:139,13,1,10
BRDA:178,14,0,12
BRDA:182,15,0,0
BRDA:182,15,1,12
BRDA:182,16,0,12
BRDA:182,16,1,12
BRDA:183,17,0,0
BRDA:183,17,1,0
BRDA:194,18,0,0
BRDA:194,18,1,12
BRDA:194,19,0,12
BRDA:194,19,1,12
BRDA:205,20,0,0
BRDA:205,20,1,12
BRDA:205,21,0,12
BRDA:205,21,1,0
BRDA:214,22,0,0
BRDA:214,22,1,12
BRDA:214,23,0,12
BRDA:214,23,1,12
BRDA:224,24,0,0
BRDA:224,24,1,12
BRDA:224,25,0,12
BRDA:224,25,1,12
BRDA:244,26,0,10
BRDA:248,27,0,0
BRDA:248,27,1,10
BRDA:248,28,0,10
BRDA:248,28,1,10
BRDA:249,29,0,0
BRDA:249,29,1,0
BRDA:260,30,0,0
BRDA:260,30,1,10
BRDA:285,31,0,16
BRDA:289,32,0,0
BRDA:289,32,1,16
BRDA:289,33,0,16
BRDA:289,33,1,16
BRDA:290,34,0,0
BRDA:290,34,1,0
BRDA:301,35,0,0
BRDA:301,35,1,16
BRDA:301,36,0,16
BRDA:301,36,1,16
BRDA:314,37,0,54
BRDA:314,37,1,0
BRDA:347,38,0,0
BRDA:351,39,0,0
BRDA:351,39,1,0
BRDA:351,40,0,0
BRDA:351,40,1,0
BRDA:352,41,0,0
BRDA:352,41,1,0
BRDA:363,42,0,0
BRDA:363,42,1,0
BRDA:374,43,0,0
BRDA:374,43,1,0
BRDA:374,44,0,0
BRDA:374,44,1,0
BRDA:384,45,0,0
BRDA:384,45,1,0
BRDA:384,46,0,0
BRDA:384,46,1,0
BRDA:540,47,0,0
BRDA:540,47,1,0
BRDA:570,48,0,0
BRDA:580,49,0,0
BRDA:580,49,1,0
BRDA:593,50,0,0
BRDA:593,50,1,0
BRF:97
BRH:47
end_of_record
TN:
SF:src/services/prayerService.ts
FN:79,isPointString
FN:83,parsePostGISPoint
FN:92,convertLocation
FN:119,rowToPrayer
FN:136,rowToPrayerResponse
FN:151,rowToPrayerConnection
FN:174,fetchAllPrayers
FN:182,(anonymous_7)
FN:195,(anonymous_8)
FN:211,(anonymous_9)
FN:233,fetchAllConnections
FN:270,fetchNearbyPrayers
FN:297,(anonymous_12)
FN:312,createPrayer
FN:331,(anonymous_14)
FN:350,(anonymous_15)
FN:396,updatePrayer
FN:443,deletePrayer
FN:474,deletePrayerResponse
FN:505,respondToPrayer
FN:529,(anonymous_20)
FN:544,(anonymous_21)
FN:607,fetchPrayerResponses
FN:635,fetchUserInbox
FN:664,(anonymous_24)
FN:669,(anonymous_25)
FN:694,subscribeToPrayers
FN:699,(anonymous_27)
FN:712,(anonymous_28)
FN:721,(anonymous_29)
FN:738,subscribeToNearbyPrayers
FN:746,(anonymous_31)
FN:759,(anonymous_32)
FN:768,(anonymous_33)
FN:776,subscribeToPrayerResponses
FN:782,(anonymous_35)
FN:795,(anonymous_36)
FN:802,(anonymous_37)
FN:810,subscribeToUserInbox
FN:813,(anonymous_39)
FN:825,(anonymous_40)
FN:832,(anonymous_41)
FN:846,subscribeToAllConnections
FN:849,(anonymous_43)
FN:862,(anonymous_44)
FN:871,(anonymous_45)
FN:879,markResponseAsRead
FN:906,markAllResponsesRead
FN:933,getUnreadCount
FN:960,getUnreadCountsByPrayer
FNF:50
FNH:31
FNDA:23,isPointString
FNDA:1,parsePostGISPoint
FNDA:24,convertLocation
FNDA:20,rowToPrayer
FNDA:8,rowToPrayerResponse
FNDA:2,rowToPrayerConnection
FNDA:11,fetchAllPrayers
FNDA:12,(anonymous_7)
FNDA:3,(anonymous_8)
FNDA:11,(anonymous_9)
FNDA:5,fetchAllConnections
FNDA:5,fetchNearbyPrayers
FNDA:4,(anonymous_12)
FNDA:6,createPrayer
FNDA:0,(anonymous_14)
FNDA:6,(anonymous_15)
FNDA:2,updatePrayer
FNDA:2,deletePrayer
FNDA:1,deletePrayerResponse
FNDA:4,respondToPrayer
FNDA:0,(anonymous_20)
FNDA:4,(anonymous_21)
FNDA:2,fetchPrayerResponses
FNDA:2,fetchUserInbox
FNDA:2,(anonymous_24)
FNDA:4,(anonymous_25)
FNDA:2,subscribeToPrayers
FNDA:0,(anonymous_27)
FNDA:0,(anonymous_28)
FNDA:1,(anonymous_29)
FNDA:0,subscribeToNearbyPrayers
FNDA:0,(anonymous_31)
FNDA:0,(anonymous_32)
FNDA:0,(anonymous_33)
FNDA:0,subscribeToPrayerResponses
FNDA:0,(anonymous_35)
FNDA:0,(anonymous_36)
FNDA:0,(anonymous_37)
FNDA:0,subscribeToUserInbox
FNDA:0,(anonymous_39)
FNDA:0,(anonymous_40)
FNDA:0,(anonymous_41)
FNDA:1,subscribeToAllConnections
FNDA:0,(anonymous_43)
FNDA:0,(anonymous_44)
FNDA:0,(anonymous_45)
FNDA:2,markResponseAsRead
FNDA:1,markAllResponsesRead
FNDA:1,getUnreadCount
FNDA:1,getUnreadCountsByPrayer
DA:19,1
DA:80,23
DA:85,1
DA:86,1
DA:87,1
DA:89,0
DA:93,24
DA:94,1
DA:95,1
DA:98,23
DA:99,1
DA:103,22
DA:104,21
DA:105,21
DA:107,21
DA:108,0
DA:109,0
DA:112,21
DA:115,1
DA:116,1
DA:120,20
DA:137,8
DA:152,2
DA:175,11
DA:176,0
DA:177,0
DA:181,11
DA:183,12
DA:185,11
DA:186,1
DA:187,1
DA:190,9
DA:197,3
DA:198,3
DA:206,11
DA:207,11
DA:211,11
DA:212,11
DA:213,11
DA:216,11
DA:218,0
DA:219,0
DA:234,5
DA:235,0
DA:236,0
DA:239,5
DA:241,5
DA:243,5
DA:244,1
DA:245,1
DA:248,4
DA:249,1
DA:252,3
DA:254,1
DA:255,1
DA:275,5
DA:276,0
DA:277,0
DA:280,5
DA:283,5
DA:290,5
DA:291,1
DA:292,1
DA:297,4
DA:298,4
DA:299,4
DA:302,4
DA:304,1
DA:305,1
DA:315,6
DA:316,0
DA:317,0
DA:321,6
DA:329,6
DA:330,0
DA:331,0
DA:335,6
DA:336,0
DA:340,6
DA:344,6
DA:349,6
DA:351,6
DA:363,6
DA:364,1
DA:365,1
DA:369,5
DA:370,6
DA:371,0
DA:374,5
DA:384,6
DA:385,6
DA:386,5
DA:388,1
DA:389,1
DA:401,2
DA:402,0
DA:403,0
DA:406,2
DA:413,2
DA:416,2
DA:417,2
DA:418,2
DA:420,2
DA:428,2
DA:429,1
DA:430,1
DA:433,1
DA:435,1
DA:436,1
DA:447,2
DA:448,0
DA:449,0
DA:452,2
DA:453,2
DA:459,2
DA:460,1
DA:461,1
DA:464,1
DA:466,1
DA:467,1
DA:478,1
DA:479,0
DA:480,0
DA:483,1
DA:484,1
DA:490,1
DA:491,0
DA:492,0
DA:495,1
DA:497,0
DA:498,0
DA:515,4
DA:516,0
DA:517,0
DA:521,4
DA:527,4
DA:528,0
DA:529,0
DA:533,4
DA:534,0
DA:538,4
DA:543,4
DA:546,4
DA:560,4
DA:561,1
DA:562,1
DA:565,3
DA:568,3
DA:569,3
DA:570,1
DA:578,1
DA:579,0
DA:582,1
DA:586,3
DA:596,4
DA:597,4
DA:599,1
DA:600,1
DA:608,2
DA:609,0
DA:610,0
DA:613,2
DA:614,2
DA:620,2
DA:621,0
DA:622,0
DA:625,2
DA:627,0
DA:628,0
DA:642,2
DA:643,0
DA:644,0
DA:647,2
DA:649,2
DA:658,2
DA:659,0
DA:660,0
DA:664,2
DA:665,2
DA:666,2
DA:669,4
DA:671,2
DA:678,0
DA:679,0
DA:697,2
DA:698,0
DA:699,0
DA:703,2
DA:714,0
DA:715,0
DA:721,2
DA:722,1
DA:730,1
DA:744,0
DA:745,0
DA:746,0
DA:750,0
DA:761,0
DA:762,0
DA:768,0
DA:769,0
DA:780,0
DA:781,0
DA:782,0
DA:785,0
DA:796,0
DA:797,0
DA:802,0
DA:803,0
DA:811,0
DA:812,0
DA:813,0
DA:816,0
DA:826,0
DA:827,0
DA:832,0
DA:833,0
DA:847,1
DA:848,0
DA:849,0
DA:853,1
DA:864,0
DA:865,0
DA:871,1
DA:872,0
DA:880,2
DA:881,0
DA:882,0
DA:885,2
DA:886,2
DA:891,2
DA:892,1
DA:893,1
DA:896,1
DA:898,1
DA:899,1
DA:907,1
DA:908,0
DA:909,0
DA:912,1
DA:913,1
DA:918,1
DA:919,0
DA:920,0
DA:923,1
DA:925,0
DA:926,0
DA:934,1
DA:935,0
DA:936,0
DA:939,1
DA:940,1
DA:945,1
DA:946,0
DA:947,0
DA:950,1
DA:952,0
DA:953,0
DA:963,1
DA:964,0
DA:965,0
DA:968,1
DA:969,1
DA:974,1
DA:975,0
DA:976,0
DA:979,1
DA:981,0
DA:982,0
LF:269
LH:171
BRDA:80,0,0,23
BRDA:80,0,1,2
BRDA:86,1,0,1
BRDA:86,1,1,0
BRDA:93,2,0,1
BRDA:93,2,1,23
BRDA:98,3,0,1
BRDA:98,3,1,22
BRDA:103,4,0,21
BRDA:103,4,1,1
BRDA:107,5,0,0
BRDA:107,5,1,21
BRDA:107,6,0,21
BRDA:107,6,1,21
BRDA:132,7,0,20
BRDA:132,7,1,0
BRDA:147,8,0,1
BRDA:147,8,1,7
BRDA:175,9,0,0
BRDA:175,9,1,11
BRDA:185,10,0,1
BRDA:185,10,1,10
BRDA:198,11,0,3
BRDA:198,11,1,2
BRDA:198,11,2,2
BRDA:213,12,0,11
BRDA:213,12,1,10
BRDA:213,12,2,10
BRDA:213,12,3,9
BRDA:234,13,0,0
BRDA:234,13,1,5
BRDA:243,14,0,1
BRDA:243,14,1,4
BRDA:248,15,0,1
BRDA:248,15,1,3
BRDA:273,16,0,5
BRDA:275,17,0,0
BRDA:275,17,1,5
BRDA:290,18,0,1
BRDA:290,18,1,4
BRDA:299,19,0,4
BRDA:299,19,1,4
BRDA:299,19,2,4
BRDA:299,19,3,4
BRDA:315,20,0,0
BRDA:315,20,1,6
BRDA:329,21,0,0
BRDA:329,21,1,6
BRDA:335,22,0,0
BRDA:335,22,1,6
BRDA:340,23,0,4
BRDA:340,23,1,2
BRDA:344,24,0,1
BRDA:344,24,1,5
BRDA:353,25,0,6
BRDA:353,25,1,5
BRDA:356,26,0,6
BRDA:356,26,1,4
BRDA:359,27,0,6
BRDA:359,27,1,2
BRDA:363,28,0,1
BRDA:363,28,1,5
BRDA:369,29,0,5
BRDA:369,29,1,0
BRDA:370,30,0,0
BRDA:370,30,1,6
BRDA:401,31,0,0
BRDA:401,31,1,2
BRDA:416,32,0,2
BRDA:416,32,1,0
BRDA:417,33,0,1
BRDA:417,33,1,1
BRDA:418,34,0,0
BRDA:418,34,1,2
BRDA:428,35,0,1
BRDA:428,35,1,1
BRDA:447,36,0,0
BRDA:447,36,1,2
BRDA:459,37,0,1
BRDA:459,37,1,1
BRDA:478,38,0,0
BRDA:478,38,1,1
BRDA:490,39,0,0
BRDA:490,39,1,1
BRDA:512,40,0,4
BRDA:515,41,0,0
BRDA:515,41,1,4
BRDA:527,42,0,0
BRDA:527,42,1,4
BRDA:533,43,0,0
BRDA:533,43,1,4
BRDA:533,44,0,4
BRDA:533,44,1,1
BRDA:538,45,0,4
BRDA:538,45,1,0
BRDA:551,46,0,1
BRDA:551,46,1,3
BRDA:560,47,0,1
BRDA:560,47,1,3
BRDA:569,48,0,1
BRDA:569,48,1,2
BRDA:578,49,0,0
BRDA:578,49,1,1
BRDA:608,50,0,0
BRDA:608,50,1,2
BRDA:620,51,0,0
BRDA:620,51,1,2
BRDA:642,52,0,0
BRDA:642,52,1,2
BRDA:658,53,0,0
BRDA:658,53,1,2
BRDA:697,54,0,0
BRDA:697,54,1,2
BRDA:744,55,0,0
BRDA:744,55,1,0
BRDA:780,56,0,0
BRDA:780,56,1,0
BRDA:811,57,0,0
BRDA:811,57,1,0
BRDA:847,58,0,0
BRDA:847,58,1,1
BRDA:880,59,0,0
BRDA:880,59,1,2
BRDA:891,60,0,1
BRDA:891,60,1,1
BRDA:907,61,0,0
BRDA:907,61,1,1
BRDA:918,62,0,0
BRDA:918,62,1,1
BRDA:923,63,0,1
BRDA:923,63,1,0
BRDA:934,64,0,0
BRDA:934,64,1,1
BRDA:945,65,0,0
BRDA:945,65,1,1
BRDA:950,66,0,1
BRDA:950,66,1,0
BRDA:963,67,0,0
BRDA:963,67,1,1
BRDA:974,68,0,0
BRDA:974,68,1,1
BRDA:979,69,0,1
BRDA:979,69,1,0
BRF:143
BRH:99
end_of_record
TN:
SF:src/services/storageService.ts
FN:9,uploadAudio
FN:53,uploadVideo
FN:96,deleteFile
FNF:3
FNH:3
FNDA:13,uploadAudio
FNDA:9,uploadVideo
FNDA:8,deleteFile
DA:10,13
DA:11,0
DA:12,0
DA:15,13
DA:17,13
DA:18,13
DA:19,13
DA:22,13
DA:30,12
DA:31,2
DA:32,2
DA:36,10
DA:40,10
DA:42,1
DA:43,1
DA:54,9
DA:55,0
DA:56,0
DA:59,9
DA:61,9
DA:62,9
DA:63,9
DA:66,9
DA:74,8
DA:75,2
DA:76,2
DA:80,6
DA:84,6
DA:86,1
DA:87,1
DA:97,8
DA:98,0
DA:99,0
DA:102,8
DA:103,8
DA:107,7
DA:108,4
DA:109,4
DA:112,3
DA:114,1
DA:115,1
LF:41
LH:35
BRDA:10,0,0,0
BRDA:10,0,1,13
BRDA:18,1,0,12
BRDA:18,1,1,1
BRDA:30,2,0,2
BRDA:30,2,1,10
BRDA:54,3,0,0
BRDA:54,3,1,9
BRDA:62,4,0,7
BRDA:62,4,1,2
BRDA:74,5,0,2
BRDA:74,5,1,6
BRDA:97,6,0,0
BRDA:97,6,1,8
BRDA:107,7,0,4
BRDA:107,7,1,3
BRF:16
BRH:13
end_of_record
TN:
SF:src/services/userService.ts
FN:14,getUserProfile
FN:42,updateUserProfile
FN:77,changePassword
FN:102,sendPasswordResetEmail
FN:127,submitSuggestion
FNF:5
FNH:5
FNDA:8,getUserProfile
FNDA:10,updateUserProfile
FNDA:7,changePassword
FNDA:8,sendPasswordResetEmail
FNDA:10,submitSuggestion
DA:15,8
DA:16,0
DA:17,0
DA:20,8
DA:21,8
DA:27,7
DA:28,3
DA:29,3
DA:32,4
DA:34,1
DA:35,1
DA:46,10
DA:47,0
DA:48,0
DA:51,10
DA:52,10
DA:62,9
DA:63,2
DA:64,2
DA:67,7
DA:69,3
DA:70,3
DA:78,7
DA:79,0
DA:82,7
DA:83,7
DA:87,6
DA:88,4
DA:89,4
DA:92,2
DA:94,1
DA:95,1
DA:103,8
DA:104,0
DA:107,8
DA:108,8
DA:112,7
DA:113,4
DA:114,4
DA:117,3
DA:119,1
DA:120,1
DA:132,10
DA:133,0
DA:136,10
DA:139,10
DA:147,9
DA:149,4
DA:150,1
DA:151,1
DA:153,3
DA:154,3
DA:157,5
DA:159,1
DA:160,1
LF:55
LH:48
BRDA:15,0,0,0
BRDA:15,0,1,8
BRDA:27,1,0,3
BRDA:27,1,1,4
BRDA:46,2,0,0
BRDA:46,2,1,10
BRDA:62,3,0,2
BRDA:62,3,1,7
BRDA:78,4,0,0
BRDA:78,4,1,7
BRDA:87,5,0,4
BRDA:87,5,1,2
BRDA:103,6,0,0
BRDA:103,6,1,8
BRDA:112,7,0,4
BRDA:112,7,1,3
BRDA:132,8,0,0
BRDA:132,8,1,10
BRDA:147,9,0,4
BRDA:147,9,1,5
BRDA:149,10,0,1
BRDA:149,10,1,3
BRF:22
BRH:17
end_of_record
